2025-11-11 14:10:43.902 +01:00 [INF] No migrations were applied. The database is already up to date.
2025-11-11 14:10:43.948 +01:00 [INF] No migrations were applied. The database is already up to date.
2025-11-11 14:10:44.274 +01:00 [INF] User profile is available. Using 'C:\Users\B\AppData\Local\ASP.NET\DataProtection-Keys' as key repository and Windows DPAPI to encrypt keys at rest.
2025-11-11 14:10:44.307 +01:00 [INF] Now listening on: http://localhost:5090
2025-11-11 14:10:44.309 +01:00 [INF] Application started. Press Ctrl+C to shut down.
2025-11-11 14:10:44.310 +01:00 [INF] Hosting environment: Development
2025-11-11 14:10:44.311 +01:00 [INF] Content root path: C:\Users\B\Documents\ITPE3200\React-Homecare\api
2025-11-11 14:10:48.424 +01:00 [INF] Request starting HTTP/1.1 OPTIONS http://localhost:5090/api/medication - null null
2025-11-11 14:10:48.424 +01:00 [INF] Request starting HTTP/1.1 OPTIONS http://localhost:5090/api/medication - null null
2025-11-11 14:10:48.449 +01:00 [INF] CORS policy execution successful.
2025-11-11 14:10:48.449 +01:00 [INF] CORS policy execution successful.
2025-11-11 14:10:48.453 +01:00 [INF] Request finished HTTP/1.1 OPTIONS http://localhost:5090/api/medication - 204 null null 30.3376ms
2025-11-11 14:10:48.453 +01:00 [INF] Request finished HTTP/1.1 OPTIONS http://localhost:5090/api/medication - 204 null null 30.3377ms
2025-11-11 14:10:48.455 +01:00 [INF] Request starting HTTP/1.1 GET http://localhost:5090/api/medication - application/json null
2025-11-11 14:10:48.459 +01:00 [INF] CORS policy execution successful.
2025-11-11 14:10:48.509 +01:00 [INF] Executing endpoint 'HomeCareApp.Controllers.MedicationController.GetAll (api)'
2025-11-11 14:10:48.517 +01:00 [INF] Route matched with {action = "GetAll", controller = "Medication"}. Executing controller action with signature System.Threading.Tasks.Task`1[Microsoft.AspNetCore.Mvc.ActionResult`1[System.Collections.Generic.IEnumerable`1[HomeCareApp.DTOs.MedicationDto]]] GetAll() on controller HomeCareApp.Controllers.MedicationController (api).
2025-11-11 14:10:48.581 +01:00 [INF] Executing OkObjectResult, writing value of type 'System.Linq.Enumerable+SelectListIterator`2[[HomeCareApp.Models.Medication, api, Version=1.0.0.0, Culture=neutral, PublicKeyToken=null],[HomeCareApp.DTOs.MedicationDto, api, Version=1.0.0.0, Culture=neutral, PublicKeyToken=null]]'.
2025-11-11 14:10:48.646 +01:00 [INF] Executed action HomeCareApp.Controllers.MedicationController.GetAll (api) in 125.8146ms
2025-11-11 14:10:48.647 +01:00 [INF] Executed endpoint 'HomeCareApp.Controllers.MedicationController.GetAll (api)'
2025-11-11 14:10:48.649 +01:00 [INF] Request finished HTTP/1.1 GET http://localhost:5090/api/medication - 200 543 application/json; charset=utf-8 194.1033ms
2025-11-11 14:10:48.650 +01:00 [INF] Request starting HTTP/1.1 GET http://localhost:5090/api/medication - application/json null
2025-11-11 14:10:48.651 +01:00 [INF] CORS policy execution successful.
2025-11-11 14:10:48.652 +01:00 [INF] Executing endpoint 'HomeCareApp.Controllers.MedicationController.GetAll (api)'
2025-11-11 14:10:48.653 +01:00 [INF] Route matched with {action = "GetAll", controller = "Medication"}. Executing controller action with signature System.Threading.Tasks.Task`1[Microsoft.AspNetCore.Mvc.ActionResult`1[System.Collections.Generic.IEnumerable`1[HomeCareApp.DTOs.MedicationDto]]] GetAll() on controller HomeCareApp.Controllers.MedicationController (api).
2025-11-11 14:10:48.657 +01:00 [INF] Executing OkObjectResult, writing value of type 'System.Linq.Enumerable+SelectListIterator`2[[HomeCareApp.Models.Medication, api, Version=1.0.0.0, Culture=neutral, PublicKeyToken=null],[HomeCareApp.DTOs.MedicationDto, api, Version=1.0.0.0, Culture=neutral, PublicKeyToken=null]]'.
2025-11-11 14:10:48.658 +01:00 [INF] Executed action HomeCareApp.Controllers.MedicationController.GetAll (api) in 5.63ms
2025-11-11 14:10:48.658 +01:00 [INF] Executed endpoint 'HomeCareApp.Controllers.MedicationController.GetAll (api)'
2025-11-11 14:10:48.659 +01:00 [INF] Request finished HTTP/1.1 GET http://localhost:5090/api/medication - 200 543 application/json; charset=utf-8 8.4682ms
2025-11-11 14:21:24.057 +01:00 [INF] Request starting HTTP/1.1 OPTIONS http://localhost:5090/api/employee/user/677750a1-a78d-4d43-bd3c-a6062e83dde0 - null null
2025-11-11 14:21:24.057 +01:00 [INF] Request starting HTTP/1.1 OPTIONS http://localhost:5090/api/employee/user/677750a1-a78d-4d43-bd3c-a6062e83dde0 - null null
2025-11-11 14:21:24.058 +01:00 [INF] CORS policy execution successful.
2025-11-11 14:21:24.058 +01:00 [INF] CORS policy execution successful.
2025-11-11 14:21:24.058 +01:00 [INF] Request finished HTTP/1.1 OPTIONS http://localhost:5090/api/employee/user/677750a1-a78d-4d43-bd3c-a6062e83dde0 - 204 null null 1.6823ms
2025-11-11 14:21:24.058 +01:00 [INF] Request finished HTTP/1.1 OPTIONS http://localhost:5090/api/employee/user/677750a1-a78d-4d43-bd3c-a6062e83dde0 - 204 null null 1.6823ms
2025-11-11 14:21:24.060 +01:00 [INF] Request starting HTTP/1.1 GET http://localhost:5090/api/employee/user/677750a1-a78d-4d43-bd3c-a6062e83dde0 - application/json null
2025-11-11 14:21:24.062 +01:00 [INF] CORS policy execution successful.
2025-11-11 14:21:24.067 +01:00 [INF] Executing endpoint 'HomeCareApp.Controllers.EmployeeController.GetEmployeeByUserId (api)'
2025-11-11 14:21:24.073 +01:00 [INF] Route matched with {action = "GetEmployeeByUserId", controller = "Employee"}. Executing controller action with signature System.Threading.Tasks.Task`1[Microsoft.AspNetCore.Mvc.ActionResult`1[HomeCareApp.DTOs.EmployeeDto]] GetEmployeeByUserId(System.String) on controller HomeCareApp.Controllers.EmployeeController (api).
2025-11-11 14:21:24.140 +01:00 [INF] Executing OkObjectResult, writing value of type 'HomeCareApp.DTOs.EmployeeDto'.
2025-11-11 14:21:24.146 +01:00 [INF] Executed action HomeCareApp.Controllers.EmployeeController.GetEmployeeByUserId (api) in 72.2866ms
2025-11-11 14:21:24.146 +01:00 [INF] Executed endpoint 'HomeCareApp.Controllers.EmployeeController.GetEmployeeByUserId (api)'
2025-11-11 14:21:24.146 +01:00 [INF] Request finished HTTP/1.1 GET http://localhost:5090/api/employee/user/677750a1-a78d-4d43-bd3c-a6062e83dde0 - 200 701 application/json; charset=utf-8 85.5493ms
2025-11-11 14:21:24.147 +01:00 [INF] Request starting HTTP/1.1 GET http://localhost:5090/api/employee/user/677750a1-a78d-4d43-bd3c-a6062e83dde0 - application/json null
2025-11-11 14:21:24.147 +01:00 [INF] CORS policy execution successful.
2025-11-11 14:21:24.148 +01:00 [INF] Executing endpoint 'HomeCareApp.Controllers.EmployeeController.GetEmployeeByUserId (api)'
2025-11-11 14:21:24.149 +01:00 [INF] Route matched with {action = "GetEmployeeByUserId", controller = "Employee"}. Executing controller action with signature System.Threading.Tasks.Task`1[Microsoft.AspNetCore.Mvc.ActionResult`1[HomeCareApp.DTOs.EmployeeDto]] GetEmployeeByUserId(System.String) on controller HomeCareApp.Controllers.EmployeeController (api).
2025-11-11 14:21:24.154 +01:00 [INF] Executing OkObjectResult, writing value of type 'HomeCareApp.DTOs.EmployeeDto'.
2025-11-11 14:21:24.154 +01:00 [INF] Executed action HomeCareApp.Controllers.EmployeeController.GetEmployeeByUserId (api) in 5.3963ms
2025-11-11 14:21:24.154 +01:00 [INF] Executed endpoint 'HomeCareApp.Controllers.EmployeeController.GetEmployeeByUserId (api)'
2025-11-11 14:21:24.154 +01:00 [INF] Request finished HTTP/1.1 GET http://localhost:5090/api/employee/user/677750a1-a78d-4d43-bd3c-a6062e83dde0 - 200 701 application/json; charset=utf-8 7.1697ms
