2025-12-03 17:05:18.727 +01:00 [INF] No migrations were applied. The database is already up to date.
2025-12-03 17:05:18.774 +01:00 [INF] No migrations were applied. The database is already up to date.
2025-12-03 17:05:18.841 +01:00 [INF] User profile is available. Using 'C:\Users\vilde\AppData\Local\ASP.NET\DataProtection-Keys' as key repository and Windows DPAPI to encrypt keys at rest.
2025-12-03 17:05:18.875 +01:00 [INF] Now listening on: http://localhost:5090
2025-12-03 17:05:18.877 +01:00 [INF] Application started. Press Ctrl+C to shut down.
2025-12-03 17:05:18.878 +01:00 [INF] Hosting environment: Development
2025-12-03 17:05:18.879 +01:00 [INF] Content root path: C:\Users\vilde\OneDrive\Documents\Homecare React\React-Homecare\api
2025-12-03 17:05:21.518 +01:00 [INF] Request starting HTTP/1.1 OPTIONS http://localhost:5090/api/Notification/unread-count - null null
2025-12-03 17:05:21.518 +01:00 [INF] Request starting HTTP/1.1 OPTIONS http://localhost:5090/api/Notification/unread-count - null null
2025-12-03 17:05:21.549 +01:00 [INF] CORS policy execution successful.
2025-12-03 17:05:21.549 +01:00 [INF] CORS policy execution successful.
2025-12-03 17:05:21.555 +01:00 [INF] Request finished HTTP/1.1 OPTIONS http://localhost:5090/api/Notification/unread-count - 204 null null 38.101ms
2025-12-03 17:05:21.555 +01:00 [INF] Request finished HTTP/1.1 OPTIONS http://localhost:5090/api/Notification/unread-count - 204 null null 38.6778ms
2025-12-03 17:05:21.561 +01:00 [INF] Request starting HTTP/1.1 GET http://localhost:5090/api/Notification/unread-count - application/json null
2025-12-03 17:05:21.569 +01:00 [INF] CORS policy execution successful.
2025-12-03 17:05:21.644 +01:00 [INF] Executing endpoint 'HomeCareApp.Controllers.NotificationController.GetUnreadCount (api)'
2025-12-03 17:05:21.658 +01:00 [INF] Route matched with {action = "GetUnreadCount", controller = "Notification"}. Executing controller action with signature System.Threading.Tasks.Task`1[Microsoft.AspNetCore.Mvc.ActionResult`1[System.Int32]] GetUnreadCount() on controller HomeCareApp.Controllers.NotificationController (api).
2025-12-03 17:05:21.662 +01:00 [INF] [NotificationController] Getting unread count for UserId: 3e07cffa-0932-44eb-a818-3c42976e81f7
2025-12-03 17:05:21.666 +01:00 [INF] [NotificationRepository] GetUnreadCountAsync(3e07cffa-0932-44eb-a818-3c42976e81f7) - Getting unread count for user
2025-12-03 17:05:22.161 +01:00 [INF] [NotificationRepository] GetUnreadCountAsync(3e07cffa-0932-44eb-a818-3c42976e81f7) - User has 0 unread notifications
2025-12-03 17:05:22.161 +01:00 [INF] [NotificationController] Found 0 unread notifications for UserId: 3e07cffa-0932-44eb-a818-3c42976e81f7
2025-12-03 17:05:22.166 +01:00 [INF] Executing OkObjectResult, writing value of type 'System.Int32'.
2025-12-03 17:05:22.230 +01:00 [INF] Request starting HTTP/1.1 GET http://localhost:5090/api/Notification/unread-count - application/json null
2025-12-03 17:05:22.231 +01:00 [INF] CORS policy execution successful.
2025-12-03 17:05:22.234 +01:00 [INF] Executed action HomeCareApp.Controllers.NotificationController.GetUnreadCount (api) in 570.8686ms
2025-12-03 17:05:22.234 +01:00 [INF] Executed endpoint 'HomeCareApp.Controllers.NotificationController.GetUnreadCount (api)'
2025-12-03 17:05:22.234 +01:00 [INF] Executing endpoint 'HomeCareApp.Controllers.NotificationController.GetUnreadCount (api)'
2025-12-03 17:05:22.235 +01:00 [INF] Route matched with {action = "GetUnreadCount", controller = "Notification"}. Executing controller action with signature System.Threading.Tasks.Task`1[Microsoft.AspNetCore.Mvc.ActionResult`1[System.Int32]] GetUnreadCount() on controller HomeCareApp.Controllers.NotificationController (api).
2025-12-03 17:05:22.236 +01:00 [INF] [NotificationController] Getting unread count for UserId: 3e07cffa-0932-44eb-a818-3c42976e81f7
2025-12-03 17:05:22.236 +01:00 [INF] [NotificationRepository] GetUnreadCountAsync(3e07cffa-0932-44eb-a818-3c42976e81f7) - Getting unread count for user
2025-12-03 17:05:22.237 +01:00 [INF] Request finished HTTP/1.1 GET http://localhost:5090/api/Notification/unread-count - 200 1 application/json; charset=utf-8 675.9185ms
2025-12-03 17:05:22.240 +01:00 [INF] [NotificationRepository] GetUnreadCountAsync(3e07cffa-0932-44eb-a818-3c42976e81f7) - User has 0 unread notifications
2025-12-03 17:05:22.240 +01:00 [INF] [NotificationController] Found 0 unread notifications for UserId: 3e07cffa-0932-44eb-a818-3c42976e81f7
2025-12-03 17:05:22.240 +01:00 [INF] Executing OkObjectResult, writing value of type 'System.Int32'.
2025-12-03 17:05:22.241 +01:00 [INF] Executed action HomeCareApp.Controllers.NotificationController.GetUnreadCount (api) in 6.2831ms
2025-12-03 17:05:22.241 +01:00 [INF] Executed endpoint 'HomeCareApp.Controllers.NotificationController.GetUnreadCount (api)'
2025-12-03 17:05:22.242 +01:00 [INF] Request finished HTTP/1.1 GET http://localhost:5090/api/Notification/unread-count - 200 1 application/json; charset=utf-8 11.7324ms
2025-12-03 17:05:25.884 +01:00 [INF] Request starting HTTP/1.1 OPTIONS http://localhost:5090/api/Notification - null null
2025-12-03 17:05:25.884 +01:00 [INF] Request starting HTTP/1.1 OPTIONS http://localhost:5090/api/Notification - null null
2025-12-03 17:05:25.885 +01:00 [INF] CORS policy execution successful.
2025-12-03 17:05:25.885 +01:00 [INF] CORS policy execution successful.
2025-12-03 17:05:25.885 +01:00 [INF] Request finished HTTP/1.1 OPTIONS http://localhost:5090/api/Notification - 204 null null 0.9098ms
2025-12-03 17:05:25.885 +01:00 [INF] Request finished HTTP/1.1 OPTIONS http://localhost:5090/api/Notification - 204 null null 0.8914ms
2025-12-03 17:05:25.888 +01:00 [INF] Request starting HTTP/1.1 GET http://localhost:5090/api/Notification - application/json null
2025-12-03 17:05:25.888 +01:00 [INF] CORS policy execution successful.
2025-12-03 17:05:25.894 +01:00 [INF] Executing endpoint 'HomeCareApp.Controllers.NotificationController.GetMyNotifications (api)'
2025-12-03 17:05:25.902 +01:00 [INF] Route matched with {action = "GetMyNotifications", controller = "Notification"}. Executing controller action with signature System.Threading.Tasks.Task`1[Microsoft.AspNetCore.Mvc.ActionResult`1[System.Collections.Generic.IEnumerable`1[HomeCareApp.DTOs.NotificationDto]]] GetMyNotifications() on controller HomeCareApp.Controllers.NotificationController (api).
2025-12-03 17:05:25.907 +01:00 [INF] [NotificationController] Getting all notifications for UserId: 3e07cffa-0932-44eb-a818-3c42976e81f7
2025-12-03 17:05:25.909 +01:00 [INF] [NotificationRepository] GetByUserIdAsync(3e07cffa-0932-44eb-a818-3c42976e81f7) - Retrieving notifications for user
2025-12-03 17:05:26.050 +01:00 [INF] [NotificationRepository] GetByUserIdAsync(3e07cffa-0932-44eb-a818-3c42976e81f7) - Successfully retrieved 5 notifications
2025-12-03 17:05:26.050 +01:00 [INF] [NotificationController] Retrieved 5 notifications for UserId: 3e07cffa-0932-44eb-a818-3c42976e81f7
2025-12-03 17:05:26.051 +01:00 [INF] Executing OkObjectResult, writing value of type 'System.Linq.Enumerable+SelectListIterator`2[[HomeCareApp.Models.Notification, api, Version=1.0.0.0, Culture=neutral, PublicKeyToken=null],[HomeCareApp.DTOs.NotificationDto, api, Version=1.0.0.0, Culture=neutral, PublicKeyToken=null]]'.
2025-12-03 17:05:26.103 +01:00 [INF] Executed action HomeCareApp.Controllers.NotificationController.GetMyNotifications (api) in 200.5083ms
2025-12-03 17:05:26.103 +01:00 [INF] Executed endpoint 'HomeCareApp.Controllers.NotificationController.GetMyNotifications (api)'
2025-12-03 17:05:26.103 +01:00 [INF] Request finished HTTP/1.1 GET http://localhost:5090/api/Notification - 200 1467 application/json; charset=utf-8 215.6528ms
2025-12-03 17:05:26.105 +01:00 [INF] Request starting HTTP/1.1 GET http://localhost:5090/api/Notification - application/json null
2025-12-03 17:05:26.105 +01:00 [INF] CORS policy execution successful.
2025-12-03 17:05:26.105 +01:00 [INF] Executing endpoint 'HomeCareApp.Controllers.NotificationController.GetMyNotifications (api)'
2025-12-03 17:05:26.105 +01:00 [INF] Route matched with {action = "GetMyNotifications", controller = "Notification"}. Executing controller action with signature System.Threading.Tasks.Task`1[Microsoft.AspNetCore.Mvc.ActionResult`1[System.Collections.Generic.IEnumerable`1[HomeCareApp.DTOs.NotificationDto]]] GetMyNotifications() on controller HomeCareApp.Controllers.NotificationController (api).
2025-12-03 17:05:26.106 +01:00 [INF] [NotificationController] Getting all notifications for UserId: 3e07cffa-0932-44eb-a818-3c42976e81f7
2025-12-03 17:05:26.106 +01:00 [INF] [NotificationRepository] GetByUserIdAsync(3e07cffa-0932-44eb-a818-3c42976e81f7) - Retrieving notifications for user
2025-12-03 17:05:26.110 +01:00 [INF] [NotificationRepository] GetByUserIdAsync(3e07cffa-0932-44eb-a818-3c42976e81f7) - Successfully retrieved 5 notifications
2025-12-03 17:05:26.110 +01:00 [INF] [NotificationController] Retrieved 5 notifications for UserId: 3e07cffa-0932-44eb-a818-3c42976e81f7
2025-12-03 17:05:26.110 +01:00 [INF] Executing OkObjectResult, writing value of type 'System.Linq.Enumerable+SelectListIterator`2[[HomeCareApp.Models.Notification, api, Version=1.0.0.0, Culture=neutral, PublicKeyToken=null],[HomeCareApp.DTOs.NotificationDto, api, Version=1.0.0.0, Culture=neutral, PublicKeyToken=null]]'.
2025-12-03 17:05:26.111 +01:00 [INF] Executed action HomeCareApp.Controllers.NotificationController.GetMyNotifications (api) in 5.4626ms
2025-12-03 17:05:26.111 +01:00 [INF] Executed endpoint 'HomeCareApp.Controllers.NotificationController.GetMyNotifications (api)'
2025-12-03 17:05:26.111 +01:00 [INF] Request finished HTTP/1.1 GET http://localhost:5090/api/Notification - 200 1467 application/json; charset=utf-8 6.7389ms
2025-12-03 17:05:28.728 +01:00 [INF] Request starting HTTP/1.1 OPTIONS http://localhost:5090/api/Notification/unread - null null
2025-12-03 17:05:28.728 +01:00 [INF] CORS policy execution successful.
2025-12-03 17:05:28.729 +01:00 [INF] Request finished HTTP/1.1 OPTIONS http://localhost:5090/api/Notification/unread - 204 null null 0.7072ms
2025-12-03 17:05:28.730 +01:00 [INF] Request starting HTTP/1.1 GET http://localhost:5090/api/Notification/unread - application/json null
2025-12-03 17:05:28.730 +01:00 [INF] CORS policy execution successful.
2025-12-03 17:05:28.730 +01:00 [INF] Executing endpoint 'HomeCareApp.Controllers.NotificationController.GetUnreadNotifications (api)'
2025-12-03 17:05:28.733 +01:00 [INF] Route matched with {action = "GetUnreadNotifications", controller = "Notification"}. Executing controller action with signature System.Threading.Tasks.Task`1[Microsoft.AspNetCore.Mvc.ActionResult`1[System.Collections.Generic.IEnumerable`1[HomeCareApp.DTOs.NotificationDto]]] GetUnreadNotifications() on controller HomeCareApp.Controllers.NotificationController (api).
2025-12-03 17:05:28.734 +01:00 [INF] [NotificationController] Getting unread notifications for UserId: 3e07cffa-0932-44eb-a818-3c42976e81f7
2025-12-03 17:05:28.735 +01:00 [INF] [NotificationRepository] GetUnreadByUserIdAsync(3e07cffa-0932-44eb-a818-3c42976e81f7) - Retrieving unread notifications for user
2025-12-03 17:05:28.742 +01:00 [INF] [NotificationRepository] GetUnreadByUserIdAsync(3e07cffa-0932-44eb-a818-3c42976e81f7) - Successfully retrieved 0 unread notifications
2025-12-03 17:05:28.742 +01:00 [INF] [NotificationController] Retrieved 0 unread notifications for UserId: 3e07cffa-0932-44eb-a818-3c42976e81f7
2025-12-03 17:05:28.742 +01:00 [INF] Executing OkObjectResult, writing value of type 'System.Linq.Enumerable+SelectListIterator`2[[HomeCareApp.Models.Notification, api, Version=1.0.0.0, Culture=neutral, PublicKeyToken=null],[HomeCareApp.DTOs.NotificationDto, api, Version=1.0.0.0, Culture=neutral, PublicKeyToken=null]]'.
2025-12-03 17:05:28.742 +01:00 [INF] Executed action HomeCareApp.Controllers.NotificationController.GetUnreadNotifications (api) in 8.756ms
2025-12-03 17:05:28.742 +01:00 [INF] Executed endpoint 'HomeCareApp.Controllers.NotificationController.GetUnreadNotifications (api)'
2025-12-03 17:05:28.742 +01:00 [INF] Request finished HTTP/1.1 GET http://localhost:5090/api/Notification/unread - 200 2 application/json; charset=utf-8 12.5164ms
2025-12-03 17:05:29.506 +01:00 [INF] Request starting HTTP/1.1 GET http://localhost:5090/api/Notification - application/json null
2025-12-03 17:05:29.507 +01:00 [INF] CORS policy execution successful.
2025-12-03 17:05:29.507 +01:00 [INF] Executing endpoint 'HomeCareApp.Controllers.NotificationController.GetMyNotifications (api)'
2025-12-03 17:05:29.507 +01:00 [INF] Route matched with {action = "GetMyNotifications", controller = "Notification"}. Executing controller action with signature System.Threading.Tasks.Task`1[Microsoft.AspNetCore.Mvc.ActionResult`1[System.Collections.Generic.IEnumerable`1[HomeCareApp.DTOs.NotificationDto]]] GetMyNotifications() on controller HomeCareApp.Controllers.NotificationController (api).
2025-12-03 17:05:29.508 +01:00 [INF] [NotificationController] Getting all notifications for UserId: 3e07cffa-0932-44eb-a818-3c42976e81f7
2025-12-03 17:05:29.508 +01:00 [INF] [NotificationRepository] GetByUserIdAsync(3e07cffa-0932-44eb-a818-3c42976e81f7) - Retrieving notifications for user
2025-12-03 17:05:29.511 +01:00 [INF] [NotificationRepository] GetByUserIdAsync(3e07cffa-0932-44eb-a818-3c42976e81f7) - Successfully retrieved 5 notifications
2025-12-03 17:05:29.511 +01:00 [INF] [NotificationController] Retrieved 5 notifications for UserId: 3e07cffa-0932-44eb-a818-3c42976e81f7
2025-12-03 17:05:29.511 +01:00 [INF] Executing OkObjectResult, writing value of type 'System.Linq.Enumerable+SelectListIterator`2[[HomeCareApp.Models.Notification, api, Version=1.0.0.0, Culture=neutral, PublicKeyToken=null],[HomeCareApp.DTOs.NotificationDto, api, Version=1.0.0.0, Culture=neutral, PublicKeyToken=null]]'.
2025-12-03 17:05:29.512 +01:00 [INF] Executed action HomeCareApp.Controllers.NotificationController.GetMyNotifications (api) in 4.4547ms
2025-12-03 17:05:29.512 +01:00 [INF] Executed endpoint 'HomeCareApp.Controllers.NotificationController.GetMyNotifications (api)'
2025-12-03 17:05:29.512 +01:00 [INF] Request finished HTTP/1.1 GET http://localhost:5090/api/Notification - 200 1467 application/json; charset=utf-8 6.0244ms
2025-12-03 17:05:30.213 +01:00 [INF] Request starting HTTP/1.1 OPTIONS http://localhost:5090/api/Patient/user/3e07cffa-0932-44eb-a818-3c42976e81f7 - null null
2025-12-03 17:05:30.213 +01:00 [INF] Request starting HTTP/1.1 OPTIONS http://localhost:5090/api/Patient/user/3e07cffa-0932-44eb-a818-3c42976e81f7 - null null
2025-12-03 17:05:30.214 +01:00 [INF] CORS policy execution successful.
2025-12-03 17:05:30.214 +01:00 [INF] CORS policy execution successful.
2025-12-03 17:05:30.214 +01:00 [INF] Request finished HTTP/1.1 OPTIONS http://localhost:5090/api/Patient/user/3e07cffa-0932-44eb-a818-3c42976e81f7 - 204 null null 0.4226ms
2025-12-03 17:05:30.214 +01:00 [INF] Request finished HTTP/1.1 OPTIONS http://localhost:5090/api/Patient/user/3e07cffa-0932-44eb-a818-3c42976e81f7 - 204 null null 0.2834ms
2025-12-03 17:05:30.216 +01:00 [INF] Request starting HTTP/1.1 GET http://localhost:5090/api/Patient/user/3e07cffa-0932-44eb-a818-3c42976e81f7 - application/json null
2025-12-03 17:05:30.216 +01:00 [INF] CORS policy execution successful.
2025-12-03 17:05:30.217 +01:00 [INF] Executing endpoint 'HomeCareApp.Controllers.PatientController.GetPatientByUserId (api)'
2025-12-03 17:05:30.228 +01:00 [INF] Route matched with {action = "GetPatientByUserId", controller = "Patient"}. Executing controller action with signature System.Threading.Tasks.Task`1[Microsoft.AspNetCore.Mvc.ActionResult`1[HomeCareApp.DTOs.PatientDto]] GetPatientByUserId(System.String) on controller HomeCareApp.Controllers.PatientController (api).
2025-12-03 17:05:30.236 +01:00 [INF] [PatientController] Getting patient by UserId: 3e07cffa-0932-44eb-a818-3c42976e81f7
2025-12-03 17:05:30.237 +01:00 [INF] [PatientRepository] GetAll() - Retrieving all patients
2025-12-03 17:05:30.246 +01:00 [INF] [PatientRepository] GetAll() - Successfully retrieved 3 patients
2025-12-03 17:05:30.246 +01:00 [INF] [PatientController] Total patients in database: 3
2025-12-03 17:05:30.247 +01:00 [INF] [PatientController] Successfully retrieved patient 1 for UserId: 3e07cffa-0932-44eb-a818-3c42976e81f7
2025-12-03 17:05:30.247 +01:00 [INF] Executing OkObjectResult, writing value of type 'HomeCareApp.DTOs.PatientDto'.
2025-12-03 17:05:30.252 +01:00 [INF] Executed action HomeCareApp.Controllers.PatientController.GetPatientByUserId (api) in 23.531ms
2025-12-03 17:05:30.252 +01:00 [INF] Executed endpoint 'HomeCareApp.Controllers.PatientController.GetPatientByUserId (api)'
2025-12-03 17:05:30.252 +01:00 [INF] Request finished HTTP/1.1 GET http://localhost:5090/api/Patient/user/3e07cffa-0932-44eb-a818-3c42976e81f7 - 200 226 application/json; charset=utf-8 35.7581ms
2025-12-03 17:05:30.253 +01:00 [INF] Request starting HTTP/1.1 GET http://localhost:5090/api/Patient/user/3e07cffa-0932-44eb-a818-3c42976e81f7 - application/json null
2025-12-03 17:05:30.253 +01:00 [INF] CORS policy execution successful.
2025-12-03 17:05:30.254 +01:00 [INF] Executing endpoint 'HomeCareApp.Controllers.PatientController.GetPatientByUserId (api)'
2025-12-03 17:05:30.254 +01:00 [INF] Route matched with {action = "GetPatientByUserId", controller = "Patient"}. Executing controller action with signature System.Threading.Tasks.Task`1[Microsoft.AspNetCore.Mvc.ActionResult`1[HomeCareApp.DTOs.PatientDto]] GetPatientByUserId(System.String) on controller HomeCareApp.Controllers.PatientController (api).
2025-12-03 17:05:30.258 +01:00 [INF] [PatientController] Getting patient by UserId: 3e07cffa-0932-44eb-a818-3c42976e81f7
2025-12-03 17:05:30.258 +01:00 [INF] [PatientRepository] GetAll() - Retrieving all patients
2025-12-03 17:05:30.258 +01:00 [INF] Request starting HTTP/1.1 OPTIONS http://localhost:5090/api/Appointment/patient/1 - null null
2025-12-03 17:05:30.259 +01:00 [INF] CORS policy execution successful.
2025-12-03 17:05:30.259 +01:00 [INF] Request finished HTTP/1.1 OPTIONS http://localhost:5090/api/Appointment/patient/1 - 204 null null 0.644ms
2025-12-03 17:05:30.261 +01:00 [INF] [PatientRepository] GetAll() - Successfully retrieved 3 patients
2025-12-03 17:05:30.261 +01:00 [INF] [PatientController] Total patients in database: 3
2025-12-03 17:05:30.261 +01:00 [INF] [PatientController] Successfully retrieved patient 1 for UserId: 3e07cffa-0932-44eb-a818-3c42976e81f7
2025-12-03 17:05:30.261 +01:00 [INF] Executing OkObjectResult, writing value of type 'HomeCareApp.DTOs.PatientDto'.
2025-12-03 17:05:30.261 +01:00 [INF] Executed action HomeCareApp.Controllers.PatientController.GetPatientByUserId (api) in 7.4924ms
2025-12-03 17:05:30.261 +01:00 [INF] Executed endpoint 'HomeCareApp.Controllers.PatientController.GetPatientByUserId (api)'
2025-12-03 17:05:30.261 +01:00 [INF] Request starting HTTP/1.1 GET http://localhost:5090/api/Appointment/patient/1 - application/json null
2025-12-03 17:05:30.262 +01:00 [INF] Request finished HTTP/1.1 GET http://localhost:5090/api/Patient/user/3e07cffa-0932-44eb-a818-3c42976e81f7 - 200 226 application/json; charset=utf-8 8.6442ms
2025-12-03 17:05:30.262 +01:00 [INF] CORS policy execution successful.
2025-12-03 17:05:30.262 +01:00 [INF] Executing endpoint 'HomeCareApp.Controllers.AppointmentController.GetAppointmentsByPatientId (api)'
2025-12-03 17:05:30.265 +01:00 [INF] Route matched with {action = "GetAppointmentsByPatientId", controller = "Appointment"}. Executing controller action with signature System.Threading.Tasks.Task`1[Microsoft.AspNetCore.Mvc.IActionResult] GetAppointmentsByPatientId(Int32) on controller HomeCareApp.Controllers.AppointmentController (api).
2025-12-03 17:05:30.269 +01:00 [INF] [AppointmentRepository] GetAll() - Retrieving all appointments
2025-12-03 17:05:30.396 +01:00 [INF] [AppointmentRepository] GetAll() - Successfully retrieved 3 appointments
2025-12-03 17:05:30.396 +01:00 [INF] [AppointmentController] Found 1 appointments for PatientId: 1
2025-12-03 17:05:30.396 +01:00 [INF] Executing OkObjectResult, writing value of type 'System.Linq.Enumerable+WhereSelectListIterator`2[[HomeCareApp.Models.Appointment, api, Version=1.0.0.0, Culture=neutral, PublicKeyToken=null],[HomeCareApp.DTOs.AppointmentDto, api, Version=1.0.0.0, Culture=neutral, PublicKeyToken=null]]'.
2025-12-03 17:05:30.401 +01:00 [INF] Executed action HomeCareApp.Controllers.AppointmentController.GetAppointmentsByPatientId (api) in 135.087ms
2025-12-03 17:05:30.401 +01:00 [INF] Executed endpoint 'HomeCareApp.Controllers.AppointmentController.GetAppointmentsByPatientId (api)'
2025-12-03 17:05:30.401 +01:00 [INF] Request finished HTTP/1.1 GET http://localhost:5090/api/Appointment/patient/1 - 200 209 application/json; charset=utf-8 139.323ms
2025-12-03 17:05:30.402 +01:00 [INF] Request starting HTTP/1.1 GET http://localhost:5090/api/Appointment/patient/1 - application/json null
2025-12-03 17:05:30.402 +01:00 [INF] CORS policy execution successful.
2025-12-03 17:05:30.403 +01:00 [INF] Executing endpoint 'HomeCareApp.Controllers.AppointmentController.GetAppointmentsByPatientId (api)'
2025-12-03 17:05:30.403 +01:00 [INF] Route matched with {action = "GetAppointmentsByPatientId", controller = "Appointment"}. Executing controller action with signature System.Threading.Tasks.Task`1[Microsoft.AspNetCore.Mvc.IActionResult] GetAppointmentsByPatientId(Int32) on controller HomeCareApp.Controllers.AppointmentController (api).
2025-12-03 17:05:30.403 +01:00 [INF] [AppointmentRepository] GetAll() - Retrieving all appointments
2025-12-03 17:05:30.407 +01:00 [INF] [AppointmentRepository] GetAll() - Successfully retrieved 3 appointments
2025-12-03 17:05:30.407 +01:00 [INF] [AppointmentController] Found 1 appointments for PatientId: 1
2025-12-03 17:05:30.407 +01:00 [INF] Executing OkObjectResult, writing value of type 'System.Linq.Enumerable+WhereSelectListIterator`2[[HomeCareApp.Models.Appointment, api, Version=1.0.0.0, Culture=neutral, PublicKeyToken=null],[HomeCareApp.DTOs.AppointmentDto, api, Version=1.0.0.0, Culture=neutral, PublicKeyToken=null]]'.
2025-12-03 17:05:30.407 +01:00 [INF] Executed action HomeCareApp.Controllers.AppointmentController.GetAppointmentsByPatientId (api) in 4.363ms
2025-12-03 17:05:30.407 +01:00 [INF] Executed endpoint 'HomeCareApp.Controllers.AppointmentController.GetAppointmentsByPatientId (api)'
2025-12-03 17:05:30.407 +01:00 [INF] Request finished HTTP/1.1 GET http://localhost:5090/api/Appointment/patient/1 - 200 209 application/json; charset=utf-8 5.43ms
2025-12-03 17:05:31.869 +01:00 [INF] Request starting HTTP/1.1 OPTIONS http://localhost:5090/api/Notification - null null
2025-12-03 17:05:31.869 +01:00 [INF] Request starting HTTP/1.1 OPTIONS http://localhost:5090/api/Notification - null null
2025-12-03 17:05:31.870 +01:00 [INF] CORS policy execution successful.
2025-12-03 17:05:31.870 +01:00 [INF] CORS policy execution successful.
2025-12-03 17:05:31.870 +01:00 [INF] Request finished HTTP/1.1 OPTIONS http://localhost:5090/api/Notification - 204 null null 0.9805ms
2025-12-03 17:05:31.870 +01:00 [INF] Request finished HTTP/1.1 OPTIONS http://localhost:5090/api/Notification - 204 null null 0.4615ms
2025-12-03 17:05:31.875 +01:00 [INF] Request starting HTTP/1.1 GET http://localhost:5090/api/Notification - application/json null
2025-12-03 17:05:31.875 +01:00 [INF] CORS policy execution successful.
2025-12-03 17:05:31.876 +01:00 [INF] Executing endpoint 'HomeCareApp.Controllers.NotificationController.GetMyNotifications (api)'
2025-12-03 17:05:31.876 +01:00 [INF] Route matched with {action = "GetMyNotifications", controller = "Notification"}. Executing controller action with signature System.Threading.Tasks.Task`1[Microsoft.AspNetCore.Mvc.ActionResult`1[System.Collections.Generic.IEnumerable`1[HomeCareApp.DTOs.NotificationDto]]] GetMyNotifications() on controller HomeCareApp.Controllers.NotificationController (api).
2025-12-03 17:05:31.876 +01:00 [INF] [NotificationController] Getting all notifications for UserId: 3e07cffa-0932-44eb-a818-3c42976e81f7
2025-12-03 17:05:31.876 +01:00 [INF] [NotificationRepository] GetByUserIdAsync(3e07cffa-0932-44eb-a818-3c42976e81f7) - Retrieving notifications for user
2025-12-03 17:05:31.878 +01:00 [INF] [NotificationRepository] GetByUserIdAsync(3e07cffa-0932-44eb-a818-3c42976e81f7) - Successfully retrieved 5 notifications
2025-12-03 17:05:31.879 +01:00 [INF] [NotificationController] Retrieved 5 notifications for UserId: 3e07cffa-0932-44eb-a818-3c42976e81f7
2025-12-03 17:05:31.879 +01:00 [INF] Executing OkObjectResult, writing value of type 'System.Linq.Enumerable+SelectListIterator`2[[HomeCareApp.Models.Notification, api, Version=1.0.0.0, Culture=neutral, PublicKeyToken=null],[HomeCareApp.DTOs.NotificationDto, api, Version=1.0.0.0, Culture=neutral, PublicKeyToken=null]]'.
2025-12-03 17:05:31.879 +01:00 [INF] Executed action HomeCareApp.Controllers.NotificationController.GetMyNotifications (api) in 3.0182ms
2025-12-03 17:05:31.879 +01:00 [INF] Executed endpoint 'HomeCareApp.Controllers.NotificationController.GetMyNotifications (api)'
2025-12-03 17:05:31.879 +01:00 [INF] Request finished HTTP/1.1 GET http://localhost:5090/api/Notification - 200 1467 application/json; charset=utf-8 4.1189ms
2025-12-03 17:05:31.881 +01:00 [INF] Request starting HTTP/1.1 GET http://localhost:5090/api/Notification - application/json null
2025-12-03 17:05:31.881 +01:00 [INF] CORS policy execution successful.
2025-12-03 17:05:31.881 +01:00 [INF] Executing endpoint 'HomeCareApp.Controllers.NotificationController.GetMyNotifications (api)'
2025-12-03 17:05:31.881 +01:00 [INF] Route matched with {action = "GetMyNotifications", controller = "Notification"}. Executing controller action with signature System.Threading.Tasks.Task`1[Microsoft.AspNetCore.Mvc.ActionResult`1[System.Collections.Generic.IEnumerable`1[HomeCareApp.DTOs.NotificationDto]]] GetMyNotifications() on controller HomeCareApp.Controllers.NotificationController (api).
2025-12-03 17:05:31.882 +01:00 [INF] [NotificationController] Getting all notifications for UserId: 3e07cffa-0932-44eb-a818-3c42976e81f7
2025-12-03 17:05:31.882 +01:00 [INF] [NotificationRepository] GetByUserIdAsync(3e07cffa-0932-44eb-a818-3c42976e81f7) - Retrieving notifications for user
2025-12-03 17:05:31.883 +01:00 [INF] [NotificationRepository] GetByUserIdAsync(3e07cffa-0932-44eb-a818-3c42976e81f7) - Successfully retrieved 5 notifications
2025-12-03 17:05:31.884 +01:00 [INF] [NotificationController] Retrieved 5 notifications for UserId: 3e07cffa-0932-44eb-a818-3c42976e81f7
2025-12-03 17:05:31.884 +01:00 [INF] Executing OkObjectResult, writing value of type 'System.Linq.Enumerable+SelectListIterator`2[[HomeCareApp.Models.Notification, api, Version=1.0.0.0, Culture=neutral, PublicKeyToken=null],[HomeCareApp.DTOs.NotificationDto, api, Version=1.0.0.0, Culture=neutral, PublicKeyToken=null]]'.
2025-12-03 17:05:31.884 +01:00 [INF] Executed action HomeCareApp.Controllers.NotificationController.GetMyNotifications (api) in 2.5287ms
2025-12-03 17:05:31.884 +01:00 [INF] Executed endpoint 'HomeCareApp.Controllers.NotificationController.GetMyNotifications (api)'
2025-12-03 17:05:31.884 +01:00 [INF] Request finished HTTP/1.1 GET http://localhost:5090/api/Notification - 200 1467 application/json; charset=utf-8 3.5306ms
2025-12-03 17:05:32.874 +01:00 [INF] Request starting HTTP/1.1 OPTIONS http://localhost:5090/api/Notification/54 - null null
2025-12-03 17:05:32.874 +01:00 [INF] CORS policy execution successful.
2025-12-03 17:05:32.874 +01:00 [INF] Request finished HTTP/1.1 OPTIONS http://localhost:5090/api/Notification/54 - 204 null null 0.4392ms
2025-12-03 17:05:32.877 +01:00 [INF] Request starting HTTP/1.1 DELETE http://localhost:5090/api/Notification/54 - application/json null
2025-12-03 17:05:32.877 +01:00 [INF] CORS policy execution successful.
2025-12-03 17:05:32.878 +01:00 [INF] Executing endpoint 'HomeCareApp.Controllers.NotificationController.DeleteNotification (api)'
2025-12-03 17:05:32.885 +01:00 [INF] Route matched with {action = "DeleteNotification", controller = "Notification"}. Executing controller action with signature System.Threading.Tasks.Task`1[Microsoft.AspNetCore.Mvc.ActionResult] DeleteNotification(Int32) on controller HomeCareApp.Controllers.NotificationController (api).
2025-12-03 17:05:32.890 +01:00 [INF] [NotificationController] Attempting to delete notification 54 for UserId: 3e07cffa-0932-44eb-a818-3c42976e81f7
2025-12-03 17:05:32.892 +01:00 [INF] [NotificationRepository] GetByIdAsync(54) - Retrieving notification
2025-12-03 17:05:32.959 +01:00 [INF] [NotificationRepository] GetByIdAsync(54) - Notification found for user: 3e07cffa-0932-44eb-a818-3c42976e81f7
2025-12-03 17:05:32.962 +01:00 [INF] [NotificationRepository] DeleteAsync(54) - Attempting to delete notification
2025-12-03 17:05:32.969 +01:00 [INF] [NotificationRepository] DeleteAsync(54) - Deleting notification for user: 3e07cffa-0932-44eb-a818-3c42976e81f7
2025-12-03 17:05:33.061 +01:00 [INF] [NotificationRepository] DeleteAsync(54) - Successfully deleted notification
2025-12-03 17:05:33.062 +01:00 [INF] [NotificationController] Successfully deleted notification 54 for UserId: 3e07cffa-0932-44eb-a818-3c42976e81f7
2025-12-03 17:05:33.065 +01:00 [INF] Executing StatusCodeResult, setting HTTP status code 204
2025-12-03 17:05:33.065 +01:00 [INF] Executed action HomeCareApp.Controllers.NotificationController.DeleteNotification (api) in 179.1793ms
2025-12-03 17:05:33.065 +01:00 [INF] Executed endpoint 'HomeCareApp.Controllers.NotificationController.DeleteNotification (api)'
2025-12-03 17:05:33.065 +01:00 [INF] Request finished HTTP/1.1 DELETE http://localhost:5090/api/Notification/54 - 204 null null 188.4875ms
2025-12-03 17:05:33.068 +01:00 [INF] Request starting HTTP/1.1 OPTIONS http://localhost:5090/api/Notification/unread-count - null null
2025-12-03 17:05:33.069 +01:00 [INF] CORS policy execution successful.
2025-12-03 17:05:33.069 +01:00 [INF] Request finished HTTP/1.1 OPTIONS http://localhost:5090/api/Notification/unread-count - 204 null null 0.3696ms
2025-12-03 17:05:33.074 +01:00 [INF] Request starting HTTP/1.1 GET http://localhost:5090/api/Notification/unread-count - application/json null
2025-12-03 17:05:33.074 +01:00 [INF] CORS policy execution successful.
2025-12-03 17:05:33.074 +01:00 [INF] Executing endpoint 'HomeCareApp.Controllers.NotificationController.GetUnreadCount (api)'
2025-12-03 17:05:33.074 +01:00 [INF] Route matched with {action = "GetUnreadCount", controller = "Notification"}. Executing controller action with signature System.Threading.Tasks.Task`1[Microsoft.AspNetCore.Mvc.ActionResult`1[System.Int32]] GetUnreadCount() on controller HomeCareApp.Controllers.NotificationController (api).
2025-12-03 17:05:33.075 +01:00 [INF] [NotificationController] Getting unread count for UserId: 3e07cffa-0932-44eb-a818-3c42976e81f7
2025-12-03 17:05:33.075 +01:00 [INF] [NotificationRepository] GetUnreadCountAsync(3e07cffa-0932-44eb-a818-3c42976e81f7) - Getting unread count for user
2025-12-03 17:05:33.076 +01:00 [INF] [NotificationRepository] GetUnreadCountAsync(3e07cffa-0932-44eb-a818-3c42976e81f7) - User has 0 unread notifications
2025-12-03 17:05:33.076 +01:00 [INF] [NotificationController] Found 0 unread notifications for UserId: 3e07cffa-0932-44eb-a818-3c42976e81f7
2025-12-03 17:05:33.076 +01:00 [INF] Executing OkObjectResult, writing value of type 'System.Int32'.
2025-12-03 17:05:33.076 +01:00 [INF] Executed action HomeCareApp.Controllers.NotificationController.GetUnreadCount (api) in 1.7555ms
2025-12-03 17:05:33.076 +01:00 [INF] Executed endpoint 'HomeCareApp.Controllers.NotificationController.GetUnreadCount (api)'
2025-12-03 17:05:33.077 +01:00 [INF] Request finished HTTP/1.1 GET http://localhost:5090/api/Notification/unread-count - 200 1 application/json; charset=utf-8 2.5861ms
2025-12-03 17:05:34.527 +01:00 [INF] Request starting HTTP/1.1 OPTIONS http://localhost:5090/api/Notification/12 - null null
2025-12-03 17:05:34.527 +01:00 [INF] CORS policy execution successful.
2025-12-03 17:05:34.527 +01:00 [INF] Request finished HTTP/1.1 OPTIONS http://localhost:5090/api/Notification/12 - 204 null null 0.2803ms
2025-12-03 17:05:34.529 +01:00 [INF] Request starting HTTP/1.1 DELETE http://localhost:5090/api/Notification/12 - application/json null
2025-12-03 17:05:34.529 +01:00 [INF] CORS policy execution successful.
2025-12-03 17:05:34.529 +01:00 [INF] Executing endpoint 'HomeCareApp.Controllers.NotificationController.DeleteNotification (api)'
2025-12-03 17:05:34.529 +01:00 [INF] Route matched with {action = "DeleteNotification", controller = "Notification"}. Executing controller action with signature System.Threading.Tasks.Task`1[Microsoft.AspNetCore.Mvc.ActionResult] DeleteNotification(Int32) on controller HomeCareApp.Controllers.NotificationController (api).
2025-12-03 17:05:34.529 +01:00 [INF] [NotificationController] Attempting to delete notification 12 for UserId: 3e07cffa-0932-44eb-a818-3c42976e81f7
2025-12-03 17:05:34.530 +01:00 [INF] [NotificationRepository] GetByIdAsync(12) - Retrieving notification
2025-12-03 17:05:34.532 +01:00 [INF] [NotificationRepository] GetByIdAsync(12) - Notification found for user: 3e07cffa-0932-44eb-a818-3c42976e81f7
2025-12-03 17:05:34.532 +01:00 [INF] [NotificationRepository] DeleteAsync(12) - Attempting to delete notification
2025-12-03 17:05:34.533 +01:00 [INF] [NotificationRepository] DeleteAsync(12) - Deleting notification for user: 3e07cffa-0932-44eb-a818-3c42976e81f7
2025-12-03 17:05:34.537 +01:00 [INF] [NotificationRepository] DeleteAsync(12) - Successfully deleted notification
2025-12-03 17:05:34.537 +01:00 [INF] [NotificationController] Successfully deleted notification 12 for UserId: 3e07cffa-0932-44eb-a818-3c42976e81f7
2025-12-03 17:05:34.537 +01:00 [INF] Executing StatusCodeResult, setting HTTP status code 204
2025-12-03 17:05:34.537 +01:00 [INF] Executed action HomeCareApp.Controllers.NotificationController.DeleteNotification (api) in 8.265ms
2025-12-03 17:05:34.537 +01:00 [INF] Executed endpoint 'HomeCareApp.Controllers.NotificationController.DeleteNotification (api)'
2025-12-03 17:05:34.538 +01:00 [INF] Request finished HTTP/1.1 DELETE http://localhost:5090/api/Notification/12 - 204 null null 9.0993ms
2025-12-03 17:05:34.543 +01:00 [INF] Request starting HTTP/1.1 GET http://localhost:5090/api/Notification/unread-count - application/json null
2025-12-03 17:05:34.543 +01:00 [INF] CORS policy execution successful.
2025-12-03 17:05:34.545 +01:00 [INF] Executing endpoint 'HomeCareApp.Controllers.NotificationController.GetUnreadCount (api)'
2025-12-03 17:05:34.545 +01:00 [INF] Route matched with {action = "GetUnreadCount", controller = "Notification"}. Executing controller action with signature System.Threading.Tasks.Task`1[Microsoft.AspNetCore.Mvc.ActionResult`1[System.Int32]] GetUnreadCount() on controller HomeCareApp.Controllers.NotificationController (api).
2025-12-03 17:05:34.546 +01:00 [INF] [NotificationController] Getting unread count for UserId: 3e07cffa-0932-44eb-a818-3c42976e81f7
2025-12-03 17:05:34.546 +01:00 [INF] [NotificationRepository] GetUnreadCountAsync(3e07cffa-0932-44eb-a818-3c42976e81f7) - Getting unread count for user
2025-12-03 17:05:34.547 +01:00 [INF] [NotificationRepository] GetUnreadCountAsync(3e07cffa-0932-44eb-a818-3c42976e81f7) - User has 0 unread notifications
2025-12-03 17:05:34.547 +01:00 [INF] [NotificationController] Found 0 unread notifications for UserId: 3e07cffa-0932-44eb-a818-3c42976e81f7
2025-12-03 17:05:34.547 +01:00 [INF] Executing OkObjectResult, writing value of type 'System.Int32'.
2025-12-03 17:05:34.547 +01:00 [INF] Executed action HomeCareApp.Controllers.NotificationController.GetUnreadCount (api) in 1.9739ms
2025-12-03 17:05:34.547 +01:00 [INF] Executed endpoint 'HomeCareApp.Controllers.NotificationController.GetUnreadCount (api)'
2025-12-03 17:05:34.548 +01:00 [INF] Request finished HTTP/1.1 GET http://localhost:5090/api/Notification/unread-count - 200 1 application/json; charset=utf-8 4.8889ms
2025-12-03 17:05:35.118 +01:00 [INF] Request starting HTTP/1.1 OPTIONS http://localhost:5090/api/Notification/10 - null null
2025-12-03 17:05:35.118 +01:00 [INF] CORS policy execution successful.
2025-12-03 17:05:35.118 +01:00 [INF] Request finished HTTP/1.1 OPTIONS http://localhost:5090/api/Notification/10 - 204 null null 0.3079ms
2025-12-03 17:05:35.120 +01:00 [INF] Request starting HTTP/1.1 DELETE http://localhost:5090/api/Notification/10 - application/json null
2025-12-03 17:05:35.120 +01:00 [INF] CORS policy execution successful.
2025-12-03 17:05:35.121 +01:00 [INF] Executing endpoint 'HomeCareApp.Controllers.NotificationController.DeleteNotification (api)'
2025-12-03 17:05:35.121 +01:00 [INF] Route matched with {action = "DeleteNotification", controller = "Notification"}. Executing controller action with signature System.Threading.Tasks.Task`1[Microsoft.AspNetCore.Mvc.ActionResult] DeleteNotification(Int32) on controller HomeCareApp.Controllers.NotificationController (api).
2025-12-03 17:05:35.122 +01:00 [INF] [NotificationController] Attempting to delete notification 10 for UserId: 3e07cffa-0932-44eb-a818-3c42976e81f7
2025-12-03 17:05:35.122 +01:00 [INF] [NotificationRepository] GetByIdAsync(10) - Retrieving notification
2025-12-03 17:05:35.124 +01:00 [INF] [NotificationRepository] GetByIdAsync(10) - Notification found for user: 3e07cffa-0932-44eb-a818-3c42976e81f7
2025-12-03 17:05:35.124 +01:00 [INF] [NotificationRepository] DeleteAsync(10) - Attempting to delete notification
2025-12-03 17:05:35.124 +01:00 [INF] [NotificationRepository] DeleteAsync(10) - Deleting notification for user: 3e07cffa-0932-44eb-a818-3c42976e81f7
2025-12-03 17:05:35.127 +01:00 [INF] [NotificationRepository] DeleteAsync(10) - Successfully deleted notification
2025-12-03 17:05:35.127 +01:00 [INF] [NotificationController] Successfully deleted notification 10 for UserId: 3e07cffa-0932-44eb-a818-3c42976e81f7
2025-12-03 17:05:35.127 +01:00 [INF] Executing StatusCodeResult, setting HTTP status code 204
2025-12-03 17:05:35.128 +01:00 [INF] Executed action HomeCareApp.Controllers.NotificationController.DeleteNotification (api) in 6.2098ms
2025-12-03 17:05:35.128 +01:00 [INF] Executed endpoint 'HomeCareApp.Controllers.NotificationController.DeleteNotification (api)'
2025-12-03 17:05:35.128 +01:00 [INF] Request finished HTTP/1.1 DELETE http://localhost:5090/api/Notification/10 - 204 null null 7.7973ms
2025-12-03 17:05:35.132 +01:00 [INF] Request starting HTTP/1.1 GET http://localhost:5090/api/Notification/unread-count - application/json null
2025-12-03 17:05:35.132 +01:00 [INF] CORS policy execution successful.
2025-12-03 17:05:35.134 +01:00 [INF] Executing endpoint 'HomeCareApp.Controllers.NotificationController.GetUnreadCount (api)'
2025-12-03 17:05:35.134 +01:00 [INF] Route matched with {action = "GetUnreadCount", controller = "Notification"}. Executing controller action with signature System.Threading.Tasks.Task`1[Microsoft.AspNetCore.Mvc.ActionResult`1[System.Int32]] GetUnreadCount() on controller HomeCareApp.Controllers.NotificationController (api).
2025-12-03 17:05:35.135 +01:00 [INF] [NotificationController] Getting unread count for UserId: 3e07cffa-0932-44eb-a818-3c42976e81f7
2025-12-03 17:05:35.135 +01:00 [INF] [NotificationRepository] GetUnreadCountAsync(3e07cffa-0932-44eb-a818-3c42976e81f7) - Getting unread count for user
2025-12-03 17:05:35.141 +01:00 [INF] [NotificationRepository] GetUnreadCountAsync(3e07cffa-0932-44eb-a818-3c42976e81f7) - User has 0 unread notifications
2025-12-03 17:05:35.142 +01:00 [INF] [NotificationController] Found 0 unread notifications for UserId: 3e07cffa-0932-44eb-a818-3c42976e81f7
2025-12-03 17:05:35.142 +01:00 [INF] Executing OkObjectResult, writing value of type 'System.Int32'.
2025-12-03 17:05:35.142 +01:00 [INF] Executed action HomeCareApp.Controllers.NotificationController.GetUnreadCount (api) in 7.5839ms
2025-12-03 17:05:35.142 +01:00 [INF] Executed endpoint 'HomeCareApp.Controllers.NotificationController.GetUnreadCount (api)'
2025-12-03 17:05:35.142 +01:00 [INF] Request finished HTTP/1.1 GET http://localhost:5090/api/Notification/unread-count - 200 1 application/json; charset=utf-8 10.6775ms
2025-12-03 17:05:37.578 +01:00 [INF] Request starting HTTP/1.1 OPTIONS http://localhost:5090/api/patient/user/3e07cffa-0932-44eb-a818-3c42976e81f7 - null null
2025-12-03 17:05:37.578 +01:00 [INF] Request starting HTTP/1.1 OPTIONS http://localhost:5090/api/patient/user/3e07cffa-0932-44eb-a818-3c42976e81f7 - null null
2025-12-03 17:05:37.579 +01:00 [INF] CORS policy execution successful.
2025-12-03 17:05:37.579 +01:00 [INF] CORS policy execution successful.
2025-12-03 17:05:37.579 +01:00 [INF] Request finished HTTP/1.1 OPTIONS http://localhost:5090/api/patient/user/3e07cffa-0932-44eb-a818-3c42976e81f7 - 204 null null 0.3451ms
2025-12-03 17:05:37.580 +01:00 [INF] Request finished HTTP/1.1 OPTIONS http://localhost:5090/api/patient/user/3e07cffa-0932-44eb-a818-3c42976e81f7 - 204 null null 1.2886ms
2025-12-03 17:05:37.581 +01:00 [INF] Request starting HTTP/1.1 GET http://localhost:5090/api/patient/user/3e07cffa-0932-44eb-a818-3c42976e81f7 - application/json null
2025-12-03 17:05:37.581 +01:00 [INF] CORS policy execution successful.
2025-12-03 17:05:37.582 +01:00 [INF] Executing endpoint 'HomeCareApp.Controllers.PatientController.GetPatientByUserId (api)'
2025-12-03 17:05:37.582 +01:00 [INF] Route matched with {action = "GetPatientByUserId", controller = "Patient"}. Executing controller action with signature System.Threading.Tasks.Task`1[Microsoft.AspNetCore.Mvc.ActionResult`1[HomeCareApp.DTOs.PatientDto]] GetPatientByUserId(System.String) on controller HomeCareApp.Controllers.PatientController (api).
2025-12-03 17:05:37.584 +01:00 [INF] [PatientController] Getting patient by UserId: 3e07cffa-0932-44eb-a818-3c42976e81f7
2025-12-03 17:05:37.584 +01:00 [INF] [PatientRepository] GetAll() - Retrieving all patients
2025-12-03 17:05:37.587 +01:00 [INF] [PatientRepository] GetAll() - Successfully retrieved 3 patients
2025-12-03 17:05:37.587 +01:00 [INF] [PatientController] Total patients in database: 3
2025-12-03 17:05:37.587 +01:00 [INF] [PatientController] Successfully retrieved patient 1 for UserId: 3e07cffa-0932-44eb-a818-3c42976e81f7
2025-12-03 17:05:37.587 +01:00 [INF] Executing OkObjectResult, writing value of type 'HomeCareApp.DTOs.PatientDto'.
2025-12-03 17:05:37.588 +01:00 [INF] Executed action HomeCareApp.Controllers.PatientController.GetPatientByUserId (api) in 5.3502ms
2025-12-03 17:05:37.588 +01:00 [INF] Executed endpoint 'HomeCareApp.Controllers.PatientController.GetPatientByUserId (api)'
2025-12-03 17:05:37.588 +01:00 [INF] Request finished HTTP/1.1 GET http://localhost:5090/api/patient/user/3e07cffa-0932-44eb-a818-3c42976e81f7 - 200 226 application/json; charset=utf-8 6.5107ms
2025-12-03 17:05:37.589 +01:00 [INF] Request starting HTTP/1.1 GET http://localhost:5090/api/patient/user/3e07cffa-0932-44eb-a818-3c42976e81f7 - application/json null
2025-12-03 17:05:37.589 +01:00 [INF] CORS policy execution successful.
2025-12-03 17:05:37.590 +01:00 [INF] Executing endpoint 'HomeCareApp.Controllers.PatientController.GetPatientByUserId (api)'
2025-12-03 17:05:37.590 +01:00 [INF] Route matched with {action = "GetPatientByUserId", controller = "Patient"}. Executing controller action with signature System.Threading.Tasks.Task`1[Microsoft.AspNetCore.Mvc.ActionResult`1[HomeCareApp.DTOs.PatientDto]] GetPatientByUserId(System.String) on controller HomeCareApp.Controllers.PatientController (api).
2025-12-03 17:05:37.590 +01:00 [INF] [PatientController] Getting patient by UserId: 3e07cffa-0932-44eb-a818-3c42976e81f7
2025-12-03 17:05:37.590 +01:00 [INF] [PatientRepository] GetAll() - Retrieving all patients
2025-12-03 17:05:37.591 +01:00 [INF] [PatientRepository] GetAll() - Successfully retrieved 3 patients
2025-12-03 17:05:37.592 +01:00 [INF] [PatientController] Total patients in database: 3
2025-12-03 17:05:37.592 +01:00 [INF] [PatientController] Successfully retrieved patient 1 for UserId: 3e07cffa-0932-44eb-a818-3c42976e81f7
2025-12-03 17:05:37.592 +01:00 [INF] Executing OkObjectResult, writing value of type 'HomeCareApp.DTOs.PatientDto'.
2025-12-03 17:05:37.592 +01:00 [INF] Executed action HomeCareApp.Controllers.PatientController.GetPatientByUserId (api) in 2.5536ms
2025-12-03 17:05:37.592 +01:00 [INF] Executed endpoint 'HomeCareApp.Controllers.PatientController.GetPatientByUserId (api)'
2025-12-03 17:05:37.592 +01:00 [INF] Request finished HTTP/1.1 GET http://localhost:5090/api/patient/user/3e07cffa-0932-44eb-a818-3c42976e81f7 - 200 226 application/json; charset=utf-8 3.5393ms
2025-12-03 17:05:42.949 +01:00 [INF] Request starting HTTP/1.1 OPTIONS http://localhost:5090/api/patient/1 - null null
2025-12-03 17:05:42.949 +01:00 [INF] CORS policy execution successful.
2025-12-03 17:05:42.949 +01:00 [INF] Request finished HTTP/1.1 OPTIONS http://localhost:5090/api/patient/1 - 204 null null 0.3137ms
2025-12-03 17:05:42.953 +01:00 [INF] Request starting HTTP/1.1 PUT http://localhost:5090/api/patient/1 - application/json 219
2025-12-03 17:05:42.953 +01:00 [INF] CORS policy execution successful.
2025-12-03 17:05:42.953 +01:00 [INF] Executing endpoint 'HomeCareApp.Controllers.PatientController.Update (api)'
2025-12-03 17:05:42.961 +01:00 [INF] Route matched with {action = "Update", controller = "Patient"}. Executing controller action with signature System.Threading.Tasks.Task`1[Microsoft.AspNetCore.Mvc.IActionResult] Update(Int32, HomeCareApp.DTOs.PatientDto) on controller HomeCareApp.Controllers.PatientController (api).
2025-12-03 17:05:43.003 +01:00 [INF] Executing BadRequestObjectResult, writing value of type 'System.String'.
2025-12-03 17:05:43.003 +01:00 [INF] Executed action HomeCareApp.Controllers.PatientController.Update (api) in 42.1782ms
2025-12-03 17:05:43.003 +01:00 [INF] Executed endpoint 'HomeCareApp.Controllers.PatientController.Update (api)'
2025-12-03 17:05:43.003 +01:00 [INF] Request finished HTTP/1.1 PUT http://localhost:5090/api/patient/1 - 400 null text/plain; charset=utf-8 50.1546ms
2025-12-03 17:05:51.497 +01:00 [INF] Request starting HTTP/1.1 OPTIONS http://localhost:5090/api/Notification/unread-count - null null
2025-12-03 17:05:51.497 +01:00 [INF] CORS policy execution successful.
2025-12-03 17:05:51.498 +01:00 [INF] Request finished HTTP/1.1 OPTIONS http://localhost:5090/api/Notification/unread-count - 204 null null 0.4059ms
2025-12-03 17:05:51.506 +01:00 [INF] Request starting HTTP/1.1 GET http://localhost:5090/api/Notification/unread-count - application/json null
2025-12-03 17:05:51.506 +01:00 [INF] CORS policy execution successful.
2025-12-03 17:05:51.507 +01:00 [INF] Executing endpoint 'HomeCareApp.Controllers.NotificationController.GetUnreadCount (api)'
2025-12-03 17:05:51.507 +01:00 [INF] Route matched with {action = "GetUnreadCount", controller = "Notification"}. Executing controller action with signature System.Threading.Tasks.Task`1[Microsoft.AspNetCore.Mvc.ActionResult`1[System.Int32]] GetUnreadCount() on controller HomeCareApp.Controllers.NotificationController (api).
2025-12-03 17:05:51.507 +01:00 [INF] [NotificationController] Getting unread count for UserId: 3e07cffa-0932-44eb-a818-3c42976e81f7
2025-12-03 17:05:51.507 +01:00 [INF] [NotificationRepository] GetUnreadCountAsync(3e07cffa-0932-44eb-a818-3c42976e81f7) - Getting unread count for user
2025-12-03 17:05:51.508 +01:00 [INF] [NotificationRepository] GetUnreadCountAsync(3e07cffa-0932-44eb-a818-3c42976e81f7) - User has 0 unread notifications
2025-12-03 17:05:51.508 +01:00 [INF] [NotificationController] Found 0 unread notifications for UserId: 3e07cffa-0932-44eb-a818-3c42976e81f7
2025-12-03 17:05:51.508 +01:00 [INF] Executing OkObjectResult, writing value of type 'System.Int32'.
2025-12-03 17:05:51.508 +01:00 [INF] Executed action HomeCareApp.Controllers.NotificationController.GetUnreadCount (api) in 1.3917ms
2025-12-03 17:05:51.508 +01:00 [INF] Executed endpoint 'HomeCareApp.Controllers.NotificationController.GetUnreadCount (api)'
2025-12-03 17:05:51.508 +01:00 [INF] Request finished HTTP/1.1 GET http://localhost:5090/api/Notification/unread-count - 200 1 application/json; charset=utf-8 2.2699ms
2025-12-03 17:05:56.718 +01:00 [INF] Request starting HTTP/1.1 OPTIONS http://localhost:5090/api/Notification/unread-count - null null
2025-12-03 17:05:56.719 +01:00 [INF] CORS policy execution successful.
2025-12-03 17:05:56.719 +01:00 [INF] Request finished HTTP/1.1 OPTIONS http://localhost:5090/api/Notification/unread-count - 204 null null 0.3841ms
2025-12-03 17:05:56.721 +01:00 [INF] Request starting HTTP/1.1 GET http://localhost:5090/api/Notification/unread-count - application/json null
2025-12-03 17:05:56.722 +01:00 [INF] CORS policy execution successful.
2025-12-03 17:05:56.722 +01:00 [INF] Executing endpoint 'HomeCareApp.Controllers.NotificationController.GetUnreadCount (api)'
2025-12-03 17:05:56.723 +01:00 [INF] Route matched with {action = "GetUnreadCount", controller = "Notification"}. Executing controller action with signature System.Threading.Tasks.Task`1[Microsoft.AspNetCore.Mvc.ActionResult`1[System.Int32]] GetUnreadCount() on controller HomeCareApp.Controllers.NotificationController (api).
2025-12-03 17:05:56.723 +01:00 [INF] [NotificationController] Getting unread count for UserId: 3e07cffa-0932-44eb-a818-3c42976e81f7
2025-12-03 17:05:56.723 +01:00 [INF] [NotificationRepository] GetUnreadCountAsync(3e07cffa-0932-44eb-a818-3c42976e81f7) - Getting unread count for user
2025-12-03 17:05:56.725 +01:00 [INF] [NotificationRepository] GetUnreadCountAsync(3e07cffa-0932-44eb-a818-3c42976e81f7) - User has 0 unread notifications
2025-12-03 17:05:56.725 +01:00 [INF] [NotificationController] Found 0 unread notifications for UserId: 3e07cffa-0932-44eb-a818-3c42976e81f7
2025-12-03 17:05:56.726 +01:00 [INF] Executing OkObjectResult, writing value of type 'System.Int32'.
2025-12-03 17:05:56.726 +01:00 [INF] Executed action HomeCareApp.Controllers.NotificationController.GetUnreadCount (api) in 3.2813ms
2025-12-03 17:05:56.726 +01:00 [INF] Executed endpoint 'HomeCareApp.Controllers.NotificationController.GetUnreadCount (api)'
2025-12-03 17:05:56.726 +01:00 [INF] Request finished HTTP/1.1 GET http://localhost:5090/api/Notification/unread-count - 200 1 application/json; charset=utf-8 4.9202ms
2025-12-03 17:06:21.499 +01:00 [INF] Request starting HTTP/1.1 OPTIONS http://localhost:5090/api/Notification/unread-count - null null
2025-12-03 17:06:21.499 +01:00 [INF] CORS policy execution successful.
2025-12-03 17:06:21.499 +01:00 [INF] Request finished HTTP/1.1 OPTIONS http://localhost:5090/api/Notification/unread-count - 204 null null 0.2408ms
2025-12-03 17:06:21.502 +01:00 [INF] Request starting HTTP/1.1 GET http://localhost:5090/api/Notification/unread-count - application/json null
2025-12-03 17:06:21.503 +01:00 [INF] CORS policy execution successful.
2025-12-03 17:06:21.503 +01:00 [INF] Executing endpoint 'HomeCareApp.Controllers.NotificationController.GetUnreadCount (api)'
2025-12-03 17:06:21.503 +01:00 [INF] Route matched with {action = "GetUnreadCount", controller = "Notification"}. Executing controller action with signature System.Threading.Tasks.Task`1[Microsoft.AspNetCore.Mvc.ActionResult`1[System.Int32]] GetUnreadCount() on controller HomeCareApp.Controllers.NotificationController (api).
2025-12-03 17:06:21.503 +01:00 [INF] [NotificationController] Getting unread count for UserId: 3e07cffa-0932-44eb-a818-3c42976e81f7
2025-12-03 17:06:21.503 +01:00 [INF] [NotificationRepository] GetUnreadCountAsync(3e07cffa-0932-44eb-a818-3c42976e81f7) - Getting unread count for user
2025-12-03 17:06:21.505 +01:00 [INF] [NotificationRepository] GetUnreadCountAsync(3e07cffa-0932-44eb-a818-3c42976e81f7) - User has 0 unread notifications
2025-12-03 17:06:21.505 +01:00 [INF] [NotificationController] Found 0 unread notifications for UserId: 3e07cffa-0932-44eb-a818-3c42976e81f7
2025-12-03 17:06:21.505 +01:00 [INF] Executing OkObjectResult, writing value of type 'System.Int32'.
2025-12-03 17:06:21.505 +01:00 [INF] Executed action HomeCareApp.Controllers.NotificationController.GetUnreadCount (api) in 2.0888ms
2025-12-03 17:06:21.505 +01:00 [INF] Executed endpoint 'HomeCareApp.Controllers.NotificationController.GetUnreadCount (api)'
2025-12-03 17:06:21.505 +01:00 [INF] Request finished HTTP/1.1 GET http://localhost:5090/api/Notification/unread-count - 200 1 application/json; charset=utf-8 3.0968ms
2025-12-03 17:06:51.500 +01:00 [INF] Request starting HTTP/1.1 OPTIONS http://localhost:5090/api/Notification/unread-count - null null
2025-12-03 17:06:51.500 +01:00 [INF] CORS policy execution successful.
2025-12-03 17:06:51.500 +01:00 [INF] Request finished HTTP/1.1 OPTIONS http://localhost:5090/api/Notification/unread-count - 204 null null 0.3861ms
2025-12-03 17:06:51.503 +01:00 [INF] Request starting HTTP/1.1 GET http://localhost:5090/api/Notification/unread-count - application/json null
2025-12-03 17:06:51.503 +01:00 [INF] CORS policy execution successful.
2025-12-03 17:06:51.504 +01:00 [INF] Executing endpoint 'HomeCareApp.Controllers.NotificationController.GetUnreadCount (api)'
2025-12-03 17:06:51.504 +01:00 [INF] Route matched with {action = "GetUnreadCount", controller = "Notification"}. Executing controller action with signature System.Threading.Tasks.Task`1[Microsoft.AspNetCore.Mvc.ActionResult`1[System.Int32]] GetUnreadCount() on controller HomeCareApp.Controllers.NotificationController (api).
2025-12-03 17:06:51.504 +01:00 [INF] [NotificationController] Getting unread count for UserId: 3e07cffa-0932-44eb-a818-3c42976e81f7
2025-12-03 17:06:51.505 +01:00 [INF] [NotificationRepository] GetUnreadCountAsync(3e07cffa-0932-44eb-a818-3c42976e81f7) - Getting unread count for user
2025-12-03 17:06:51.506 +01:00 [INF] [NotificationRepository] GetUnreadCountAsync(3e07cffa-0932-44eb-a818-3c42976e81f7) - User has 0 unread notifications
2025-12-03 17:06:51.506 +01:00 [INF] [NotificationController] Found 0 unread notifications for UserId: 3e07cffa-0932-44eb-a818-3c42976e81f7
2025-12-03 17:06:51.507 +01:00 [INF] Executing OkObjectResult, writing value of type 'System.Int32'.
2025-12-03 17:06:51.507 +01:00 [INF] Executed action HomeCareApp.Controllers.NotificationController.GetUnreadCount (api) in 2.9324ms
2025-12-03 17:06:51.507 +01:00 [INF] Executed endpoint 'HomeCareApp.Controllers.NotificationController.GetUnreadCount (api)'
2025-12-03 17:06:51.507 +01:00 [INF] Request finished HTTP/1.1 GET http://localhost:5090/api/Notification/unread-count - 200 1 application/json; charset=utf-8 4.1822ms
2025-12-03 17:06:57.716 +01:00 [INF] Request starting HTTP/1.1 OPTIONS http://localhost:5090/api/Notification/unread-count - null null
2025-12-03 17:06:57.716 +01:00 [INF] CORS policy execution successful.
2025-12-03 17:06:57.716 +01:00 [INF] Request finished HTTP/1.1 OPTIONS http://localhost:5090/api/Notification/unread-count - 204 null null 0.4543ms
2025-12-03 17:06:57.722 +01:00 [INF] Request starting HTTP/1.1 GET http://localhost:5090/api/Notification/unread-count - application/json null
2025-12-03 17:06:57.723 +01:00 [INF] CORS policy execution successful.
2025-12-03 17:06:57.723 +01:00 [INF] Executing endpoint 'HomeCareApp.Controllers.NotificationController.GetUnreadCount (api)'
2025-12-03 17:06:57.723 +01:00 [INF] Route matched with {action = "GetUnreadCount", controller = "Notification"}. Executing controller action with signature System.Threading.Tasks.Task`1[Microsoft.AspNetCore.Mvc.ActionResult`1[System.Int32]] GetUnreadCount() on controller HomeCareApp.Controllers.NotificationController (api).
2025-12-03 17:06:57.724 +01:00 [INF] [NotificationController] Getting unread count for UserId: 3e07cffa-0932-44eb-a818-3c42976e81f7
2025-12-03 17:06:57.724 +01:00 [INF] [NotificationRepository] GetUnreadCountAsync(3e07cffa-0932-44eb-a818-3c42976e81f7) - Getting unread count for user
2025-12-03 17:06:57.725 +01:00 [INF] [NotificationRepository] GetUnreadCountAsync(3e07cffa-0932-44eb-a818-3c42976e81f7) - User has 0 unread notifications
2025-12-03 17:06:57.725 +01:00 [INF] [NotificationController] Found 0 unread notifications for UserId: 3e07cffa-0932-44eb-a818-3c42976e81f7
2025-12-03 17:06:57.726 +01:00 [INF] Executing OkObjectResult, writing value of type 'System.Int32'.
2025-12-03 17:06:57.726 +01:00 [INF] Executed action HomeCareApp.Controllers.NotificationController.GetUnreadCount (api) in 2.4126ms
2025-12-03 17:06:57.726 +01:00 [INF] Executed endpoint 'HomeCareApp.Controllers.NotificationController.GetUnreadCount (api)'
2025-12-03 17:06:57.726 +01:00 [INF] Request finished HTTP/1.1 GET http://localhost:5090/api/Notification/unread-count - 200 1 application/json; charset=utf-8 3.6563ms
2025-12-03 17:07:21.719 +01:00 [INF] Request starting HTTP/1.1 OPTIONS http://localhost:5090/api/Notification/unread-count - null null
2025-12-03 17:07:21.719 +01:00 [INF] CORS policy execution successful.
2025-12-03 17:07:21.719 +01:00 [INF] Request finished HTTP/1.1 OPTIONS http://localhost:5090/api/Notification/unread-count - 204 null null 0.5408ms
2025-12-03 17:07:21.721 +01:00 [INF] Request starting HTTP/1.1 GET http://localhost:5090/api/Notification/unread-count - application/json null
2025-12-03 17:07:21.722 +01:00 [INF] CORS policy execution successful.
2025-12-03 17:07:21.722 +01:00 [INF] Executing endpoint 'HomeCareApp.Controllers.NotificationController.GetUnreadCount (api)'
2025-12-03 17:07:21.722 +01:00 [INF] Route matched with {action = "GetUnreadCount", controller = "Notification"}. Executing controller action with signature System.Threading.Tasks.Task`1[Microsoft.AspNetCore.Mvc.ActionResult`1[System.Int32]] GetUnreadCount() on controller HomeCareApp.Controllers.NotificationController (api).
2025-12-03 17:07:21.722 +01:00 [INF] [NotificationController] Getting unread count for UserId: 3e07cffa-0932-44eb-a818-3c42976e81f7
2025-12-03 17:07:21.722 +01:00 [INF] [NotificationRepository] GetUnreadCountAsync(3e07cffa-0932-44eb-a818-3c42976e81f7) - Getting unread count for user
2025-12-03 17:07:21.724 +01:00 [INF] [NotificationRepository] GetUnreadCountAsync(3e07cffa-0932-44eb-a818-3c42976e81f7) - User has 0 unread notifications
2025-12-03 17:07:21.724 +01:00 [INF] [NotificationController] Found 0 unread notifications for UserId: 3e07cffa-0932-44eb-a818-3c42976e81f7
2025-12-03 17:07:21.724 +01:00 [INF] Executing OkObjectResult, writing value of type 'System.Int32'.
2025-12-03 17:07:21.725 +01:00 [INF] Executed action HomeCareApp.Controllers.NotificationController.GetUnreadCount (api) in 2.7124ms
2025-12-03 17:07:21.725 +01:00 [INF] Executed endpoint 'HomeCareApp.Controllers.NotificationController.GetUnreadCount (api)'
2025-12-03 17:07:21.725 +01:00 [INF] Request finished HTTP/1.1 GET http://localhost:5090/api/Notification/unread-count - 200 1 application/json; charset=utf-8 3.4902ms
2025-12-03 17:07:51.709 +01:00 [INF] Request starting HTTP/1.1 OPTIONS http://localhost:5090/api/Notification/unread-count - null null
2025-12-03 17:07:51.709 +01:00 [INF] CORS policy execution successful.
2025-12-03 17:07:51.710 +01:00 [INF] Request finished HTTP/1.1 OPTIONS http://localhost:5090/api/Notification/unread-count - 204 null null 0.2059ms
2025-12-03 17:07:51.711 +01:00 [INF] Request starting HTTP/1.1 GET http://localhost:5090/api/Notification/unread-count - application/json null
2025-12-03 17:07:51.711 +01:00 [INF] CORS policy execution successful.
2025-12-03 17:07:51.712 +01:00 [INF] Executing endpoint 'HomeCareApp.Controllers.NotificationController.GetUnreadCount (api)'
2025-12-03 17:07:51.712 +01:00 [INF] Route matched with {action = "GetUnreadCount", controller = "Notification"}. Executing controller action with signature System.Threading.Tasks.Task`1[Microsoft.AspNetCore.Mvc.ActionResult`1[System.Int32]] GetUnreadCount() on controller HomeCareApp.Controllers.NotificationController (api).
2025-12-03 17:07:51.712 +01:00 [INF] [NotificationController] Getting unread count for UserId: 3e07cffa-0932-44eb-a818-3c42976e81f7
2025-12-03 17:07:51.712 +01:00 [INF] [NotificationRepository] GetUnreadCountAsync(3e07cffa-0932-44eb-a818-3c42976e81f7) - Getting unread count for user
2025-12-03 17:07:51.713 +01:00 [INF] [NotificationRepository] GetUnreadCountAsync(3e07cffa-0932-44eb-a818-3c42976e81f7) - User has 0 unread notifications
2025-12-03 17:07:51.713 +01:00 [INF] [NotificationController] Found 0 unread notifications for UserId: 3e07cffa-0932-44eb-a818-3c42976e81f7
2025-12-03 17:07:51.713 +01:00 [INF] Executing OkObjectResult, writing value of type 'System.Int32'.
2025-12-03 17:07:51.713 +01:00 [INF] Executed action HomeCareApp.Controllers.NotificationController.GetUnreadCount (api) in 1.7985ms
2025-12-03 17:07:51.714 +01:00 [INF] Executed endpoint 'HomeCareApp.Controllers.NotificationController.GetUnreadCount (api)'
2025-12-03 17:07:51.714 +01:00 [INF] Request finished HTTP/1.1 GET http://localhost:5090/api/Notification/unread-count - 200 1 application/json; charset=utf-8 2.3343ms
2025-12-03 17:07:58.718 +01:00 [INF] Request starting HTTP/1.1 OPTIONS http://localhost:5090/api/Notification/unread-count - null null
2025-12-03 17:07:58.718 +01:00 [INF] CORS policy execution successful.
2025-12-03 17:07:58.718 +01:00 [INF] Request finished HTTP/1.1 OPTIONS http://localhost:5090/api/Notification/unread-count - 204 null null 0.2896ms
2025-12-03 17:07:58.721 +01:00 [INF] Request starting HTTP/1.1 GET http://localhost:5090/api/Notification/unread-count - application/json null
2025-12-03 17:07:58.721 +01:00 [INF] CORS policy execution successful.
2025-12-03 17:07:58.721 +01:00 [INF] Executing endpoint 'HomeCareApp.Controllers.NotificationController.GetUnreadCount (api)'
2025-12-03 17:07:58.721 +01:00 [INF] Route matched with {action = "GetUnreadCount", controller = "Notification"}. Executing controller action with signature System.Threading.Tasks.Task`1[Microsoft.AspNetCore.Mvc.ActionResult`1[System.Int32]] GetUnreadCount() on controller HomeCareApp.Controllers.NotificationController (api).
2025-12-03 17:07:58.722 +01:00 [INF] [NotificationController] Getting unread count for UserId: 3e07cffa-0932-44eb-a818-3c42976e81f7
2025-12-03 17:07:58.722 +01:00 [INF] [NotificationRepository] GetUnreadCountAsync(3e07cffa-0932-44eb-a818-3c42976e81f7) - Getting unread count for user
2025-12-03 17:07:58.723 +01:00 [INF] [NotificationRepository] GetUnreadCountAsync(3e07cffa-0932-44eb-a818-3c42976e81f7) - User has 0 unread notifications
2025-12-03 17:07:58.723 +01:00 [INF] [NotificationController] Found 0 unread notifications for UserId: 3e07cffa-0932-44eb-a818-3c42976e81f7
2025-12-03 17:07:58.723 +01:00 [INF] Executing OkObjectResult, writing value of type 'System.Int32'.
2025-12-03 17:07:58.723 +01:00 [INF] Executed action HomeCareApp.Controllers.NotificationController.GetUnreadCount (api) in 1.2876ms
2025-12-03 17:07:58.723 +01:00 [INF] Executed endpoint 'HomeCareApp.Controllers.NotificationController.GetUnreadCount (api)'
2025-12-03 17:07:58.723 +01:00 [INF] Request finished HTTP/1.1 GET http://localhost:5090/api/Notification/unread-count - 200 1 application/json; charset=utf-8 1.888ms
2025-12-03 17:08:21.712 +01:00 [INF] Request starting HTTP/1.1 OPTIONS http://localhost:5090/api/Notification/unread-count - null null
2025-12-03 17:08:21.712 +01:00 [INF] CORS policy execution successful.
2025-12-03 17:08:21.712 +01:00 [INF] Request finished HTTP/1.1 OPTIONS http://localhost:5090/api/Notification/unread-count - 204 null null 0.2892ms
2025-12-03 17:08:21.714 +01:00 [INF] Request starting HTTP/1.1 GET http://localhost:5090/api/Notification/unread-count - application/json null
2025-12-03 17:08:21.714 +01:00 [INF] CORS policy execution successful.
2025-12-03 17:08:21.715 +01:00 [INF] Executing endpoint 'HomeCareApp.Controllers.NotificationController.GetUnreadCount (api)'
2025-12-03 17:08:21.715 +01:00 [INF] Route matched with {action = "GetUnreadCount", controller = "Notification"}. Executing controller action with signature System.Threading.Tasks.Task`1[Microsoft.AspNetCore.Mvc.ActionResult`1[System.Int32]] GetUnreadCount() on controller HomeCareApp.Controllers.NotificationController (api).
2025-12-03 17:08:21.715 +01:00 [INF] [NotificationController] Getting unread count for UserId: 3e07cffa-0932-44eb-a818-3c42976e81f7
2025-12-03 17:08:21.715 +01:00 [INF] [NotificationRepository] GetUnreadCountAsync(3e07cffa-0932-44eb-a818-3c42976e81f7) - Getting unread count for user
2025-12-03 17:08:21.716 +01:00 [INF] [NotificationRepository] GetUnreadCountAsync(3e07cffa-0932-44eb-a818-3c42976e81f7) - User has 0 unread notifications
2025-12-03 17:08:21.716 +01:00 [INF] [NotificationController] Found 0 unread notifications for UserId: 3e07cffa-0932-44eb-a818-3c42976e81f7
2025-12-03 17:08:21.716 +01:00 [INF] Executing OkObjectResult, writing value of type 'System.Int32'.
2025-12-03 17:08:21.716 +01:00 [INF] Executed action HomeCareApp.Controllers.NotificationController.GetUnreadCount (api) in 1.3919ms
2025-12-03 17:08:21.716 +01:00 [INF] Executed endpoint 'HomeCareApp.Controllers.NotificationController.GetUnreadCount (api)'
2025-12-03 17:08:21.716 +01:00 [INF] Request finished HTTP/1.1 GET http://localhost:5090/api/Notification/unread-count - 200 1 application/json; charset=utf-8 2.1027ms
2025-12-03 17:08:51.724 +01:00 [INF] Request starting HTTP/1.1 OPTIONS http://localhost:5090/api/Notification/unread-count - null null
2025-12-03 17:08:51.724 +01:00 [INF] CORS policy execution successful.
2025-12-03 17:08:51.725 +01:00 [INF] Request finished HTTP/1.1 OPTIONS http://localhost:5090/api/Notification/unread-count - 204 null null 0.3855ms
2025-12-03 17:08:51.726 +01:00 [INF] Request starting HTTP/1.1 GET http://localhost:5090/api/Notification/unread-count - application/json null
2025-12-03 17:08:51.726 +01:00 [INF] CORS policy execution successful.
2025-12-03 17:08:51.727 +01:00 [INF] Executing endpoint 'HomeCareApp.Controllers.NotificationController.GetUnreadCount (api)'
2025-12-03 17:08:51.727 +01:00 [INF] Route matched with {action = "GetUnreadCount", controller = "Notification"}. Executing controller action with signature System.Threading.Tasks.Task`1[Microsoft.AspNetCore.Mvc.ActionResult`1[System.Int32]] GetUnreadCount() on controller HomeCareApp.Controllers.NotificationController (api).
2025-12-03 17:08:51.727 +01:00 [INF] [NotificationController] Getting unread count for UserId: 3e07cffa-0932-44eb-a818-3c42976e81f7
2025-12-03 17:08:51.727 +01:00 [INF] [NotificationRepository] GetUnreadCountAsync(3e07cffa-0932-44eb-a818-3c42976e81f7) - Getting unread count for user
2025-12-03 17:08:51.728 +01:00 [INF] [NotificationRepository] GetUnreadCountAsync(3e07cffa-0932-44eb-a818-3c42976e81f7) - User has 0 unread notifications
2025-12-03 17:08:51.728 +01:00 [INF] [NotificationController] Found 0 unread notifications for UserId: 3e07cffa-0932-44eb-a818-3c42976e81f7
2025-12-03 17:08:51.728 +01:00 [INF] Executing OkObjectResult, writing value of type 'System.Int32'.
2025-12-03 17:08:51.728 +01:00 [INF] Executed action HomeCareApp.Controllers.NotificationController.GetUnreadCount (api) in 1.7439ms
2025-12-03 17:08:51.728 +01:00 [INF] Executed endpoint 'HomeCareApp.Controllers.NotificationController.GetUnreadCount (api)'
2025-12-03 17:08:51.729 +01:00 [INF] Request finished HTTP/1.1 GET http://localhost:5090/api/Notification/unread-count - 200 1 application/json; charset=utf-8 2.4473ms
2025-12-03 17:08:59.719 +01:00 [INF] Request starting HTTP/1.1 OPTIONS http://localhost:5090/api/Notification/unread-count - null null
2025-12-03 17:08:59.719 +01:00 [INF] CORS policy execution successful.
2025-12-03 17:08:59.719 +01:00 [INF] Request finished HTTP/1.1 OPTIONS http://localhost:5090/api/Notification/unread-count - 204 null null 0.2794ms
2025-12-03 17:08:59.721 +01:00 [INF] Request starting HTTP/1.1 GET http://localhost:5090/api/Notification/unread-count - application/json null
2025-12-03 17:08:59.721 +01:00 [INF] CORS policy execution successful.
2025-12-03 17:08:59.721 +01:00 [INF] Executing endpoint 'HomeCareApp.Controllers.NotificationController.GetUnreadCount (api)'
2025-12-03 17:08:59.721 +01:00 [INF] Route matched with {action = "GetUnreadCount", controller = "Notification"}. Executing controller action with signature System.Threading.Tasks.Task`1[Microsoft.AspNetCore.Mvc.ActionResult`1[System.Int32]] GetUnreadCount() on controller HomeCareApp.Controllers.NotificationController (api).
2025-12-03 17:08:59.722 +01:00 [INF] [NotificationController] Getting unread count for UserId: 3e07cffa-0932-44eb-a818-3c42976e81f7
2025-12-03 17:08:59.722 +01:00 [INF] [NotificationRepository] GetUnreadCountAsync(3e07cffa-0932-44eb-a818-3c42976e81f7) - Getting unread count for user
2025-12-03 17:08:59.723 +01:00 [INF] [NotificationRepository] GetUnreadCountAsync(3e07cffa-0932-44eb-a818-3c42976e81f7) - User has 0 unread notifications
2025-12-03 17:08:59.723 +01:00 [INF] [NotificationController] Found 0 unread notifications for UserId: 3e07cffa-0932-44eb-a818-3c42976e81f7
2025-12-03 17:08:59.723 +01:00 [INF] Executing OkObjectResult, writing value of type 'System.Int32'.
2025-12-03 17:08:59.724 +01:00 [INF] Executed action HomeCareApp.Controllers.NotificationController.GetUnreadCount (api) in 2.2664ms
2025-12-03 17:08:59.724 +01:00 [INF] Executed endpoint 'HomeCareApp.Controllers.NotificationController.GetUnreadCount (api)'
2025-12-03 17:08:59.724 +01:00 [INF] Request finished HTTP/1.1 GET http://localhost:5090/api/Notification/unread-count - 200 1 application/json; charset=utf-8 3.3975ms
2025-12-03 17:09:52.710 +01:00 [INF] Request starting HTTP/1.1 OPTIONS http://localhost:5090/api/Notification/unread-count - null null
2025-12-03 17:09:52.711 +01:00 [INF] CORS policy execution successful.
2025-12-03 17:09:52.711 +01:00 [INF] Request finished HTTP/1.1 OPTIONS http://localhost:5090/api/Notification/unread-count - 204 null null 0.6395ms
2025-12-03 17:09:52.713 +01:00 [INF] Request starting HTTP/1.1 GET http://localhost:5090/api/Notification/unread-count - application/json null
2025-12-03 17:09:52.713 +01:00 [INF] CORS policy execution successful.
2025-12-03 17:09:52.714 +01:00 [INF] Executing endpoint 'HomeCareApp.Controllers.NotificationController.GetUnreadCount (api)'
2025-12-03 17:09:52.715 +01:00 [INF] Route matched with {action = "GetUnreadCount", controller = "Notification"}. Executing controller action with signature System.Threading.Tasks.Task`1[Microsoft.AspNetCore.Mvc.ActionResult`1[System.Int32]] GetUnreadCount() on controller HomeCareApp.Controllers.NotificationController (api).
2025-12-03 17:09:52.715 +01:00 [INF] [NotificationController] Getting unread count for UserId: 3e07cffa-0932-44eb-a818-3c42976e81f7
2025-12-03 17:09:52.715 +01:00 [INF] [NotificationRepository] GetUnreadCountAsync(3e07cffa-0932-44eb-a818-3c42976e81f7) - Getting unread count for user
2025-12-03 17:09:52.716 +01:00 [INF] [NotificationRepository] GetUnreadCountAsync(3e07cffa-0932-44eb-a818-3c42976e81f7) - User has 0 unread notifications
2025-12-03 17:09:52.716 +01:00 [INF] [NotificationController] Found 0 unread notifications for UserId: 3e07cffa-0932-44eb-a818-3c42976e81f7
2025-12-03 17:09:52.716 +01:00 [INF] Executing OkObjectResult, writing value of type 'System.Int32'.
2025-12-03 17:09:52.717 +01:00 [INF] Executed action HomeCareApp.Controllers.NotificationController.GetUnreadCount (api) in 2.0903ms
2025-12-03 17:09:52.717 +01:00 [INF] Executed endpoint 'HomeCareApp.Controllers.NotificationController.GetUnreadCount (api)'
2025-12-03 17:09:52.717 +01:00 [INF] Request finished HTTP/1.1 GET http://localhost:5090/api/Notification/unread-count - 200 1 application/json; charset=utf-8 3.6654ms
2025-12-03 17:10:00.724 +01:00 [INF] Request starting HTTP/1.1 OPTIONS http://localhost:5090/api/Notification/unread-count - null null
2025-12-03 17:10:00.724 +01:00 [INF] CORS policy execution successful.
2025-12-03 17:10:00.725 +01:00 [INF] Request finished HTTP/1.1 OPTIONS http://localhost:5090/api/Notification/unread-count - 204 null null 0.3156ms
2025-12-03 17:10:00.727 +01:00 [INF] Request starting HTTP/1.1 GET http://localhost:5090/api/Notification/unread-count - application/json null
2025-12-03 17:10:00.727 +01:00 [INF] CORS policy execution successful.
2025-12-03 17:10:00.728 +01:00 [INF] Executing endpoint 'HomeCareApp.Controllers.NotificationController.GetUnreadCount (api)'
2025-12-03 17:10:00.728 +01:00 [INF] Route matched with {action = "GetUnreadCount", controller = "Notification"}. Executing controller action with signature System.Threading.Tasks.Task`1[Microsoft.AspNetCore.Mvc.ActionResult`1[System.Int32]] GetUnreadCount() on controller HomeCareApp.Controllers.NotificationController (api).
2025-12-03 17:10:00.728 +01:00 [INF] [NotificationController] Getting unread count for UserId: 3e07cffa-0932-44eb-a818-3c42976e81f7
2025-12-03 17:10:00.728 +01:00 [INF] [NotificationRepository] GetUnreadCountAsync(3e07cffa-0932-44eb-a818-3c42976e81f7) - Getting unread count for user
2025-12-03 17:10:00.730 +01:00 [INF] [NotificationRepository] GetUnreadCountAsync(3e07cffa-0932-44eb-a818-3c42976e81f7) - User has 0 unread notifications
2025-12-03 17:10:00.730 +01:00 [INF] [NotificationController] Found 0 unread notifications for UserId: 3e07cffa-0932-44eb-a818-3c42976e81f7
2025-12-03 17:10:00.731 +01:00 [INF] Executing OkObjectResult, writing value of type 'System.Int32'.
2025-12-03 17:10:00.731 +01:00 [INF] Executed action HomeCareApp.Controllers.NotificationController.GetUnreadCount (api) in 3.26ms
2025-12-03 17:10:00.731 +01:00 [INF] Executed endpoint 'HomeCareApp.Controllers.NotificationController.GetUnreadCount (api)'
2025-12-03 17:10:00.731 +01:00 [INF] Request finished HTTP/1.1 GET http://localhost:5090/api/Notification/unread-count - 200 1 application/json; charset=utf-8 4.6623ms
2025-12-03 17:10:43.615 +01:00 [INF] Request starting HTTP/1.1 OPTIONS http://localhost:5090/api/Notification/unread-count - null null
2025-12-03 17:10:43.615 +01:00 [INF] CORS policy execution successful.
2025-12-03 17:10:43.615 +01:00 [INF] Request finished HTTP/1.1 OPTIONS http://localhost:5090/api/Notification/unread-count - 204 null null 0.3225ms
2025-12-03 17:10:43.617 +01:00 [INF] Request starting HTTP/1.1 GET http://localhost:5090/api/Notification/unread-count - application/json null
2025-12-03 17:10:43.617 +01:00 [INF] CORS policy execution successful.
2025-12-03 17:10:43.617 +01:00 [INF] Executing endpoint 'HomeCareApp.Controllers.NotificationController.GetUnreadCount (api)'
2025-12-03 17:10:43.617 +01:00 [INF] Route matched with {action = "GetUnreadCount", controller = "Notification"}. Executing controller action with signature System.Threading.Tasks.Task`1[Microsoft.AspNetCore.Mvc.ActionResult`1[System.Int32]] GetUnreadCount() on controller HomeCareApp.Controllers.NotificationController (api).
2025-12-03 17:10:43.618 +01:00 [INF] [NotificationController] Getting unread count for UserId: 3e07cffa-0932-44eb-a818-3c42976e81f7
2025-12-03 17:10:43.618 +01:00 [INF] [NotificationRepository] GetUnreadCountAsync(3e07cffa-0932-44eb-a818-3c42976e81f7) - Getting unread count for user
2025-12-03 17:10:43.619 +01:00 [INF] [NotificationRepository] GetUnreadCountAsync(3e07cffa-0932-44eb-a818-3c42976e81f7) - User has 0 unread notifications
2025-12-03 17:10:43.619 +01:00 [INF] [NotificationController] Found 0 unread notifications for UserId: 3e07cffa-0932-44eb-a818-3c42976e81f7
2025-12-03 17:10:43.620 +01:00 [INF] Executing OkObjectResult, writing value of type 'System.Int32'.
2025-12-03 17:10:43.620 +01:00 [INF] Executed action HomeCareApp.Controllers.NotificationController.GetUnreadCount (api) in 2.5998ms
2025-12-03 17:10:43.620 +01:00 [INF] Executed endpoint 'HomeCareApp.Controllers.NotificationController.GetUnreadCount (api)'
2025-12-03 17:10:43.620 +01:00 [INF] Request finished HTTP/1.1 GET http://localhost:5090/api/Notification/unread-count - 200 1 application/json; charset=utf-8 3.5545ms
2025-12-03 17:10:51.497 +01:00 [INF] Request starting HTTP/1.1 OPTIONS http://localhost:5090/api/Notification/unread-count - null null
2025-12-03 17:10:51.497 +01:00 [INF] CORS policy execution successful.
2025-12-03 17:10:51.498 +01:00 [INF] Request finished HTTP/1.1 OPTIONS http://localhost:5090/api/Notification/unread-count - 204 null null 0.3858ms
2025-12-03 17:10:51.502 +01:00 [INF] Request starting HTTP/1.1 GET http://localhost:5090/api/Notification/unread-count - application/json null
2025-12-03 17:10:51.502 +01:00 [INF] CORS policy execution successful.
2025-12-03 17:10:51.502 +01:00 [INF] Executing endpoint 'HomeCareApp.Controllers.NotificationController.GetUnreadCount (api)'
2025-12-03 17:10:51.502 +01:00 [INF] Route matched with {action = "GetUnreadCount", controller = "Notification"}. Executing controller action with signature System.Threading.Tasks.Task`1[Microsoft.AspNetCore.Mvc.ActionResult`1[System.Int32]] GetUnreadCount() on controller HomeCareApp.Controllers.NotificationController (api).
2025-12-03 17:10:51.503 +01:00 [INF] [NotificationController] Getting unread count for UserId: 3e07cffa-0932-44eb-a818-3c42976e81f7
2025-12-03 17:10:51.503 +01:00 [INF] [NotificationRepository] GetUnreadCountAsync(3e07cffa-0932-44eb-a818-3c42976e81f7) - Getting unread count for user
2025-12-03 17:10:51.504 +01:00 [INF] [NotificationRepository] GetUnreadCountAsync(3e07cffa-0932-44eb-a818-3c42976e81f7) - User has 0 unread notifications
2025-12-03 17:10:51.504 +01:00 [INF] [NotificationController] Found 0 unread notifications for UserId: 3e07cffa-0932-44eb-a818-3c42976e81f7
2025-12-03 17:10:51.504 +01:00 [INF] Executing OkObjectResult, writing value of type 'System.Int32'.
2025-12-03 17:10:51.504 +01:00 [INF] Executed action HomeCareApp.Controllers.NotificationController.GetUnreadCount (api) in 1.7623ms
2025-12-03 17:10:51.504 +01:00 [INF] Executed endpoint 'HomeCareApp.Controllers.NotificationController.GetUnreadCount (api)'
2025-12-03 17:10:51.504 +01:00 [INF] Request finished HTTP/1.1 GET http://localhost:5090/api/Notification/unread-count - 200 1 application/json; charset=utf-8 2.4236ms
2025-12-03 17:11:01.724 +01:00 [INF] Request starting HTTP/1.1 OPTIONS http://localhost:5090/api/Notification/unread-count - null null
2025-12-03 17:11:01.724 +01:00 [INF] CORS policy execution successful.
2025-12-03 17:11:01.724 +01:00 [INF] Request finished HTTP/1.1 OPTIONS http://localhost:5090/api/Notification/unread-count - 204 null null 0.3329ms
2025-12-03 17:11:01.727 +01:00 [INF] Request starting HTTP/1.1 GET http://localhost:5090/api/Notification/unread-count - application/json null
2025-12-03 17:11:01.727 +01:00 [INF] CORS policy execution successful.
2025-12-03 17:11:01.728 +01:00 [INF] Executing endpoint 'HomeCareApp.Controllers.NotificationController.GetUnreadCount (api)'
2025-12-03 17:11:01.728 +01:00 [INF] Route matched with {action = "GetUnreadCount", controller = "Notification"}. Executing controller action with signature System.Threading.Tasks.Task`1[Microsoft.AspNetCore.Mvc.ActionResult`1[System.Int32]] GetUnreadCount() on controller HomeCareApp.Controllers.NotificationController (api).
2025-12-03 17:11:01.728 +01:00 [INF] [NotificationController] Getting unread count for UserId: 3e07cffa-0932-44eb-a818-3c42976e81f7
2025-12-03 17:11:01.729 +01:00 [INF] [NotificationRepository] GetUnreadCountAsync(3e07cffa-0932-44eb-a818-3c42976e81f7) - Getting unread count for user
2025-12-03 17:11:01.730 +01:00 [INF] [NotificationRepository] GetUnreadCountAsync(3e07cffa-0932-44eb-a818-3c42976e81f7) - User has 0 unread notifications
2025-12-03 17:11:01.731 +01:00 [INF] [NotificationController] Found 0 unread notifications for UserId: 3e07cffa-0932-44eb-a818-3c42976e81f7
2025-12-03 17:11:01.731 +01:00 [INF] Executing OkObjectResult, writing value of type 'System.Int32'.
2025-12-03 17:11:01.731 +01:00 [INF] Executed action HomeCareApp.Controllers.NotificationController.GetUnreadCount (api) in 2.9418ms
2025-12-03 17:11:01.731 +01:00 [INF] Executed endpoint 'HomeCareApp.Controllers.NotificationController.GetUnreadCount (api)'
2025-12-03 17:11:01.731 +01:00 [INF] Request finished HTTP/1.1 GET http://localhost:5090/api/Notification/unread-count - 200 1 application/json; charset=utf-8 4.1736ms
2025-12-03 17:11:21.498 +01:00 [INF] Request starting HTTP/1.1 OPTIONS http://localhost:5090/api/Notification/unread-count - null null
2025-12-03 17:11:21.498 +01:00 [INF] CORS policy execution successful.
2025-12-03 17:11:21.498 +01:00 [INF] Request finished HTTP/1.1 OPTIONS http://localhost:5090/api/Notification/unread-count - 204 null null 0.6314ms
2025-12-03 17:11:21.501 +01:00 [INF] Request starting HTTP/1.1 GET http://localhost:5090/api/Notification/unread-count - application/json null
2025-12-03 17:11:21.502 +01:00 [INF] CORS policy execution successful.
2025-12-03 17:11:21.502 +01:00 [INF] Executing endpoint 'HomeCareApp.Controllers.NotificationController.GetUnreadCount (api)'
2025-12-03 17:11:21.503 +01:00 [INF] Route matched with {action = "GetUnreadCount", controller = "Notification"}. Executing controller action with signature System.Threading.Tasks.Task`1[Microsoft.AspNetCore.Mvc.ActionResult`1[System.Int32]] GetUnreadCount() on controller HomeCareApp.Controllers.NotificationController (api).
2025-12-03 17:11:21.503 +01:00 [INF] [NotificationController] Getting unread count for UserId: 3e07cffa-0932-44eb-a818-3c42976e81f7
2025-12-03 17:11:21.503 +01:00 [INF] [NotificationRepository] GetUnreadCountAsync(3e07cffa-0932-44eb-a818-3c42976e81f7) - Getting unread count for user
2025-12-03 17:11:21.505 +01:00 [INF] [NotificationRepository] GetUnreadCountAsync(3e07cffa-0932-44eb-a818-3c42976e81f7) - User has 0 unread notifications
2025-12-03 17:11:21.505 +01:00 [INF] [NotificationController] Found 0 unread notifications for UserId: 3e07cffa-0932-44eb-a818-3c42976e81f7
2025-12-03 17:11:21.505 +01:00 [INF] Executing OkObjectResult, writing value of type 'System.Int32'.
2025-12-03 17:11:21.506 +01:00 [INF] Executed action HomeCareApp.Controllers.NotificationController.GetUnreadCount (api) in 3.1014ms
2025-12-03 17:11:21.506 +01:00 [INF] Executed endpoint 'HomeCareApp.Controllers.NotificationController.GetUnreadCount (api)'
2025-12-03 17:11:21.506 +01:00 [INF] Request finished HTTP/1.1 GET http://localhost:5090/api/Notification/unread-count - 200 1 application/json; charset=utf-8 4.425ms
2025-12-03 17:11:51.715 +01:00 [INF] Request starting HTTP/1.1 OPTIONS http://localhost:5090/api/Notification/unread-count - null null
2025-12-03 17:11:51.715 +01:00 [INF] CORS policy execution successful.
2025-12-03 17:11:51.715 +01:00 [INF] Request finished HTTP/1.1 OPTIONS http://localhost:5090/api/Notification/unread-count - 204 null null 0.3842ms
2025-12-03 17:11:51.718 +01:00 [INF] Request starting HTTP/1.1 GET http://localhost:5090/api/Notification/unread-count - application/json null
2025-12-03 17:11:51.718 +01:00 [INF] CORS policy execution successful.
2025-12-03 17:11:51.719 +01:00 [INF] Executing endpoint 'HomeCareApp.Controllers.NotificationController.GetUnreadCount (api)'
2025-12-03 17:11:51.719 +01:00 [INF] Route matched with {action = "GetUnreadCount", controller = "Notification"}. Executing controller action with signature System.Threading.Tasks.Task`1[Microsoft.AspNetCore.Mvc.ActionResult`1[System.Int32]] GetUnreadCount() on controller HomeCareApp.Controllers.NotificationController (api).
2025-12-03 17:11:51.719 +01:00 [INF] [NotificationController] Getting unread count for UserId: 3e07cffa-0932-44eb-a818-3c42976e81f7
2025-12-03 17:11:51.719 +01:00 [INF] [NotificationRepository] GetUnreadCountAsync(3e07cffa-0932-44eb-a818-3c42976e81f7) - Getting unread count for user
2025-12-03 17:11:51.721 +01:00 [INF] [NotificationRepository] GetUnreadCountAsync(3e07cffa-0932-44eb-a818-3c42976e81f7) - User has 0 unread notifications
2025-12-03 17:11:51.721 +01:00 [INF] [NotificationController] Found 0 unread notifications for UserId: 3e07cffa-0932-44eb-a818-3c42976e81f7
2025-12-03 17:11:51.721 +01:00 [INF] Executing OkObjectResult, writing value of type 'System.Int32'.
2025-12-03 17:11:51.721 +01:00 [INF] Executed action HomeCareApp.Controllers.NotificationController.GetUnreadCount (api) in 2.6137ms
2025-12-03 17:11:51.722 +01:00 [INF] Executed endpoint 'HomeCareApp.Controllers.NotificationController.GetUnreadCount (api)'
2025-12-03 17:11:51.722 +01:00 [INF] Request finished HTTP/1.1 GET http://localhost:5090/api/Notification/unread-count - 200 1 application/json; charset=utf-8 3.576ms
2025-12-03 17:11:54.797 +01:00 [INF] Application is shutting down...
