2025-11-11 14:22:32.231 +01:00 [INF] No migrations were applied. The database is already up to date.
2025-11-11 14:22:32.290 +01:00 [INF] No migrations were applied. The database is already up to date.
2025-11-11 14:22:32.585 +01:00 [INF] User profile is available. Using 'C:\Users\B\AppData\Local\ASP.NET\DataProtection-Keys' as key repository and Windows DPAPI to encrypt keys at rest.
2025-11-11 14:22:32.623 +01:00 [INF] Now listening on: http://localhost:5090
2025-11-11 14:22:32.625 +01:00 [INF] Application started. Press Ctrl+C to shut down.
2025-11-11 14:22:32.625 +01:00 [INF] Hosting environment: Development
2025-11-11 14:22:32.625 +01:00 [INF] Content root path: C:\Users\B\Documents\ITPE3200\React-Homecare\api
2025-11-11 14:22:37.961 +01:00 [INF] Request starting HTTP/1.1 OPTIONS http://localhost:5090/api/medication - null null
2025-11-11 14:22:37.961 +01:00 [INF] Request starting HTTP/1.1 OPTIONS http://localhost:5090/api/medication - null null
2025-11-11 14:22:37.989 +01:00 [INF] CORS policy execution successful.
2025-11-11 14:22:37.989 +01:00 [INF] CORS policy execution successful.
2025-11-11 14:22:37.992 +01:00 [INF] Request finished HTTP/1.1 OPTIONS http://localhost:5090/api/medication - 204 null null 31.9055ms
2025-11-11 14:22:37.992 +01:00 [INF] Request finished HTTP/1.1 OPTIONS http://localhost:5090/api/medication - 204 null null 31.9056ms
2025-11-11 14:22:37.993 +01:00 [INF] Request starting HTTP/1.1 GET http://localhost:5090/api/medication - application/json null
2025-11-11 14:22:38.000 +01:00 [INF] CORS policy execution successful.
2025-11-11 14:22:38.050 +01:00 [INF] Executing endpoint 'HomeCareApp.Controllers.MedicationController.GetAll (api)'
2025-11-11 14:22:38.058 +01:00 [INF] Route matched with {action = "GetAll", controller = "Medication"}. Executing controller action with signature System.Threading.Tasks.Task`1[Microsoft.AspNetCore.Mvc.ActionResult`1[System.Collections.Generic.IEnumerable`1[HomeCareApp.DTOs.MedicationDto]]] GetAll() on controller HomeCareApp.Controllers.MedicationController (api).
2025-11-11 14:22:38.124 +01:00 [INF] Executing OkObjectResult, writing value of type 'System.Linq.Enumerable+SelectListIterator`2[[HomeCareApp.Models.Medication, api, Version=1.0.0.0, Culture=neutral, PublicKeyToken=null],[HomeCareApp.DTOs.MedicationDto, api, Version=1.0.0.0, Culture=neutral, PublicKeyToken=null]]'.
2025-11-11 14:22:38.178 +01:00 [INF] Executed action HomeCareApp.Controllers.MedicationController.GetAll (api) in 117.8588ms
2025-11-11 14:22:38.178 +01:00 [INF] Executed endpoint 'HomeCareApp.Controllers.MedicationController.GetAll (api)'
2025-11-11 14:22:38.180 +01:00 [INF] Request finished HTTP/1.1 GET http://localhost:5090/api/medication - 200 543 application/json; charset=utf-8 186.4667ms
2025-11-11 14:22:38.181 +01:00 [INF] Request starting HTTP/1.1 GET http://localhost:5090/api/medication - application/json null
2025-11-11 14:22:38.182 +01:00 [INF] CORS policy execution successful.
2025-11-11 14:22:38.184 +01:00 [INF] Executing endpoint 'HomeCareApp.Controllers.MedicationController.GetAll (api)'
2025-11-11 14:22:38.184 +01:00 [INF] Route matched with {action = "GetAll", controller = "Medication"}. Executing controller action with signature System.Threading.Tasks.Task`1[Microsoft.AspNetCore.Mvc.ActionResult`1[System.Collections.Generic.IEnumerable`1[HomeCareApp.DTOs.MedicationDto]]] GetAll() on controller HomeCareApp.Controllers.MedicationController (api).
2025-11-11 14:22:38.191 +01:00 [INF] Executing OkObjectResult, writing value of type 'System.Linq.Enumerable+SelectListIterator`2[[HomeCareApp.Models.Medication, api, Version=1.0.0.0, Culture=neutral, PublicKeyToken=null],[HomeCareApp.DTOs.MedicationDto, api, Version=1.0.0.0, Culture=neutral, PublicKeyToken=null]]'.
2025-11-11 14:22:38.191 +01:00 [INF] Executed action HomeCareApp.Controllers.MedicationController.GetAll (api) in 7.0414ms
2025-11-11 14:22:38.192 +01:00 [INF] Executed endpoint 'HomeCareApp.Controllers.MedicationController.GetAll (api)'
2025-11-11 14:22:38.192 +01:00 [INF] Request finished HTTP/1.1 GET http://localhost:5090/api/medication - 200 543 application/json; charset=utf-8 10.6097ms
2025-11-11 14:22:43.836 +01:00 [INF] Request starting HTTP/1.1 OPTIONS http://localhost:5090/api/medication/Paracetamol - null null
2025-11-11 14:22:43.836 +01:00 [INF] Request starting HTTP/1.1 OPTIONS http://localhost:5090/api/medication/Paracetamol - null null
2025-11-11 14:22:43.836 +01:00 [INF] CORS policy execution successful.
2025-11-11 14:22:43.836 +01:00 [INF] CORS policy execution successful.
2025-11-11 14:22:43.836 +01:00 [INF] Request finished HTTP/1.1 OPTIONS http://localhost:5090/api/medication/Paracetamol - 204 null null 0.6116ms
2025-11-11 14:22:43.836 +01:00 [INF] Request finished HTTP/1.1 OPTIONS http://localhost:5090/api/medication/Paracetamol - 204 null null 0.6115ms
2025-11-11 14:22:43.837 +01:00 [INF] Request starting HTTP/1.1 GET http://localhost:5090/api/medication/Paracetamol - application/json null
2025-11-11 14:22:43.838 +01:00 [INF] CORS policy execution successful.
2025-11-11 14:22:43.845 +01:00 [INF] Authorization failed. These requirements were not met:
RolesAuthorizationRequirement:User.IsInRole must be true for one of the following roles: (Employee)
2025-11-11 14:22:43.846 +01:00 [INF] AuthenticationScheme: Bearer was forbidden.
2025-11-11 14:22:43.846 +01:00 [INF] Request finished HTTP/1.1 GET http://localhost:5090/api/medication/Paracetamol - 403 0 null 8.9958ms
2025-11-11 14:22:43.847 +01:00 [INF] Request starting HTTP/1.1 GET http://localhost:5090/api/medication/Paracetamol - application/json null
2025-11-11 14:22:43.848 +01:00 [INF] CORS policy execution successful.
2025-11-11 14:22:43.850 +01:00 [INF] Authorization failed. These requirements were not met:
RolesAuthorizationRequirement:User.IsInRole must be true for one of the following roles: (Employee)
2025-11-11 14:22:43.850 +01:00 [INF] AuthenticationScheme: Bearer was forbidden.
2025-11-11 14:22:43.851 +01:00 [INF] Request finished HTTP/1.1 GET http://localhost:5090/api/medication/Paracetamol - 403 0 null 3.1717ms
2025-11-11 14:22:45.389 +01:00 [INF] Request starting HTTP/1.1 OPTIONS http://localhost:5090/api/medication - null null
2025-11-11 14:22:45.389 +01:00 [INF] Request starting HTTP/1.1 OPTIONS http://localhost:5090/api/medication - null null
2025-11-11 14:22:45.389 +01:00 [INF] CORS policy execution successful.
2025-11-11 14:22:45.389 +01:00 [INF] CORS policy execution successful.
2025-11-11 14:22:45.390 +01:00 [INF] Request finished HTTP/1.1 OPTIONS http://localhost:5090/api/medication - 204 null null 0.4279ms
2025-11-11 14:22:45.390 +01:00 [INF] Request finished HTTP/1.1 OPTIONS http://localhost:5090/api/medication - 204 null null 0.4207ms
2025-11-11 14:22:45.391 +01:00 [INF] Request starting HTTP/1.1 GET http://localhost:5090/api/medication - application/json null
2025-11-11 14:22:45.391 +01:00 [INF] CORS policy execution successful.
2025-11-11 14:22:45.391 +01:00 [INF] Executing endpoint 'HomeCareApp.Controllers.MedicationController.GetAll (api)'
2025-11-11 14:22:45.391 +01:00 [INF] Route matched with {action = "GetAll", controller = "Medication"}. Executing controller action with signature System.Threading.Tasks.Task`1[Microsoft.AspNetCore.Mvc.ActionResult`1[System.Collections.Generic.IEnumerable`1[HomeCareApp.DTOs.MedicationDto]]] GetAll() on controller HomeCareApp.Controllers.MedicationController (api).
2025-11-11 14:22:45.394 +01:00 [INF] Executing OkObjectResult, writing value of type 'System.Linq.Enumerable+SelectListIterator`2[[HomeCareApp.Models.Medication, api, Version=1.0.0.0, Culture=neutral, PublicKeyToken=null],[HomeCareApp.DTOs.MedicationDto, api, Version=1.0.0.0, Culture=neutral, PublicKeyToken=null]]'.
2025-11-11 14:22:45.395 +01:00 [INF] Executed action HomeCareApp.Controllers.MedicationController.GetAll (api) in 3.4242ms
2025-11-11 14:22:45.395 +01:00 [INF] Executed endpoint 'HomeCareApp.Controllers.MedicationController.GetAll (api)'
2025-11-11 14:22:45.395 +01:00 [INF] Request finished HTTP/1.1 GET http://localhost:5090/api/medication - 200 543 application/json; charset=utf-8 4.1842ms
2025-11-11 14:22:45.395 +01:00 [INF] Request starting HTTP/1.1 GET http://localhost:5090/api/medication - application/json null
2025-11-11 14:22:45.396 +01:00 [INF] CORS policy execution successful.
2025-11-11 14:22:45.396 +01:00 [INF] Executing endpoint 'HomeCareApp.Controllers.MedicationController.GetAll (api)'
2025-11-11 14:22:45.396 +01:00 [INF] Route matched with {action = "GetAll", controller = "Medication"}. Executing controller action with signature System.Threading.Tasks.Task`1[Microsoft.AspNetCore.Mvc.ActionResult`1[System.Collections.Generic.IEnumerable`1[HomeCareApp.DTOs.MedicationDto]]] GetAll() on controller HomeCareApp.Controllers.MedicationController (api).
2025-11-11 14:22:45.398 +01:00 [INF] Executing OkObjectResult, writing value of type 'System.Linq.Enumerable+SelectListIterator`2[[HomeCareApp.Models.Medication, api, Version=1.0.0.0, Culture=neutral, PublicKeyToken=null],[HomeCareApp.DTOs.MedicationDto, api, Version=1.0.0.0, Culture=neutral, PublicKeyToken=null]]'.
2025-11-11 14:22:45.398 +01:00 [INF] Executed action HomeCareApp.Controllers.MedicationController.GetAll (api) in 2.5113ms
2025-11-11 14:22:45.399 +01:00 [INF] Executed endpoint 'HomeCareApp.Controllers.MedicationController.GetAll (api)'
2025-11-11 14:22:45.399 +01:00 [INF] Request finished HTTP/1.1 GET http://localhost:5090/api/medication - 200 543 application/json; charset=utf-8 3.191ms
2025-11-11 14:22:49.430 +01:00 [INF] Request starting HTTP/1.1 GET http://localhost:5090/api/medication - application/json null
2025-11-11 14:22:49.430 +01:00 [INF] CORS policy execution successful.
2025-11-11 14:22:49.430 +01:00 [INF] Executing endpoint 'HomeCareApp.Controllers.MedicationController.GetAll (api)'
2025-11-11 14:22:49.430 +01:00 [INF] Route matched with {action = "GetAll", controller = "Medication"}. Executing controller action with signature System.Threading.Tasks.Task`1[Microsoft.AspNetCore.Mvc.ActionResult`1[System.Collections.Generic.IEnumerable`1[HomeCareApp.DTOs.MedicationDto]]] GetAll() on controller HomeCareApp.Controllers.MedicationController (api).
2025-11-11 14:22:49.432 +01:00 [INF] Executing OkObjectResult, writing value of type 'System.Linq.Enumerable+SelectListIterator`2[[HomeCareApp.Models.Medication, api, Version=1.0.0.0, Culture=neutral, PublicKeyToken=null],[HomeCareApp.DTOs.MedicationDto, api, Version=1.0.0.0, Culture=neutral, PublicKeyToken=null]]'.
2025-11-11 14:22:49.433 +01:00 [INF] Executed action HomeCareApp.Controllers.MedicationController.GetAll (api) in 2.2639ms
2025-11-11 14:22:49.433 +01:00 [INF] Executed endpoint 'HomeCareApp.Controllers.MedicationController.GetAll (api)'
2025-11-11 14:22:49.433 +01:00 [INF] Request finished HTTP/1.1 GET http://localhost:5090/api/medication - 200 543 application/json; charset=utf-8 3.4813ms
2025-11-11 14:22:49.435 +01:00 [INF] Request starting HTTP/1.1 GET http://localhost:5090/api/medication - application/json null
2025-11-11 14:22:49.435 +01:00 [INF] CORS policy execution successful.
2025-11-11 14:22:49.435 +01:00 [INF] Executing endpoint 'HomeCareApp.Controllers.MedicationController.GetAll (api)'
2025-11-11 14:22:49.436 +01:00 [INF] Route matched with {action = "GetAll", controller = "Medication"}. Executing controller action with signature System.Threading.Tasks.Task`1[Microsoft.AspNetCore.Mvc.ActionResult`1[System.Collections.Generic.IEnumerable`1[HomeCareApp.DTOs.MedicationDto]]] GetAll() on controller HomeCareApp.Controllers.MedicationController (api).
2025-11-11 14:22:49.438 +01:00 [INF] Executing OkObjectResult, writing value of type 'System.Linq.Enumerable+SelectListIterator`2[[HomeCareApp.Models.Medication, api, Version=1.0.0.0, Culture=neutral, PublicKeyToken=null],[HomeCareApp.DTOs.MedicationDto, api, Version=1.0.0.0, Culture=neutral, PublicKeyToken=null]]'.
2025-11-11 14:22:49.438 +01:00 [INF] Executed action HomeCareApp.Controllers.MedicationController.GetAll (api) in 2.8812ms
2025-11-11 14:22:49.439 +01:00 [INF] Executed endpoint 'HomeCareApp.Controllers.MedicationController.GetAll (api)'
2025-11-11 14:22:49.439 +01:00 [INF] Request finished HTTP/1.1 GET http://localhost:5090/api/medication - 200 543 application/json; charset=utf-8 3.9619ms
2025-11-11 14:22:51.862 +01:00 [INF] Request starting HTTP/1.1 OPTIONS http://localhost:5090/api/medication - null null
2025-11-11 14:22:51.862 +01:00 [INF] Request starting HTTP/1.1 OPTIONS http://localhost:5090/api/medication - null null
2025-11-11 14:22:51.862 +01:00 [INF] CORS policy execution successful.
2025-11-11 14:22:51.862 +01:00 [INF] CORS policy execution successful.
2025-11-11 14:22:51.862 +01:00 [INF] Request finished HTTP/1.1 OPTIONS http://localhost:5090/api/medication - 204 null null 0.4169ms
2025-11-11 14:22:51.862 +01:00 [INF] Request finished HTTP/1.1 OPTIONS http://localhost:5090/api/medication - 204 null null 0.4038ms
2025-11-11 14:22:51.863 +01:00 [INF] Request starting HTTP/1.1 GET http://localhost:5090/api/medication - application/json null
2025-11-11 14:22:51.863 +01:00 [INF] CORS policy execution successful.
2025-11-11 14:22:51.864 +01:00 [INF] Executing endpoint 'HomeCareApp.Controllers.MedicationController.GetAll (api)'
2025-11-11 14:22:51.864 +01:00 [INF] Route matched with {action = "GetAll", controller = "Medication"}. Executing controller action with signature System.Threading.Tasks.Task`1[Microsoft.AspNetCore.Mvc.ActionResult`1[System.Collections.Generic.IEnumerable`1[HomeCareApp.DTOs.MedicationDto]]] GetAll() on controller HomeCareApp.Controllers.MedicationController (api).
2025-11-11 14:22:51.868 +01:00 [INF] Executing OkObjectResult, writing value of type 'System.Linq.Enumerable+SelectListIterator`2[[HomeCareApp.Models.Medication, api, Version=1.0.0.0, Culture=neutral, PublicKeyToken=null],[HomeCareApp.DTOs.MedicationDto, api, Version=1.0.0.0, Culture=neutral, PublicKeyToken=null]]'.
2025-11-11 14:22:51.868 +01:00 [INF] Executed action HomeCareApp.Controllers.MedicationController.GetAll (api) in 4.1473ms
2025-11-11 14:22:51.868 +01:00 [INF] Executed endpoint 'HomeCareApp.Controllers.MedicationController.GetAll (api)'
2025-11-11 14:22:51.868 +01:00 [INF] Request finished HTTP/1.1 GET http://localhost:5090/api/medication - 200 543 application/json; charset=utf-8 5.1507ms
2025-11-11 14:22:51.869 +01:00 [INF] Request starting HTTP/1.1 GET http://localhost:5090/api/medication - application/json null
2025-11-11 14:22:51.870 +01:00 [INF] CORS policy execution successful.
2025-11-11 14:22:51.870 +01:00 [INF] Executing endpoint 'HomeCareApp.Controllers.MedicationController.GetAll (api)'
2025-11-11 14:22:51.870 +01:00 [INF] Route matched with {action = "GetAll", controller = "Medication"}. Executing controller action with signature System.Threading.Tasks.Task`1[Microsoft.AspNetCore.Mvc.ActionResult`1[System.Collections.Generic.IEnumerable`1[HomeCareApp.DTOs.MedicationDto]]] GetAll() on controller HomeCareApp.Controllers.MedicationController (api).
2025-11-11 14:22:51.873 +01:00 [INF] Executing OkObjectResult, writing value of type 'System.Linq.Enumerable+SelectListIterator`2[[HomeCareApp.Models.Medication, api, Version=1.0.0.0, Culture=neutral, PublicKeyToken=null],[HomeCareApp.DTOs.MedicationDto, api, Version=1.0.0.0, Culture=neutral, PublicKeyToken=null]]'.
2025-11-11 14:22:51.873 +01:00 [INF] Executed action HomeCareApp.Controllers.MedicationController.GetAll (api) in 2.7884ms
2025-11-11 14:22:51.873 +01:00 [INF] Executed endpoint 'HomeCareApp.Controllers.MedicationController.GetAll (api)'
2025-11-11 14:22:51.874 +01:00 [INF] Request finished HTTP/1.1 GET http://localhost:5090/api/medication - 200 543 application/json; charset=utf-8 4.2413ms
2025-11-11 14:23:06.755 +01:00 [INF] Request starting HTTP/1.1 OPTIONS http://localhost:5090/api/medication - null null
2025-11-11 14:23:06.755 +01:00 [INF] CORS policy execution successful.
2025-11-11 14:23:06.755 +01:00 [INF] Request finished HTTP/1.1 OPTIONS http://localhost:5090/api/medication - 204 null null 0.5279ms
2025-11-11 14:23:06.756 +01:00 [INF] Request starting HTTP/1.1 POST http://localhost:5090/api/medication - application/json 114
2025-11-11 14:23:06.757 +01:00 [INF] CORS policy execution successful.
2025-11-11 14:23:06.758 +01:00 [INF] Authorization failed. These requirements were not met:
RolesAuthorizationRequirement:User.IsInRole must be true for one of the following roles: (Employee)
2025-11-11 14:23:06.758 +01:00 [INF] AuthenticationScheme: Bearer was forbidden.
2025-11-11 14:23:06.758 +01:00 [INF] Request finished HTTP/1.1 POST http://localhost:5090/api/medication - 403 0 null 1.6444ms
2025-11-11 14:23:12.259 +01:00 [INF] Request starting HTTP/1.1 OPTIONS http://localhost:5090/api/medication - null null
2025-11-11 14:23:12.259 +01:00 [INF] CORS policy execution successful.
2025-11-11 14:23:12.259 +01:00 [INF] Request finished HTTP/1.1 OPTIONS http://localhost:5090/api/medication - 204 null null 0.5113ms
2025-11-11 14:23:12.260 +01:00 [INF] Request starting HTTP/1.1 POST http://localhost:5090/api/medication - application/json 122
2025-11-11 14:23:12.260 +01:00 [INF] CORS policy execution successful.
2025-11-11 14:23:12.261 +01:00 [INF] Authorization failed. These requirements were not met:
RolesAuthorizationRequirement:User.IsInRole must be true for one of the following roles: (Employee)
2025-11-11 14:23:12.261 +01:00 [INF] AuthenticationScheme: Bearer was forbidden.
2025-11-11 14:23:12.261 +01:00 [INF] Request finished HTTP/1.1 POST http://localhost:5090/api/medication - 403 0 null 0.6409ms
2025-11-11 14:24:10.840 +01:00 [INF] Request starting HTTP/1.1 OPTIONS http://localhost:5090/api/medication - null null
2025-11-11 14:24:10.840 +01:00 [INF] Request starting HTTP/1.1 OPTIONS http://localhost:5090/api/medication - null null
2025-11-11 14:24:10.840 +01:00 [INF] CORS policy execution successful.
2025-11-11 14:24:10.840 +01:00 [INF] CORS policy execution successful.
2025-11-11 14:24:10.840 +01:00 [INF] Request finished HTTP/1.1 OPTIONS http://localhost:5090/api/medication - 204 null null 0.3485ms
2025-11-11 14:24:10.840 +01:00 [INF] Request finished HTTP/1.1 OPTIONS http://localhost:5090/api/medication - 204 null null 0.3988ms
2025-11-11 14:24:10.843 +01:00 [INF] Request starting HTTP/1.1 GET http://localhost:5090/api/medication - application/json null
2025-11-11 14:24:10.844 +01:00 [INF] CORS policy execution successful.
2025-11-11 14:24:10.845 +01:00 [INF] Executing endpoint 'HomeCareApp.Controllers.MedicationController.GetAll (api)'
2025-11-11 14:24:10.846 +01:00 [INF] Route matched with {action = "GetAll", controller = "Medication"}. Executing controller action with signature System.Threading.Tasks.Task`1[Microsoft.AspNetCore.Mvc.ActionResult`1[System.Collections.Generic.IEnumerable`1[HomeCareApp.DTOs.MedicationDto]]] GetAll() on controller HomeCareApp.Controllers.MedicationController (api).
2025-11-11 14:24:10.849 +01:00 [INF] Executing OkObjectResult, writing value of type 'System.Linq.Enumerable+SelectListIterator`2[[HomeCareApp.Models.Medication, api, Version=1.0.0.0, Culture=neutral, PublicKeyToken=null],[HomeCareApp.DTOs.MedicationDto, api, Version=1.0.0.0, Culture=neutral, PublicKeyToken=null]]'.
2025-11-11 14:24:10.850 +01:00 [INF] Executed action HomeCareApp.Controllers.MedicationController.GetAll (api) in 3.7076ms
2025-11-11 14:24:10.850 +01:00 [INF] Executed endpoint 'HomeCareApp.Controllers.MedicationController.GetAll (api)'
2025-11-11 14:24:10.850 +01:00 [INF] Request finished HTTP/1.1 GET http://localhost:5090/api/medication - 200 543 application/json; charset=utf-8 7.3068ms
2025-11-11 14:24:10.852 +01:00 [INF] Request starting HTTP/1.1 GET http://localhost:5090/api/medication - application/json null
2025-11-11 14:24:10.853 +01:00 [INF] CORS policy execution successful.
2025-11-11 14:24:10.854 +01:00 [INF] Executing endpoint 'HomeCareApp.Controllers.MedicationController.GetAll (api)'
2025-11-11 14:24:10.855 +01:00 [INF] Route matched with {action = "GetAll", controller = "Medication"}. Executing controller action with signature System.Threading.Tasks.Task`1[Microsoft.AspNetCore.Mvc.ActionResult`1[System.Collections.Generic.IEnumerable`1[HomeCareApp.DTOs.MedicationDto]]] GetAll() on controller HomeCareApp.Controllers.MedicationController (api).
2025-11-11 14:24:10.858 +01:00 [INF] Executing OkObjectResult, writing value of type 'System.Linq.Enumerable+SelectListIterator`2[[HomeCareApp.Models.Medication, api, Version=1.0.0.0, Culture=neutral, PublicKeyToken=null],[HomeCareApp.DTOs.MedicationDto, api, Version=1.0.0.0, Culture=neutral, PublicKeyToken=null]]'.
2025-11-11 14:24:10.859 +01:00 [INF] Executed action HomeCareApp.Controllers.MedicationController.GetAll (api) in 3.9409ms
2025-11-11 14:24:10.859 +01:00 [INF] Executed endpoint 'HomeCareApp.Controllers.MedicationController.GetAll (api)'
2025-11-11 14:24:10.859 +01:00 [INF] Request finished HTTP/1.1 GET http://localhost:5090/api/medication - 200 543 application/json; charset=utf-8 6.6987ms
2025-11-11 14:25:10.267 +01:00 [INF] Request starting HTTP/1.1 OPTIONS http://localhost:5090/api/medication/Paracetamol - null null
2025-11-11 14:25:10.267 +01:00 [INF] Request starting HTTP/1.1 OPTIONS http://localhost:5090/api/medication/Paracetamol - null null
2025-11-11 14:25:10.267 +01:00 [INF] CORS policy execution successful.
2025-11-11 14:25:10.267 +01:00 [INF] CORS policy execution successful.
2025-11-11 14:25:10.267 +01:00 [INF] Request finished HTTP/1.1 OPTIONS http://localhost:5090/api/medication/Paracetamol - 204 null null 0.5189ms
2025-11-11 14:25:10.267 +01:00 [INF] Request finished HTTP/1.1 OPTIONS http://localhost:5090/api/medication/Paracetamol - 204 null null 0.4004ms
2025-11-11 14:25:10.269 +01:00 [INF] Request starting HTTP/1.1 GET http://localhost:5090/api/medication/Paracetamol - application/json null
2025-11-11 14:25:10.269 +01:00 [INF] CORS policy execution successful.
2025-11-11 14:25:10.269 +01:00 [INF] Authorization failed. These requirements were not met:
RolesAuthorizationRequirement:User.IsInRole must be true for one of the following roles: (Employee)
2025-11-11 14:25:10.269 +01:00 [INF] AuthenticationScheme: Bearer was forbidden.
2025-11-11 14:25:10.269 +01:00 [INF] Request finished HTTP/1.1 GET http://localhost:5090/api/medication/Paracetamol - 403 0 null 0.6277ms
2025-11-11 14:25:10.270 +01:00 [INF] Request starting HTTP/1.1 GET http://localhost:5090/api/medication/Paracetamol - application/json null
2025-11-11 14:25:10.270 +01:00 [INF] CORS policy execution successful.
2025-11-11 14:25:10.271 +01:00 [INF] Authorization failed. These requirements were not met:
RolesAuthorizationRequirement:User.IsInRole must be true for one of the following roles: (Employee)
2025-11-11 14:25:10.271 +01:00 [INF] AuthenticationScheme: Bearer was forbidden.
2025-11-11 14:25:10.271 +01:00 [INF] Request finished HTTP/1.1 GET http://localhost:5090/api/medication/Paracetamol - 403 0 null 0.474ms
2025-11-11 14:25:45.627 +01:00 [INF] Request starting HTTP/1.1 OPTIONS http://localhost:5090/api/medication - null null
2025-11-11 14:25:45.627 +01:00 [INF] Request starting HTTP/1.1 OPTIONS http://localhost:5090/api/medication - null null
2025-11-11 14:25:45.627 +01:00 [INF] CORS policy execution successful.
2025-11-11 14:25:45.627 +01:00 [INF] CORS policy execution successful.
2025-11-11 14:25:45.627 +01:00 [INF] Request finished HTTP/1.1 OPTIONS http://localhost:5090/api/medication - 204 null null 0.5132ms
2025-11-11 14:25:45.627 +01:00 [INF] Request finished HTTP/1.1 OPTIONS http://localhost:5090/api/medication - 204 null null 0.4824ms
2025-11-11 14:25:45.629 +01:00 [INF] Request starting HTTP/1.1 GET http://localhost:5090/api/medication - application/json null
2025-11-11 14:25:45.630 +01:00 [INF] CORS policy execution successful.
2025-11-11 14:25:45.631 +01:00 [INF] Executing endpoint 'HomeCareApp.Controllers.MedicationController.GetAll (api)'
2025-11-11 14:25:45.631 +01:00 [INF] Route matched with {action = "GetAll", controller = "Medication"}. Executing controller action with signature System.Threading.Tasks.Task`1[Microsoft.AspNetCore.Mvc.ActionResult`1[System.Collections.Generic.IEnumerable`1[HomeCareApp.DTOs.MedicationDto]]] GetAll() on controller HomeCareApp.Controllers.MedicationController (api).
2025-11-11 14:25:45.633 +01:00 [INF] Executing OkObjectResult, writing value of type 'System.Linq.Enumerable+SelectListIterator`2[[HomeCareApp.Models.Medication, api, Version=1.0.0.0, Culture=neutral, PublicKeyToken=null],[HomeCareApp.DTOs.MedicationDto, api, Version=1.0.0.0, Culture=neutral, PublicKeyToken=null]]'.
2025-11-11 14:25:45.633 +01:00 [INF] Executed action HomeCareApp.Controllers.MedicationController.GetAll (api) in 2.1398ms
2025-11-11 14:25:45.634 +01:00 [INF] Executed endpoint 'HomeCareApp.Controllers.MedicationController.GetAll (api)'
2025-11-11 14:25:45.634 +01:00 [INF] Request finished HTTP/1.1 GET http://localhost:5090/api/medication - 200 543 application/json; charset=utf-8 4.4537ms
2025-11-11 14:25:45.636 +01:00 [INF] Request starting HTTP/1.1 GET http://localhost:5090/api/medication - application/json null
2025-11-11 14:25:45.636 +01:00 [INF] CORS policy execution successful.
2025-11-11 14:25:45.637 +01:00 [INF] Executing endpoint 'HomeCareApp.Controllers.MedicationController.GetAll (api)'
2025-11-11 14:25:45.637 +01:00 [INF] Route matched with {action = "GetAll", controller = "Medication"}. Executing controller action with signature System.Threading.Tasks.Task`1[Microsoft.AspNetCore.Mvc.ActionResult`1[System.Collections.Generic.IEnumerable`1[HomeCareApp.DTOs.MedicationDto]]] GetAll() on controller HomeCareApp.Controllers.MedicationController (api).
2025-11-11 14:25:45.639 +01:00 [INF] Executing OkObjectResult, writing value of type 'System.Linq.Enumerable+SelectListIterator`2[[HomeCareApp.Models.Medication, api, Version=1.0.0.0, Culture=neutral, PublicKeyToken=null],[HomeCareApp.DTOs.MedicationDto, api, Version=1.0.0.0, Culture=neutral, PublicKeyToken=null]]'.
2025-11-11 14:25:45.639 +01:00 [INF] Executed action HomeCareApp.Controllers.MedicationController.GetAll (api) in 1.7635ms
2025-11-11 14:25:45.639 +01:00 [INF] Executed endpoint 'HomeCareApp.Controllers.MedicationController.GetAll (api)'
2025-11-11 14:25:45.639 +01:00 [INF] Request finished HTTP/1.1 GET http://localhost:5090/api/medication - 200 543 application/json; charset=utf-8 2.9135ms
2025-11-11 14:26:30.238 +01:00 [INF] Request starting HTTP/1.1 OPTIONS http://localhost:5090/api/medication - null null
2025-11-11 14:26:30.238 +01:00 [INF] Request starting HTTP/1.1 OPTIONS http://localhost:5090/api/medication - null null
2025-11-11 14:26:30.239 +01:00 [INF] CORS policy execution successful.
2025-11-11 14:26:30.239 +01:00 [INF] Request finished HTTP/1.1 OPTIONS http://localhost:5090/api/medication - 204 null null 0.9748ms
2025-11-11 14:26:30.239 +01:00 [INF] CORS policy execution successful.
2025-11-11 14:26:30.239 +01:00 [INF] Request finished HTTP/1.1 OPTIONS http://localhost:5090/api/medication - 204 null null 1.2419ms
2025-11-11 14:26:30.247 +01:00 [INF] Request starting HTTP/1.1 GET http://localhost:5090/api/medication - application/json null
2025-11-11 14:26:30.247 +01:00 [INF] CORS policy execution successful.
2025-11-11 14:26:30.248 +01:00 [INF] Executing endpoint 'HomeCareApp.Controllers.MedicationController.GetAll (api)'
2025-11-11 14:26:30.249 +01:00 [INF] Route matched with {action = "GetAll", controller = "Medication"}. Executing controller action with signature System.Threading.Tasks.Task`1[Microsoft.AspNetCore.Mvc.ActionResult`1[System.Collections.Generic.IEnumerable`1[HomeCareApp.DTOs.MedicationDto]]] GetAll() on controller HomeCareApp.Controllers.MedicationController (api).
2025-11-11 14:26:30.254 +01:00 [INF] Executing OkObjectResult, writing value of type 'System.Linq.Enumerable+SelectListIterator`2[[HomeCareApp.Models.Medication, api, Version=1.0.0.0, Culture=neutral, PublicKeyToken=null],[HomeCareApp.DTOs.MedicationDto, api, Version=1.0.0.0, Culture=neutral, PublicKeyToken=null]]'.
2025-11-11 14:26:30.254 +01:00 [INF] Executed action HomeCareApp.Controllers.MedicationController.GetAll (api) in 4.7321ms
2025-11-11 14:26:30.254 +01:00 [INF] Executed endpoint 'HomeCareApp.Controllers.MedicationController.GetAll (api)'
2025-11-11 14:26:30.254 +01:00 [INF] Request finished HTTP/1.1 GET http://localhost:5090/api/medication - 200 543 application/json; charset=utf-8 7.6284ms
2025-11-11 14:26:30.257 +01:00 [INF] Request starting HTTP/1.1 GET http://localhost:5090/api/medication - application/json null
2025-11-11 14:26:30.257 +01:00 [INF] CORS policy execution successful.
2025-11-11 14:26:30.258 +01:00 [INF] Executing endpoint 'HomeCareApp.Controllers.MedicationController.GetAll (api)'
2025-11-11 14:26:30.258 +01:00 [INF] Route matched with {action = "GetAll", controller = "Medication"}. Executing controller action with signature System.Threading.Tasks.Task`1[Microsoft.AspNetCore.Mvc.ActionResult`1[System.Collections.Generic.IEnumerable`1[HomeCareApp.DTOs.MedicationDto]]] GetAll() on controller HomeCareApp.Controllers.MedicationController (api).
2025-11-11 14:26:30.262 +01:00 [INF] Executing OkObjectResult, writing value of type 'System.Linq.Enumerable+SelectListIterator`2[[HomeCareApp.Models.Medication, api, Version=1.0.0.0, Culture=neutral, PublicKeyToken=null],[HomeCareApp.DTOs.MedicationDto, api, Version=1.0.0.0, Culture=neutral, PublicKeyToken=null]]'.
2025-11-11 14:26:30.263 +01:00 [INF] Executed action HomeCareApp.Controllers.MedicationController.GetAll (api) in 5.0367ms
2025-11-11 14:26:30.264 +01:00 [INF] Executed endpoint 'HomeCareApp.Controllers.MedicationController.GetAll (api)'
2025-11-11 14:26:30.264 +01:00 [INF] Request finished HTTP/1.1 GET http://localhost:5090/api/medication - 200 543 application/json; charset=utf-8 6.8556ms
2025-11-11 14:27:21.943 +01:00 [INF] Request starting HTTP/1.1 GET http://localhost:5090/api/Appointment - null null
2025-11-11 14:27:21.943 +01:00 [INF] CORS policy execution successful.
2025-11-11 14:27:21.944 +01:00 [INF] Executing endpoint 'HomeCareApp.Controllers.AppointmentController.GetAppointments (api)'
2025-11-11 14:27:21.950 +01:00 [INF] Route matched with {action = "GetAppointments", controller = "Appointment"}. Executing controller action with signature System.Threading.Tasks.Task`1[Microsoft.AspNetCore.Mvc.IActionResult] GetAppointments() on controller HomeCareApp.Controllers.AppointmentController (api).
2025-11-11 14:27:22.006 +01:00 [INF] Executing OkObjectResult, writing value of type 'System.Linq.Enumerable+SelectListIterator`2[[HomeCareApp.Models.Appointment, api, Version=1.0.0.0, Culture=neutral, PublicKeyToken=null],[HomeCareApp.DTOs.AppointmentDto, api, Version=1.0.0.0, Culture=neutral, PublicKeyToken=null]]'.
2025-11-11 14:27:22.011 +01:00 [INF] Executed action HomeCareApp.Controllers.AppointmentController.GetAppointments (api) in 60.6492ms
2025-11-11 14:27:22.011 +01:00 [INF] Executed endpoint 'HomeCareApp.Controllers.AppointmentController.GetAppointments (api)'
2025-11-11 14:27:22.011 +01:00 [INF] Request finished HTTP/1.1 GET http://localhost:5090/api/Appointment - 200 616 application/json; charset=utf-8 67.8707ms
2025-11-11 14:27:22.012 +01:00 [INF] Request starting HTTP/1.1 GET http://localhost:5090/api/Appointment - null null
2025-11-11 14:27:22.013 +01:00 [INF] CORS policy execution successful.
2025-11-11 14:27:22.013 +01:00 [INF] Executing endpoint 'HomeCareApp.Controllers.AppointmentController.GetAppointments (api)'
2025-11-11 14:27:22.013 +01:00 [INF] Route matched with {action = "GetAppointments", controller = "Appointment"}. Executing controller action with signature System.Threading.Tasks.Task`1[Microsoft.AspNetCore.Mvc.IActionResult] GetAppointments() on controller HomeCareApp.Controllers.AppointmentController (api).
2025-11-11 14:27:22.014 +01:00 [INF] Executing OkObjectResult, writing value of type 'System.Linq.Enumerable+SelectListIterator`2[[HomeCareApp.Models.Appointment, api, Version=1.0.0.0, Culture=neutral, PublicKeyToken=null],[HomeCareApp.DTOs.AppointmentDto, api, Version=1.0.0.0, Culture=neutral, PublicKeyToken=null]]'.
2025-11-11 14:27:22.014 +01:00 [INF] Executed action HomeCareApp.Controllers.AppointmentController.GetAppointments (api) in 1.7221ms
2025-11-11 14:27:22.015 +01:00 [INF] Executed endpoint 'HomeCareApp.Controllers.AppointmentController.GetAppointments (api)'
2025-11-11 14:27:22.015 +01:00 [INF] Request finished HTTP/1.1 GET http://localhost:5090/api/Appointment - 200 616 application/json; charset=utf-8 2.262ms
2025-11-11 14:27:25.621 +01:00 [INF] Request starting HTTP/1.1 OPTIONS http://localhost:5090/api/medication - null null
2025-11-11 14:27:25.621 +01:00 [INF] Request starting HTTP/1.1 OPTIONS http://localhost:5090/api/medication - null null
2025-11-11 14:27:25.621 +01:00 [INF] CORS policy execution successful.
2025-11-11 14:27:25.621 +01:00 [INF] CORS policy execution successful.
2025-11-11 14:27:25.621 +01:00 [INF] Request finished HTTP/1.1 OPTIONS http://localhost:5090/api/medication - 204 null null 0.23ms
2025-11-11 14:27:25.621 +01:00 [INF] Request finished HTTP/1.1 OPTIONS http://localhost:5090/api/medication - 204 null null 0.1193ms
2025-11-11 14:27:25.623 +01:00 [INF] Request starting HTTP/1.1 GET http://localhost:5090/api/medication - application/json null
2025-11-11 14:27:25.623 +01:00 [INF] CORS policy execution successful.
2025-11-11 14:27:25.623 +01:00 [INF] Executing endpoint 'HomeCareApp.Controllers.MedicationController.GetAll (api)'
2025-11-11 14:27:25.623 +01:00 [INF] Route matched with {action = "GetAll", controller = "Medication"}. Executing controller action with signature System.Threading.Tasks.Task`1[Microsoft.AspNetCore.Mvc.ActionResult`1[System.Collections.Generic.IEnumerable`1[HomeCareApp.DTOs.MedicationDto]]] GetAll() on controller HomeCareApp.Controllers.MedicationController (api).
2025-11-11 14:27:25.626 +01:00 [INF] Executing OkObjectResult, writing value of type 'System.Linq.Enumerable+SelectListIterator`2[[HomeCareApp.Models.Medication, api, Version=1.0.0.0, Culture=neutral, PublicKeyToken=null],[HomeCareApp.DTOs.MedicationDto, api, Version=1.0.0.0, Culture=neutral, PublicKeyToken=null]]'.
2025-11-11 14:27:25.626 +01:00 [INF] Executed action HomeCareApp.Controllers.MedicationController.GetAll (api) in 2.4966ms
2025-11-11 14:27:25.626 +01:00 [INF] Executed endpoint 'HomeCareApp.Controllers.MedicationController.GetAll (api)'
2025-11-11 14:27:25.626 +01:00 [INF] Request finished HTTP/1.1 GET http://localhost:5090/api/medication - 200 543 application/json; charset=utf-8 3.4898ms
2025-11-11 14:27:25.627 +01:00 [INF] Request starting HTTP/1.1 GET http://localhost:5090/api/medication - application/json null
2025-11-11 14:27:25.628 +01:00 [INF] CORS policy execution successful.
2025-11-11 14:27:25.628 +01:00 [INF] Executing endpoint 'HomeCareApp.Controllers.MedicationController.GetAll (api)'
2025-11-11 14:27:25.628 +01:00 [INF] Route matched with {action = "GetAll", controller = "Medication"}. Executing controller action with signature System.Threading.Tasks.Task`1[Microsoft.AspNetCore.Mvc.ActionResult`1[System.Collections.Generic.IEnumerable`1[HomeCareApp.DTOs.MedicationDto]]] GetAll() on controller HomeCareApp.Controllers.MedicationController (api).
2025-11-11 14:27:25.629 +01:00 [INF] Executing OkObjectResult, writing value of type 'System.Linq.Enumerable+SelectListIterator`2[[HomeCareApp.Models.Medication, api, Version=1.0.0.0, Culture=neutral, PublicKeyToken=null],[HomeCareApp.DTOs.MedicationDto, api, Version=1.0.0.0, Culture=neutral, PublicKeyToken=null]]'.
2025-11-11 14:27:25.630 +01:00 [INF] Executed action HomeCareApp.Controllers.MedicationController.GetAll (api) in 1.5274ms
2025-11-11 14:27:25.630 +01:00 [INF] Executed endpoint 'HomeCareApp.Controllers.MedicationController.GetAll (api)'
2025-11-11 14:27:25.630 +01:00 [INF] Request finished HTTP/1.1 GET http://localhost:5090/api/medication - 200 543 application/json; charset=utf-8 2.2817ms
2025-11-11 14:29:35.507 +01:00 [INF] Request starting HTTP/1.1 OPTIONS http://localhost:5090/api/medication - null null
2025-11-11 14:29:35.507 +01:00 [INF] CORS policy execution successful.
2025-11-11 14:29:35.507 +01:00 [INF] Request finished HTTP/1.1 OPTIONS http://localhost:5090/api/medication - 204 null null 0.3085ms
2025-11-11 14:29:35.508 +01:00 [INF] Request starting HTTP/1.1 GET http://localhost:5090/api/medication - application/json null
2025-11-11 14:29:35.508 +01:00 [INF] CORS policy execution successful.
2025-11-11 14:29:35.509 +01:00 [INF] Executing endpoint 'HomeCareApp.Controllers.MedicationController.GetAll (api)'
2025-11-11 14:29:35.509 +01:00 [INF] Route matched with {action = "GetAll", controller = "Medication"}. Executing controller action with signature System.Threading.Tasks.Task`1[Microsoft.AspNetCore.Mvc.ActionResult`1[System.Collections.Generic.IEnumerable`1[HomeCareApp.DTOs.MedicationDto]]] GetAll() on controller HomeCareApp.Controllers.MedicationController (api).
2025-11-11 14:29:35.510 +01:00 [INF] Executing OkObjectResult, writing value of type 'System.Linq.Enumerable+SelectListIterator`2[[HomeCareApp.Models.Medication, api, Version=1.0.0.0, Culture=neutral, PublicKeyToken=null],[HomeCareApp.DTOs.MedicationDto, api, Version=1.0.0.0, Culture=neutral, PublicKeyToken=null]]'.
2025-11-11 14:29:35.510 +01:00 [INF] Executed action HomeCareApp.Controllers.MedicationController.GetAll (api) in 1.4994ms
2025-11-11 14:29:35.510 +01:00 [INF] Executed endpoint 'HomeCareApp.Controllers.MedicationController.GetAll (api)'
2025-11-11 14:29:35.510 +01:00 [INF] Request finished HTTP/1.1 GET http://localhost:5090/api/medication - 200 543 application/json; charset=utf-8 2.1831ms
2025-11-11 14:30:46.140 +01:00 [INF] Request starting HTTP/1.1 OPTIONS http://localhost:5090/api/medication/Paracetamol - null null
2025-11-11 14:30:46.140 +01:00 [INF] CORS policy execution successful.
2025-11-11 14:30:46.140 +01:00 [INF] Request finished HTTP/1.1 OPTIONS http://localhost:5090/api/medication/Paracetamol - 204 null null 0.5287ms
2025-11-11 14:30:46.141 +01:00 [INF] Request starting HTTP/1.1 OPTIONS http://localhost:5090/api/medication/Paracetamol - null null
2025-11-11 14:30:46.142 +01:00 [INF] CORS policy execution successful.
2025-11-11 14:30:46.142 +01:00 [INF] Request finished HTTP/1.1 OPTIONS http://localhost:5090/api/medication/Paracetamol - 204 null null 0.3152ms
2025-11-11 14:30:46.142 +01:00 [INF] Request starting HTTP/1.1 GET http://localhost:5090/api/medication/Paracetamol - application/json null
2025-11-11 14:30:46.143 +01:00 [INF] CORS policy execution successful.
2025-11-11 14:30:46.144 +01:00 [INF] Authorization failed. These requirements were not met:
RolesAuthorizationRequirement:User.IsInRole must be true for one of the following roles: (Employee)
2025-11-11 14:30:46.144 +01:00 [INF] AuthenticationScheme: Bearer was forbidden.
2025-11-11 14:30:46.144 +01:00 [INF] Request finished HTTP/1.1 GET http://localhost:5090/api/medication/Paracetamol - 403 0 null 1.3257ms
2025-11-11 14:30:46.145 +01:00 [INF] Request starting HTTP/1.1 GET http://localhost:5090/api/medication/Paracetamol - application/json null
2025-11-11 14:30:46.145 +01:00 [INF] CORS policy execution successful.
2025-11-11 14:30:46.146 +01:00 [INF] Authorization failed. These requirements were not met:
RolesAuthorizationRequirement:User.IsInRole must be true for one of the following roles: (Employee)
2025-11-11 14:30:46.146 +01:00 [INF] AuthenticationScheme: Bearer was forbidden.
2025-11-11 14:30:46.146 +01:00 [INF] Request finished HTTP/1.1 GET http://localhost:5090/api/medication/Paracetamol - 403 0 null 0.6284ms
2025-11-11 14:30:47.604 +01:00 [INF] Request starting HTTP/1.1 OPTIONS http://localhost:5090/api/medication - null null
2025-11-11 14:30:47.604 +01:00 [INF] CORS policy execution successful.
2025-11-11 14:30:47.604 +01:00 [INF] Request finished HTTP/1.1 OPTIONS http://localhost:5090/api/medication - 204 null null 0.3025ms
2025-11-11 14:30:47.604 +01:00 [INF] Request starting HTTP/1.1 OPTIONS http://localhost:5090/api/medication - null null
2025-11-11 14:30:47.605 +01:00 [INF] CORS policy execution successful.
2025-11-11 14:30:47.605 +01:00 [INF] Request finished HTTP/1.1 OPTIONS http://localhost:5090/api/medication - 204 null null 0.1877ms
2025-11-11 14:30:47.605 +01:00 [INF] Request starting HTTP/1.1 GET http://localhost:5090/api/medication - application/json null
2025-11-11 14:30:47.606 +01:00 [INF] CORS policy execution successful.
2025-11-11 14:30:47.606 +01:00 [INF] Executing endpoint 'HomeCareApp.Controllers.MedicationController.GetAll (api)'
2025-11-11 14:30:47.606 +01:00 [INF] Route matched with {action = "GetAll", controller = "Medication"}. Executing controller action with signature System.Threading.Tasks.Task`1[Microsoft.AspNetCore.Mvc.ActionResult`1[System.Collections.Generic.IEnumerable`1[HomeCareApp.DTOs.MedicationDto]]] GetAll() on controller HomeCareApp.Controllers.MedicationController (api).
2025-11-11 14:30:47.607 +01:00 [INF] Executing OkObjectResult, writing value of type 'System.Linq.Enumerable+SelectListIterator`2[[HomeCareApp.Models.Medication, api, Version=1.0.0.0, Culture=neutral, PublicKeyToken=null],[HomeCareApp.DTOs.MedicationDto, api, Version=1.0.0.0, Culture=neutral, PublicKeyToken=null]]'.
2025-11-11 14:30:47.608 +01:00 [INF] Executed action HomeCareApp.Controllers.MedicationController.GetAll (api) in 1.6428ms
2025-11-11 14:30:47.608 +01:00 [INF] Executed endpoint 'HomeCareApp.Controllers.MedicationController.GetAll (api)'
2025-11-11 14:30:47.608 +01:00 [INF] Request finished HTTP/1.1 GET http://localhost:5090/api/medication - 200 543 application/json; charset=utf-8 2.2912ms
2025-11-11 14:30:47.608 +01:00 [INF] Request starting HTTP/1.1 GET http://localhost:5090/api/medication - application/json null
2025-11-11 14:30:47.609 +01:00 [INF] CORS policy execution successful.
2025-11-11 14:30:47.609 +01:00 [INF] Executing endpoint 'HomeCareApp.Controllers.MedicationController.GetAll (api)'
2025-11-11 14:30:47.609 +01:00 [INF] Route matched with {action = "GetAll", controller = "Medication"}. Executing controller action with signature System.Threading.Tasks.Task`1[Microsoft.AspNetCore.Mvc.ActionResult`1[System.Collections.Generic.IEnumerable`1[HomeCareApp.DTOs.MedicationDto]]] GetAll() on controller HomeCareApp.Controllers.MedicationController (api).
2025-11-11 14:30:47.610 +01:00 [INF] Executing OkObjectResult, writing value of type 'System.Linq.Enumerable+SelectListIterator`2[[HomeCareApp.Models.Medication, api, Version=1.0.0.0, Culture=neutral, PublicKeyToken=null],[HomeCareApp.DTOs.MedicationDto, api, Version=1.0.0.0, Culture=neutral, PublicKeyToken=null]]'.
2025-11-11 14:30:47.610 +01:00 [INF] Executed action HomeCareApp.Controllers.MedicationController.GetAll (api) in 1.0472ms
2025-11-11 14:30:47.610 +01:00 [INF] Executed endpoint 'HomeCareApp.Controllers.MedicationController.GetAll (api)'
2025-11-11 14:30:47.610 +01:00 [INF] Request finished HTTP/1.1 GET http://localhost:5090/api/medication - 200 543 application/json; charset=utf-8 1.6153ms
2025-11-11 14:30:51.178 +01:00 [INF] Request starting HTTP/1.1 OPTIONS http://localhost:5090/api/medication/Paracetamol - null null
2025-11-11 14:30:51.178 +01:00 [INF] CORS policy execution successful.
2025-11-11 14:30:51.178 +01:00 [INF] Request finished HTTP/1.1 OPTIONS http://localhost:5090/api/medication/Paracetamol - 204 null null 0.3575ms
2025-11-11 14:30:51.179 +01:00 [INF] Request starting HTTP/1.1 DELETE http://localhost:5090/api/medication/Paracetamol - application/json null
2025-11-11 14:30:51.179 +01:00 [INF] CORS policy execution successful.
2025-11-11 14:30:51.180 +01:00 [INF] Authorization failed. These requirements were not met:
RolesAuthorizationRequirement:User.IsInRole must be true for one of the following roles: (Employee)
2025-11-11 14:30:51.180 +01:00 [INF] AuthenticationScheme: Bearer was forbidden.
2025-11-11 14:30:51.180 +01:00 [INF] Request finished HTTP/1.1 DELETE http://localhost:5090/api/medication/Paracetamol - 403 0 null 0.555ms
2025-11-11 14:32:11.490 +01:00 [INF] Request starting HTTP/1.1 OPTIONS http://localhost:5090/api/medication/Lisinopril - null null
2025-11-11 14:32:11.490 +01:00 [INF] Request starting HTTP/1.1 OPTIONS http://localhost:5090/api/medication/Lisinopril - null null
2025-11-11 14:32:11.490 +01:00 [INF] CORS policy execution successful.
2025-11-11 14:32:11.490 +01:00 [INF] CORS policy execution successful.
2025-11-11 14:32:11.490 +01:00 [INF] Request finished HTTP/1.1 OPTIONS http://localhost:5090/api/medication/Lisinopril - 204 null null 0.3455ms
2025-11-11 14:32:11.490 +01:00 [INF] Request finished HTTP/1.1 OPTIONS http://localhost:5090/api/medication/Lisinopril - 204 null null 0.1741ms
2025-11-11 14:32:11.492 +01:00 [INF] Request starting HTTP/1.1 GET http://localhost:5090/api/medication/Lisinopril - application/json null
2025-11-11 14:32:11.492 +01:00 [INF] CORS policy execution successful.
2025-11-11 14:32:11.493 +01:00 [INF] Authorization failed. These requirements were not met:
RolesAuthorizationRequirement:User.IsInRole must be true for one of the following roles: (Employee)
2025-11-11 14:32:11.493 +01:00 [INF] AuthenticationScheme: Bearer was forbidden.
2025-11-11 14:32:11.493 +01:00 [INF] Request finished HTTP/1.1 GET http://localhost:5090/api/medication/Lisinopril - 403 0 null 1.5192ms
2025-11-11 14:32:11.495 +01:00 [INF] Request starting HTTP/1.1 GET http://localhost:5090/api/medication/Lisinopril - application/json null
2025-11-11 14:32:11.495 +01:00 [INF] CORS policy execution successful.
2025-11-11 14:32:11.495 +01:00 [INF] Authorization failed. These requirements were not met:
RolesAuthorizationRequirement:User.IsInRole must be true for one of the following roles: (Employee)
2025-11-11 14:32:11.496 +01:00 [INF] AuthenticationScheme: Bearer was forbidden.
2025-11-11 14:32:11.496 +01:00 [INF] Request finished HTTP/1.1 GET http://localhost:5090/api/medication/Lisinopril - 403 0 null 0.535ms
2025-11-11 14:32:13.807 +01:00 [INF] Request starting HTTP/1.1 OPTIONS http://localhost:5090/api/medication - null null
2025-11-11 14:32:13.807 +01:00 [INF] Request starting HTTP/1.1 OPTIONS http://localhost:5090/api/medication - null null
2025-11-11 14:32:13.807 +01:00 [INF] CORS policy execution successful.
2025-11-11 14:32:13.807 +01:00 [INF] CORS policy execution successful.
2025-11-11 14:32:13.807 +01:00 [INF] Request finished HTTP/1.1 OPTIONS http://localhost:5090/api/medication - 204 null null 0.1114ms
2025-11-11 14:32:13.807 +01:00 [INF] Request finished HTTP/1.1 OPTIONS http://localhost:5090/api/medication - 204 null null 0.2279ms
2025-11-11 14:32:13.808 +01:00 [INF] Request starting HTTP/1.1 GET http://localhost:5090/api/medication - application/json null
2025-11-11 14:32:13.808 +01:00 [INF] CORS policy execution successful.
2025-11-11 14:32:13.808 +01:00 [INF] Executing endpoint 'HomeCareApp.Controllers.MedicationController.GetAll (api)'
2025-11-11 14:32:13.808 +01:00 [INF] Route matched with {action = "GetAll", controller = "Medication"}. Executing controller action with signature System.Threading.Tasks.Task`1[Microsoft.AspNetCore.Mvc.ActionResult`1[System.Collections.Generic.IEnumerable`1[HomeCareApp.DTOs.MedicationDto]]] GetAll() on controller HomeCareApp.Controllers.MedicationController (api).
2025-11-11 14:32:13.809 +01:00 [INF] Executing OkObjectResult, writing value of type 'System.Linq.Enumerable+SelectListIterator`2[[HomeCareApp.Models.Medication, api, Version=1.0.0.0, Culture=neutral, PublicKeyToken=null],[HomeCareApp.DTOs.MedicationDto, api, Version=1.0.0.0, Culture=neutral, PublicKeyToken=null]]'.
2025-11-11 14:32:13.810 +01:00 [INF] Executed action HomeCareApp.Controllers.MedicationController.GetAll (api) in 1.3742ms
2025-11-11 14:32:13.810 +01:00 [INF] Executed endpoint 'HomeCareApp.Controllers.MedicationController.GetAll (api)'
2025-11-11 14:32:13.810 +01:00 [INF] Request finished HTTP/1.1 GET http://localhost:5090/api/medication - 200 543 application/json; charset=utf-8 1.934ms
2025-11-11 14:32:13.810 +01:00 [INF] Request starting HTTP/1.1 GET http://localhost:5090/api/medication - application/json null
2025-11-11 14:32:13.811 +01:00 [INF] CORS policy execution successful.
2025-11-11 14:32:13.811 +01:00 [INF] Executing endpoint 'HomeCareApp.Controllers.MedicationController.GetAll (api)'
2025-11-11 14:32:13.811 +01:00 [INF] Route matched with {action = "GetAll", controller = "Medication"}. Executing controller action with signature System.Threading.Tasks.Task`1[Microsoft.AspNetCore.Mvc.ActionResult`1[System.Collections.Generic.IEnumerable`1[HomeCareApp.DTOs.MedicationDto]]] GetAll() on controller HomeCareApp.Controllers.MedicationController (api).
2025-11-11 14:32:13.812 +01:00 [INF] Executing OkObjectResult, writing value of type 'System.Linq.Enumerable+SelectListIterator`2[[HomeCareApp.Models.Medication, api, Version=1.0.0.0, Culture=neutral, PublicKeyToken=null],[HomeCareApp.DTOs.MedicationDto, api, Version=1.0.0.0, Culture=neutral, PublicKeyToken=null]]'.
2025-11-11 14:32:13.812 +01:00 [INF] Executed action HomeCareApp.Controllers.MedicationController.GetAll (api) in 0.8722ms
2025-11-11 14:32:13.812 +01:00 [INF] Executed endpoint 'HomeCareApp.Controllers.MedicationController.GetAll (api)'
2025-11-11 14:32:13.812 +01:00 [INF] Request finished HTTP/1.1 GET http://localhost:5090/api/medication - 200 543 application/json; charset=utf-8 1.3573ms
2025-11-11 14:32:43.704 +01:00 [INF] Request starting HTTP/1.1 GET http://localhost:5090/api/Appointment - null null
2025-11-11 14:32:43.704 +01:00 [INF] CORS policy execution successful.
2025-11-11 14:32:43.704 +01:00 [INF] Executing endpoint 'HomeCareApp.Controllers.AppointmentController.GetAppointments (api)'
2025-11-11 14:32:43.705 +01:00 [INF] Route matched with {action = "GetAppointments", controller = "Appointment"}. Executing controller action with signature System.Threading.Tasks.Task`1[Microsoft.AspNetCore.Mvc.IActionResult] GetAppointments() on controller HomeCareApp.Controllers.AppointmentController (api).
2025-11-11 14:32:43.709 +01:00 [INF] Executing OkObjectResult, writing value of type 'System.Linq.Enumerable+SelectListIterator`2[[HomeCareApp.Models.Appointment, api, Version=1.0.0.0, Culture=neutral, PublicKeyToken=null],[HomeCareApp.DTOs.AppointmentDto, api, Version=1.0.0.0, Culture=neutral, PublicKeyToken=null]]'.
2025-11-11 14:32:43.709 +01:00 [INF] Executed action HomeCareApp.Controllers.AppointmentController.GetAppointments (api) in 4.2491ms
2025-11-11 14:32:43.709 +01:00 [INF] Executed endpoint 'HomeCareApp.Controllers.AppointmentController.GetAppointments (api)'
2025-11-11 14:32:43.709 +01:00 [INF] Request finished HTTP/1.1 GET http://localhost:5090/api/Appointment - 200 616 application/json; charset=utf-8 5.3871ms
2025-11-11 14:32:43.710 +01:00 [INF] Request starting HTTP/1.1 GET http://localhost:5090/api/Appointment - null null
2025-11-11 14:32:43.710 +01:00 [INF] CORS policy execution successful.
2025-11-11 14:32:43.710 +01:00 [INF] Executing endpoint 'HomeCareApp.Controllers.AppointmentController.GetAppointments (api)'
2025-11-11 14:32:43.710 +01:00 [INF] Route matched with {action = "GetAppointments", controller = "Appointment"}. Executing controller action with signature System.Threading.Tasks.Task`1[Microsoft.AspNetCore.Mvc.IActionResult] GetAppointments() on controller HomeCareApp.Controllers.AppointmentController (api).
2025-11-11 14:32:43.711 +01:00 [INF] Executing OkObjectResult, writing value of type 'System.Linq.Enumerable+SelectListIterator`2[[HomeCareApp.Models.Appointment, api, Version=1.0.0.0, Culture=neutral, PublicKeyToken=null],[HomeCareApp.DTOs.AppointmentDto, api, Version=1.0.0.0, Culture=neutral, PublicKeyToken=null]]'.
2025-11-11 14:32:43.711 +01:00 [INF] Executed action HomeCareApp.Controllers.AppointmentController.GetAppointments (api) in 1.129ms
2025-11-11 14:32:43.711 +01:00 [INF] Executed endpoint 'HomeCareApp.Controllers.AppointmentController.GetAppointments (api)'
2025-11-11 14:32:43.711 +01:00 [INF] Request finished HTTP/1.1 GET http://localhost:5090/api/Appointment - 200 616 application/json; charset=utf-8 1.5224ms
2025-11-11 14:32:45.095 +01:00 [INF] Request starting HTTP/1.1 GET http://localhost:5090/api/Appointment/1 - null null
2025-11-11 14:32:45.095 +01:00 [INF] CORS policy execution successful.
2025-11-11 14:32:45.095 +01:00 [INF] Executing endpoint 'HomeCareApp.Controllers.AppointmentController.GetAppointment (api)'
2025-11-11 14:32:45.103 +01:00 [INF] Route matched with {action = "GetAppointment", controller = "Appointment"}. Executing controller action with signature System.Threading.Tasks.Task`1[Microsoft.AspNetCore.Mvc.IActionResult] GetAppointment(Int32) on controller HomeCareApp.Controllers.AppointmentController (api).
2025-11-11 14:32:45.134 +01:00 [INF] Executing OkObjectResult, writing value of type 'HomeCareApp.DTOs.AppointmentDto'.
2025-11-11 14:32:45.134 +01:00 [INF] Executed action HomeCareApp.Controllers.AppointmentController.GetAppointment (api) in 30.9476ms
2025-11-11 14:32:45.134 +01:00 [INF] Executed endpoint 'HomeCareApp.Controllers.AppointmentController.GetAppointment (api)'
2025-11-11 14:32:45.135 +01:00 [INF] Request finished HTTP/1.1 GET http://localhost:5090/api/Appointment/1 - 200 222 application/json; charset=utf-8 39.7774ms
2025-11-11 14:32:45.136 +01:00 [INF] Request starting HTTP/1.1 GET http://localhost:5090/api/Appointment/1 - null null
2025-11-11 14:32:45.136 +01:00 [INF] CORS policy execution successful.
2025-11-11 14:32:45.136 +01:00 [INF] Executing endpoint 'HomeCareApp.Controllers.AppointmentController.GetAppointment (api)'
2025-11-11 14:32:45.136 +01:00 [INF] Route matched with {action = "GetAppointment", controller = "Appointment"}. Executing controller action with signature System.Threading.Tasks.Task`1[Microsoft.AspNetCore.Mvc.IActionResult] GetAppointment(Int32) on controller HomeCareApp.Controllers.AppointmentController (api).
2025-11-11 14:32:45.138 +01:00 [INF] Executing OkObjectResult, writing value of type 'HomeCareApp.DTOs.AppointmentDto'.
2025-11-11 14:32:45.138 +01:00 [INF] Executed action HomeCareApp.Controllers.AppointmentController.GetAppointment (api) in 1.9236ms
2025-11-11 14:32:45.138 +01:00 [INF] Executed endpoint 'HomeCareApp.Controllers.AppointmentController.GetAppointment (api)'
2025-11-11 14:32:45.138 +01:00 [INF] Request finished HTTP/1.1 GET http://localhost:5090/api/Appointment/1 - 200 222 application/json; charset=utf-8 2.4278ms
2025-11-11 14:32:45.139 +01:00 [INF] Request starting HTTP/1.1 OPTIONS http://localhost:5090/api/Employee - null null
2025-11-11 14:32:45.139 +01:00 [INF] Request starting HTTP/1.1 OPTIONS http://localhost:5090/api/Employee - null null
2025-11-11 14:32:45.139 +01:00 [INF] CORS policy execution successful.
2025-11-11 14:32:45.139 +01:00 [INF] CORS policy execution successful.
2025-11-11 14:32:45.139 +01:00 [INF] Request finished HTTP/1.1 OPTIONS http://localhost:5090/api/Employee - 204 null null 0.1613ms
2025-11-11 14:32:45.139 +01:00 [INF] Request finished HTTP/1.1 OPTIONS http://localhost:5090/api/Employee - 204 null null 0.2723ms
2025-11-11 14:32:45.140 +01:00 [INF] Request starting HTTP/1.1 GET http://localhost:5090/api/Employee - application/json null
2025-11-11 14:32:45.140 +01:00 [INF] CORS policy execution successful.
2025-11-11 14:32:45.141 +01:00 [INF] Executing endpoint 'HomeCareApp.Controllers.EmployeeController.GetEmployees (api)'
2025-11-11 14:32:45.145 +01:00 [INF] Route matched with {action = "GetEmployees", controller = "Employee"}. Executing controller action with signature System.Threading.Tasks.Task`1[Microsoft.AspNetCore.Mvc.ActionResult`1[System.Collections.Generic.IEnumerable`1[HomeCareApp.DTOs.EmployeeDto]]] GetEmployees() on controller HomeCareApp.Controllers.EmployeeController (api).
2025-11-11 14:32:45.175 +01:00 [INF] Executing OkObjectResult, writing value of type 'System.Linq.Enumerable+SelectListIterator`2[[HomeCareApp.Models.Employee, api, Version=1.0.0.0, Culture=neutral, PublicKeyToken=null],[HomeCareApp.DTOs.EmployeeDto, api, Version=1.0.0.0, Culture=neutral, PublicKeyToken=null]]'.
2025-11-11 14:32:45.182 +01:00 [INF] Executed action HomeCareApp.Controllers.EmployeeController.GetEmployees (api) in 37.2735ms
2025-11-11 14:32:45.182 +01:00 [INF] Executed endpoint 'HomeCareApp.Controllers.EmployeeController.GetEmployees (api)'
2025-11-11 14:32:45.182 +01:00 [INF] Request finished HTTP/1.1 GET http://localhost:5090/api/Employee - 200 3178 application/json; charset=utf-8 41.9736ms
2025-11-11 14:32:45.184 +01:00 [INF] Request starting HTTP/1.1 GET http://localhost:5090/api/Employee - application/json null
2025-11-11 14:32:45.184 +01:00 [INF] CORS policy execution successful.
2025-11-11 14:32:45.185 +01:00 [INF] Executing endpoint 'HomeCareApp.Controllers.EmployeeController.GetEmployees (api)'
2025-11-11 14:32:45.185 +01:00 [INF] Route matched with {action = "GetEmployees", controller = "Employee"}. Executing controller action with signature System.Threading.Tasks.Task`1[Microsoft.AspNetCore.Mvc.ActionResult`1[System.Collections.Generic.IEnumerable`1[HomeCareApp.DTOs.EmployeeDto]]] GetEmployees() on controller HomeCareApp.Controllers.EmployeeController (api).
2025-11-11 14:32:45.185 +01:00 [INF] Request starting HTTP/1.1 OPTIONS http://localhost:5090/api/Patient - null null
2025-11-11 14:32:45.185 +01:00 [INF] CORS policy execution successful.
2025-11-11 14:32:45.185 +01:00 [INF] Request finished HTTP/1.1 OPTIONS http://localhost:5090/api/Patient - 204 null null 0.1565ms
2025-11-11 14:32:45.187 +01:00 [INF] Executing OkObjectResult, writing value of type 'System.Linq.Enumerable+SelectListIterator`2[[HomeCareApp.Models.Employee, api, Version=1.0.0.0, Culture=neutral, PublicKeyToken=null],[HomeCareApp.DTOs.EmployeeDto, api, Version=1.0.0.0, Culture=neutral, PublicKeyToken=null]]'.
2025-11-11 14:32:45.187 +01:00 [INF] Executed action HomeCareApp.Controllers.EmployeeController.GetEmployees (api) in 2.2063ms
2025-11-11 14:32:45.187 +01:00 [INF] Executed endpoint 'HomeCareApp.Controllers.EmployeeController.GetEmployees (api)'
2025-11-11 14:32:45.187 +01:00 [INF] Request finished HTTP/1.1 GET http://localhost:5090/api/Employee - 200 3178 application/json; charset=utf-8 3.2704ms
2025-11-11 14:32:45.188 +01:00 [INF] Request starting HTTP/1.1 GET http://localhost:5090/api/Patient - application/json null
2025-11-11 14:32:45.189 +01:00 [INF] CORS policy execution successful.
2025-11-11 14:32:45.189 +01:00 [INF] Executing endpoint 'HomeCareApp.Controllers.PatientController.GetPatients (api)'
2025-11-11 14:32:45.191 +01:00 [INF] Route matched with {action = "GetPatients", controller = "Patient"}. Executing controller action with signature System.Threading.Tasks.Task`1[Microsoft.AspNetCore.Mvc.ActionResult`1[System.Collections.Generic.IEnumerable`1[HomeCareApp.DTOs.PatientDto]]] GetPatients() on controller HomeCareApp.Controllers.PatientController (api).
2025-11-11 14:32:45.195 +01:00 [INF] Executing OkObjectResult, writing value of type 'System.Linq.Enumerable+SelectListIterator`2[[HomeCareApp.Models.Patient, api, Version=1.0.0.0, Culture=neutral, PublicKeyToken=null],[HomeCareApp.DTOs.PatientDto, api, Version=1.0.0.0, Culture=neutral, PublicKeyToken=null]]'.
2025-11-11 14:32:45.197 +01:00 [INF] Executed action HomeCareApp.Controllers.PatientController.GetPatients (api) in 6.5452ms
2025-11-11 14:32:45.197 +01:00 [INF] Executed endpoint 'HomeCareApp.Controllers.PatientController.GetPatients (api)'
2025-11-11 14:32:45.197 +01:00 [INF] Request finished HTTP/1.1 GET http://localhost:5090/api/Patient - 200 1139 application/json; charset=utf-8 9.0084ms
2025-11-11 14:32:45.199 +01:00 [INF] Request starting HTTP/1.1 GET http://localhost:5090/api/Patient - application/json null
2025-11-11 14:32:45.199 +01:00 [INF] CORS policy execution successful.
2025-11-11 14:32:45.199 +01:00 [INF] Executing endpoint 'HomeCareApp.Controllers.PatientController.GetPatients (api)'
2025-11-11 14:32:45.199 +01:00 [INF] Route matched with {action = "GetPatients", controller = "Patient"}. Executing controller action with signature System.Threading.Tasks.Task`1[Microsoft.AspNetCore.Mvc.ActionResult`1[System.Collections.Generic.IEnumerable`1[HomeCareApp.DTOs.PatientDto]]] GetPatients() on controller HomeCareApp.Controllers.PatientController (api).
2025-11-11 14:32:45.200 +01:00 [INF] Executing OkObjectResult, writing value of type 'System.Linq.Enumerable+SelectListIterator`2[[HomeCareApp.Models.Patient, api, Version=1.0.0.0, Culture=neutral, PublicKeyToken=null],[HomeCareApp.DTOs.PatientDto, api, Version=1.0.0.0, Culture=neutral, PublicKeyToken=null]]'.
2025-11-11 14:32:45.200 +01:00 [INF] Executed action HomeCareApp.Controllers.PatientController.GetPatients (api) in 1.2488ms
2025-11-11 14:32:45.200 +01:00 [INF] Executed endpoint 'HomeCareApp.Controllers.PatientController.GetPatients (api)'
2025-11-11 14:32:45.200 +01:00 [INF] Request finished HTTP/1.1 GET http://localhost:5090/api/Patient - 200 1139 application/json; charset=utf-8 1.8805ms
2025-11-11 14:32:47.314 +01:00 [INF] Request starting HTTP/1.1 GET http://localhost:5090/api/Appointment - null null
2025-11-11 14:32:47.315 +01:00 [INF] CORS policy execution successful.
2025-11-11 14:32:47.315 +01:00 [INF] Executing endpoint 'HomeCareApp.Controllers.AppointmentController.GetAppointments (api)'
2025-11-11 14:32:47.315 +01:00 [INF] Route matched with {action = "GetAppointments", controller = "Appointment"}. Executing controller action with signature System.Threading.Tasks.Task`1[Microsoft.AspNetCore.Mvc.IActionResult] GetAppointments() on controller HomeCareApp.Controllers.AppointmentController (api).
2025-11-11 14:32:47.317 +01:00 [INF] Executing OkObjectResult, writing value of type 'System.Linq.Enumerable+SelectListIterator`2[[HomeCareApp.Models.Appointment, api, Version=1.0.0.0, Culture=neutral, PublicKeyToken=null],[HomeCareApp.DTOs.AppointmentDto, api, Version=1.0.0.0, Culture=neutral, PublicKeyToken=null]]'.
2025-11-11 14:32:47.317 +01:00 [INF] Executed action HomeCareApp.Controllers.AppointmentController.GetAppointments (api) in 2.0458ms
2025-11-11 14:32:47.317 +01:00 [INF] Executed endpoint 'HomeCareApp.Controllers.AppointmentController.GetAppointments (api)'
2025-11-11 14:32:47.317 +01:00 [INF] Request finished HTTP/1.1 GET http://localhost:5090/api/Appointment - 200 616 application/json; charset=utf-8 2.7434ms
2025-11-11 14:32:47.318 +01:00 [INF] Request starting HTTP/1.1 GET http://localhost:5090/api/Appointment - null null
2025-11-11 14:32:47.318 +01:00 [INF] CORS policy execution successful.
2025-11-11 14:32:47.318 +01:00 [INF] Executing endpoint 'HomeCareApp.Controllers.AppointmentController.GetAppointments (api)'
2025-11-11 14:32:47.318 +01:00 [INF] Route matched with {action = "GetAppointments", controller = "Appointment"}. Executing controller action with signature System.Threading.Tasks.Task`1[Microsoft.AspNetCore.Mvc.IActionResult] GetAppointments() on controller HomeCareApp.Controllers.AppointmentController (api).
2025-11-11 14:32:47.319 +01:00 [INF] Executing OkObjectResult, writing value of type 'System.Linq.Enumerable+SelectListIterator`2[[HomeCareApp.Models.Appointment, api, Version=1.0.0.0, Culture=neutral, PublicKeyToken=null],[HomeCareApp.DTOs.AppointmentDto, api, Version=1.0.0.0, Culture=neutral, PublicKeyToken=null]]'.
2025-11-11 14:32:47.320 +01:00 [INF] Executed action HomeCareApp.Controllers.AppointmentController.GetAppointments (api) in 1.3934ms
2025-11-11 14:32:47.320 +01:00 [INF] Executed endpoint 'HomeCareApp.Controllers.AppointmentController.GetAppointments (api)'
2025-11-11 14:32:47.320 +01:00 [INF] Request finished HTTP/1.1 GET http://localhost:5090/api/Appointment - 200 616 application/json; charset=utf-8 1.8266ms
2025-11-11 14:32:48.403 +01:00 [INF] Request starting HTTP/1.1 OPTIONS http://localhost:5090/api/medication - null null
2025-11-11 14:32:48.403 +01:00 [INF] CORS policy execution successful.
2025-11-11 14:32:48.403 +01:00 [INF] Request finished HTTP/1.1 OPTIONS http://localhost:5090/api/medication - 204 null null 0.1704ms
2025-11-11 14:32:48.404 +01:00 [INF] Request starting HTTP/1.1 GET http://localhost:5090/api/medication - application/json null
2025-11-11 14:32:48.405 +01:00 [INF] CORS policy execution successful.
2025-11-11 14:32:48.405 +01:00 [INF] Executing endpoint 'HomeCareApp.Controllers.MedicationController.GetAll (api)'
2025-11-11 14:32:48.405 +01:00 [INF] Route matched with {action = "GetAll", controller = "Medication"}. Executing controller action with signature System.Threading.Tasks.Task`1[Microsoft.AspNetCore.Mvc.ActionResult`1[System.Collections.Generic.IEnumerable`1[HomeCareApp.DTOs.MedicationDto]]] GetAll() on controller HomeCareApp.Controllers.MedicationController (api).
2025-11-11 14:32:48.406 +01:00 [INF] Executing OkObjectResult, writing value of type 'System.Linq.Enumerable+SelectListIterator`2[[HomeCareApp.Models.Medication, api, Version=1.0.0.0, Culture=neutral, PublicKeyToken=null],[HomeCareApp.DTOs.MedicationDto, api, Version=1.0.0.0, Culture=neutral, PublicKeyToken=null]]'.
2025-11-11 14:32:48.406 +01:00 [INF] Executed action HomeCareApp.Controllers.MedicationController.GetAll (api) in 1.349ms
2025-11-11 14:32:48.406 +01:00 [INF] Executed endpoint 'HomeCareApp.Controllers.MedicationController.GetAll (api)'
2025-11-11 14:32:48.407 +01:00 [INF] Request finished HTTP/1.1 GET http://localhost:5090/api/medication - 200 543 application/json; charset=utf-8 2.0978ms
2025-11-11 14:32:48.407 +01:00 [INF] Request starting HTTP/1.1 GET http://localhost:5090/api/medication - application/json null
2025-11-11 14:32:48.407 +01:00 [INF] CORS policy execution successful.
2025-11-11 14:32:48.407 +01:00 [INF] Executing endpoint 'HomeCareApp.Controllers.MedicationController.GetAll (api)'
2025-11-11 14:32:48.407 +01:00 [INF] Route matched with {action = "GetAll", controller = "Medication"}. Executing controller action with signature System.Threading.Tasks.Task`1[Microsoft.AspNetCore.Mvc.ActionResult`1[System.Collections.Generic.IEnumerable`1[HomeCareApp.DTOs.MedicationDto]]] GetAll() on controller HomeCareApp.Controllers.MedicationController (api).
2025-11-11 14:32:48.408 +01:00 [INF] Executing OkObjectResult, writing value of type 'System.Linq.Enumerable+SelectListIterator`2[[HomeCareApp.Models.Medication, api, Version=1.0.0.0, Culture=neutral, PublicKeyToken=null],[HomeCareApp.DTOs.MedicationDto, api, Version=1.0.0.0, Culture=neutral, PublicKeyToken=null]]'.
2025-11-11 14:32:48.408 +01:00 [INF] Executed action HomeCareApp.Controllers.MedicationController.GetAll (api) in 0.8257ms
2025-11-11 14:32:48.408 +01:00 [INF] Executed endpoint 'HomeCareApp.Controllers.MedicationController.GetAll (api)'
2025-11-11 14:32:48.408 +01:00 [INF] Request finished HTTP/1.1 GET http://localhost:5090/api/medication - 200 543 application/json; charset=utf-8 1.1773ms
2025-11-11 14:32:49.481 +01:00 [INF] Request starting HTTP/1.1 GET http://localhost:5090/api/Appointment - null null
2025-11-11 14:32:49.481 +01:00 [INF] CORS policy execution successful.
2025-11-11 14:32:49.481 +01:00 [INF] Executing endpoint 'HomeCareApp.Controllers.AppointmentController.GetAppointments (api)'
2025-11-11 14:32:49.482 +01:00 [INF] Route matched with {action = "GetAppointments", controller = "Appointment"}. Executing controller action with signature System.Threading.Tasks.Task`1[Microsoft.AspNetCore.Mvc.IActionResult] GetAppointments() on controller HomeCareApp.Controllers.AppointmentController (api).
2025-11-11 14:32:49.483 +01:00 [INF] Executing OkObjectResult, writing value of type 'System.Linq.Enumerable+SelectListIterator`2[[HomeCareApp.Models.Appointment, api, Version=1.0.0.0, Culture=neutral, PublicKeyToken=null],[HomeCareApp.DTOs.AppointmentDto, api, Version=1.0.0.0, Culture=neutral, PublicKeyToken=null]]'.
2025-11-11 14:32:49.483 +01:00 [INF] Executed action HomeCareApp.Controllers.AppointmentController.GetAppointments (api) in 1.2557ms
2025-11-11 14:32:49.483 +01:00 [INF] Executed endpoint 'HomeCareApp.Controllers.AppointmentController.GetAppointments (api)'
2025-11-11 14:32:49.483 +01:00 [INF] Request finished HTTP/1.1 GET http://localhost:5090/api/Appointment - 200 616 application/json; charset=utf-8 1.6513ms
2025-11-11 14:32:49.484 +01:00 [INF] Request starting HTTP/1.1 GET http://localhost:5090/api/Appointment - null null
2025-11-11 14:32:49.484 +01:00 [INF] CORS policy execution successful.
2025-11-11 14:32:49.484 +01:00 [INF] Executing endpoint 'HomeCareApp.Controllers.AppointmentController.GetAppointments (api)'
2025-11-11 14:32:49.484 +01:00 [INF] Route matched with {action = "GetAppointments", controller = "Appointment"}. Executing controller action with signature System.Threading.Tasks.Task`1[Microsoft.AspNetCore.Mvc.IActionResult] GetAppointments() on controller HomeCareApp.Controllers.AppointmentController (api).
2025-11-11 14:32:49.485 +01:00 [INF] Executing OkObjectResult, writing value of type 'System.Linq.Enumerable+SelectListIterator`2[[HomeCareApp.Models.Appointment, api, Version=1.0.0.0, Culture=neutral, PublicKeyToken=null],[HomeCareApp.DTOs.AppointmentDto, api, Version=1.0.0.0, Culture=neutral, PublicKeyToken=null]]'.
2025-11-11 14:32:49.485 +01:00 [INF] Executed action HomeCareApp.Controllers.AppointmentController.GetAppointments (api) in 0.8703ms
2025-11-11 14:32:49.485 +01:00 [INF] Executed endpoint 'HomeCareApp.Controllers.AppointmentController.GetAppointments (api)'
2025-11-11 14:32:49.485 +01:00 [INF] Request finished HTTP/1.1 GET http://localhost:5090/api/Appointment - 200 616 application/json; charset=utf-8 1.1256ms
2025-11-11 14:32:50.873 +01:00 [INF] Request starting HTTP/1.1 GET http://localhost:5090/api/medication - application/json null
2025-11-11 14:32:50.873 +01:00 [INF] CORS policy execution successful.
2025-11-11 14:32:50.873 +01:00 [INF] Executing endpoint 'HomeCareApp.Controllers.MedicationController.GetAll (api)'
2025-11-11 14:32:50.873 +01:00 [INF] Route matched with {action = "GetAll", controller = "Medication"}. Executing controller action with signature System.Threading.Tasks.Task`1[Microsoft.AspNetCore.Mvc.ActionResult`1[System.Collections.Generic.IEnumerable`1[HomeCareApp.DTOs.MedicationDto]]] GetAll() on controller HomeCareApp.Controllers.MedicationController (api).
2025-11-11 14:32:50.874 +01:00 [INF] Executing OkObjectResult, writing value of type 'System.Linq.Enumerable+SelectListIterator`2[[HomeCareApp.Models.Medication, api, Version=1.0.0.0, Culture=neutral, PublicKeyToken=null],[HomeCareApp.DTOs.MedicationDto, api, Version=1.0.0.0, Culture=neutral, PublicKeyToken=null]]'.
2025-11-11 14:32:50.874 +01:00 [INF] Executed action HomeCareApp.Controllers.MedicationController.GetAll (api) in 1.1396ms
2025-11-11 14:32:50.874 +01:00 [INF] Executed endpoint 'HomeCareApp.Controllers.MedicationController.GetAll (api)'
2025-11-11 14:32:50.875 +01:00 [INF] Request finished HTTP/1.1 GET http://localhost:5090/api/medication - 200 543 application/json; charset=utf-8 1.6ms
2025-11-11 14:32:50.875 +01:00 [INF] Request starting HTTP/1.1 GET http://localhost:5090/api/medication - application/json null
2025-11-11 14:32:50.875 +01:00 [INF] CORS policy execution successful.
2025-11-11 14:32:50.875 +01:00 [INF] Executing endpoint 'HomeCareApp.Controllers.MedicationController.GetAll (api)'
2025-11-11 14:32:50.875 +01:00 [INF] Route matched with {action = "GetAll", controller = "Medication"}. Executing controller action with signature System.Threading.Tasks.Task`1[Microsoft.AspNetCore.Mvc.ActionResult`1[System.Collections.Generic.IEnumerable`1[HomeCareApp.DTOs.MedicationDto]]] GetAll() on controller HomeCareApp.Controllers.MedicationController (api).
2025-11-11 14:32:50.876 +01:00 [INF] Executing OkObjectResult, writing value of type 'System.Linq.Enumerable+SelectListIterator`2[[HomeCareApp.Models.Medication, api, Version=1.0.0.0, Culture=neutral, PublicKeyToken=null],[HomeCareApp.DTOs.MedicationDto, api, Version=1.0.0.0, Culture=neutral, PublicKeyToken=null]]'.
2025-11-11 14:32:50.876 +01:00 [INF] Executed action HomeCareApp.Controllers.MedicationController.GetAll (api) in 0.7314ms
2025-11-11 14:32:50.876 +01:00 [INF] Executed endpoint 'HomeCareApp.Controllers.MedicationController.GetAll (api)'
2025-11-11 14:32:50.876 +01:00 [INF] Request finished HTTP/1.1 GET http://localhost:5090/api/medication - 200 543 application/json; charset=utf-8 1.1066ms
2025-11-11 14:32:52.701 +01:00 [INF] Request starting HTTP/1.1 OPTIONS http://localhost:5090/api/medication/Paracetamol - null null
2025-11-11 14:32:52.701 +01:00 [INF] Request starting HTTP/1.1 OPTIONS http://localhost:5090/api/medication/Paracetamol - null null
2025-11-11 14:32:52.701 +01:00 [INF] CORS policy execution successful.
2025-11-11 14:32:52.701 +01:00 [INF] CORS policy execution successful.
2025-11-11 14:32:52.702 +01:00 [INF] Request finished HTTP/1.1 OPTIONS http://localhost:5090/api/medication/Paracetamol - 204 null null 0.2564ms
2025-11-11 14:32:52.702 +01:00 [INF] Request finished HTTP/1.1 OPTIONS http://localhost:5090/api/medication/Paracetamol - 204 null null 0.2341ms
2025-11-11 14:32:52.703 +01:00 [INF] Request starting HTTP/1.1 GET http://localhost:5090/api/medication/Paracetamol - application/json null
2025-11-11 14:32:52.703 +01:00 [INF] CORS policy execution successful.
2025-11-11 14:32:52.703 +01:00 [INF] Authorization failed. These requirements were not met:
RolesAuthorizationRequirement:User.IsInRole must be true for one of the following roles: (Employee)
2025-11-11 14:32:52.703 +01:00 [INF] AuthenticationScheme: Bearer was forbidden.
2025-11-11 14:32:52.703 +01:00 [INF] Request finished HTTP/1.1 GET http://localhost:5090/api/medication/Paracetamol - 403 0 null 0.5606ms
2025-11-11 14:32:52.704 +01:00 [INF] Request starting HTTP/1.1 GET http://localhost:5090/api/medication/Paracetamol - application/json null
2025-11-11 14:32:52.704 +01:00 [INF] CORS policy execution successful.
2025-11-11 14:32:52.704 +01:00 [INF] Authorization failed. These requirements were not met:
RolesAuthorizationRequirement:User.IsInRole must be true for one of the following roles: (Employee)
2025-11-11 14:32:52.704 +01:00 [INF] AuthenticationScheme: Bearer was forbidden.
2025-11-11 14:32:52.704 +01:00 [INF] Request finished HTTP/1.1 GET http://localhost:5090/api/medication/Paracetamol - 403 0 null 0.3304ms
2025-11-11 14:33:27.266 +01:00 [INF] Request starting HTTP/1.1 OPTIONS http://localhost:5090/api/medication - null null
2025-11-11 14:33:27.266 +01:00 [INF] Request starting HTTP/1.1 OPTIONS http://localhost:5090/api/medication - null null
2025-11-11 14:33:27.266 +01:00 [INF] CORS policy execution successful.
2025-11-11 14:33:27.266 +01:00 [INF] CORS policy execution successful.
2025-11-11 14:33:27.267 +01:00 [INF] Request finished HTTP/1.1 OPTIONS http://localhost:5090/api/medication - 204 null null 0.4353ms
2025-11-11 14:33:27.267 +01:00 [INF] Request finished HTTP/1.1 OPTIONS http://localhost:5090/api/medication - 204 null null 0.4125ms
2025-11-11 14:33:27.269 +01:00 [INF] Request starting HTTP/1.1 GET http://localhost:5090/api/medication - application/json null
2025-11-11 14:33:27.269 +01:00 [INF] CORS policy execution successful.
2025-11-11 14:33:27.270 +01:00 [INF] Executing endpoint 'HomeCareApp.Controllers.MedicationController.GetAll (api)'
2025-11-11 14:33:27.270 +01:00 [INF] Route matched with {action = "GetAll", controller = "Medication"}. Executing controller action with signature System.Threading.Tasks.Task`1[Microsoft.AspNetCore.Mvc.ActionResult`1[System.Collections.Generic.IEnumerable`1[HomeCareApp.DTOs.MedicationDto]]] GetAll() on controller HomeCareApp.Controllers.MedicationController (api).
2025-11-11 14:33:27.272 +01:00 [INF] Executing OkObjectResult, writing value of type 'System.Linq.Enumerable+SelectListIterator`2[[HomeCareApp.Models.Medication, api, Version=1.0.0.0, Culture=neutral, PublicKeyToken=null],[HomeCareApp.DTOs.MedicationDto, api, Version=1.0.0.0, Culture=neutral, PublicKeyToken=null]]'.
2025-11-11 14:33:27.272 +01:00 [INF] Executed action HomeCareApp.Controllers.MedicationController.GetAll (api) in 2.5006ms
2025-11-11 14:33:27.273 +01:00 [INF] Executed endpoint 'HomeCareApp.Controllers.MedicationController.GetAll (api)'
2025-11-11 14:33:27.273 +01:00 [INF] Request finished HTTP/1.1 GET http://localhost:5090/api/medication - 200 543 application/json; charset=utf-8 3.5838ms
2025-11-11 14:33:27.275 +01:00 [INF] Request starting HTTP/1.1 GET http://localhost:5090/api/medication - application/json null
2025-11-11 14:33:27.275 +01:00 [INF] CORS policy execution successful.
2025-11-11 14:33:27.275 +01:00 [INF] Executing endpoint 'HomeCareApp.Controllers.MedicationController.GetAll (api)'
2025-11-11 14:33:27.276 +01:00 [INF] Route matched with {action = "GetAll", controller = "Medication"}. Executing controller action with signature System.Threading.Tasks.Task`1[Microsoft.AspNetCore.Mvc.ActionResult`1[System.Collections.Generic.IEnumerable`1[HomeCareApp.DTOs.MedicationDto]]] GetAll() on controller HomeCareApp.Controllers.MedicationController (api).
2025-11-11 14:33:27.277 +01:00 [INF] Executing OkObjectResult, writing value of type 'System.Linq.Enumerable+SelectListIterator`2[[HomeCareApp.Models.Medication, api, Version=1.0.0.0, Culture=neutral, PublicKeyToken=null],[HomeCareApp.DTOs.MedicationDto, api, Version=1.0.0.0, Culture=neutral, PublicKeyToken=null]]'.
2025-11-11 14:33:27.278 +01:00 [INF] Executed action HomeCareApp.Controllers.MedicationController.GetAll (api) in 1.9148ms
2025-11-11 14:33:27.278 +01:00 [INF] Executed endpoint 'HomeCareApp.Controllers.MedicationController.GetAll (api)'
2025-11-11 14:33:27.278 +01:00 [INF] Request finished HTTP/1.1 GET http://localhost:5090/api/medication - 200 543 application/json; charset=utf-8 2.9457ms
2025-11-11 14:33:35.166 +01:00 [INF] Request starting HTTP/1.1 OPTIONS http://localhost:5090/api/employee/user/677750a1-a78d-4d43-bd3c-a6062e83dde0 - null null
2025-11-11 14:33:35.166 +01:00 [INF] Request starting HTTP/1.1 OPTIONS http://localhost:5090/api/employee/user/677750a1-a78d-4d43-bd3c-a6062e83dde0 - null null
2025-11-11 14:33:35.166 +01:00 [INF] CORS policy execution successful.
2025-11-11 14:33:35.166 +01:00 [INF] CORS policy execution successful.
2025-11-11 14:33:35.166 +01:00 [INF] Request finished HTTP/1.1 OPTIONS http://localhost:5090/api/employee/user/677750a1-a78d-4d43-bd3c-a6062e83dde0 - 204 null null 0.552ms
2025-11-11 14:33:35.166 +01:00 [INF] Request finished HTTP/1.1 OPTIONS http://localhost:5090/api/employee/user/677750a1-a78d-4d43-bd3c-a6062e83dde0 - 204 null null 0.5139ms
2025-11-11 14:33:35.168 +01:00 [INF] Request starting HTTP/1.1 GET http://localhost:5090/api/employee/user/677750a1-a78d-4d43-bd3c-a6062e83dde0 - application/json null
2025-11-11 14:33:35.168 +01:00 [INF] CORS policy execution successful.
2025-11-11 14:33:35.169 +01:00 [INF] Executing endpoint 'HomeCareApp.Controllers.EmployeeController.GetEmployeeByUserId (api)'
2025-11-11 14:33:35.172 +01:00 [INF] Route matched with {action = "GetEmployeeByUserId", controller = "Employee"}. Executing controller action with signature System.Threading.Tasks.Task`1[Microsoft.AspNetCore.Mvc.ActionResult`1[HomeCareApp.DTOs.EmployeeDto]] GetEmployeeByUserId(System.String) on controller HomeCareApp.Controllers.EmployeeController (api).
2025-11-11 14:33:35.192 +01:00 [INF] Executing OkObjectResult, writing value of type 'HomeCareApp.DTOs.EmployeeDto'.
2025-11-11 14:33:35.192 +01:00 [INF] Executed action HomeCareApp.Controllers.EmployeeController.GetEmployeeByUserId (api) in 20.4434ms
2025-11-11 14:33:35.192 +01:00 [INF] Executed endpoint 'HomeCareApp.Controllers.EmployeeController.GetEmployeeByUserId (api)'
2025-11-11 14:33:35.192 +01:00 [INF] Request finished HTTP/1.1 GET http://localhost:5090/api/employee/user/677750a1-a78d-4d43-bd3c-a6062e83dde0 - 200 701 application/json; charset=utf-8 24.6898ms
2025-11-11 14:33:35.194 +01:00 [INF] Request starting HTTP/1.1 GET http://localhost:5090/api/employee/user/677750a1-a78d-4d43-bd3c-a6062e83dde0 - application/json null
2025-11-11 14:33:35.194 +01:00 [INF] CORS policy execution successful.
2025-11-11 14:33:35.194 +01:00 [INF] Executing endpoint 'HomeCareApp.Controllers.EmployeeController.GetEmployeeByUserId (api)'
2025-11-11 14:33:35.195 +01:00 [INF] Route matched with {action = "GetEmployeeByUserId", controller = "Employee"}. Executing controller action with signature System.Threading.Tasks.Task`1[Microsoft.AspNetCore.Mvc.ActionResult`1[HomeCareApp.DTOs.EmployeeDto]] GetEmployeeByUserId(System.String) on controller HomeCareApp.Controllers.EmployeeController (api).
2025-11-11 14:33:35.200 +01:00 [INF] Executing OkObjectResult, writing value of type 'HomeCareApp.DTOs.EmployeeDto'.
2025-11-11 14:33:35.200 +01:00 [INF] Executed action HomeCareApp.Controllers.EmployeeController.GetEmployeeByUserId (api) in 5.4909ms
2025-11-11 14:33:35.200 +01:00 [INF] Executed endpoint 'HomeCareApp.Controllers.EmployeeController.GetEmployeeByUserId (api)'
2025-11-11 14:33:35.200 +01:00 [INF] Request finished HTTP/1.1 GET http://localhost:5090/api/employee/user/677750a1-a78d-4d43-bd3c-a6062e83dde0 - 200 701 application/json; charset=utf-8 6.2595ms
2025-11-11 14:33:37.818 +01:00 [INF] Request starting HTTP/1.1 GET http://localhost:5090/api/Appointment - null null
2025-11-11 14:33:37.818 +01:00 [INF] CORS policy execution successful.
2025-11-11 14:33:37.818 +01:00 [INF] Executing endpoint 'HomeCareApp.Controllers.AppointmentController.GetAppointments (api)'
2025-11-11 14:33:37.818 +01:00 [INF] Route matched with {action = "GetAppointments", controller = "Appointment"}. Executing controller action with signature System.Threading.Tasks.Task`1[Microsoft.AspNetCore.Mvc.IActionResult] GetAppointments() on controller HomeCareApp.Controllers.AppointmentController (api).
2025-11-11 14:33:37.819 +01:00 [INF] Executing OkObjectResult, writing value of type 'System.Linq.Enumerable+SelectListIterator`2[[HomeCareApp.Models.Appointment, api, Version=1.0.0.0, Culture=neutral, PublicKeyToken=null],[HomeCareApp.DTOs.AppointmentDto, api, Version=1.0.0.0, Culture=neutral, PublicKeyToken=null]]'.
2025-11-11 14:33:37.820 +01:00 [INF] Executed action HomeCareApp.Controllers.AppointmentController.GetAppointments (api) in 1.3479ms
2025-11-11 14:33:37.820 +01:00 [INF] Executed endpoint 'HomeCareApp.Controllers.AppointmentController.GetAppointments (api)'
2025-11-11 14:33:37.820 +01:00 [INF] Request finished HTTP/1.1 GET http://localhost:5090/api/Appointment - 200 616 application/json; charset=utf-8 1.8182ms
2025-11-11 14:33:37.820 +01:00 [INF] Request starting HTTP/1.1 GET http://localhost:5090/api/Appointment - null null
2025-11-11 14:33:37.820 +01:00 [INF] CORS policy execution successful.
2025-11-11 14:33:37.820 +01:00 [INF] Executing endpoint 'HomeCareApp.Controllers.AppointmentController.GetAppointments (api)'
2025-11-11 14:33:37.821 +01:00 [INF] Route matched with {action = "GetAppointments", controller = "Appointment"}. Executing controller action with signature System.Threading.Tasks.Task`1[Microsoft.AspNetCore.Mvc.IActionResult] GetAppointments() on controller HomeCareApp.Controllers.AppointmentController (api).
2025-11-11 14:33:37.821 +01:00 [INF] Executing OkObjectResult, writing value of type 'System.Linq.Enumerable+SelectListIterator`2[[HomeCareApp.Models.Appointment, api, Version=1.0.0.0, Culture=neutral, PublicKeyToken=null],[HomeCareApp.DTOs.AppointmentDto, api, Version=1.0.0.0, Culture=neutral, PublicKeyToken=null]]'.
2025-11-11 14:33:37.822 +01:00 [INF] Executed action HomeCareApp.Controllers.AppointmentController.GetAppointments (api) in 0.9629ms
2025-11-11 14:33:37.822 +01:00 [INF] Executed endpoint 'HomeCareApp.Controllers.AppointmentController.GetAppointments (api)'
2025-11-11 14:33:37.822 +01:00 [INF] Request finished HTTP/1.1 GET http://localhost:5090/api/Appointment - 200 616 application/json; charset=utf-8 1.2631ms
2025-11-11 14:33:38.677 +01:00 [INF] Request starting HTTP/1.1 OPTIONS http://localhost:5090/api/medication - null null
2025-11-11 14:33:38.677 +01:00 [INF] CORS policy execution successful.
2025-11-11 14:33:38.677 +01:00 [INF] Request starting HTTP/1.1 OPTIONS http://localhost:5090/api/medication - null null
2025-11-11 14:33:38.677 +01:00 [INF] Request finished HTTP/1.1 OPTIONS http://localhost:5090/api/medication - 204 null null 0.1812ms
2025-11-11 14:33:38.677 +01:00 [INF] CORS policy execution successful.
2025-11-11 14:33:38.677 +01:00 [INF] Request finished HTTP/1.1 OPTIONS http://localhost:5090/api/medication - 204 null null 0.137ms
2025-11-11 14:33:38.678 +01:00 [INF] Request starting HTTP/1.1 GET http://localhost:5090/api/medication - application/json null
2025-11-11 14:33:38.678 +01:00 [INF] CORS policy execution successful.
2025-11-11 14:33:38.679 +01:00 [INF] Executing endpoint 'HomeCareApp.Controllers.MedicationController.GetAll (api)'
2025-11-11 14:33:38.679 +01:00 [INF] Route matched with {action = "GetAll", controller = "Medication"}. Executing controller action with signature System.Threading.Tasks.Task`1[Microsoft.AspNetCore.Mvc.ActionResult`1[System.Collections.Generic.IEnumerable`1[HomeCareApp.DTOs.MedicationDto]]] GetAll() on controller HomeCareApp.Controllers.MedicationController (api).
2025-11-11 14:33:38.680 +01:00 [INF] Executing OkObjectResult, writing value of type 'System.Linq.Enumerable+SelectListIterator`2[[HomeCareApp.Models.Medication, api, Version=1.0.0.0, Culture=neutral, PublicKeyToken=null],[HomeCareApp.DTOs.MedicationDto, api, Version=1.0.0.0, Culture=neutral, PublicKeyToken=null]]'.
2025-11-11 14:33:38.680 +01:00 [INF] Executed action HomeCareApp.Controllers.MedicationController.GetAll (api) in 1.3456ms
2025-11-11 14:33:38.680 +01:00 [INF] Executed endpoint 'HomeCareApp.Controllers.MedicationController.GetAll (api)'
2025-11-11 14:33:38.680 +01:00 [INF] Request finished HTTP/1.1 GET http://localhost:5090/api/medication - 200 543 application/json; charset=utf-8 1.867ms
2025-11-11 14:33:38.681 +01:00 [INF] Request starting HTTP/1.1 GET http://localhost:5090/api/medication - application/json null
2025-11-11 14:33:38.681 +01:00 [INF] CORS policy execution successful.
2025-11-11 14:33:38.681 +01:00 [INF] Executing endpoint 'HomeCareApp.Controllers.MedicationController.GetAll (api)'
2025-11-11 14:33:38.682 +01:00 [INF] Route matched with {action = "GetAll", controller = "Medication"}. Executing controller action with signature System.Threading.Tasks.Task`1[Microsoft.AspNetCore.Mvc.ActionResult`1[System.Collections.Generic.IEnumerable`1[HomeCareApp.DTOs.MedicationDto]]] GetAll() on controller HomeCareApp.Controllers.MedicationController (api).
2025-11-11 14:33:38.683 +01:00 [INF] Executing OkObjectResult, writing value of type 'System.Linq.Enumerable+SelectListIterator`2[[HomeCareApp.Models.Medication, api, Version=1.0.0.0, Culture=neutral, PublicKeyToken=null],[HomeCareApp.DTOs.MedicationDto, api, Version=1.0.0.0, Culture=neutral, PublicKeyToken=null]]'.
2025-11-11 14:33:38.684 +01:00 [INF] Executed action HomeCareApp.Controllers.MedicationController.GetAll (api) in 2.0232ms
2025-11-11 14:33:38.684 +01:00 [INF] Executed endpoint 'HomeCareApp.Controllers.MedicationController.GetAll (api)'
2025-11-11 14:33:38.684 +01:00 [INF] Request finished HTTP/1.1 GET http://localhost:5090/api/medication - 200 543 application/json; charset=utf-8 2.7565ms
2025-11-11 14:35:01.447 +01:00 [INF] Application is shutting down...
