2025-12-03 14:29:35.360 +01:00 [INF] No migrations were applied. The database is already up to date.
2025-12-03 14:29:35.429 +01:00 [INF] No migrations were applied. The database is already up to date.
2025-12-03 14:29:35.557 +01:00 [INF] User profile is available. Using 'C:\Users\vilde\AppData\Local\ASP.NET\DataProtection-Keys' as key repository and Windows DPAPI to encrypt keys at rest.
2025-12-03 14:29:35.595 +01:00 [INF] Now listening on: http://localhost:5090
2025-12-03 14:29:35.598 +01:00 [INF] Application started. Press Ctrl+C to shut down.
2025-12-03 14:29:35.598 +01:00 [INF] Hosting environment: Development
2025-12-03 14:29:35.599 +01:00 [INF] Content root path: C:\Users\vilde\OneDrive\Documents\Homecare React\React-Homecare\api
2025-12-03 14:29:39.037 +01:00 [INF] Request starting HTTP/1.1 OPTIONS http://localhost:5090/api/Notification/unread-count - null null
2025-12-03 14:29:39.038 +01:00 [INF] Request starting HTTP/1.1 OPTIONS http://localhost:5090/api/Notification/unread-count - null null
2025-12-03 14:29:39.070 +01:00 [INF] CORS policy execution successful.
2025-12-03 14:29:39.070 +01:00 [INF] CORS policy execution successful.
2025-12-03 14:29:39.073 +01:00 [INF] Request finished HTTP/1.1 OPTIONS http://localhost:5090/api/Notification/unread-count - 204 null null 37.8317ms
2025-12-03 14:29:39.073 +01:00 [INF] Request finished HTTP/1.1 OPTIONS http://localhost:5090/api/Notification/unread-count - 204 null null 37.8325ms
2025-12-03 14:29:39.075 +01:00 [INF] Request starting HTTP/1.1 GET http://localhost:5090/api/Notification/unread-count - application/json null
2025-12-03 14:29:39.085 +01:00 [INF] CORS policy execution successful.
2025-12-03 14:29:39.197 +01:00 [INF] Executing endpoint 'HomeCareApp.Controllers.NotificationController.GetUnreadCount (api)'
2025-12-03 14:29:39.229 +01:00 [INF] Route matched with {action = "GetUnreadCount", controller = "Notification"}. Executing controller action with signature System.Threading.Tasks.Task`1[Microsoft.AspNetCore.Mvc.ActionResult`1[System.Int32]] GetUnreadCount() on controller HomeCareApp.Controllers.NotificationController (api).
2025-12-03 14:29:39.236 +01:00 [INF] [NotificationController] Getting unread count for UserId: 3e07cffa-0932-44eb-a818-3c42976e81f7
2025-12-03 14:29:39.242 +01:00 [INF] [NotificationRepository] GetUnreadCountAsync(3e07cffa-0932-44eb-a818-3c42976e81f7) - Getting unread count for user
2025-12-03 14:29:39.712 +01:00 [INF] [NotificationRepository] GetUnreadCountAsync(3e07cffa-0932-44eb-a818-3c42976e81f7) - User has 0 unread notifications
2025-12-03 14:29:39.713 +01:00 [INF] [NotificationController] Found 0 unread notifications for UserId: 3e07cffa-0932-44eb-a818-3c42976e81f7
2025-12-03 14:29:39.719 +01:00 [INF] Executing OkObjectResult, writing value of type 'System.Int32'.
2025-12-03 14:29:39.768 +01:00 [INF] Request starting HTTP/1.1 GET http://localhost:5090/api/Notification/unread-count - application/json null
2025-12-03 14:29:39.769 +01:00 [INF] CORS policy execution successful.
2025-12-03 14:29:39.771 +01:00 [INF] Executed action HomeCareApp.Controllers.NotificationController.GetUnreadCount (api) in 537.7696ms
2025-12-03 14:29:39.772 +01:00 [INF] Executed endpoint 'HomeCareApp.Controllers.NotificationController.GetUnreadCount (api)'
2025-12-03 14:29:39.775 +01:00 [INF] Executing endpoint 'HomeCareApp.Controllers.NotificationController.GetUnreadCount (api)'
2025-12-03 14:29:39.776 +01:00 [INF] Route matched with {action = "GetUnreadCount", controller = "Notification"}. Executing controller action with signature System.Threading.Tasks.Task`1[Microsoft.AspNetCore.Mvc.ActionResult`1[System.Int32]] GetUnreadCount() on controller HomeCareApp.Controllers.NotificationController (api).
2025-12-03 14:29:39.777 +01:00 [INF] Request finished HTTP/1.1 GET http://localhost:5090/api/Notification/unread-count - 200 1 application/json; charset=utf-8 701.2971ms
2025-12-03 14:29:39.778 +01:00 [INF] [NotificationController] Getting unread count for UserId: 3e07cffa-0932-44eb-a818-3c42976e81f7
2025-12-03 14:29:39.779 +01:00 [INF] [NotificationRepository] GetUnreadCountAsync(3e07cffa-0932-44eb-a818-3c42976e81f7) - Getting unread count for user
2025-12-03 14:29:39.789 +01:00 [INF] [NotificationRepository] GetUnreadCountAsync(3e07cffa-0932-44eb-a818-3c42976e81f7) - User has 0 unread notifications
2025-12-03 14:29:39.789 +01:00 [INF] [NotificationController] Found 0 unread notifications for UserId: 3e07cffa-0932-44eb-a818-3c42976e81f7
2025-12-03 14:29:39.791 +01:00 [INF] Executing OkObjectResult, writing value of type 'System.Int32'.
2025-12-03 14:29:39.793 +01:00 [INF] Executed action HomeCareApp.Controllers.NotificationController.GetUnreadCount (api) in 16.7249ms
2025-12-03 14:29:39.793 +01:00 [INF] Executed endpoint 'HomeCareApp.Controllers.NotificationController.GetUnreadCount (api)'
2025-12-03 14:29:39.794 +01:00 [INF] Request finished HTTP/1.1 GET http://localhost:5090/api/Notification/unread-count - 200 1 application/json; charset=utf-8 24.9842ms
2025-12-03 14:29:49.638 +01:00 [INF] Request starting HTTP/1.1 OPTIONS http://localhost:5090/api/Patient/user/3e07cffa-0932-44eb-a818-3c42976e81f7 - null null
2025-12-03 14:29:49.638 +01:00 [INF] Request starting HTTP/1.1 OPTIONS http://localhost:5090/api/Patient/user/3e07cffa-0932-44eb-a818-3c42976e81f7 - null null
2025-12-03 14:29:49.638 +01:00 [INF] CORS policy execution successful.
2025-12-03 14:29:49.638 +01:00 [INF] CORS policy execution successful.
2025-12-03 14:29:49.639 +01:00 [INF] Request finished HTTP/1.1 OPTIONS http://localhost:5090/api/Patient/user/3e07cffa-0932-44eb-a818-3c42976e81f7 - 204 null null 1.0336ms
2025-12-03 14:29:49.639 +01:00 [INF] Request finished HTTP/1.1 OPTIONS http://localhost:5090/api/Patient/user/3e07cffa-0932-44eb-a818-3c42976e81f7 - 204 null null 1.0335ms
2025-12-03 14:29:49.643 +01:00 [INF] Request starting HTTP/1.1 GET http://localhost:5090/api/Patient/user/3e07cffa-0932-44eb-a818-3c42976e81f7 - application/json null
2025-12-03 14:29:49.643 +01:00 [INF] CORS policy execution successful.
2025-12-03 14:29:49.649 +01:00 [INF] Executing endpoint 'HomeCareApp.Controllers.PatientController.GetPatientByUserId (api)'
2025-12-03 14:29:49.661 +01:00 [INF] Route matched with {action = "GetPatientByUserId", controller = "Patient"}. Executing controller action with signature System.Threading.Tasks.Task`1[Microsoft.AspNetCore.Mvc.ActionResult`1[HomeCareApp.DTOs.PatientDto]] GetPatientByUserId(System.String) on controller HomeCareApp.Controllers.PatientController (api).
2025-12-03 14:29:49.675 +01:00 [INF] [PatientController] Getting patient by UserId: 3e07cffa-0932-44eb-a818-3c42976e81f7
2025-12-03 14:29:49.676 +01:00 [INF] [PatientRepository] GetAll() - Retrieving all patients
2025-12-03 14:29:49.748 +01:00 [INF] [PatientRepository] GetAll() - Successfully retrieved 3 patients
2025-12-03 14:29:49.749 +01:00 [INF] [PatientController] Total patients in database: 3
2025-12-03 14:29:49.749 +01:00 [INF] [PatientController] Successfully retrieved patient 1 for UserId: 3e07cffa-0932-44eb-a818-3c42976e81f7
2025-12-03 14:29:49.750 +01:00 [INF] Executing OkObjectResult, writing value of type 'HomeCareApp.DTOs.PatientDto'.
2025-12-03 14:29:49.797 +01:00 [INF] Executed action HomeCareApp.Controllers.PatientController.GetPatientByUserId (api) in 135.82ms
2025-12-03 14:29:49.797 +01:00 [INF] Executed endpoint 'HomeCareApp.Controllers.PatientController.GetPatientByUserId (api)'
2025-12-03 14:29:49.797 +01:00 [INF] Request finished HTTP/1.1 GET http://localhost:5090/api/Patient/user/3e07cffa-0932-44eb-a818-3c42976e81f7 - 200 226 application/json; charset=utf-8 154.5367ms
2025-12-03 14:29:49.799 +01:00 [INF] Request starting HTTP/1.1 GET http://localhost:5090/api/Patient/user/3e07cffa-0932-44eb-a818-3c42976e81f7 - application/json null
2025-12-03 14:29:49.799 +01:00 [INF] CORS policy execution successful.
2025-12-03 14:29:49.800 +01:00 [INF] Executing endpoint 'HomeCareApp.Controllers.PatientController.GetPatientByUserId (api)'
2025-12-03 14:29:49.800 +01:00 [INF] Route matched with {action = "GetPatientByUserId", controller = "Patient"}. Executing controller action with signature System.Threading.Tasks.Task`1[Microsoft.AspNetCore.Mvc.ActionResult`1[HomeCareApp.DTOs.PatientDto]] GetPatientByUserId(System.String) on controller HomeCareApp.Controllers.PatientController (api).
2025-12-03 14:29:49.801 +01:00 [INF] Request starting HTTP/1.1 OPTIONS http://localhost:5090/api/Appointment/patient/1 - null null
2025-12-03 14:29:49.801 +01:00 [INF] CORS policy execution successful.
2025-12-03 14:29:49.801 +01:00 [INF] Request finished HTTP/1.1 OPTIONS http://localhost:5090/api/Appointment/patient/1 - 204 null null 0.2406ms
2025-12-03 14:29:49.803 +01:00 [INF] Request starting HTTP/1.1 GET http://localhost:5090/api/Appointment/patient/1 - application/json null
2025-12-03 14:29:49.803 +01:00 [INF] [PatientController] Getting patient by UserId: 3e07cffa-0932-44eb-a818-3c42976e81f7
2025-12-03 14:29:49.803 +01:00 [INF] CORS policy execution successful.
2025-12-03 14:29:49.803 +01:00 [INF] [PatientRepository] GetAll() - Retrieving all patients
2025-12-03 14:29:49.804 +01:00 [INF] Executing endpoint 'HomeCareApp.Controllers.AppointmentController.GetAppointmentsByPatientId (api)'
2025-12-03 14:29:49.805 +01:00 [INF] [PatientRepository] GetAll() - Successfully retrieved 3 patients
2025-12-03 14:29:49.806 +01:00 [INF] [PatientController] Total patients in database: 3
2025-12-03 14:29:49.806 +01:00 [INF] [PatientController] Successfully retrieved patient 1 for UserId: 3e07cffa-0932-44eb-a818-3c42976e81f7
2025-12-03 14:29:49.806 +01:00 [INF] Executing OkObjectResult, writing value of type 'HomeCareApp.DTOs.PatientDto'.
2025-12-03 14:29:49.807 +01:00 [INF] Executed action HomeCareApp.Controllers.PatientController.GetPatientByUserId (api) in 6.3897ms
2025-12-03 14:29:49.807 +01:00 [INF] Executed endpoint 'HomeCareApp.Controllers.PatientController.GetPatientByUserId (api)'
2025-12-03 14:29:49.807 +01:00 [INF] Request finished HTTP/1.1 GET http://localhost:5090/api/Patient/user/3e07cffa-0932-44eb-a818-3c42976e81f7 - 200 226 application/json; charset=utf-8 8.6346ms
2025-12-03 14:29:49.810 +01:00 [INF] Route matched with {action = "GetAppointmentsByPatientId", controller = "Appointment"}. Executing controller action with signature System.Threading.Tasks.Task`1[Microsoft.AspNetCore.Mvc.IActionResult] GetAppointmentsByPatientId(Int32) on controller HomeCareApp.Controllers.AppointmentController (api).
2025-12-03 14:29:49.816 +01:00 [INF] [AppointmentRepository] GetAll() - Retrieving all appointments
2025-12-03 14:29:50.019 +01:00 [INF] [AppointmentRepository] GetAll() - Successfully retrieved 3 appointments
2025-12-03 14:29:50.020 +01:00 [INF] [AppointmentController] Found 1 appointments for PatientId: 1
2025-12-03 14:29:50.020 +01:00 [INF] Executing OkObjectResult, writing value of type 'System.Linq.Enumerable+WhereSelectListIterator`2[[HomeCareApp.Models.Appointment, api, Version=1.0.0.0, Culture=neutral, PublicKeyToken=null],[HomeCareApp.DTOs.AppointmentDto, api, Version=1.0.0.0, Culture=neutral, PublicKeyToken=null]]'.
2025-12-03 14:29:50.032 +01:00 [INF] Executed action HomeCareApp.Controllers.AppointmentController.GetAppointmentsByPatientId (api) in 221.718ms
2025-12-03 14:29:50.032 +01:00 [INF] Executed endpoint 'HomeCareApp.Controllers.AppointmentController.GetAppointmentsByPatientId (api)'
2025-12-03 14:29:50.032 +01:00 [INF] Request finished HTTP/1.1 GET http://localhost:5090/api/Appointment/patient/1 - 200 209 application/json; charset=utf-8 229.6821ms
2025-12-03 14:29:50.033 +01:00 [INF] Request starting HTTP/1.1 GET http://localhost:5090/api/Appointment/patient/1 - application/json null
2025-12-03 14:29:50.033 +01:00 [INF] CORS policy execution successful.
2025-12-03 14:29:50.033 +01:00 [INF] Executing endpoint 'HomeCareApp.Controllers.AppointmentController.GetAppointmentsByPatientId (api)'
2025-12-03 14:29:50.033 +01:00 [INF] Route matched with {action = "GetAppointmentsByPatientId", controller = "Appointment"}. Executing controller action with signature System.Threading.Tasks.Task`1[Microsoft.AspNetCore.Mvc.IActionResult] GetAppointmentsByPatientId(Int32) on controller HomeCareApp.Controllers.AppointmentController (api).
2025-12-03 14:29:50.036 +01:00 [INF] [AppointmentRepository] GetAll() - Retrieving all appointments
2025-12-03 14:29:50.038 +01:00 [INF] [AppointmentRepository] GetAll() - Successfully retrieved 3 appointments
2025-12-03 14:29:50.039 +01:00 [INF] [AppointmentController] Found 1 appointments for PatientId: 1
2025-12-03 14:29:50.039 +01:00 [INF] Executing OkObjectResult, writing value of type 'System.Linq.Enumerable+WhereSelectListIterator`2[[HomeCareApp.Models.Appointment, api, Version=1.0.0.0, Culture=neutral, PublicKeyToken=null],[HomeCareApp.DTOs.AppointmentDto, api, Version=1.0.0.0, Culture=neutral, PublicKeyToken=null]]'.
2025-12-03 14:29:50.039 +01:00 [INF] Executed action HomeCareApp.Controllers.AppointmentController.GetAppointmentsByPatientId (api) in 5.7696ms
2025-12-03 14:29:50.039 +01:00 [INF] Executed endpoint 'HomeCareApp.Controllers.AppointmentController.GetAppointmentsByPatientId (api)'
2025-12-03 14:29:50.040 +01:00 [INF] Request finished HTTP/1.1 GET http://localhost:5090/api/Appointment/patient/1 - 200 209 application/json; charset=utf-8 6.9913ms
2025-12-03 14:30:09.021 +01:00 [INF] Request starting HTTP/1.1 OPTIONS http://localhost:5090/api/Notification/unread-count - null null
2025-12-03 14:30:09.021 +01:00 [INF] CORS policy execution successful.
2025-12-03 14:30:09.021 +01:00 [INF] Request finished HTTP/1.1 OPTIONS http://localhost:5090/api/Notification/unread-count - 204 null null 0.7139ms
2025-12-03 14:30:09.025 +01:00 [INF] Request starting HTTP/1.1 GET http://localhost:5090/api/Notification/unread-count - application/json null
2025-12-03 14:30:09.025 +01:00 [INF] CORS policy execution successful.
2025-12-03 14:30:09.026 +01:00 [INF] Executing endpoint 'HomeCareApp.Controllers.NotificationController.GetUnreadCount (api)'
2025-12-03 14:30:09.026 +01:00 [INF] Route matched with {action = "GetUnreadCount", controller = "Notification"}. Executing controller action with signature System.Threading.Tasks.Task`1[Microsoft.AspNetCore.Mvc.ActionResult`1[System.Int32]] GetUnreadCount() on controller HomeCareApp.Controllers.NotificationController (api).
2025-12-03 14:30:09.029 +01:00 [INF] [NotificationController] Getting unread count for UserId: 3e07cffa-0932-44eb-a818-3c42976e81f7
2025-12-03 14:30:09.029 +01:00 [INF] [NotificationRepository] GetUnreadCountAsync(3e07cffa-0932-44eb-a818-3c42976e81f7) - Getting unread count for user
2025-12-03 14:30:09.033 +01:00 [INF] [NotificationRepository] GetUnreadCountAsync(3e07cffa-0932-44eb-a818-3c42976e81f7) - User has 0 unread notifications
2025-12-03 14:30:09.033 +01:00 [INF] [NotificationController] Found 0 unread notifications for UserId: 3e07cffa-0932-44eb-a818-3c42976e81f7
2025-12-03 14:30:09.034 +01:00 [INF] Executing OkObjectResult, writing value of type 'System.Int32'.
2025-12-03 14:30:09.034 +01:00 [INF] Executed action HomeCareApp.Controllers.NotificationController.GetUnreadCount (api) in 7.8038ms
2025-12-03 14:30:09.034 +01:00 [INF] Executed endpoint 'HomeCareApp.Controllers.NotificationController.GetUnreadCount (api)'
2025-12-03 14:30:09.035 +01:00 [INF] Request finished HTTP/1.1 GET http://localhost:5090/api/Notification/unread-count - 200 1 application/json; charset=utf-8 9.8565ms
2025-12-03 14:30:16.727 +01:00 [INF] Request starting HTTP/1.1 OPTIONS http://localhost:5090/api/Notification/unread-count - null null
2025-12-03 14:30:16.727 +01:00 [INF] CORS policy execution successful.
2025-12-03 14:30:16.727 +01:00 [INF] Request finished HTTP/1.1 OPTIONS http://localhost:5090/api/Notification/unread-count - 204 null null 0.7182ms
2025-12-03 14:30:16.730 +01:00 [INF] Request starting HTTP/1.1 GET http://localhost:5090/api/Notification/unread-count - application/json null
2025-12-03 14:30:16.730 +01:00 [INF] CORS policy execution successful.
2025-12-03 14:30:16.731 +01:00 [INF] Executing endpoint 'HomeCareApp.Controllers.NotificationController.GetUnreadCount (api)'
2025-12-03 14:30:16.731 +01:00 [INF] Route matched with {action = "GetUnreadCount", controller = "Notification"}. Executing controller action with signature System.Threading.Tasks.Task`1[Microsoft.AspNetCore.Mvc.ActionResult`1[System.Int32]] GetUnreadCount() on controller HomeCareApp.Controllers.NotificationController (api).
2025-12-03 14:30:16.732 +01:00 [INF] [NotificationController] Getting unread count for UserId: 3e07cffa-0932-44eb-a818-3c42976e81f7
2025-12-03 14:30:16.732 +01:00 [INF] [NotificationRepository] GetUnreadCountAsync(3e07cffa-0932-44eb-a818-3c42976e81f7) - Getting unread count for user
2025-12-03 14:30:16.734 +01:00 [INF] [NotificationRepository] GetUnreadCountAsync(3e07cffa-0932-44eb-a818-3c42976e81f7) - User has 0 unread notifications
2025-12-03 14:30:16.735 +01:00 [INF] [NotificationController] Found 0 unread notifications for UserId: 3e07cffa-0932-44eb-a818-3c42976e81f7
2025-12-03 14:30:16.735 +01:00 [INF] Executing OkObjectResult, writing value of type 'System.Int32'.
2025-12-03 14:30:16.735 +01:00 [INF] Executed action HomeCareApp.Controllers.NotificationController.GetUnreadCount (api) in 3.8296ms
2025-12-03 14:30:16.735 +01:00 [INF] Executed endpoint 'HomeCareApp.Controllers.NotificationController.GetUnreadCount (api)'
2025-12-03 14:30:16.735 +01:00 [INF] Request finished HTTP/1.1 GET http://localhost:5090/api/Notification/unread-count - 200 1 application/json; charset=utf-8 5.2958ms
2025-12-03 14:30:37.417 +01:00 [INF] Application is shutting down...
