2025-11-27 13:08:01.180 +01:00 [INF] No migrations were applied. The database is already up to date.
2025-11-27 13:08:01.254 +01:00 [INF] No migrations were applied. The database is already up to date.
2025-11-27 13:08:01.314 +01:00 [INF] User profile is available. Using 'C:\Users\B\AppData\Local\ASP.NET\DataProtection-Keys' as key repository and Windows DPAPI to encrypt keys at rest.
2025-11-27 13:08:01.348 +01:00 [INF] Now listening on: http://localhost:5090
2025-11-27 13:08:01.349 +01:00 [INF] Application started. Press Ctrl+C to shut down.
2025-11-27 13:08:01.350 +01:00 [INF] Hosting environment: Development
2025-11-27 13:08:01.352 +01:00 [INF] Content root path: C:\Users\B\Documents\ITPE3200\React-Homecare\api
2025-11-27 13:08:03.165 +01:00 [INF] Request starting HTTP/1.1 OPTIONS http://localhost:5090/api/Notification/unread-count - null null
2025-11-27 13:08:03.165 +01:00 [INF] Request starting HTTP/1.1 OPTIONS http://localhost:5090/api/Notification/unread-count - null null
2025-11-27 13:08:03.189 +01:00 [INF] CORS policy execution successful.
2025-11-27 13:08:03.189 +01:00 [INF] CORS policy execution successful.
2025-11-27 13:08:03.192 +01:00 [INF] Request finished HTTP/1.1 OPTIONS http://localhost:5090/api/Notification/unread-count - 204 null null 28.3414ms
2025-11-27 13:08:03.192 +01:00 [INF] Request finished HTTP/1.1 OPTIONS http://localhost:5090/api/Notification/unread-count - 204 null null 28.3414ms
2025-11-27 13:08:03.194 +01:00 [INF] Request starting HTTP/1.1 GET http://localhost:5090/api/Notification/unread-count - application/json null
2025-11-27 13:08:03.202 +01:00 [INF] CORS policy execution successful.
2025-11-27 13:08:03.267 +01:00 [INF] Executing endpoint 'HomeCareApp.Controllers.NotificationController.GetUnreadCount (api)'
2025-11-27 13:08:03.275 +01:00 [INF] Route matched with {action = "GetUnreadCount", controller = "Notification"}. Executing controller action with signature System.Threading.Tasks.Task`1[Microsoft.AspNetCore.Mvc.ActionResult`1[System.Int32]] GetUnreadCount() on controller HomeCareApp.Controllers.NotificationController (api).
2025-11-27 13:08:03.277 +01:00 [INF] [NotificationController] Getting unread count for UserId: c1f2f090-f2e3-47ca-9113-d905d27c42f4
2025-11-27 13:08:03.279 +01:00 [INF] [NotificationRepository] GetUnreadCountAsync(c1f2f090-f2e3-47ca-9113-d905d27c42f4) - Getting unread count for user
2025-11-27 13:08:03.487 +01:00 [INF] [NotificationRepository] GetUnreadCountAsync(c1f2f090-f2e3-47ca-9113-d905d27c42f4) - User has 0 unread notifications
2025-11-27 13:08:03.487 +01:00 [INF] [NotificationController] Found 0 unread notifications for UserId: c1f2f090-f2e3-47ca-9113-d905d27c42f4
2025-11-27 13:08:03.490 +01:00 [INF] Executing OkObjectResult, writing value of type 'System.Int32'.
2025-11-27 13:08:03.545 +01:00 [INF] Executed action HomeCareApp.Controllers.NotificationController.GetUnreadCount (api) in 266.3461ms
2025-11-27 13:08:03.545 +01:00 [INF] Executed endpoint 'HomeCareApp.Controllers.NotificationController.GetUnreadCount (api)'
2025-11-27 13:08:03.548 +01:00 [INF] Request finished HTTP/1.1 GET http://localhost:5090/api/Notification/unread-count - 200 1 application/json; charset=utf-8 353.4605ms
2025-11-27 13:08:03.549 +01:00 [INF] Request starting HTTP/1.1 GET http://localhost:5090/api/Notification/unread-count - application/json null
2025-11-27 13:08:03.550 +01:00 [INF] CORS policy execution successful.
2025-11-27 13:08:03.552 +01:00 [INF] Executing endpoint 'HomeCareApp.Controllers.NotificationController.GetUnreadCount (api)'
2025-11-27 13:08:03.552 +01:00 [INF] Route matched with {action = "GetUnreadCount", controller = "Notification"}. Executing controller action with signature System.Threading.Tasks.Task`1[Microsoft.AspNetCore.Mvc.ActionResult`1[System.Int32]] GetUnreadCount() on controller HomeCareApp.Controllers.NotificationController (api).
2025-11-27 13:08:03.552 +01:00 [INF] [NotificationController] Getting unread count for UserId: c1f2f090-f2e3-47ca-9113-d905d27c42f4
2025-11-27 13:08:03.552 +01:00 [INF] [NotificationRepository] GetUnreadCountAsync(c1f2f090-f2e3-47ca-9113-d905d27c42f4) - Getting unread count for user
2025-11-27 13:08:03.556 +01:00 [INF] [NotificationRepository] GetUnreadCountAsync(c1f2f090-f2e3-47ca-9113-d905d27c42f4) - User has 0 unread notifications
2025-11-27 13:08:03.556 +01:00 [INF] [NotificationController] Found 0 unread notifications for UserId: c1f2f090-f2e3-47ca-9113-d905d27c42f4
2025-11-27 13:08:03.556 +01:00 [INF] Executing OkObjectResult, writing value of type 'System.Int32'.
2025-11-27 13:08:03.556 +01:00 [INF] Executed action HomeCareApp.Controllers.NotificationController.GetUnreadCount (api) in 4.5032ms
2025-11-27 13:08:03.556 +01:00 [INF] Executed endpoint 'HomeCareApp.Controllers.NotificationController.GetUnreadCount (api)'
2025-11-27 13:08:03.557 +01:00 [INF] Request finished HTTP/1.1 GET http://localhost:5090/api/Notification/unread-count - 200 1 application/json; charset=utf-8 7.4325ms
2025-11-27 13:08:06.047 +01:00 [INF] Request starting HTTP/1.1 GET http://localhost:5090/api/Notification/unread-count - application/json null
2025-11-27 13:08:06.048 +01:00 [INF] CORS policy execution successful.
2025-11-27 13:08:06.053 +01:00 [INF] Executing endpoint 'HomeCareApp.Controllers.NotificationController.GetUnreadCount (api)'
2025-11-27 13:08:06.053 +01:00 [INF] Route matched with {action = "GetUnreadCount", controller = "Notification"}. Executing controller action with signature System.Threading.Tasks.Task`1[Microsoft.AspNetCore.Mvc.ActionResult`1[System.Int32]] GetUnreadCount() on controller HomeCareApp.Controllers.NotificationController (api).
2025-11-27 13:08:06.057 +01:00 [INF] [NotificationController] Getting unread count for UserId: c1f2f090-f2e3-47ca-9113-d905d27c42f4
2025-11-27 13:08:06.057 +01:00 [INF] [NotificationRepository] GetUnreadCountAsync(c1f2f090-f2e3-47ca-9113-d905d27c42f4) - Getting unread count for user
2025-11-27 13:08:06.060 +01:00 [INF] [NotificationRepository] GetUnreadCountAsync(c1f2f090-f2e3-47ca-9113-d905d27c42f4) - User has 0 unread notifications
2025-11-27 13:08:06.060 +01:00 [INF] [NotificationController] Found 0 unread notifications for UserId: c1f2f090-f2e3-47ca-9113-d905d27c42f4
2025-11-27 13:08:06.061 +01:00 [INF] Executing OkObjectResult, writing value of type 'System.Int32'.
2025-11-27 13:08:06.061 +01:00 [INF] Executed action HomeCareApp.Controllers.NotificationController.GetUnreadCount (api) in 7.6991ms
2025-11-27 13:08:06.061 +01:00 [INF] Executed endpoint 'HomeCareApp.Controllers.NotificationController.GetUnreadCount (api)'
2025-11-27 13:08:06.061 +01:00 [INF] Request finished HTTP/1.1 GET http://localhost:5090/api/Notification/unread-count - 200 1 application/json; charset=utf-8 14.001ms
2025-11-27 13:08:06.062 +01:00 [INF] Request starting HTTP/1.1 GET http://localhost:5090/api/Notification/unread-count - application/json null
2025-11-27 13:08:06.062 +01:00 [INF] CORS policy execution successful.
2025-11-27 13:08:06.063 +01:00 [INF] Executing endpoint 'HomeCareApp.Controllers.NotificationController.GetUnreadCount (api)'
2025-11-27 13:08:06.063 +01:00 [INF] Route matched with {action = "GetUnreadCount", controller = "Notification"}. Executing controller action with signature System.Threading.Tasks.Task`1[Microsoft.AspNetCore.Mvc.ActionResult`1[System.Int32]] GetUnreadCount() on controller HomeCareApp.Controllers.NotificationController (api).
2025-11-27 13:08:06.063 +01:00 [INF] [NotificationController] Getting unread count for UserId: c1f2f090-f2e3-47ca-9113-d905d27c42f4
2025-11-27 13:08:06.063 +01:00 [INF] [NotificationRepository] GetUnreadCountAsync(c1f2f090-f2e3-47ca-9113-d905d27c42f4) - Getting unread count for user
2025-11-27 13:08:06.065 +01:00 [INF] [NotificationRepository] GetUnreadCountAsync(c1f2f090-f2e3-47ca-9113-d905d27c42f4) - User has 0 unread notifications
2025-11-27 13:08:06.065 +01:00 [INF] [NotificationController] Found 0 unread notifications for UserId: c1f2f090-f2e3-47ca-9113-d905d27c42f4
2025-11-27 13:08:06.065 +01:00 [INF] Executing OkObjectResult, writing value of type 'System.Int32'.
2025-11-27 13:08:06.066 +01:00 [INF] Executed action HomeCareApp.Controllers.NotificationController.GetUnreadCount (api) in 2.676ms
2025-11-27 13:08:06.066 +01:00 [INF] Executed endpoint 'HomeCareApp.Controllers.NotificationController.GetUnreadCount (api)'
2025-11-27 13:08:06.066 +01:00 [INF] Request finished HTTP/1.1 GET http://localhost:5090/api/Notification/unread-count - 200 1 application/json; charset=utf-8 3.9659ms
2025-11-27 13:08:06.067 +01:00 [INF] Request starting HTTP/1.1 GET http://localhost:5090/api/Notification/unread-count - application/json null
2025-11-27 13:08:06.067 +01:00 [INF] CORS policy execution successful.
2025-11-27 13:08:06.068 +01:00 [INF] Executing endpoint 'HomeCareApp.Controllers.NotificationController.GetUnreadCount (api)'
2025-11-27 13:08:06.068 +01:00 [INF] Route matched with {action = "GetUnreadCount", controller = "Notification"}. Executing controller action with signature System.Threading.Tasks.Task`1[Microsoft.AspNetCore.Mvc.ActionResult`1[System.Int32]] GetUnreadCount() on controller HomeCareApp.Controllers.NotificationController (api).
2025-11-27 13:08:06.069 +01:00 [INF] [NotificationController] Getting unread count for UserId: c1f2f090-f2e3-47ca-9113-d905d27c42f4
2025-11-27 13:08:06.069 +01:00 [INF] [NotificationRepository] GetUnreadCountAsync(c1f2f090-f2e3-47ca-9113-d905d27c42f4) - Getting unread count for user
2025-11-27 13:08:06.070 +01:00 [INF] [NotificationRepository] GetUnreadCountAsync(c1f2f090-f2e3-47ca-9113-d905d27c42f4) - User has 0 unread notifications
2025-11-27 13:08:06.070 +01:00 [INF] [NotificationController] Found 0 unread notifications for UserId: c1f2f090-f2e3-47ca-9113-d905d27c42f4
2025-11-27 13:08:06.071 +01:00 [INF] Executing OkObjectResult, writing value of type 'System.Int32'.
2025-11-27 13:08:06.071 +01:00 [INF] Executed action HomeCareApp.Controllers.NotificationController.GetUnreadCount (api) in 2.55ms
2025-11-27 13:08:06.071 +01:00 [INF] Executed endpoint 'HomeCareApp.Controllers.NotificationController.GetUnreadCount (api)'
2025-11-27 13:08:06.071 +01:00 [INF] Request finished HTTP/1.1 GET http://localhost:5090/api/Notification/unread-count - 200 1 application/json; charset=utf-8 3.8437ms
2025-11-27 13:08:06.072 +01:00 [INF] Request starting HTTP/1.1 GET http://localhost:5090/api/Notification/unread-count - application/json null
2025-11-27 13:08:06.072 +01:00 [INF] CORS policy execution successful.
2025-11-27 13:08:06.072 +01:00 [INF] Executing endpoint 'HomeCareApp.Controllers.NotificationController.GetUnreadCount (api)'
2025-11-27 13:08:06.072 +01:00 [INF] Route matched with {action = "GetUnreadCount", controller = "Notification"}. Executing controller action with signature System.Threading.Tasks.Task`1[Microsoft.AspNetCore.Mvc.ActionResult`1[System.Int32]] GetUnreadCount() on controller HomeCareApp.Controllers.NotificationController (api).
2025-11-27 13:08:06.073 +01:00 [INF] [NotificationController] Getting unread count for UserId: c1f2f090-f2e3-47ca-9113-d905d27c42f4
2025-11-27 13:08:06.073 +01:00 [INF] [NotificationRepository] GetUnreadCountAsync(c1f2f090-f2e3-47ca-9113-d905d27c42f4) - Getting unread count for user
2025-11-27 13:08:06.074 +01:00 [INF] [NotificationRepository] GetUnreadCountAsync(c1f2f090-f2e3-47ca-9113-d905d27c42f4) - User has 0 unread notifications
2025-11-27 13:08:06.075 +01:00 [INF] [NotificationController] Found 0 unread notifications for UserId: c1f2f090-f2e3-47ca-9113-d905d27c42f4
2025-11-27 13:08:06.075 +01:00 [INF] Executing OkObjectResult, writing value of type 'System.Int32'.
2025-11-27 13:08:06.075 +01:00 [INF] Executed action HomeCareApp.Controllers.NotificationController.GetUnreadCount (api) in 2.3977ms
2025-11-27 13:08:06.075 +01:00 [INF] Executed endpoint 'HomeCareApp.Controllers.NotificationController.GetUnreadCount (api)'
2025-11-27 13:08:06.075 +01:00 [INF] Request finished HTTP/1.1 GET http://localhost:5090/api/Notification/unread-count - 200 1 application/json; charset=utf-8 3.4471ms
2025-11-27 13:08:06.077 +01:00 [INF] Request starting HTTP/1.1 GET http://localhost:5090/api/Notification/unread-count - application/json null
2025-11-27 13:08:06.077 +01:00 [INF] CORS policy execution successful.
2025-11-27 13:08:06.077 +01:00 [INF] Executing endpoint 'HomeCareApp.Controllers.NotificationController.GetUnreadCount (api)'
2025-11-27 13:08:06.078 +01:00 [INF] Route matched with {action = "GetUnreadCount", controller = "Notification"}. Executing controller action with signature System.Threading.Tasks.Task`1[Microsoft.AspNetCore.Mvc.ActionResult`1[System.Int32]] GetUnreadCount() on controller HomeCareApp.Controllers.NotificationController (api).
2025-11-27 13:08:06.078 +01:00 [INF] [NotificationController] Getting unread count for UserId: c1f2f090-f2e3-47ca-9113-d905d27c42f4
2025-11-27 13:08:06.078 +01:00 [INF] [NotificationRepository] GetUnreadCountAsync(c1f2f090-f2e3-47ca-9113-d905d27c42f4) - Getting unread count for user
2025-11-27 13:08:06.080 +01:00 [INF] [NotificationRepository] GetUnreadCountAsync(c1f2f090-f2e3-47ca-9113-d905d27c42f4) - User has 0 unread notifications
2025-11-27 13:08:06.080 +01:00 [INF] [NotificationController] Found 0 unread notifications for UserId: c1f2f090-f2e3-47ca-9113-d905d27c42f4
2025-11-27 13:08:06.080 +01:00 [INF] Executing OkObjectResult, writing value of type 'System.Int32'.
2025-11-27 13:08:06.080 +01:00 [INF] Executed action HomeCareApp.Controllers.NotificationController.GetUnreadCount (api) in 2.3999ms
2025-11-27 13:08:06.080 +01:00 [INF] Executed endpoint 'HomeCareApp.Controllers.NotificationController.GetUnreadCount (api)'
2025-11-27 13:08:06.080 +01:00 [INF] Request finished HTTP/1.1 GET http://localhost:5090/api/Notification/unread-count - 200 1 application/json; charset=utf-8 3.7189ms
2025-11-27 13:08:06.278 +01:00 [INF] Request starting HTTP/1.1 OPTIONS http://localhost:5090/api/patient/user/c1f2f090-f2e3-47ca-9113-d905d27c42f4 - null null
2025-11-27 13:08:06.278 +01:00 [INF] Request starting HTTP/1.1 OPTIONS http://localhost:5090/api/patient/user/c1f2f090-f2e3-47ca-9113-d905d27c42f4 - null null
2025-11-27 13:08:06.278 +01:00 [INF] CORS policy execution successful.
2025-11-27 13:08:06.278 +01:00 [INF] CORS policy execution successful.
2025-11-27 13:08:06.278 +01:00 [INF] Request finished HTTP/1.1 OPTIONS http://localhost:5090/api/patient/user/c1f2f090-f2e3-47ca-9113-d905d27c42f4 - 204 null null 0.3174ms
2025-11-27 13:08:06.278 +01:00 [INF] Request finished HTTP/1.1 OPTIONS http://localhost:5090/api/patient/user/c1f2f090-f2e3-47ca-9113-d905d27c42f4 - 204 null null 0.3882ms
2025-11-27 13:08:06.279 +01:00 [INF] Request starting HTTP/1.1 GET http://localhost:5090/api/patient/user/c1f2f090-f2e3-47ca-9113-d905d27c42f4 - application/json null
2025-11-27 13:08:06.279 +01:00 [INF] CORS policy execution successful.
2025-11-27 13:08:06.280 +01:00 [INF] Executing endpoint 'HomeCareApp.Controllers.PatientController.GetPatientByUserId (api)'
2025-11-27 13:08:06.289 +01:00 [INF] Route matched with {action = "GetPatientByUserId", controller = "Patient"}. Executing controller action with signature System.Threading.Tasks.Task`1[Microsoft.AspNetCore.Mvc.ActionResult`1[HomeCareApp.DTOs.PatientDto]] GetPatientByUserId(System.String) on controller HomeCareApp.Controllers.PatientController (api).
2025-11-27 13:08:06.296 +01:00 [INF] [PatientController] Getting patient by UserId: c1f2f090-f2e3-47ca-9113-d905d27c42f4
2025-11-27 13:08:06.297 +01:00 [INF] [PatientRepository] GetAll() - Retrieving all patients
2025-11-27 13:08:06.324 +01:00 [INF] [PatientRepository] GetAll() - Successfully retrieved 1 patients
2025-11-27 13:08:06.324 +01:00 [INF] [PatientController] Total patients in database: 1
2025-11-27 13:08:06.324 +01:00 [INF] [PatientController] Successfully retrieved patient 1 for UserId: c1f2f090-f2e3-47ca-9113-d905d27c42f4
2025-11-27 13:08:06.325 +01:00 [INF] Executing OkObjectResult, writing value of type 'HomeCareApp.DTOs.PatientDto'.
2025-11-27 13:08:06.347 +01:00 [INF] Executed action HomeCareApp.Controllers.PatientController.GetPatientByUserId (api) in 57.0884ms
2025-11-27 13:08:06.347 +01:00 [INF] Executed endpoint 'HomeCareApp.Controllers.PatientController.GetPatientByUserId (api)'
2025-11-27 13:08:06.347 +01:00 [INF] Request finished HTTP/1.1 GET http://localhost:5090/api/patient/user/c1f2f090-f2e3-47ca-9113-d905d27c42f4 - 200 223 application/json; charset=utf-8 67.579ms
2025-11-27 13:08:06.348 +01:00 [INF] Request starting HTTP/1.1 GET http://localhost:5090/api/patient/user/c1f2f090-f2e3-47ca-9113-d905d27c42f4 - application/json null
2025-11-27 13:08:06.349 +01:00 [INF] CORS policy execution successful.
2025-11-27 13:08:06.349 +01:00 [INF] Executing endpoint 'HomeCareApp.Controllers.PatientController.GetPatientByUserId (api)'
2025-11-27 13:08:06.349 +01:00 [INF] Route matched with {action = "GetPatientByUserId", controller = "Patient"}. Executing controller action with signature System.Threading.Tasks.Task`1[Microsoft.AspNetCore.Mvc.ActionResult`1[HomeCareApp.DTOs.PatientDto]] GetPatientByUserId(System.String) on controller HomeCareApp.Controllers.PatientController (api).
2025-11-27 13:08:06.350 +01:00 [INF] [PatientController] Getting patient by UserId: c1f2f090-f2e3-47ca-9113-d905d27c42f4
2025-11-27 13:08:06.350 +01:00 [INF] [PatientRepository] GetAll() - Retrieving all patients
2025-11-27 13:08:06.352 +01:00 [INF] [PatientRepository] GetAll() - Successfully retrieved 1 patients
2025-11-27 13:08:06.352 +01:00 [INF] [PatientController] Total patients in database: 1
2025-11-27 13:08:06.352 +01:00 [INF] [PatientController] Successfully retrieved patient 1 for UserId: c1f2f090-f2e3-47ca-9113-d905d27c42f4
2025-11-27 13:08:06.352 +01:00 [INF] Executing OkObjectResult, writing value of type 'HomeCareApp.DTOs.PatientDto'.
2025-11-27 13:08:06.353 +01:00 [INF] Executed action HomeCareApp.Controllers.PatientController.GetPatientByUserId (api) in 3.575ms
2025-11-27 13:08:06.353 +01:00 [INF] Executed endpoint 'HomeCareApp.Controllers.PatientController.GetPatientByUserId (api)'
2025-11-27 13:08:06.353 +01:00 [INF] Request finished HTTP/1.1 GET http://localhost:5090/api/patient/user/c1f2f090-f2e3-47ca-9113-d905d27c42f4 - 200 223 application/json; charset=utf-8 4.7171ms
2025-11-27 13:08:09.567 +01:00 [INF] Request starting HTTP/1.1 OPTIONS http://localhost:5090/api/Auth/login - null null
2025-11-27 13:08:09.567 +01:00 [INF] CORS policy execution successful.
2025-11-27 13:08:09.567 +01:00 [INF] Request finished HTTP/1.1 OPTIONS http://localhost:5090/api/Auth/login - 204 null null 0.5614ms
2025-11-27 13:08:09.569 +01:00 [INF] Request starting HTTP/1.1 POST http://localhost:5090/api/Auth/login - application/json 54
2025-11-27 13:08:09.569 +01:00 [INF] CORS policy execution successful.
2025-11-27 13:08:09.570 +01:00 [INF] Executing endpoint 'HomeCareApp.Controllers.AuthController.Login (api)'
2025-11-27 13:08:09.572 +01:00 [INF] Route matched with {action = "Login", controller = "Auth"}. Executing controller action with signature System.Threading.Tasks.Task`1[Microsoft.AspNetCore.Mvc.IActionResult] Login(HomeCareApp.DTOs.LoginDto) on controller HomeCareApp.Controllers.AuthController (api).
2025-11-27 13:08:09.701 +01:00 [INF] [AuthAPIController] user authorised for SusannePatient
2025-11-27 13:08:09.732 +01:00 [INF] [AuthAPIController] JWT token created for SusannePatient with roles Patient
2025-11-27 13:08:09.732 +01:00 [INF] [AuthAPIController] JWT token claims: sub=c1f2f090-f2e3-47ca-9113-d905d27c42f4, email=susanne@patient.com, http://schemas.xmlsoap.org/ws/2005/05/identity/claims/nameidentifier=c1f2f090-f2e3-47ca-9113-d905d27c42f4, http://schemas.xmlsoap.org/ws/2005/05/identity/claims/name=SusannePatient, username=SusannePatient, userid=c1f2f090-f2e3-47ca-9113-d905d27c42f4, nameid=c1f2f090-f2e3-47ca-9113-d905d27c42f4, jti=691a20ab-32f3-4b09-ad58-765865405353, iat=1764245289, http://schemas.microsoft.com/ws/2008/06/identity/claims/role=Patient, role=Patient
2025-11-27 13:08:09.737 +01:00 [INF] Executing OkObjectResult, writing value of type '<>f__AnonymousType3`1[[System.String, System.Private.CoreLib, Version=8.0.0.0, Culture=neutral, PublicKeyToken=7cec85d7bea7798e]]'.
2025-11-27 13:08:09.741 +01:00 [INF] Executed action HomeCareApp.Controllers.AuthController.Login (api) in 168.1632ms
2025-11-27 13:08:09.741 +01:00 [INF] Executed endpoint 'HomeCareApp.Controllers.AuthController.Login (api)'
2025-11-27 13:08:09.741 +01:00 [INF] Request finished HTTP/1.1 POST http://localhost:5090/api/Auth/login - 200 892 application/json; charset=utf-8 172.3323ms
2025-11-27 13:08:09.744 +01:00 [INF] Request starting HTTP/1.1 GET http://localhost:5090/api/patient/user/c1f2f090-f2e3-47ca-9113-d905d27c42f4 - application/json null
2025-11-27 13:08:09.744 +01:00 [INF] CORS policy execution successful.
2025-11-27 13:08:09.744 +01:00 [INF] Executing endpoint 'HomeCareApp.Controllers.PatientController.GetPatientByUserId (api)'
2025-11-27 13:08:09.745 +01:00 [INF] Route matched with {action = "GetPatientByUserId", controller = "Patient"}. Executing controller action with signature System.Threading.Tasks.Task`1[Microsoft.AspNetCore.Mvc.ActionResult`1[HomeCareApp.DTOs.PatientDto]] GetPatientByUserId(System.String) on controller HomeCareApp.Controllers.PatientController (api).
2025-11-27 13:08:09.745 +01:00 [INF] [PatientController] Getting patient by UserId: c1f2f090-f2e3-47ca-9113-d905d27c42f4
2025-11-27 13:08:09.745 +01:00 [INF] [PatientRepository] GetAll() - Retrieving all patients
2025-11-27 13:08:09.746 +01:00 [INF] [PatientRepository] GetAll() - Successfully retrieved 1 patients
2025-11-27 13:08:09.747 +01:00 [INF] [PatientController] Total patients in database: 1
2025-11-27 13:08:09.747 +01:00 [INF] [PatientController] Successfully retrieved patient 1 for UserId: c1f2f090-f2e3-47ca-9113-d905d27c42f4
2025-11-27 13:08:09.747 +01:00 [INF] Executing OkObjectResult, writing value of type 'HomeCareApp.DTOs.PatientDto'.
2025-11-27 13:08:09.747 +01:00 [INF] Executed action HomeCareApp.Controllers.PatientController.GetPatientByUserId (api) in 2.5593ms
2025-11-27 13:08:09.747 +01:00 [INF] Executed endpoint 'HomeCareApp.Controllers.PatientController.GetPatientByUserId (api)'
2025-11-27 13:08:09.747 +01:00 [INF] Request finished HTTP/1.1 GET http://localhost:5090/api/patient/user/c1f2f090-f2e3-47ca-9113-d905d27c42f4 - 200 223 application/json; charset=utf-8 3.7054ms
2025-11-27 13:08:09.751 +01:00 [INF] Request starting HTTP/1.1 OPTIONS http://localhost:5090/api/Notification/unread-count - null null
2025-11-27 13:08:09.751 +01:00 [INF] CORS policy execution successful.
2025-11-27 13:08:09.751 +01:00 [INF] Request finished HTTP/1.1 OPTIONS http://localhost:5090/api/Notification/unread-count - 204 null null 0.2809ms
2025-11-27 13:08:09.752 +01:00 [INF] Request starting HTTP/1.1 GET http://localhost:5090/api/Notification/unread-count - application/json null
2025-11-27 13:08:09.752 +01:00 [INF] CORS policy execution successful.
2025-11-27 13:08:09.752 +01:00 [INF] Executing endpoint 'HomeCareApp.Controllers.NotificationController.GetUnreadCount (api)'
2025-11-27 13:08:09.753 +01:00 [INF] Route matched with {action = "GetUnreadCount", controller = "Notification"}. Executing controller action with signature System.Threading.Tasks.Task`1[Microsoft.AspNetCore.Mvc.ActionResult`1[System.Int32]] GetUnreadCount() on controller HomeCareApp.Controllers.NotificationController (api).
2025-11-27 13:08:09.753 +01:00 [INF] [NotificationController] Getting unread count for UserId: c1f2f090-f2e3-47ca-9113-d905d27c42f4
2025-11-27 13:08:09.753 +01:00 [INF] [NotificationRepository] GetUnreadCountAsync(c1f2f090-f2e3-47ca-9113-d905d27c42f4) - Getting unread count for user
2025-11-27 13:08:09.754 +01:00 [INF] [NotificationRepository] GetUnreadCountAsync(c1f2f090-f2e3-47ca-9113-d905d27c42f4) - User has 0 unread notifications
2025-11-27 13:08:09.754 +01:00 [INF] [NotificationController] Found 0 unread notifications for UserId: c1f2f090-f2e3-47ca-9113-d905d27c42f4
2025-11-27 13:08:09.755 +01:00 [INF] Executing OkObjectResult, writing value of type 'System.Int32'.
2025-11-27 13:08:09.755 +01:00 [INF] Executed action HomeCareApp.Controllers.NotificationController.GetUnreadCount (api) in 2.4208ms
2025-11-27 13:08:09.755 +01:00 [INF] Executed endpoint 'HomeCareApp.Controllers.NotificationController.GetUnreadCount (api)'
2025-11-27 13:08:09.755 +01:00 [INF] Request finished HTTP/1.1 GET http://localhost:5090/api/Notification/unread-count - 200 1 application/json; charset=utf-8 3.3427ms
2025-11-27 13:08:09.758 +01:00 [INF] Request starting HTTP/1.1 GET http://localhost:5090/api/Notification/unread-count - application/json null
2025-11-27 13:08:09.758 +01:00 [INF] CORS policy execution successful.
2025-11-27 13:08:09.758 +01:00 [INF] Executing endpoint 'HomeCareApp.Controllers.NotificationController.GetUnreadCount (api)'
2025-11-27 13:08:09.758 +01:00 [INF] Route matched with {action = "GetUnreadCount", controller = "Notification"}. Executing controller action with signature System.Threading.Tasks.Task`1[Microsoft.AspNetCore.Mvc.ActionResult`1[System.Int32]] GetUnreadCount() on controller HomeCareApp.Controllers.NotificationController (api).
2025-11-27 13:08:09.759 +01:00 [INF] [NotificationController] Getting unread count for UserId: c1f2f090-f2e3-47ca-9113-d905d27c42f4
2025-11-27 13:08:09.759 +01:00 [INF] [NotificationRepository] GetUnreadCountAsync(c1f2f090-f2e3-47ca-9113-d905d27c42f4) - Getting unread count for user
2025-11-27 13:08:09.760 +01:00 [INF] [NotificationRepository] GetUnreadCountAsync(c1f2f090-f2e3-47ca-9113-d905d27c42f4) - User has 0 unread notifications
2025-11-27 13:08:09.760 +01:00 [INF] [NotificationController] Found 0 unread notifications for UserId: c1f2f090-f2e3-47ca-9113-d905d27c42f4
2025-11-27 13:08:09.760 +01:00 [INF] Executing OkObjectResult, writing value of type 'System.Int32'.
2025-11-27 13:08:09.760 +01:00 [INF] Executed action HomeCareApp.Controllers.NotificationController.GetUnreadCount (api) in 1.9365ms
2025-11-27 13:08:09.760 +01:00 [INF] Executed endpoint 'HomeCareApp.Controllers.NotificationController.GetUnreadCount (api)'
2025-11-27 13:08:09.761 +01:00 [INF] Request finished HTTP/1.1 GET http://localhost:5090/api/Notification/unread-count - 200 1 application/json; charset=utf-8 2.8364ms
2025-11-27 13:08:11.632 +01:00 [INF] Request starting HTTP/1.1 OPTIONS http://localhost:5090/api/patient/user/c1f2f090-f2e3-47ca-9113-d905d27c42f4 - null null
2025-11-27 13:08:11.632 +01:00 [INF] Request starting HTTP/1.1 OPTIONS http://localhost:5090/api/patient/user/c1f2f090-f2e3-47ca-9113-d905d27c42f4 - null null
2025-11-27 13:08:11.632 +01:00 [INF] CORS policy execution successful.
2025-11-27 13:08:11.632 +01:00 [INF] CORS policy execution successful.
2025-11-27 13:08:11.632 +01:00 [INF] Request finished HTTP/1.1 OPTIONS http://localhost:5090/api/patient/user/c1f2f090-f2e3-47ca-9113-d905d27c42f4 - 204 null null 0.4277ms
2025-11-27 13:08:11.632 +01:00 [INF] Request finished HTTP/1.1 OPTIONS http://localhost:5090/api/patient/user/c1f2f090-f2e3-47ca-9113-d905d27c42f4 - 204 null null 0.4276ms
2025-11-27 13:08:11.633 +01:00 [INF] Request starting HTTP/1.1 GET http://localhost:5090/api/patient/user/c1f2f090-f2e3-47ca-9113-d905d27c42f4 - application/json null
2025-11-27 13:08:11.633 +01:00 [INF] CORS policy execution successful.
2025-11-27 13:08:11.634 +01:00 [INF] Executing endpoint 'HomeCareApp.Controllers.PatientController.GetPatientByUserId (api)'
2025-11-27 13:08:11.634 +01:00 [INF] Route matched with {action = "GetPatientByUserId", controller = "Patient"}. Executing controller action with signature System.Threading.Tasks.Task`1[Microsoft.AspNetCore.Mvc.ActionResult`1[HomeCareApp.DTOs.PatientDto]] GetPatientByUserId(System.String) on controller HomeCareApp.Controllers.PatientController (api).
2025-11-27 13:08:11.634 +01:00 [INF] [PatientController] Getting patient by UserId: c1f2f090-f2e3-47ca-9113-d905d27c42f4
2025-11-27 13:08:11.634 +01:00 [INF] [PatientRepository] GetAll() - Retrieving all patients
2025-11-27 13:08:11.636 +01:00 [INF] [PatientRepository] GetAll() - Successfully retrieved 1 patients
2025-11-27 13:08:11.636 +01:00 [INF] [PatientController] Total patients in database: 1
2025-11-27 13:08:11.636 +01:00 [INF] [PatientController] Successfully retrieved patient 1 for UserId: c1f2f090-f2e3-47ca-9113-d905d27c42f4
2025-11-27 13:08:11.636 +01:00 [INF] Executing OkObjectResult, writing value of type 'HomeCareApp.DTOs.PatientDto'.
2025-11-27 13:08:11.637 +01:00 [INF] Executed action HomeCareApp.Controllers.PatientController.GetPatientByUserId (api) in 2.8893ms
2025-11-27 13:08:11.637 +01:00 [INF] Executed endpoint 'HomeCareApp.Controllers.PatientController.GetPatientByUserId (api)'
2025-11-27 13:08:11.637 +01:00 [INF] Request finished HTTP/1.1 GET http://localhost:5090/api/patient/user/c1f2f090-f2e3-47ca-9113-d905d27c42f4 - 200 223 application/json; charset=utf-8 3.8575ms
2025-11-27 13:08:11.638 +01:00 [INF] Request starting HTTP/1.1 GET http://localhost:5090/api/patient/user/c1f2f090-f2e3-47ca-9113-d905d27c42f4 - application/json null
2025-11-27 13:08:11.638 +01:00 [INF] CORS policy execution successful.
2025-11-27 13:08:11.639 +01:00 [INF] Executing endpoint 'HomeCareApp.Controllers.PatientController.GetPatientByUserId (api)'
2025-11-27 13:08:11.639 +01:00 [INF] Route matched with {action = "GetPatientByUserId", controller = "Patient"}. Executing controller action with signature System.Threading.Tasks.Task`1[Microsoft.AspNetCore.Mvc.ActionResult`1[HomeCareApp.DTOs.PatientDto]] GetPatientByUserId(System.String) on controller HomeCareApp.Controllers.PatientController (api).
2025-11-27 13:08:11.639 +01:00 [INF] [PatientController] Getting patient by UserId: c1f2f090-f2e3-47ca-9113-d905d27c42f4
2025-11-27 13:08:11.639 +01:00 [INF] [PatientRepository] GetAll() - Retrieving all patients
2025-11-27 13:08:11.640 +01:00 [INF] [PatientRepository] GetAll() - Successfully retrieved 1 patients
2025-11-27 13:08:11.640 +01:00 [INF] [PatientController] Total patients in database: 1
2025-11-27 13:08:11.640 +01:00 [INF] [PatientController] Successfully retrieved patient 1 for UserId: c1f2f090-f2e3-47ca-9113-d905d27c42f4
2025-11-27 13:08:11.640 +01:00 [INF] Executing OkObjectResult, writing value of type 'HomeCareApp.DTOs.PatientDto'.
2025-11-27 13:08:11.640 +01:00 [INF] Executed action HomeCareApp.Controllers.PatientController.GetPatientByUserId (api) in 1.1895ms
2025-11-27 13:08:11.640 +01:00 [INF] Executed endpoint 'HomeCareApp.Controllers.PatientController.GetPatientByUserId (api)'
2025-11-27 13:08:11.640 +01:00 [INF] Request finished HTTP/1.1 GET http://localhost:5090/api/patient/user/c1f2f090-f2e3-47ca-9113-d905d27c42f4 - 200 223 application/json; charset=utf-8 1.9139ms
2025-11-27 13:08:19.288 +01:00 [INF] Request starting HTTP/1.1 OPTIONS http://localhost:5090/api/patient/1 - null null
2025-11-27 13:08:19.288 +01:00 [INF] CORS policy execution successful.
2025-11-27 13:08:19.289 +01:00 [INF] Request finished HTTP/1.1 OPTIONS http://localhost:5090/api/patient/1 - 204 null null 0.6067ms
2025-11-27 13:08:19.289 +01:00 [INF] Request starting HTTP/1.1 PUT http://localhost:5090/api/patient/1 - application/json 244
2025-11-27 13:08:19.290 +01:00 [INF] CORS policy execution successful.
2025-11-27 13:08:19.290 +01:00 [INF] Executing endpoint 'HomeCareApp.Controllers.PatientController.UpdatePatient (api)'
2025-11-27 13:08:19.293 +01:00 [INF] Route matched with {action = "UpdatePatient", controller = "Patient"}. Executing controller action with signature System.Threading.Tasks.Task`1[Microsoft.AspNetCore.Mvc.IActionResult] UpdatePatient(Int32, HomeCareApp.DTOs.PatientDto) on controller HomeCareApp.Controllers.PatientController (api).
2025-11-27 13:08:19.308 +01:00 [INF] [PatientController] Updating patient with ID: 1
2025-11-27 13:08:19.309 +01:00 [INF] [PatientRepository] GetPatientById(1) - Retrieving patient
2025-11-27 13:08:19.336 +01:00 [INF] [PatientRepository] GetPatientById(1) - Patient found: Susanne Patientname
2025-11-27 13:08:19.338 +01:00 [INF] [PatientRepository] Update() - Updating patient: Susanne Patientname (ID: 1)
2025-11-27 13:08:19.377 +01:00 [ERR] [PatientRepository] Update() failed for patient: Susanne Patientname (ID: 1) - The instance of entity type 'Patient' cannot be tracked because another instance with the same key value for {'PatientId'} is already being tracked. When attaching existing entities, ensure that only one entity instance with a given key value is attached. Consider using 'DbContextOptionsBuilder.EnableSensitiveDataLogging' to see the conflicting key values.
System.InvalidOperationException: The instance of entity type 'Patient' cannot be tracked because another instance with the same key value for {'PatientId'} is already being tracked. When attaching existing entities, ensure that only one entity instance with a given key value is attached. Consider using 'DbContextOptionsBuilder.EnableSensitiveDataLogging' to see the conflicting key values.
   at Microsoft.EntityFrameworkCore.ChangeTracking.Internal.IdentityMap`1.ThrowIdentityConflict(InternalEntityEntry entry)
   at Microsoft.EntityFrameworkCore.ChangeTracking.Internal.IdentityMap`1.Add(TKey key, InternalEntityEntry entry, Boolean updateDuplicate)
   at Microsoft.EntityFrameworkCore.ChangeTracking.Internal.IdentityMap`1.Add(TKey key, InternalEntityEntry entry)
   at Microsoft.EntityFrameworkCore.ChangeTracking.Internal.IdentityMap`1.Add(InternalEntityEntry entry)
   at Microsoft.EntityFrameworkCore.ChangeTracking.Internal.StateManager.StartTracking(InternalEntityEntry entry)
   at Microsoft.EntityFrameworkCore.ChangeTracking.Internal.InternalEntityEntry.SetEntityState(EntityState oldState, EntityState newState, Boolean acceptChanges, Boolean modifyProperties)
   at Microsoft.EntityFrameworkCore.ChangeTracking.Internal.InternalEntityEntry.SetEntityState(EntityState entityState, Boolean acceptChanges, Boolean modifyProperties, Nullable`1 forceStateWhenUnknownKey, Nullable`1 fallbackState)
   at Microsoft.EntityFrameworkCore.ChangeTracking.Internal.EntityGraphAttacher.PaintAction(EntityEntryGraphNode`1 node)
   at Microsoft.EntityFrameworkCore.ChangeTracking.Internal.EntityEntryGraphIterator.TraverseGraph[TState](EntityEntryGraphNode`1 node, Func`2 handleNode)
   at Microsoft.EntityFrameworkCore.ChangeTracking.Internal.EntityGraphAttacher.AttachGraph(InternalEntityEntry rootEntry, EntityState targetState, EntityState storeGeneratedWithKeySetTargetState, Boolean forceStateWhenUnknownKey)
   at Microsoft.EntityFrameworkCore.Internal.InternalDbSet`1.SetEntityState(InternalEntityEntry entry, EntityState entityState)
   at Microsoft.EntityFrameworkCore.Internal.InternalDbSet`1.Update(TEntity entity)
   at HomeCareApp.Repositories.Implementations.PatientRepository.Update(Patient patient) in C:\Users\B\Documents\ITPE3200\React-Homecare\api\Repositories\Implementations\PatientRepository.cs:line 82
2025-11-27 13:08:19.378 +01:00 [INF] Executed action HomeCareApp.Controllers.PatientController.UpdatePatient (api) in 85.605ms
2025-11-27 13:08:19.379 +01:00 [INF] Executed endpoint 'HomeCareApp.Controllers.PatientController.UpdatePatient (api)'
2025-11-27 13:08:19.387 +01:00 [ERR] An unhandled exception has occurred while executing the request.
System.InvalidOperationException: The instance of entity type 'Patient' cannot be tracked because another instance with the same key value for {'PatientId'} is already being tracked. When attaching existing entities, ensure that only one entity instance with a given key value is attached. Consider using 'DbContextOptionsBuilder.EnableSensitiveDataLogging' to see the conflicting key values.
   at Microsoft.EntityFrameworkCore.ChangeTracking.Internal.IdentityMap`1.ThrowIdentityConflict(InternalEntityEntry entry)
   at Microsoft.EntityFrameworkCore.ChangeTracking.Internal.IdentityMap`1.Add(TKey key, InternalEntityEntry entry, Boolean updateDuplicate)
   at Microsoft.EntityFrameworkCore.ChangeTracking.Internal.IdentityMap`1.Add(TKey key, InternalEntityEntry entry)
   at Microsoft.EntityFrameworkCore.ChangeTracking.Internal.IdentityMap`1.Add(InternalEntityEntry entry)
   at Microsoft.EntityFrameworkCore.ChangeTracking.Internal.StateManager.StartTracking(InternalEntityEntry entry)
   at Microsoft.EntityFrameworkCore.ChangeTracking.Internal.InternalEntityEntry.SetEntityState(EntityState oldState, EntityState newState, Boolean acceptChanges, Boolean modifyProperties)
   at Microsoft.EntityFrameworkCore.ChangeTracking.Internal.InternalEntityEntry.SetEntityState(EntityState entityState, Boolean acceptChanges, Boolean modifyProperties, Nullable`1 forceStateWhenUnknownKey, Nullable`1 fallbackState)
   at Microsoft.EntityFrameworkCore.ChangeTracking.Internal.EntityGraphAttacher.PaintAction(EntityEntryGraphNode`1 node)
   at Microsoft.EntityFrameworkCore.ChangeTracking.Internal.EntityEntryGraphIterator.TraverseGraph[TState](EntityEntryGraphNode`1 node, Func`2 handleNode)
   at Microsoft.EntityFrameworkCore.ChangeTracking.Internal.EntityGraphAttacher.AttachGraph(InternalEntityEntry rootEntry, EntityState targetState, EntityState storeGeneratedWithKeySetTargetState, Boolean forceStateWhenUnknownKey)
   at Microsoft.EntityFrameworkCore.Internal.InternalDbSet`1.SetEntityState(InternalEntityEntry entry, EntityState entityState)
   at Microsoft.EntityFrameworkCore.Internal.InternalDbSet`1.Update(TEntity entity)
   at HomeCareApp.Repositories.Implementations.PatientRepository.Update(Patient patient) in C:\Users\B\Documents\ITPE3200\React-Homecare\api\Repositories\Implementations\PatientRepository.cs:line 82
   at HomeCareApp.Controllers.PatientController.UpdatePatient(Int32 id, PatientDto patientDto) in C:\Users\B\Documents\ITPE3200\React-Homecare\api\Controllers\PatientController.cs:line 102
   at Microsoft.AspNetCore.Mvc.Infrastructure.ActionMethodExecutor.TaskOfIActionResultExecutor.Execute(ActionContext actionContext, IActionResultTypeMapper mapper, ObjectMethodExecutor executor, Object controller, Object[] arguments)
   at Microsoft.AspNetCore.Mvc.Infrastructure.ControllerActionInvoker.<InvokeActionMethodAsync>g__Awaited|12_0(ControllerActionInvoker invoker, ValueTask`1 actionResultValueTask)
   at Microsoft.AspNetCore.Mvc.Infrastructure.ControllerActionInvoker.<InvokeNextActionFilterAsync>g__Awaited|10_0(ControllerActionInvoker invoker, Task lastTask, State next, Scope scope, Object state, Boolean isCompleted)
   at Microsoft.AspNetCore.Mvc.Infrastructure.ControllerActionInvoker.Rethrow(ActionExecutedContextSealed context)
   at Microsoft.AspNetCore.Mvc.Infrastructure.ControllerActionInvoker.Next(State& next, Scope& scope, Object& state, Boolean& isCompleted)
   at Microsoft.AspNetCore.Mvc.Infrastructure.ControllerActionInvoker.InvokeInnerFilterAsync()
--- End of stack trace from previous location ---
   at Microsoft.AspNetCore.Mvc.Infrastructure.ResourceInvoker.<InvokeFilterPipelineAsync>g__Awaited|20_0(ResourceInvoker invoker, Task lastTask, State next, Scope scope, Object state, Boolean isCompleted)
   at Microsoft.AspNetCore.Mvc.Infrastructure.ResourceInvoker.<InvokeAsync>g__Logged|17_1(ResourceInvoker invoker)
   at Microsoft.AspNetCore.Mvc.Infrastructure.ResourceInvoker.<InvokeAsync>g__Logged|17_1(ResourceInvoker invoker)
   at Microsoft.AspNetCore.Routing.EndpointMiddleware.<Invoke>g__AwaitRequestTask|7_0(Endpoint endpoint, Task requestTask, ILogger logger)
   at Microsoft.AspNetCore.Authorization.AuthorizationMiddleware.Invoke(HttpContext context)
   at Microsoft.AspNetCore.Authentication.AuthenticationMiddleware.Invoke(HttpContext context)
   at Swashbuckle.AspNetCore.SwaggerUI.SwaggerUIMiddleware.Invoke(HttpContext httpContext)
   at Swashbuckle.AspNetCore.Swagger.SwaggerMiddleware.Invoke(HttpContext httpContext, ISwaggerProvider swaggerProvider)
   at Microsoft.AspNetCore.Diagnostics.DeveloperExceptionPageMiddlewareImpl.Invoke(HttpContext context)
2025-11-27 13:08:19.394 +01:00 [INF] Request finished HTTP/1.1 PUT http://localhost:5090/api/patient/1 - 500 null text/plain; charset=utf-8 104.9351ms
2025-11-27 13:08:39.770 +01:00 [INF] Request starting HTTP/1.1 OPTIONS http://localhost:5090/api/Notification/unread-count - null null
2025-11-27 13:08:39.770 +01:00 [INF] CORS policy execution successful.
2025-11-27 13:08:39.770 +01:00 [INF] Request finished HTTP/1.1 OPTIONS http://localhost:5090/api/Notification/unread-count - 204 null null 0.6904ms
2025-11-27 13:08:39.772 +01:00 [INF] Request starting HTTP/1.1 GET http://localhost:5090/api/Notification/unread-count - application/json null
2025-11-27 13:08:39.772 +01:00 [INF] CORS policy execution successful.
2025-11-27 13:08:39.773 +01:00 [INF] Executing endpoint 'HomeCareApp.Controllers.NotificationController.GetUnreadCount (api)'
2025-11-27 13:08:39.773 +01:00 [INF] Route matched with {action = "GetUnreadCount", controller = "Notification"}. Executing controller action with signature System.Threading.Tasks.Task`1[Microsoft.AspNetCore.Mvc.ActionResult`1[System.Int32]] GetUnreadCount() on controller HomeCareApp.Controllers.NotificationController (api).
2025-11-27 13:08:39.774 +01:00 [INF] [NotificationController] Getting unread count for UserId: c1f2f090-f2e3-47ca-9113-d905d27c42f4
2025-11-27 13:08:39.774 +01:00 [INF] [NotificationRepository] GetUnreadCountAsync(c1f2f090-f2e3-47ca-9113-d905d27c42f4) - Getting unread count for user
2025-11-27 13:08:39.776 +01:00 [INF] [NotificationRepository] GetUnreadCountAsync(c1f2f090-f2e3-47ca-9113-d905d27c42f4) - User has 0 unread notifications
2025-11-27 13:08:39.776 +01:00 [INF] [NotificationController] Found 0 unread notifications for UserId: c1f2f090-f2e3-47ca-9113-d905d27c42f4
2025-11-27 13:08:39.776 +01:00 [INF] Executing OkObjectResult, writing value of type 'System.Int32'.
2025-11-27 13:08:39.776 +01:00 [INF] Executed action HomeCareApp.Controllers.NotificationController.GetUnreadCount (api) in 3.1611ms
2025-11-27 13:08:39.776 +01:00 [INF] Executed endpoint 'HomeCareApp.Controllers.NotificationController.GetUnreadCount (api)'
2025-11-27 13:08:39.777 +01:00 [INF] Request finished HTTP/1.1 GET http://localhost:5090/api/Notification/unread-count - 200 1 application/json; charset=utf-8 4.4446ms
2025-11-27 13:09:04.315 +01:00 [INF] Request starting HTTP/1.1 OPTIONS http://localhost:5090/api/Notification/unread-count - null null
2025-11-27 13:09:04.315 +01:00 [INF] CORS policy execution successful.
2025-11-27 13:09:04.315 +01:00 [INF] Request finished HTTP/1.1 OPTIONS http://localhost:5090/api/Notification/unread-count - 204 null null 0.4359ms
2025-11-27 13:09:04.316 +01:00 [INF] Request starting HTTP/1.1 GET http://localhost:5090/api/Notification/unread-count - application/json null
2025-11-27 13:09:04.317 +01:00 [INF] CORS policy execution successful.
2025-11-27 13:09:04.317 +01:00 [INF] Executing endpoint 'HomeCareApp.Controllers.NotificationController.GetUnreadCount (api)'
2025-11-27 13:09:04.317 +01:00 [INF] Route matched with {action = "GetUnreadCount", controller = "Notification"}. Executing controller action with signature System.Threading.Tasks.Task`1[Microsoft.AspNetCore.Mvc.ActionResult`1[System.Int32]] GetUnreadCount() on controller HomeCareApp.Controllers.NotificationController (api).
2025-11-27 13:09:04.318 +01:00 [INF] [NotificationController] Getting unread count for UserId: c1f2f090-f2e3-47ca-9113-d905d27c42f4
2025-11-27 13:09:04.318 +01:00 [INF] [NotificationRepository] GetUnreadCountAsync(c1f2f090-f2e3-47ca-9113-d905d27c42f4) - Getting unread count for user
2025-11-27 13:09:04.319 +01:00 [INF] [NotificationRepository] GetUnreadCountAsync(c1f2f090-f2e3-47ca-9113-d905d27c42f4) - User has 0 unread notifications
2025-11-27 13:09:04.319 +01:00 [INF] [NotificationController] Found 0 unread notifications for UserId: c1f2f090-f2e3-47ca-9113-d905d27c42f4
2025-11-27 13:09:04.319 +01:00 [INF] Executing OkObjectResult, writing value of type 'System.Int32'.
2025-11-27 13:09:04.319 +01:00 [INF] Executed action HomeCareApp.Controllers.NotificationController.GetUnreadCount (api) in 1.6497ms
2025-11-27 13:09:04.319 +01:00 [INF] Executed endpoint 'HomeCareApp.Controllers.NotificationController.GetUnreadCount (api)'
2025-11-27 13:09:04.319 +01:00 [INF] Request finished HTTP/1.1 GET http://localhost:5090/api/Notification/unread-count - 200 1 application/json; charset=utf-8 2.6873ms
2025-11-27 13:09:04.426 +01:00 [INF] Request starting HTTP/1.1 GET http://localhost:5090/api/Notification/unread-count - application/json null
2025-11-27 13:09:04.426 +01:00 [INF] CORS policy execution successful.
2025-11-27 13:09:04.426 +01:00 [INF] Request starting HTTP/1.1 OPTIONS http://localhost:5090/api/Patient/user/c1f2f090-f2e3-47ca-9113-d905d27c42f4 - null null
2025-11-27 13:09:04.426 +01:00 [INF] CORS policy execution successful.
2025-11-27 13:09:04.426 +01:00 [INF] Request finished HTTP/1.1 OPTIONS http://localhost:5090/api/Patient/user/c1f2f090-f2e3-47ca-9113-d905d27c42f4 - 204 null null 0.2282ms
2025-11-27 13:09:04.426 +01:00 [INF] Executing endpoint 'HomeCareApp.Controllers.NotificationController.GetUnreadCount (api)'
2025-11-27 13:09:04.427 +01:00 [INF] Route matched with {action = "GetUnreadCount", controller = "Notification"}. Executing controller action with signature System.Threading.Tasks.Task`1[Microsoft.AspNetCore.Mvc.ActionResult`1[System.Int32]] GetUnreadCount() on controller HomeCareApp.Controllers.NotificationController (api).
2025-11-27 13:09:04.427 +01:00 [INF] [NotificationController] Getting unread count for UserId: c1f2f090-f2e3-47ca-9113-d905d27c42f4
2025-11-27 13:09:04.427 +01:00 [INF] [NotificationRepository] GetUnreadCountAsync(c1f2f090-f2e3-47ca-9113-d905d27c42f4) - Getting unread count for user
2025-11-27 13:09:04.427 +01:00 [INF] Request starting HTTP/1.1 OPTIONS http://localhost:5090/api/Patient/user/c1f2f090-f2e3-47ca-9113-d905d27c42f4 - null null
2025-11-27 13:09:04.427 +01:00 [INF] CORS policy execution successful.
2025-11-27 13:09:04.427 +01:00 [INF] Request finished HTTP/1.1 OPTIONS http://localhost:5090/api/Patient/user/c1f2f090-f2e3-47ca-9113-d905d27c42f4 - 204 null null 0.1567ms
2025-11-27 13:09:04.428 +01:00 [INF] Request starting HTTP/1.1 GET http://localhost:5090/api/Patient/user/c1f2f090-f2e3-47ca-9113-d905d27c42f4 - application/json null
2025-11-27 13:09:04.428 +01:00 [INF] CORS policy execution successful.
2025-11-27 13:09:04.428 +01:00 [INF] [NotificationRepository] GetUnreadCountAsync(c1f2f090-f2e3-47ca-9113-d905d27c42f4) - User has 0 unread notifications
2025-11-27 13:09:04.428 +01:00 [INF] [NotificationController] Found 0 unread notifications for UserId: c1f2f090-f2e3-47ca-9113-d905d27c42f4
2025-11-27 13:09:04.428 +01:00 [INF] Executing OkObjectResult, writing value of type 'System.Int32'.
2025-11-27 13:09:04.428 +01:00 [INF] Executing endpoint 'HomeCareApp.Controllers.PatientController.GetPatientByUserId (api)'
2025-11-27 13:09:04.428 +01:00 [INF] Route matched with {action = "GetPatientByUserId", controller = "Patient"}. Executing controller action with signature System.Threading.Tasks.Task`1[Microsoft.AspNetCore.Mvc.ActionResult`1[HomeCareApp.DTOs.PatientDto]] GetPatientByUserId(System.String) on controller HomeCareApp.Controllers.PatientController (api).
2025-11-27 13:09:04.428 +01:00 [INF] Executed action HomeCareApp.Controllers.NotificationController.GetUnreadCount (api) in 1.6931ms
2025-11-27 13:09:04.428 +01:00 [INF] Executed endpoint 'HomeCareApp.Controllers.NotificationController.GetUnreadCount (api)'
2025-11-27 13:09:04.428 +01:00 [INF] Request finished HTTP/1.1 GET http://localhost:5090/api/Notification/unread-count - 200 1 application/json; charset=utf-8 2.6847ms
2025-11-27 13:09:04.429 +01:00 [INF] [PatientController] Getting patient by UserId: c1f2f090-f2e3-47ca-9113-d905d27c42f4
2025-11-27 13:09:04.429 +01:00 [INF] [PatientRepository] GetAll() - Retrieving all patients
2025-11-27 13:09:04.429 +01:00 [INF] Request starting HTTP/1.1 GET http://localhost:5090/api/Notification/unread-count - application/json null
2025-11-27 13:09:04.429 +01:00 [INF] CORS policy execution successful.
2025-11-27 13:09:04.430 +01:00 [INF] [PatientRepository] GetAll() - Successfully retrieved 1 patients
2025-11-27 13:09:04.430 +01:00 [INF] [PatientController] Total patients in database: 1
2025-11-27 13:09:04.430 +01:00 [INF] Executing endpoint 'HomeCareApp.Controllers.NotificationController.GetUnreadCount (api)'
2025-11-27 13:09:04.430 +01:00 [INF] [PatientController] Successfully retrieved patient 1 for UserId: c1f2f090-f2e3-47ca-9113-d905d27c42f4
2025-11-27 13:09:04.430 +01:00 [INF] Executing OkObjectResult, writing value of type 'HomeCareApp.DTOs.PatientDto'.
2025-11-27 13:09:04.430 +01:00 [INF] Route matched with {action = "GetUnreadCount", controller = "Notification"}. Executing controller action with signature System.Threading.Tasks.Task`1[Microsoft.AspNetCore.Mvc.ActionResult`1[System.Int32]] GetUnreadCount() on controller HomeCareApp.Controllers.NotificationController (api).
2025-11-27 13:09:04.430 +01:00 [INF] Executed action HomeCareApp.Controllers.PatientController.GetPatientByUserId (api) in 1.6996ms
2025-11-27 13:09:04.430 +01:00 [INF] [NotificationController] Getting unread count for UserId: c1f2f090-f2e3-47ca-9113-d905d27c42f4
2025-11-27 13:09:04.430 +01:00 [INF] Executed endpoint 'HomeCareApp.Controllers.PatientController.GetPatientByUserId (api)'
2025-11-27 13:09:04.430 +01:00 [INF] [NotificationRepository] GetUnreadCountAsync(c1f2f090-f2e3-47ca-9113-d905d27c42f4) - Getting unread count for user
2025-11-27 13:09:04.430 +01:00 [INF] Request finished HTTP/1.1 GET http://localhost:5090/api/Patient/user/c1f2f090-f2e3-47ca-9113-d905d27c42f4 - 200 223 application/json; charset=utf-8 2.4741ms
2025-11-27 13:09:04.431 +01:00 [INF] Request starting HTTP/1.1 GET http://localhost:5090/api/Patient/user/c1f2f090-f2e3-47ca-9113-d905d27c42f4 - application/json null
2025-11-27 13:09:04.431 +01:00 [INF] [NotificationRepository] GetUnreadCountAsync(c1f2f090-f2e3-47ca-9113-d905d27c42f4) - User has 0 unread notifications
2025-11-27 13:09:04.431 +01:00 [INF] [NotificationController] Found 0 unread notifications for UserId: c1f2f090-f2e3-47ca-9113-d905d27c42f4
2025-11-27 13:09:04.431 +01:00 [INF] Executing OkObjectResult, writing value of type 'System.Int32'.
2025-11-27 13:09:04.432 +01:00 [INF] CORS policy execution successful.
2025-11-27 13:09:04.432 +01:00 [INF] Executed action HomeCareApp.Controllers.NotificationController.GetUnreadCount (api) in 1.9216ms
2025-11-27 13:09:04.432 +01:00 [INF] Executed endpoint 'HomeCareApp.Controllers.NotificationController.GetUnreadCount (api)'
2025-11-27 13:09:04.432 +01:00 [INF] Request finished HTTP/1.1 GET http://localhost:5090/api/Notification/unread-count - 200 1 application/json; charset=utf-8 2.6174ms
2025-11-27 13:09:04.432 +01:00 [INF] Executing endpoint 'HomeCareApp.Controllers.PatientController.GetPatientByUserId (api)'
2025-11-27 13:09:04.432 +01:00 [INF] Route matched with {action = "GetPatientByUserId", controller = "Patient"}. Executing controller action with signature System.Threading.Tasks.Task`1[Microsoft.AspNetCore.Mvc.ActionResult`1[HomeCareApp.DTOs.PatientDto]] GetPatientByUserId(System.String) on controller HomeCareApp.Controllers.PatientController (api).
2025-11-27 13:09:04.433 +01:00 [INF] [PatientController] Getting patient by UserId: c1f2f090-f2e3-47ca-9113-d905d27c42f4
2025-11-27 13:09:04.433 +01:00 [INF] [PatientRepository] GetAll() - Retrieving all patients
2025-11-27 13:09:04.434 +01:00 [INF] [PatientRepository] GetAll() - Successfully retrieved 1 patients
2025-11-27 13:09:04.434 +01:00 [INF] [PatientController] Total patients in database: 1
2025-11-27 13:09:04.434 +01:00 [INF] [PatientController] Successfully retrieved patient 1 for UserId: c1f2f090-f2e3-47ca-9113-d905d27c42f4
2025-11-27 13:09:04.434 +01:00 [INF] Executing OkObjectResult, writing value of type 'HomeCareApp.DTOs.PatientDto'.
2025-11-27 13:09:04.434 +01:00 [INF] Executed action HomeCareApp.Controllers.PatientController.GetPatientByUserId (api) in 2.0222ms
2025-11-27 13:09:04.434 +01:00 [INF] Executed endpoint 'HomeCareApp.Controllers.PatientController.GetPatientByUserId (api)'
2025-11-27 13:09:04.435 +01:00 [INF] Request finished HTTP/1.1 GET http://localhost:5090/api/Patient/user/c1f2f090-f2e3-47ca-9113-d905d27c42f4 - 200 223 application/json; charset=utf-8 3.439ms
2025-11-27 13:09:04.437 +01:00 [INF] Request starting HTTP/1.1 OPTIONS http://localhost:5090/api/Appointment/patient/1 - null null
2025-11-27 13:09:04.437 +01:00 [INF] CORS policy execution successful.
2025-11-27 13:09:04.437 +01:00 [INF] Request finished HTTP/1.1 OPTIONS http://localhost:5090/api/Appointment/patient/1 - 204 null null 0.2486ms
2025-11-27 13:09:04.438 +01:00 [INF] Request starting HTTP/1.1 GET http://localhost:5090/api/Appointment/patient/1 - application/json null
2025-11-27 13:09:04.438 +01:00 [INF] CORS policy execution successful.
2025-11-27 13:09:04.438 +01:00 [INF] Executing endpoint 'HomeCareApp.Controllers.AppointmentController.GetAppointmentsByPatientId (api)'
2025-11-27 13:09:04.441 +01:00 [INF] Route matched with {action = "GetAppointmentsByPatientId", controller = "Appointment"}. Executing controller action with signature System.Threading.Tasks.Task`1[Microsoft.AspNetCore.Mvc.IActionResult] GetAppointmentsByPatientId(Int32) on controller HomeCareApp.Controllers.AppointmentController (api).
2025-11-27 13:09:04.443 +01:00 [INF] [AppointmentRepository] GetAll() - Retrieving all appointments
2025-11-27 13:09:04.469 +01:00 [INF] [AppointmentRepository] GetAll() - Successfully retrieved 0 appointments
2025-11-27 13:09:04.470 +01:00 [INF] [AppointmentController] Found 0 appointments for PatientId: 1
2025-11-27 13:09:04.471 +01:00 [INF] Executing OkObjectResult, writing value of type 'System.Linq.Enumerable+WhereSelectListIterator`2[[HomeCareApp.Models.Appointment, api, Version=1.0.0.0, Culture=neutral, PublicKeyToken=null],[HomeCareApp.DTOs.AppointmentDto, api, Version=1.0.0.0, Culture=neutral, PublicKeyToken=null]]'.
2025-11-27 13:09:04.476 +01:00 [INF] Executed action HomeCareApp.Controllers.AppointmentController.GetAppointmentsByPatientId (api) in 34.8975ms
2025-11-27 13:09:04.476 +01:00 [INF] Executed endpoint 'HomeCareApp.Controllers.AppointmentController.GetAppointmentsByPatientId (api)'
2025-11-27 13:09:04.476 +01:00 [INF] Request finished HTTP/1.1 GET http://localhost:5090/api/Appointment/patient/1 - 200 2 application/json; charset=utf-8 38.2498ms
2025-11-27 13:09:04.478 +01:00 [INF] Request starting HTTP/1.1 GET http://localhost:5090/api/Appointment/patient/1 - application/json null
2025-11-27 13:09:04.478 +01:00 [INF] CORS policy execution successful.
2025-11-27 13:09:04.478 +01:00 [INF] Executing endpoint 'HomeCareApp.Controllers.AppointmentController.GetAppointmentsByPatientId (api)'
2025-11-27 13:09:04.478 +01:00 [INF] Route matched with {action = "GetAppointmentsByPatientId", controller = "Appointment"}. Executing controller action with signature System.Threading.Tasks.Task`1[Microsoft.AspNetCore.Mvc.IActionResult] GetAppointmentsByPatientId(Int32) on controller HomeCareApp.Controllers.AppointmentController (api).
2025-11-27 13:09:04.479 +01:00 [INF] [AppointmentRepository] GetAll() - Retrieving all appointments
2025-11-27 13:09:04.480 +01:00 [INF] [AppointmentRepository] GetAll() - Successfully retrieved 0 appointments
2025-11-27 13:09:04.480 +01:00 [INF] [AppointmentController] Found 0 appointments for PatientId: 1
2025-11-27 13:09:04.481 +01:00 [INF] Executing OkObjectResult, writing value of type 'System.Linq.Enumerable+WhereSelectListIterator`2[[HomeCareApp.Models.Appointment, api, Version=1.0.0.0, Culture=neutral, PublicKeyToken=null],[HomeCareApp.DTOs.AppointmentDto, api, Version=1.0.0.0, Culture=neutral, PublicKeyToken=null]]'.
2025-11-27 13:09:04.481 +01:00 [INF] Executed action HomeCareApp.Controllers.AppointmentController.GetAppointmentsByPatientId (api) in 2.6512ms
2025-11-27 13:09:04.481 +01:00 [INF] Executed endpoint 'HomeCareApp.Controllers.AppointmentController.GetAppointmentsByPatientId (api)'
2025-11-27 13:09:04.481 +01:00 [INF] Request finished HTTP/1.1 GET http://localhost:5090/api/Appointment/patient/1 - 200 2 application/json; charset=utf-8 3.5228ms
2025-11-27 13:09:05.082 +01:00 [INF] Request starting HTTP/1.1 GET http://localhost:5090/api/Notification/unread-count - application/json null
2025-11-27 13:09:05.083 +01:00 [INF] CORS policy execution successful.
2025-11-27 13:09:05.083 +01:00 [INF] Executing endpoint 'HomeCareApp.Controllers.NotificationController.GetUnreadCount (api)'
2025-11-27 13:09:05.084 +01:00 [INF] Route matched with {action = "GetUnreadCount", controller = "Notification"}. Executing controller action with signature System.Threading.Tasks.Task`1[Microsoft.AspNetCore.Mvc.ActionResult`1[System.Int32]] GetUnreadCount() on controller HomeCareApp.Controllers.NotificationController (api).
2025-11-27 13:09:05.084 +01:00 [INF] [NotificationController] Getting unread count for UserId: c1f2f090-f2e3-47ca-9113-d905d27c42f4
2025-11-27 13:09:05.084 +01:00 [INF] [NotificationRepository] GetUnreadCountAsync(c1f2f090-f2e3-47ca-9113-d905d27c42f4) - Getting unread count for user
2025-11-27 13:09:05.085 +01:00 [INF] [NotificationRepository] GetUnreadCountAsync(c1f2f090-f2e3-47ca-9113-d905d27c42f4) - User has 0 unread notifications
2025-11-27 13:09:05.085 +01:00 [INF] [NotificationController] Found 0 unread notifications for UserId: c1f2f090-f2e3-47ca-9113-d905d27c42f4
2025-11-27 13:09:05.085 +01:00 [INF] Executing OkObjectResult, writing value of type 'System.Int32'.
2025-11-27 13:09:05.086 +01:00 [INF] Executed action HomeCareApp.Controllers.NotificationController.GetUnreadCount (api) in 1.8832ms
2025-11-27 13:09:05.086 +01:00 [INF] Executed endpoint 'HomeCareApp.Controllers.NotificationController.GetUnreadCount (api)'
2025-11-27 13:09:05.086 +01:00 [INF] Request finished HTTP/1.1 GET http://localhost:5090/api/Notification/unread-count - 200 1 application/json; charset=utf-8 3.657ms
2025-11-27 13:09:05.217 +01:00 [INF] Request starting HTTP/1.1 GET http://localhost:5090/api/Notification/unread-count - application/json null
2025-11-27 13:09:05.217 +01:00 [INF] CORS policy execution successful.
2025-11-27 13:09:05.218 +01:00 [INF] Request starting HTTP/1.1 GET http://localhost:5090/api/Patient/user/c1f2f090-f2e3-47ca-9113-d905d27c42f4 - application/json null
2025-11-27 13:09:05.218 +01:00 [INF] Executing endpoint 'HomeCareApp.Controllers.NotificationController.GetUnreadCount (api)'
2025-11-27 13:09:05.218 +01:00 [INF] CORS policy execution successful.
2025-11-27 13:09:05.218 +01:00 [INF] Route matched with {action = "GetUnreadCount", controller = "Notification"}. Executing controller action with signature System.Threading.Tasks.Task`1[Microsoft.AspNetCore.Mvc.ActionResult`1[System.Int32]] GetUnreadCount() on controller HomeCareApp.Controllers.NotificationController (api).
2025-11-27 13:09:05.218 +01:00 [INF] Executing endpoint 'HomeCareApp.Controllers.PatientController.GetPatientByUserId (api)'
2025-11-27 13:09:05.218 +01:00 [INF] [NotificationController] Getting unread count for UserId: c1f2f090-f2e3-47ca-9113-d905d27c42f4
2025-11-27 13:09:05.218 +01:00 [INF] [NotificationRepository] GetUnreadCountAsync(c1f2f090-f2e3-47ca-9113-d905d27c42f4) - Getting unread count for user
2025-11-27 13:09:05.218 +01:00 [INF] Route matched with {action = "GetPatientByUserId", controller = "Patient"}. Executing controller action with signature System.Threading.Tasks.Task`1[Microsoft.AspNetCore.Mvc.ActionResult`1[HomeCareApp.DTOs.PatientDto]] GetPatientByUserId(System.String) on controller HomeCareApp.Controllers.PatientController (api).
2025-11-27 13:09:05.218 +01:00 [INF] [PatientController] Getting patient by UserId: c1f2f090-f2e3-47ca-9113-d905d27c42f4
2025-11-27 13:09:05.219 +01:00 [INF] [PatientRepository] GetAll() - Retrieving all patients
2025-11-27 13:09:05.219 +01:00 [INF] [NotificationRepository] GetUnreadCountAsync(c1f2f090-f2e3-47ca-9113-d905d27c42f4) - User has 0 unread notifications
2025-11-27 13:09:05.219 +01:00 [INF] [NotificationController] Found 0 unread notifications for UserId: c1f2f090-f2e3-47ca-9113-d905d27c42f4
2025-11-27 13:09:05.219 +01:00 [INF] Executing OkObjectResult, writing value of type 'System.Int32'.
2025-11-27 13:09:05.220 +01:00 [INF] Executed action HomeCareApp.Controllers.NotificationController.GetUnreadCount (api) in 1.6414ms
2025-11-27 13:09:05.220 +01:00 [INF] Executed endpoint 'HomeCareApp.Controllers.NotificationController.GetUnreadCount (api)'
2025-11-27 13:09:05.220 +01:00 [INF] Request finished HTTP/1.1 GET http://localhost:5090/api/Notification/unread-count - 200 1 application/json; charset=utf-8 2.482ms
2025-11-27 13:09:05.220 +01:00 [INF] [PatientRepository] GetAll() - Successfully retrieved 1 patients
2025-11-27 13:09:05.220 +01:00 [INF] [PatientController] Total patients in database: 1
2025-11-27 13:09:05.220 +01:00 [INF] [PatientController] Successfully retrieved patient 1 for UserId: c1f2f090-f2e3-47ca-9113-d905d27c42f4
2025-11-27 13:09:05.220 +01:00 [INF] Executing OkObjectResult, writing value of type 'HomeCareApp.DTOs.PatientDto'.
2025-11-27 13:09:05.220 +01:00 [INF] Executed action HomeCareApp.Controllers.PatientController.GetPatientByUserId (api) in 2.0201ms
2025-11-27 13:09:05.220 +01:00 [INF] Executed endpoint 'HomeCareApp.Controllers.PatientController.GetPatientByUserId (api)'
2025-11-27 13:09:05.220 +01:00 [INF] Request finished HTTP/1.1 GET http://localhost:5090/api/Patient/user/c1f2f090-f2e3-47ca-9113-d905d27c42f4 - 200 223 application/json; charset=utf-8 2.5324ms
2025-11-27 13:09:05.220 +01:00 [INF] Request starting HTTP/1.1 GET http://localhost:5090/api/Notification/unread-count - application/json null
2025-11-27 13:09:05.220 +01:00 [INF] CORS policy execution successful.
2025-11-27 13:09:05.221 +01:00 [INF] Executing endpoint 'HomeCareApp.Controllers.NotificationController.GetUnreadCount (api)'
2025-11-27 13:09:05.221 +01:00 [INF] Route matched with {action = "GetUnreadCount", controller = "Notification"}. Executing controller action with signature System.Threading.Tasks.Task`1[Microsoft.AspNetCore.Mvc.ActionResult`1[System.Int32]] GetUnreadCount() on controller HomeCareApp.Controllers.NotificationController (api).
2025-11-27 13:09:05.221 +01:00 [INF] Request starting HTTP/1.1 GET http://localhost:5090/api/Patient/user/c1f2f090-f2e3-47ca-9113-d905d27c42f4 - application/json null
2025-11-27 13:09:05.221 +01:00 [INF] [NotificationController] Getting unread count for UserId: c1f2f090-f2e3-47ca-9113-d905d27c42f4
2025-11-27 13:09:05.221 +01:00 [INF] CORS policy execution successful.
2025-11-27 13:09:05.221 +01:00 [INF] [NotificationRepository] GetUnreadCountAsync(c1f2f090-f2e3-47ca-9113-d905d27c42f4) - Getting unread count for user
2025-11-27 13:09:05.221 +01:00 [INF] Executing endpoint 'HomeCareApp.Controllers.PatientController.GetPatientByUserId (api)'
2025-11-27 13:09:05.221 +01:00 [INF] Route matched with {action = "GetPatientByUserId", controller = "Patient"}. Executing controller action with signature System.Threading.Tasks.Task`1[Microsoft.AspNetCore.Mvc.ActionResult`1[HomeCareApp.DTOs.PatientDto]] GetPatientByUserId(System.String) on controller HomeCareApp.Controllers.PatientController (api).
2025-11-27 13:09:05.221 +01:00 [INF] [PatientController] Getting patient by UserId: c1f2f090-f2e3-47ca-9113-d905d27c42f4
2025-11-27 13:09:05.221 +01:00 [INF] [PatientRepository] GetAll() - Retrieving all patients
2025-11-27 13:09:05.222 +01:00 [INF] [NotificationRepository] GetUnreadCountAsync(c1f2f090-f2e3-47ca-9113-d905d27c42f4) - User has 0 unread notifications
2025-11-27 13:09:05.222 +01:00 [INF] [NotificationController] Found 0 unread notifications for UserId: c1f2f090-f2e3-47ca-9113-d905d27c42f4
2025-11-27 13:09:05.222 +01:00 [INF] Executing OkObjectResult, writing value of type 'System.Int32'.
2025-11-27 13:09:05.222 +01:00 [INF] Executed action HomeCareApp.Controllers.NotificationController.GetUnreadCount (api) in 1.0614ms
2025-11-27 13:09:05.222 +01:00 [INF] Executed endpoint 'HomeCareApp.Controllers.NotificationController.GetUnreadCount (api)'
2025-11-27 13:09:05.222 +01:00 [INF] Request finished HTTP/1.1 GET http://localhost:5090/api/Notification/unread-count - 200 1 application/json; charset=utf-8 1.5142ms
2025-11-27 13:09:05.222 +01:00 [INF] [PatientRepository] GetAll() - Successfully retrieved 1 patients
2025-11-27 13:09:05.222 +01:00 [INF] [PatientController] Total patients in database: 1
2025-11-27 13:09:05.222 +01:00 [INF] [PatientController] Successfully retrieved patient 1 for UserId: c1f2f090-f2e3-47ca-9113-d905d27c42f4
2025-11-27 13:09:05.222 +01:00 [INF] Executing OkObjectResult, writing value of type 'HomeCareApp.DTOs.PatientDto'.
2025-11-27 13:09:05.222 +01:00 [INF] Executed action HomeCareApp.Controllers.PatientController.GetPatientByUserId (api) in 1.0124ms
2025-11-27 13:09:05.222 +01:00 [INF] Executed endpoint 'HomeCareApp.Controllers.PatientController.GetPatientByUserId (api)'
2025-11-27 13:09:05.222 +01:00 [INF] Request finished HTTP/1.1 GET http://localhost:5090/api/Patient/user/c1f2f090-f2e3-47ca-9113-d905d27c42f4 - 200 223 application/json; charset=utf-8 1.4571ms
2025-11-27 13:09:05.229 +01:00 [INF] Request starting HTTP/1.1 GET http://localhost:5090/api/Appointment/patient/1 - application/json null
2025-11-27 13:09:05.230 +01:00 [INF] CORS policy execution successful.
2025-11-27 13:09:05.230 +01:00 [INF] Executing endpoint 'HomeCareApp.Controllers.AppointmentController.GetAppointmentsByPatientId (api)'
2025-11-27 13:09:05.231 +01:00 [INF] Route matched with {action = "GetAppointmentsByPatientId", controller = "Appointment"}. Executing controller action with signature System.Threading.Tasks.Task`1[Microsoft.AspNetCore.Mvc.IActionResult] GetAppointmentsByPatientId(Int32) on controller HomeCareApp.Controllers.AppointmentController (api).
2025-11-27 13:09:05.233 +01:00 [INF] [AppointmentRepository] GetAll() - Retrieving all appointments
2025-11-27 13:09:05.234 +01:00 [INF] [AppointmentRepository] GetAll() - Successfully retrieved 0 appointments
2025-11-27 13:09:05.234 +01:00 [INF] [AppointmentController] Found 0 appointments for PatientId: 1
2025-11-27 13:09:05.234 +01:00 [INF] Executing OkObjectResult, writing value of type 'System.Linq.Enumerable+WhereSelectListIterator`2[[HomeCareApp.Models.Appointment, api, Version=1.0.0.0, Culture=neutral, PublicKeyToken=null],[HomeCareApp.DTOs.AppointmentDto, api, Version=1.0.0.0, Culture=neutral, PublicKeyToken=null]]'.
2025-11-27 13:09:05.234 +01:00 [INF] Executed action HomeCareApp.Controllers.AppointmentController.GetAppointmentsByPatientId (api) in 3.5582ms
2025-11-27 13:09:05.234 +01:00 [INF] Executed endpoint 'HomeCareApp.Controllers.AppointmentController.GetAppointmentsByPatientId (api)'
2025-11-27 13:09:05.234 +01:00 [INF] Request finished HTTP/1.1 GET http://localhost:5090/api/Appointment/patient/1 - 200 2 application/json; charset=utf-8 4.9216ms
2025-11-27 13:09:05.236 +01:00 [INF] Request starting HTTP/1.1 GET http://localhost:5090/api/Appointment/patient/1 - application/json null
2025-11-27 13:09:05.236 +01:00 [INF] CORS policy execution successful.
2025-11-27 13:09:05.236 +01:00 [INF] Executing endpoint 'HomeCareApp.Controllers.AppointmentController.GetAppointmentsByPatientId (api)'
2025-11-27 13:09:05.236 +01:00 [INF] Route matched with {action = "GetAppointmentsByPatientId", controller = "Appointment"}. Executing controller action with signature System.Threading.Tasks.Task`1[Microsoft.AspNetCore.Mvc.IActionResult] GetAppointmentsByPatientId(Int32) on controller HomeCareApp.Controllers.AppointmentController (api).
2025-11-27 13:09:05.236 +01:00 [INF] [AppointmentRepository] GetAll() - Retrieving all appointments
2025-11-27 13:09:05.237 +01:00 [INF] [AppointmentRepository] GetAll() - Successfully retrieved 0 appointments
2025-11-27 13:09:05.237 +01:00 [INF] [AppointmentController] Found 0 appointments for PatientId: 1
2025-11-27 13:09:05.237 +01:00 [INF] Executing OkObjectResult, writing value of type 'System.Linq.Enumerable+WhereSelectListIterator`2[[HomeCareApp.Models.Appointment, api, Version=1.0.0.0, Culture=neutral, PublicKeyToken=null],[HomeCareApp.DTOs.AppointmentDto, api, Version=1.0.0.0, Culture=neutral, PublicKeyToken=null]]'.
2025-11-27 13:09:05.238 +01:00 [INF] Executed action HomeCareApp.Controllers.AppointmentController.GetAppointmentsByPatientId (api) in 1.6111ms
2025-11-27 13:09:05.238 +01:00 [INF] Executed endpoint 'HomeCareApp.Controllers.AppointmentController.GetAppointmentsByPatientId (api)'
2025-11-27 13:09:05.238 +01:00 [INF] Request finished HTTP/1.1 GET http://localhost:5090/api/Appointment/patient/1 - 200 2 application/json; charset=utf-8 2.2637ms
2025-11-27 13:09:05.712 +01:00 [INF] Request starting HTTP/1.1 GET http://localhost:5090/api/Notification/unread-count - application/json null
2025-11-27 13:09:05.713 +01:00 [INF] CORS policy execution successful.
2025-11-27 13:09:05.714 +01:00 [INF] Executing endpoint 'HomeCareApp.Controllers.NotificationController.GetUnreadCount (api)'
2025-11-27 13:09:05.714 +01:00 [INF] Route matched with {action = "GetUnreadCount", controller = "Notification"}. Executing controller action with signature System.Threading.Tasks.Task`1[Microsoft.AspNetCore.Mvc.ActionResult`1[System.Int32]] GetUnreadCount() on controller HomeCareApp.Controllers.NotificationController (api).
2025-11-27 13:09:05.714 +01:00 [INF] [NotificationController] Getting unread count for UserId: c1f2f090-f2e3-47ca-9113-d905d27c42f4
2025-11-27 13:09:05.714 +01:00 [INF] [NotificationRepository] GetUnreadCountAsync(c1f2f090-f2e3-47ca-9113-d905d27c42f4) - Getting unread count for user
2025-11-27 13:09:05.716 +01:00 [INF] [NotificationRepository] GetUnreadCountAsync(c1f2f090-f2e3-47ca-9113-d905d27c42f4) - User has 0 unread notifications
2025-11-27 13:09:05.716 +01:00 [INF] [NotificationController] Found 0 unread notifications for UserId: c1f2f090-f2e3-47ca-9113-d905d27c42f4
2025-11-27 13:09:05.716 +01:00 [INF] Executing OkObjectResult, writing value of type 'System.Int32'.
2025-11-27 13:09:05.716 +01:00 [INF] Executed action HomeCareApp.Controllers.NotificationController.GetUnreadCount (api) in 2.4156ms
2025-11-27 13:09:05.716 +01:00 [INF] Executed endpoint 'HomeCareApp.Controllers.NotificationController.GetUnreadCount (api)'
2025-11-27 13:09:05.717 +01:00 [INF] Request finished HTTP/1.1 GET http://localhost:5090/api/Notification/unread-count - 200 1 application/json; charset=utf-8 4.1837ms
2025-11-27 13:09:05.959 +01:00 [INF] Request starting HTTP/1.1 GET http://localhost:5090/api/Notification/unread-count - application/json null
2025-11-27 13:09:05.959 +01:00 [INF] CORS policy execution successful.
2025-11-27 13:09:05.959 +01:00 [INF] Executing endpoint 'HomeCareApp.Controllers.NotificationController.GetUnreadCount (api)'
2025-11-27 13:09:05.960 +01:00 [INF] Route matched with {action = "GetUnreadCount", controller = "Notification"}. Executing controller action with signature System.Threading.Tasks.Task`1[Microsoft.AspNetCore.Mvc.ActionResult`1[System.Int32]] GetUnreadCount() on controller HomeCareApp.Controllers.NotificationController (api).
2025-11-27 13:09:05.960 +01:00 [INF] [NotificationController] Getting unread count for UserId: c1f2f090-f2e3-47ca-9113-d905d27c42f4
2025-11-27 13:09:05.960 +01:00 [INF] [NotificationRepository] GetUnreadCountAsync(c1f2f090-f2e3-47ca-9113-d905d27c42f4) - Getting unread count for user
2025-11-27 13:09:05.962 +01:00 [INF] [NotificationRepository] GetUnreadCountAsync(c1f2f090-f2e3-47ca-9113-d905d27c42f4) - User has 0 unread notifications
2025-11-27 13:09:05.962 +01:00 [INF] [NotificationController] Found 0 unread notifications for UserId: c1f2f090-f2e3-47ca-9113-d905d27c42f4
2025-11-27 13:09:05.963 +01:00 [INF] Executing OkObjectResult, writing value of type 'System.Int32'.
2025-11-27 13:09:05.964 +01:00 [INF] Executed action HomeCareApp.Controllers.NotificationController.GetUnreadCount (api) in 3.9384ms
2025-11-27 13:09:05.964 +01:00 [INF] Executed endpoint 'HomeCareApp.Controllers.NotificationController.GetUnreadCount (api)'
2025-11-27 13:09:05.964 +01:00 [INF] Request finished HTTP/1.1 GET http://localhost:5090/api/Notification/unread-count - 200 1 application/json; charset=utf-8 5.1933ms
2025-11-27 13:09:05.966 +01:00 [INF] Request starting HTTP/1.1 GET http://localhost:5090/api/Notification/unread-count - application/json null
2025-11-27 13:09:05.966 +01:00 [INF] CORS policy execution successful.
2025-11-27 13:09:05.967 +01:00 [INF] Executing endpoint 'HomeCareApp.Controllers.NotificationController.GetUnreadCount (api)'
2025-11-27 13:09:05.968 +01:00 [INF] Route matched with {action = "GetUnreadCount", controller = "Notification"}. Executing controller action with signature System.Threading.Tasks.Task`1[Microsoft.AspNetCore.Mvc.ActionResult`1[System.Int32]] GetUnreadCount() on controller HomeCareApp.Controllers.NotificationController (api).
2025-11-27 13:09:05.968 +01:00 [INF] [NotificationController] Getting unread count for UserId: c1f2f090-f2e3-47ca-9113-d905d27c42f4
2025-11-27 13:09:05.968 +01:00 [INF] [NotificationRepository] GetUnreadCountAsync(c1f2f090-f2e3-47ca-9113-d905d27c42f4) - Getting unread count for user
2025-11-27 13:09:05.971 +01:00 [INF] [NotificationRepository] GetUnreadCountAsync(c1f2f090-f2e3-47ca-9113-d905d27c42f4) - User has 0 unread notifications
2025-11-27 13:09:05.971 +01:00 [INF] [NotificationController] Found 0 unread notifications for UserId: c1f2f090-f2e3-47ca-9113-d905d27c42f4
2025-11-27 13:09:05.972 +01:00 [INF] Executing OkObjectResult, writing value of type 'System.Int32'.
2025-11-27 13:09:05.972 +01:00 [INF] Executed action HomeCareApp.Controllers.NotificationController.GetUnreadCount (api) in 4.0984ms
2025-11-27 13:09:05.972 +01:00 [INF] Executed endpoint 'HomeCareApp.Controllers.NotificationController.GetUnreadCount (api)'
2025-11-27 13:09:05.972 +01:00 [INF] Request finished HTTP/1.1 GET http://localhost:5090/api/Notification/unread-count - 200 1 application/json; charset=utf-8 5.8116ms
2025-11-27 13:09:06.037 +01:00 [INF] Request starting HTTP/1.1 GET http://localhost:5090/api/Notification/unread-count - application/json null
2025-11-27 13:09:06.037 +01:00 [INF] CORS policy execution successful.
2025-11-27 13:09:06.037 +01:00 [INF] Executing endpoint 'HomeCareApp.Controllers.NotificationController.GetUnreadCount (api)'
2025-11-27 13:09:06.037 +01:00 [INF] Route matched with {action = "GetUnreadCount", controller = "Notification"}. Executing controller action with signature System.Threading.Tasks.Task`1[Microsoft.AspNetCore.Mvc.ActionResult`1[System.Int32]] GetUnreadCount() on controller HomeCareApp.Controllers.NotificationController (api).
2025-11-27 13:09:06.037 +01:00 [INF] [NotificationController] Getting unread count for UserId: c1f2f090-f2e3-47ca-9113-d905d27c42f4
2025-11-27 13:09:06.038 +01:00 [INF] [NotificationRepository] GetUnreadCountAsync(c1f2f090-f2e3-47ca-9113-d905d27c42f4) - Getting unread count for user
2025-11-27 13:09:06.039 +01:00 [INF] [NotificationRepository] GetUnreadCountAsync(c1f2f090-f2e3-47ca-9113-d905d27c42f4) - User has 0 unread notifications
2025-11-27 13:09:06.039 +01:00 [INF] [NotificationController] Found 0 unread notifications for UserId: c1f2f090-f2e3-47ca-9113-d905d27c42f4
2025-11-27 13:09:06.039 +01:00 [INF] Executing OkObjectResult, writing value of type 'System.Int32'.
2025-11-27 13:09:06.039 +01:00 [INF] Executed action HomeCareApp.Controllers.NotificationController.GetUnreadCount (api) in 1.4637ms
2025-11-27 13:09:06.039 +01:00 [INF] Executed endpoint 'HomeCareApp.Controllers.NotificationController.GetUnreadCount (api)'
2025-11-27 13:09:06.039 +01:00 [INF] Request finished HTTP/1.1 GET http://localhost:5090/api/Notification/unread-count - 200 1 application/json; charset=utf-8 2.2958ms
2025-11-27 13:09:06.040 +01:00 [INF] Request starting HTTP/1.1 GET http://localhost:5090/api/Notification/unread-count - application/json null
2025-11-27 13:09:06.040 +01:00 [INF] CORS policy execution successful.
2025-11-27 13:09:06.040 +01:00 [INF] Executing endpoint 'HomeCareApp.Controllers.NotificationController.GetUnreadCount (api)'
2025-11-27 13:09:06.040 +01:00 [INF] Route matched with {action = "GetUnreadCount", controller = "Notification"}. Executing controller action with signature System.Threading.Tasks.Task`1[Microsoft.AspNetCore.Mvc.ActionResult`1[System.Int32]] GetUnreadCount() on controller HomeCareApp.Controllers.NotificationController (api).
2025-11-27 13:09:06.040 +01:00 [INF] [NotificationController] Getting unread count for UserId: c1f2f090-f2e3-47ca-9113-d905d27c42f4
2025-11-27 13:09:06.040 +01:00 [INF] [NotificationRepository] GetUnreadCountAsync(c1f2f090-f2e3-47ca-9113-d905d27c42f4) - Getting unread count for user
2025-11-27 13:09:06.041 +01:00 [INF] [NotificationRepository] GetUnreadCountAsync(c1f2f090-f2e3-47ca-9113-d905d27c42f4) - User has 0 unread notifications
2025-11-27 13:09:06.041 +01:00 [INF] [NotificationController] Found 0 unread notifications for UserId: c1f2f090-f2e3-47ca-9113-d905d27c42f4
2025-11-27 13:09:06.041 +01:00 [INF] Executing OkObjectResult, writing value of type 'System.Int32'.
2025-11-27 13:09:06.042 +01:00 [INF] Executed action HomeCareApp.Controllers.NotificationController.GetUnreadCount (api) in 1.2882ms
2025-11-27 13:09:06.042 +01:00 [INF] Executed endpoint 'HomeCareApp.Controllers.NotificationController.GetUnreadCount (api)'
2025-11-27 13:09:06.042 +01:00 [INF] Request finished HTTP/1.1 GET http://localhost:5090/api/Notification/unread-count - 200 1 application/json; charset=utf-8 1.9007ms
2025-11-27 13:09:06.460 +01:00 [INF] Request starting HTTP/1.1 GET http://localhost:5090/api/Notification/unread-count - application/json null
2025-11-27 13:09:06.460 +01:00 [INF] CORS policy execution successful.
2025-11-27 13:09:06.460 +01:00 [INF] Request starting HTTP/1.1 GET http://localhost:5090/api/Patient/user/c1f2f090-f2e3-47ca-9113-d905d27c42f4 - application/json null
2025-11-27 13:09:06.460 +01:00 [INF] CORS policy execution successful.
2025-11-27 13:09:06.461 +01:00 [INF] Executing endpoint 'HomeCareApp.Controllers.NotificationController.GetUnreadCount (api)'
2025-11-27 13:09:06.461 +01:00 [INF] Executing endpoint 'HomeCareApp.Controllers.PatientController.GetPatientByUserId (api)'
2025-11-27 13:09:06.461 +01:00 [INF] Route matched with {action = "GetPatientByUserId", controller = "Patient"}. Executing controller action with signature System.Threading.Tasks.Task`1[Microsoft.AspNetCore.Mvc.ActionResult`1[HomeCareApp.DTOs.PatientDto]] GetPatientByUserId(System.String) on controller HomeCareApp.Controllers.PatientController (api).
2025-11-27 13:09:06.461 +01:00 [INF] Route matched with {action = "GetUnreadCount", controller = "Notification"}. Executing controller action with signature System.Threading.Tasks.Task`1[Microsoft.AspNetCore.Mvc.ActionResult`1[System.Int32]] GetUnreadCount() on controller HomeCareApp.Controllers.NotificationController (api).
2025-11-27 13:09:06.461 +01:00 [INF] [NotificationController] Getting unread count for UserId: c1f2f090-f2e3-47ca-9113-d905d27c42f4
2025-11-27 13:09:06.461 +01:00 [INF] [NotificationRepository] GetUnreadCountAsync(c1f2f090-f2e3-47ca-9113-d905d27c42f4) - Getting unread count for user
2025-11-27 13:09:06.461 +01:00 [INF] [PatientController] Getting patient by UserId: c1f2f090-f2e3-47ca-9113-d905d27c42f4
2025-11-27 13:09:06.461 +01:00 [INF] [PatientRepository] GetAll() - Retrieving all patients
2025-11-27 13:09:06.462 +01:00 [INF] [PatientRepository] GetAll() - Successfully retrieved 1 patients
2025-11-27 13:09:06.462 +01:00 [INF] [NotificationRepository] GetUnreadCountAsync(c1f2f090-f2e3-47ca-9113-d905d27c42f4) - User has 0 unread notifications
2025-11-27 13:09:06.462 +01:00 [INF] [PatientController] Total patients in database: 1
2025-11-27 13:09:06.462 +01:00 [INF] [PatientController] Successfully retrieved patient 1 for UserId: c1f2f090-f2e3-47ca-9113-d905d27c42f4
2025-11-27 13:09:06.462 +01:00 [INF] [NotificationController] Found 0 unread notifications for UserId: c1f2f090-f2e3-47ca-9113-d905d27c42f4
2025-11-27 13:09:06.463 +01:00 [INF] Executing OkObjectResult, writing value of type 'HomeCareApp.DTOs.PatientDto'.
2025-11-27 13:09:06.463 +01:00 [INF] Executing OkObjectResult, writing value of type 'System.Int32'.
2025-11-27 13:09:06.463 +01:00 [INF] Executed action HomeCareApp.Controllers.PatientController.GetPatientByUserId (api) in 1.7891ms
2025-11-27 13:09:06.463 +01:00 [INF] Executed action HomeCareApp.Controllers.NotificationController.GetUnreadCount (api) in 1.7836ms
2025-11-27 13:09:06.463 +01:00 [INF] Executed endpoint 'HomeCareApp.Controllers.PatientController.GetPatientByUserId (api)'
2025-11-27 13:09:06.463 +01:00 [INF] Executed endpoint 'HomeCareApp.Controllers.NotificationController.GetUnreadCount (api)'
2025-11-27 13:09:06.463 +01:00 [INF] Request finished HTTP/1.1 GET http://localhost:5090/api/Patient/user/c1f2f090-f2e3-47ca-9113-d905d27c42f4 - 200 223 application/json; charset=utf-8 2.7551ms
2025-11-27 13:09:06.463 +01:00 [INF] Request finished HTTP/1.1 GET http://localhost:5090/api/Notification/unread-count - 200 1 application/json; charset=utf-8 3.0275ms
2025-11-27 13:09:06.465 +01:00 [INF] Request starting HTTP/1.1 GET http://localhost:5090/api/Patient/user/c1f2f090-f2e3-47ca-9113-d905d27c42f4 - application/json null
2025-11-27 13:09:06.465 +01:00 [INF] CORS policy execution successful.
2025-11-27 13:09:06.465 +01:00 [INF] Request starting HTTP/1.1 GET http://localhost:5090/api/Notification/unread-count - application/json null
2025-11-27 13:09:06.465 +01:00 [INF] CORS policy execution successful.
2025-11-27 13:09:06.465 +01:00 [INF] Executing endpoint 'HomeCareApp.Controllers.PatientController.GetPatientByUserId (api)'
2025-11-27 13:09:06.465 +01:00 [INF] Executing endpoint 'HomeCareApp.Controllers.NotificationController.GetUnreadCount (api)'
2025-11-27 13:09:06.466 +01:00 [INF] Route matched with {action = "GetPatientByUserId", controller = "Patient"}. Executing controller action with signature System.Threading.Tasks.Task`1[Microsoft.AspNetCore.Mvc.ActionResult`1[HomeCareApp.DTOs.PatientDto]] GetPatientByUserId(System.String) on controller HomeCareApp.Controllers.PatientController (api).
2025-11-27 13:09:06.466 +01:00 [INF] Route matched with {action = "GetUnreadCount", controller = "Notification"}. Executing controller action with signature System.Threading.Tasks.Task`1[Microsoft.AspNetCore.Mvc.ActionResult`1[System.Int32]] GetUnreadCount() on controller HomeCareApp.Controllers.NotificationController (api).
2025-11-27 13:09:06.466 +01:00 [INF] [NotificationController] Getting unread count for UserId: c1f2f090-f2e3-47ca-9113-d905d27c42f4
2025-11-27 13:09:06.466 +01:00 [INF] [NotificationRepository] GetUnreadCountAsync(c1f2f090-f2e3-47ca-9113-d905d27c42f4) - Getting unread count for user
2025-11-27 13:09:06.466 +01:00 [INF] [PatientController] Getting patient by UserId: c1f2f090-f2e3-47ca-9113-d905d27c42f4
2025-11-27 13:09:06.466 +01:00 [INF] [PatientRepository] GetAll() - Retrieving all patients
2025-11-27 13:09:06.467 +01:00 [INF] [NotificationRepository] GetUnreadCountAsync(c1f2f090-f2e3-47ca-9113-d905d27c42f4) - User has 0 unread notifications
2025-11-27 13:09:06.467 +01:00 [INF] [PatientRepository] GetAll() - Successfully retrieved 1 patients
2025-11-27 13:09:06.467 +01:00 [INF] [NotificationController] Found 0 unread notifications for UserId: c1f2f090-f2e3-47ca-9113-d905d27c42f4
2025-11-27 13:09:06.467 +01:00 [INF] [PatientController] Total patients in database: 1
2025-11-27 13:09:06.467 +01:00 [INF] [PatientController] Successfully retrieved patient 1 for UserId: c1f2f090-f2e3-47ca-9113-d905d27c42f4
2025-11-27 13:09:06.467 +01:00 [INF] Executing OkObjectResult, writing value of type 'System.Int32'.
2025-11-27 13:09:06.467 +01:00 [INF] Executing OkObjectResult, writing value of type 'HomeCareApp.DTOs.PatientDto'.
2025-11-27 13:09:06.467 +01:00 [INF] Executed action HomeCareApp.Controllers.NotificationController.GetUnreadCount (api) in 1.5483ms
2025-11-27 13:09:06.467 +01:00 [INF] Executed endpoint 'HomeCareApp.Controllers.NotificationController.GetUnreadCount (api)'
2025-11-27 13:09:06.467 +01:00 [INF] Executed action HomeCareApp.Controllers.PatientController.GetPatientByUserId (api) in 1.6555ms
2025-11-27 13:09:06.467 +01:00 [INF] Request finished HTTP/1.1 GET http://localhost:5090/api/Notification/unread-count - 200 1 application/json; charset=utf-8 2.5463ms
2025-11-27 13:09:06.467 +01:00 [INF] Executed endpoint 'HomeCareApp.Controllers.PatientController.GetPatientByUserId (api)'
2025-11-27 13:09:06.467 +01:00 [INF] Request finished HTTP/1.1 GET http://localhost:5090/api/Patient/user/c1f2f090-f2e3-47ca-9113-d905d27c42f4 - 200 223 application/json; charset=utf-8 2.8582ms
2025-11-27 13:09:06.473 +01:00 [INF] Request starting HTTP/1.1 GET http://localhost:5090/api/Appointment/patient/1 - application/json null
2025-11-27 13:09:06.473 +01:00 [INF] CORS policy execution successful.
2025-11-27 13:09:06.474 +01:00 [INF] Executing endpoint 'HomeCareApp.Controllers.AppointmentController.GetAppointmentsByPatientId (api)'
2025-11-27 13:09:06.474 +01:00 [INF] Route matched with {action = "GetAppointmentsByPatientId", controller = "Appointment"}. Executing controller action with signature System.Threading.Tasks.Task`1[Microsoft.AspNetCore.Mvc.IActionResult] GetAppointmentsByPatientId(Int32) on controller HomeCareApp.Controllers.AppointmentController (api).
2025-11-27 13:09:06.474 +01:00 [INF] [AppointmentRepository] GetAll() - Retrieving all appointments
2025-11-27 13:09:06.475 +01:00 [INF] [AppointmentRepository] GetAll() - Successfully retrieved 0 appointments
2025-11-27 13:09:06.475 +01:00 [INF] [AppointmentController] Found 0 appointments for PatientId: 1
2025-11-27 13:09:06.476 +01:00 [INF] Executing OkObjectResult, writing value of type 'System.Linq.Enumerable+WhereSelectListIterator`2[[HomeCareApp.Models.Appointment, api, Version=1.0.0.0, Culture=neutral, PublicKeyToken=null],[HomeCareApp.DTOs.AppointmentDto, api, Version=1.0.0.0, Culture=neutral, PublicKeyToken=null]]'.
2025-11-27 13:09:06.476 +01:00 [INF] Executed action HomeCareApp.Controllers.AppointmentController.GetAppointmentsByPatientId (api) in 1.8617ms
2025-11-27 13:09:06.476 +01:00 [INF] Executed endpoint 'HomeCareApp.Controllers.AppointmentController.GetAppointmentsByPatientId (api)'
2025-11-27 13:09:06.476 +01:00 [INF] Request finished HTTP/1.1 GET http://localhost:5090/api/Appointment/patient/1 - 200 2 application/json; charset=utf-8 3.4866ms
2025-11-27 13:09:06.480 +01:00 [INF] Request starting HTTP/1.1 GET http://localhost:5090/api/Appointment/patient/1 - application/json null
2025-11-27 13:09:06.480 +01:00 [INF] CORS policy execution successful.
2025-11-27 13:09:06.480 +01:00 [INF] Executing endpoint 'HomeCareApp.Controllers.AppointmentController.GetAppointmentsByPatientId (api)'
2025-11-27 13:09:06.480 +01:00 [INF] Route matched with {action = "GetAppointmentsByPatientId", controller = "Appointment"}. Executing controller action with signature System.Threading.Tasks.Task`1[Microsoft.AspNetCore.Mvc.IActionResult] GetAppointmentsByPatientId(Int32) on controller HomeCareApp.Controllers.AppointmentController (api).
2025-11-27 13:09:06.481 +01:00 [INF] [AppointmentRepository] GetAll() - Retrieving all appointments
2025-11-27 13:09:06.484 +01:00 [INF] [AppointmentRepository] GetAll() - Successfully retrieved 0 appointments
2025-11-27 13:09:06.484 +01:00 [INF] [AppointmentController] Found 0 appointments for PatientId: 1
2025-11-27 13:09:06.484 +01:00 [INF] Executing OkObjectResult, writing value of type 'System.Linq.Enumerable+WhereSelectListIterator`2[[HomeCareApp.Models.Appointment, api, Version=1.0.0.0, Culture=neutral, PublicKeyToken=null],[HomeCareApp.DTOs.AppointmentDto, api, Version=1.0.0.0, Culture=neutral, PublicKeyToken=null]]'.
2025-11-27 13:09:06.484 +01:00 [INF] Executed action HomeCareApp.Controllers.AppointmentController.GetAppointmentsByPatientId (api) in 3.6746ms
2025-11-27 13:09:06.484 +01:00 [INF] Executed endpoint 'HomeCareApp.Controllers.AppointmentController.GetAppointmentsByPatientId (api)'
2025-11-27 13:09:06.484 +01:00 [INF] Request finished HTTP/1.1 GET http://localhost:5090/api/Appointment/patient/1 - 200 2 application/json; charset=utf-8 4.5277ms
