2025-12-03 14:13:58.284 +01:00 [INF] No migrations were applied. The database is already up to date.
2025-12-03 14:13:58.349 +01:00 [INF] No migrations were applied. The database is already up to date.
2025-12-03 14:13:58.457 +01:00 [INF] User profile is available. Using 'C:\Users\vilde\AppData\Local\ASP.NET\DataProtection-Keys' as key repository and Windows DPAPI to encrypt keys at rest.
2025-12-03 14:13:58.514 +01:00 [INF] Now listening on: http://localhost:5090
2025-12-03 14:13:58.517 +01:00 [INF] Application started. Press Ctrl+C to shut down.
2025-12-03 14:13:58.517 +01:00 [INF] Hosting environment: Development
2025-12-03 14:13:58.518 +01:00 [INF] Content root path: C:\Users\vilde\OneDrive\Documents\Homecare React\React-Homecare\api
2025-12-03 14:13:58.767 +01:00 [INF] Request starting HTTP/1.1 GET http://localhost:5090/swagger - null null
2025-12-03 14:13:58.807 +01:00 [INF] Request finished HTTP/1.1 GET http://localhost:5090/swagger - 301 0 null 42.3721ms
2025-12-03 14:13:58.812 +01:00 [INF] Request starting HTTP/1.1 GET http://localhost:5090/swagger/index.html - null null
2025-12-03 14:13:58.895 +01:00 [INF] Request finished HTTP/1.1 GET http://localhost:5090/swagger/index.html - 200 null text/html;charset=utf-8 81.9278ms
2025-12-03 14:13:58.923 +01:00 [INF] Request starting HTTP/1.1 GET http://localhost:5090/swagger/swagger-ui.css - null null
2025-12-03 14:13:58.924 +01:00 [INF] Request starting HTTP/1.1 GET http://localhost:5090/swagger/swagger-ui-bundle.js - null null
2025-12-03 14:13:58.925 +01:00 [INF] Request starting HTTP/1.1 GET http://localhost:5090/_framework/aspnetcore-browser-refresh.js - null null
2025-12-03 14:13:58.925 +01:00 [INF] Request starting HTTP/1.1 GET http://localhost:5090/swagger/swagger-ui-standalone-preset.js - null null
2025-12-03 14:13:58.926 +01:00 [INF] Request finished HTTP/1.1 GET http://localhost:5090/_framework/aspnetcore-browser-refresh.js - 200 13732 application/javascript; charset=utf-8 1.6171ms
2025-12-03 14:13:58.956 +01:00 [INF] Sending file. Request path: '/swagger-ui.css'. Physical path: 'N/A'
2025-12-03 14:13:58.956 +01:00 [INF] Sending file. Request path: '/swagger-ui-standalone-preset.js'. Physical path: 'N/A'
2025-12-03 14:13:58.958 +01:00 [INF] Request finished HTTP/1.1 GET http://localhost:5090/swagger/swagger-ui.css - 200 143943 text/css 34.9921ms
2025-12-03 14:13:58.958 +01:00 [INF] Request finished HTTP/1.1 GET http://localhost:5090/swagger/swagger-ui-standalone-preset.js - 200 339486 text/javascript 33.6323ms
2025-12-03 14:13:58.964 +01:00 [INF] Sending file. Request path: '/swagger-ui-bundle.js'. Physical path: 'N/A'
2025-12-03 14:13:58.964 +01:00 [INF] Request finished HTTP/1.1 GET http://localhost:5090/swagger/swagger-ui-bundle.js - 200 1096145 text/javascript 40.3066ms
2025-12-03 14:13:59.110 +01:00 [INF] Request starting HTTP/1.1 GET http://localhost:5090/swagger/v1/swagger.json - null null
2025-12-03 14:13:59.130 +01:00 [INF] Request starting HTTP/1.1 GET http://localhost:5090/swagger/favicon-32x32.png - null null
2025-12-03 14:13:59.131 +01:00 [INF] Sending file. Request path: '/favicon-32x32.png'. Physical path: 'N/A'
2025-12-03 14:13:59.131 +01:00 [INF] Request finished HTTP/1.1 GET http://localhost:5090/swagger/favicon-32x32.png - 200 628 image/png 0.8302ms
2025-12-03 14:13:59.288 +01:00 [INF] Request finished HTTP/1.1 GET http://localhost:5090/swagger/v1/swagger.json - 200 null application/json;charset=utf-8 177.8034ms
2025-12-03 14:14:16.716 +01:00 [INF] Request starting HTTP/1.1 OPTIONS http://localhost:5090/api/Notification/unread-count - null null
2025-12-03 14:14:16.737 +01:00 [INF] CORS policy execution successful.
2025-12-03 14:14:16.739 +01:00 [INF] Request finished HTTP/1.1 OPTIONS http://localhost:5090/api/Notification/unread-count - 204 null null 23.0948ms
2025-12-03 14:14:16.741 +01:00 [INF] Request starting HTTP/1.1 GET http://localhost:5090/api/Notification/unread-count - application/json null
2025-12-03 14:14:16.743 +01:00 [INF] CORS policy execution successful.
2025-12-03 14:14:16.816 +01:00 [INF] Executing endpoint 'HomeCareApp.Controllers.NotificationController.GetUnreadCount (api)'
2025-12-03 14:14:16.846 +01:00 [INF] Route matched with {action = "GetUnreadCount", controller = "Notification"}. Executing controller action with signature System.Threading.Tasks.Task`1[Microsoft.AspNetCore.Mvc.ActionResult`1[System.Int32]] GetUnreadCount() on controller HomeCareApp.Controllers.NotificationController (api).
2025-12-03 14:14:16.852 +01:00 [INF] [NotificationController] Getting unread count for UserId: 3e07cffa-0932-44eb-a818-3c42976e81f7
2025-12-03 14:14:16.858 +01:00 [INF] [NotificationRepository] GetUnreadCountAsync(3e07cffa-0932-44eb-a818-3c42976e81f7) - Getting unread count for user
2025-12-03 14:14:17.098 +01:00 [INF] [NotificationRepository] GetUnreadCountAsync(3e07cffa-0932-44eb-a818-3c42976e81f7) - User has 0 unread notifications
2025-12-03 14:14:17.098 +01:00 [INF] [NotificationController] Found 0 unread notifications for UserId: 3e07cffa-0932-44eb-a818-3c42976e81f7
2025-12-03 14:14:17.100 +01:00 [INF] Executing OkObjectResult, writing value of type 'System.Int32'.
2025-12-03 14:14:17.139 +01:00 [INF] Executed action HomeCareApp.Controllers.NotificationController.GetUnreadCount (api) in 289.4438ms
2025-12-03 14:14:17.139 +01:00 [INF] Executed endpoint 'HomeCareApp.Controllers.NotificationController.GetUnreadCount (api)'
2025-12-03 14:14:17.141 +01:00 [INF] Request finished HTTP/1.1 GET http://localhost:5090/api/Notification/unread-count - 200 1 application/json; charset=utf-8 400.0813ms
2025-12-03 14:15:16.718 +01:00 [INF] Request starting HTTP/1.1 OPTIONS http://localhost:5090/api/Notification/unread-count - null null
2025-12-03 14:15:16.725 +01:00 [INF] CORS policy execution successful.
2025-12-03 14:15:16.726 +01:00 [INF] Request finished HTTP/1.1 OPTIONS http://localhost:5090/api/Notification/unread-count - 204 null null 7.4032ms
2025-12-03 14:15:16.728 +01:00 [INF] Request starting HTTP/1.1 GET http://localhost:5090/api/Notification/unread-count - application/json null
2025-12-03 14:15:16.728 +01:00 [INF] CORS policy execution successful.
2025-12-03 14:15:16.731 +01:00 [INF] Executing endpoint 'HomeCareApp.Controllers.NotificationController.GetUnreadCount (api)'
2025-12-03 14:15:16.731 +01:00 [INF] Route matched with {action = "GetUnreadCount", controller = "Notification"}. Executing controller action with signature System.Threading.Tasks.Task`1[Microsoft.AspNetCore.Mvc.ActionResult`1[System.Int32]] GetUnreadCount() on controller HomeCareApp.Controllers.NotificationController (api).
2025-12-03 14:15:16.733 +01:00 [INF] [NotificationController] Getting unread count for UserId: 3e07cffa-0932-44eb-a818-3c42976e81f7
2025-12-03 14:15:16.734 +01:00 [INF] [NotificationRepository] GetUnreadCountAsync(3e07cffa-0932-44eb-a818-3c42976e81f7) - Getting unread count for user
2025-12-03 14:15:16.743 +01:00 [INF] [NotificationRepository] GetUnreadCountAsync(3e07cffa-0932-44eb-a818-3c42976e81f7) - User has 0 unread notifications
2025-12-03 14:15:16.743 +01:00 [INF] [NotificationController] Found 0 unread notifications for UserId: 3e07cffa-0932-44eb-a818-3c42976e81f7
2025-12-03 14:15:16.743 +01:00 [INF] Executing OkObjectResult, writing value of type 'System.Int32'.
2025-12-03 14:15:16.744 +01:00 [INF] Executed action HomeCareApp.Controllers.NotificationController.GetUnreadCount (api) in 12.7236ms
2025-12-03 14:15:16.745 +01:00 [INF] Executed endpoint 'HomeCareApp.Controllers.NotificationController.GetUnreadCount (api)'
2025-12-03 14:15:16.745 +01:00 [INF] Request finished HTTP/1.1 GET http://localhost:5090/api/Notification/unread-count - 200 1 application/json; charset=utf-8 16.7977ms
2025-12-03 14:16:16.719 +01:00 [INF] Request starting HTTP/1.1 OPTIONS http://localhost:5090/api/Notification/unread-count - null null
2025-12-03 14:16:16.719 +01:00 [INF] CORS policy execution successful.
2025-12-03 14:16:16.719 +01:00 [INF] Request finished HTTP/1.1 OPTIONS http://localhost:5090/api/Notification/unread-count - 204 null null 0.7131ms
2025-12-03 14:16:16.721 +01:00 [INF] Request starting HTTP/1.1 GET http://localhost:5090/api/Notification/unread-count - application/json null
2025-12-03 14:16:16.721 +01:00 [INF] CORS policy execution successful.
2025-12-03 14:16:16.725 +01:00 [INF] Executing endpoint 'HomeCareApp.Controllers.NotificationController.GetUnreadCount (api)'
2025-12-03 14:16:16.725 +01:00 [INF] Route matched with {action = "GetUnreadCount", controller = "Notification"}. Executing controller action with signature System.Threading.Tasks.Task`1[Microsoft.AspNetCore.Mvc.ActionResult`1[System.Int32]] GetUnreadCount() on controller HomeCareApp.Controllers.NotificationController (api).
2025-12-03 14:16:16.727 +01:00 [INF] [NotificationController] Getting unread count for UserId: 3e07cffa-0932-44eb-a818-3c42976e81f7
2025-12-03 14:16:16.727 +01:00 [INF] [NotificationRepository] GetUnreadCountAsync(3e07cffa-0932-44eb-a818-3c42976e81f7) - Getting unread count for user
2025-12-03 14:16:16.730 +01:00 [INF] [NotificationRepository] GetUnreadCountAsync(3e07cffa-0932-44eb-a818-3c42976e81f7) - User has 0 unread notifications
2025-12-03 14:16:16.730 +01:00 [INF] [NotificationController] Found 0 unread notifications for UserId: 3e07cffa-0932-44eb-a818-3c42976e81f7
2025-12-03 14:16:16.730 +01:00 [INF] Executing OkObjectResult, writing value of type 'System.Int32'.
2025-12-03 14:16:16.730 +01:00 [INF] Executed action HomeCareApp.Controllers.NotificationController.GetUnreadCount (api) in 5.4115ms
2025-12-03 14:16:16.730 +01:00 [INF] Executed endpoint 'HomeCareApp.Controllers.NotificationController.GetUnreadCount (api)'
2025-12-03 14:16:16.730 +01:00 [INF] Request finished HTTP/1.1 GET http://localhost:5090/api/Notification/unread-count - 200 1 application/json; charset=utf-8 9.5504ms
2025-12-03 14:17:16.716 +01:00 [INF] Request starting HTTP/1.1 OPTIONS http://localhost:5090/api/Notification/unread-count - null null
2025-12-03 14:17:16.716 +01:00 [INF] CORS policy execution successful.
2025-12-03 14:17:16.716 +01:00 [INF] Request finished HTTP/1.1 OPTIONS http://localhost:5090/api/Notification/unread-count - 204 null null 0.8485ms
2025-12-03 14:17:16.720 +01:00 [INF] Request starting HTTP/1.1 GET http://localhost:5090/api/Notification/unread-count - application/json null
2025-12-03 14:17:16.721 +01:00 [INF] CORS policy execution successful.
2025-12-03 14:17:16.722 +01:00 [INF] Executing endpoint 'HomeCareApp.Controllers.NotificationController.GetUnreadCount (api)'
2025-12-03 14:17:16.722 +01:00 [INF] Route matched with {action = "GetUnreadCount", controller = "Notification"}. Executing controller action with signature System.Threading.Tasks.Task`1[Microsoft.AspNetCore.Mvc.ActionResult`1[System.Int32]] GetUnreadCount() on controller HomeCareApp.Controllers.NotificationController (api).
2025-12-03 14:17:16.723 +01:00 [INF] [NotificationController] Getting unread count for UserId: 3e07cffa-0932-44eb-a818-3c42976e81f7
2025-12-03 14:17:16.723 +01:00 [INF] [NotificationRepository] GetUnreadCountAsync(3e07cffa-0932-44eb-a818-3c42976e81f7) - Getting unread count for user
2025-12-03 14:17:16.726 +01:00 [INF] [NotificationRepository] GetUnreadCountAsync(3e07cffa-0932-44eb-a818-3c42976e81f7) - User has 0 unread notifications
2025-12-03 14:17:16.727 +01:00 [INF] [NotificationController] Found 0 unread notifications for UserId: 3e07cffa-0932-44eb-a818-3c42976e81f7
2025-12-03 14:17:16.728 +01:00 [INF] Executing OkObjectResult, writing value of type 'System.Int32'.
2025-12-03 14:17:16.728 +01:00 [INF] Executed action HomeCareApp.Controllers.NotificationController.GetUnreadCount (api) in 5.9533ms
2025-12-03 14:17:16.729 +01:00 [INF] Executed endpoint 'HomeCareApp.Controllers.NotificationController.GetUnreadCount (api)'
2025-12-03 14:17:16.729 +01:00 [INF] Request finished HTTP/1.1 GET http://localhost:5090/api/Notification/unread-count - 200 1 application/json; charset=utf-8 8.3301ms
2025-12-03 14:18:16.718 +01:00 [INF] Request starting HTTP/1.1 OPTIONS http://localhost:5090/api/Notification/unread-count - null null
2025-12-03 14:18:16.718 +01:00 [INF] CORS policy execution successful.
2025-12-03 14:18:16.719 +01:00 [INF] Request finished HTTP/1.1 OPTIONS http://localhost:5090/api/Notification/unread-count - 204 null null 1.2401ms
2025-12-03 14:18:16.722 +01:00 [INF] Request starting HTTP/1.1 GET http://localhost:5090/api/Notification/unread-count - application/json null
2025-12-03 14:18:16.722 +01:00 [INF] CORS policy execution successful.
2025-12-03 14:18:16.723 +01:00 [INF] Executing endpoint 'HomeCareApp.Controllers.NotificationController.GetUnreadCount (api)'
2025-12-03 14:18:16.723 +01:00 [INF] Route matched with {action = "GetUnreadCount", controller = "Notification"}. Executing controller action with signature System.Threading.Tasks.Task`1[Microsoft.AspNetCore.Mvc.ActionResult`1[System.Int32]] GetUnreadCount() on controller HomeCareApp.Controllers.NotificationController (api).
2025-12-03 14:18:16.724 +01:00 [INF] [NotificationController] Getting unread count for UserId: 3e07cffa-0932-44eb-a818-3c42976e81f7
2025-12-03 14:18:16.724 +01:00 [INF] [NotificationRepository] GetUnreadCountAsync(3e07cffa-0932-44eb-a818-3c42976e81f7) - Getting unread count for user
2025-12-03 14:18:16.727 +01:00 [INF] [NotificationRepository] GetUnreadCountAsync(3e07cffa-0932-44eb-a818-3c42976e81f7) - User has 0 unread notifications
2025-12-03 14:18:16.727 +01:00 [INF] [NotificationController] Found 0 unread notifications for UserId: 3e07cffa-0932-44eb-a818-3c42976e81f7
2025-12-03 14:18:16.727 +01:00 [INF] Executing OkObjectResult, writing value of type 'System.Int32'.
2025-12-03 14:18:16.727 +01:00 [INF] Executed action HomeCareApp.Controllers.NotificationController.GetUnreadCount (api) in 4.0548ms
2025-12-03 14:18:16.727 +01:00 [INF] Executed endpoint 'HomeCareApp.Controllers.NotificationController.GetUnreadCount (api)'
2025-12-03 14:18:16.728 +01:00 [INF] Request finished HTTP/1.1 GET http://localhost:5090/api/Notification/unread-count - 200 1 application/json; charset=utf-8 5.9235ms
2025-12-03 14:19:16.720 +01:00 [INF] Request starting HTTP/1.1 OPTIONS http://localhost:5090/api/Notification/unread-count - null null
2025-12-03 14:19:16.720 +01:00 [INF] CORS policy execution successful.
2025-12-03 14:19:16.720 +01:00 [INF] Request finished HTTP/1.1 OPTIONS http://localhost:5090/api/Notification/unread-count - 204 null null 0.4084ms
2025-12-03 14:19:16.722 +01:00 [INF] Request starting HTTP/1.1 GET http://localhost:5090/api/Notification/unread-count - application/json null
2025-12-03 14:19:16.722 +01:00 [INF] CORS policy execution successful.
2025-12-03 14:19:16.723 +01:00 [INF] Executing endpoint 'HomeCareApp.Controllers.NotificationController.GetUnreadCount (api)'
2025-12-03 14:19:16.723 +01:00 [INF] Route matched with {action = "GetUnreadCount", controller = "Notification"}. Executing controller action with signature System.Threading.Tasks.Task`1[Microsoft.AspNetCore.Mvc.ActionResult`1[System.Int32]] GetUnreadCount() on controller HomeCareApp.Controllers.NotificationController (api).
2025-12-03 14:19:16.723 +01:00 [INF] [NotificationController] Getting unread count for UserId: 3e07cffa-0932-44eb-a818-3c42976e81f7
2025-12-03 14:19:16.723 +01:00 [INF] [NotificationRepository] GetUnreadCountAsync(3e07cffa-0932-44eb-a818-3c42976e81f7) - Getting unread count for user
2025-12-03 14:19:16.724 +01:00 [INF] [NotificationRepository] GetUnreadCountAsync(3e07cffa-0932-44eb-a818-3c42976e81f7) - User has 0 unread notifications
2025-12-03 14:19:16.724 +01:00 [INF] [NotificationController] Found 0 unread notifications for UserId: 3e07cffa-0932-44eb-a818-3c42976e81f7
2025-12-03 14:19:16.725 +01:00 [INF] Executing OkObjectResult, writing value of type 'System.Int32'.
2025-12-03 14:19:16.725 +01:00 [INF] Executed action HomeCareApp.Controllers.NotificationController.GetUnreadCount (api) in 2.1566ms
2025-12-03 14:19:16.725 +01:00 [INF] Executed endpoint 'HomeCareApp.Controllers.NotificationController.GetUnreadCount (api)'
2025-12-03 14:19:16.725 +01:00 [INF] Request finished HTTP/1.1 GET http://localhost:5090/api/Notification/unread-count - 200 1 application/json; charset=utf-8 3.2306ms
2025-12-03 14:20:16.715 +01:00 [INF] Request starting HTTP/1.1 OPTIONS http://localhost:5090/api/Notification/unread-count - null null
2025-12-03 14:20:16.715 +01:00 [INF] CORS policy execution successful.
2025-12-03 14:20:16.716 +01:00 [INF] Request finished HTTP/1.1 OPTIONS http://localhost:5090/api/Notification/unread-count - 204 null null 1.0412ms
2025-12-03 14:20:16.719 +01:00 [INF] Request starting HTTP/1.1 GET http://localhost:5090/api/Notification/unread-count - application/json null
2025-12-03 14:20:16.719 +01:00 [INF] CORS policy execution successful.
2025-12-03 14:20:16.720 +01:00 [INF] Executing endpoint 'HomeCareApp.Controllers.NotificationController.GetUnreadCount (api)'
2025-12-03 14:20:16.721 +01:00 [INF] Route matched with {action = "GetUnreadCount", controller = "Notification"}. Executing controller action with signature System.Threading.Tasks.Task`1[Microsoft.AspNetCore.Mvc.ActionResult`1[System.Int32]] GetUnreadCount() on controller HomeCareApp.Controllers.NotificationController (api).
2025-12-03 14:20:16.721 +01:00 [INF] [NotificationController] Getting unread count for UserId: 3e07cffa-0932-44eb-a818-3c42976e81f7
2025-12-03 14:20:16.721 +01:00 [INF] [NotificationRepository] GetUnreadCountAsync(3e07cffa-0932-44eb-a818-3c42976e81f7) - Getting unread count for user
2025-12-03 14:20:16.724 +01:00 [INF] [NotificationRepository] GetUnreadCountAsync(3e07cffa-0932-44eb-a818-3c42976e81f7) - User has 0 unread notifications
2025-12-03 14:20:16.724 +01:00 [INF] [NotificationController] Found 0 unread notifications for UserId: 3e07cffa-0932-44eb-a818-3c42976e81f7
2025-12-03 14:20:16.725 +01:00 [INF] Executing OkObjectResult, writing value of type 'System.Int32'.
2025-12-03 14:20:16.725 +01:00 [INF] Executed action HomeCareApp.Controllers.NotificationController.GetUnreadCount (api) in 4.7595ms
2025-12-03 14:20:16.726 +01:00 [INF] Executed endpoint 'HomeCareApp.Controllers.NotificationController.GetUnreadCount (api)'
2025-12-03 14:20:16.726 +01:00 [INF] Request finished HTTP/1.1 GET http://localhost:5090/api/Notification/unread-count - 200 1 application/json; charset=utf-8 7.0735ms
2025-12-03 14:28:03.808 +01:00 [INF] Request starting HTTP/1.1 OPTIONS http://localhost:5090/api/Notification/unread-count - null null
2025-12-03 14:28:03.809 +01:00 [INF] CORS policy execution successful.
2025-12-03 14:28:03.809 +01:00 [INF] Request finished HTTP/1.1 OPTIONS http://localhost:5090/api/Notification/unread-count - 204 null null 0.4494ms
2025-12-03 14:28:03.876 +01:00 [INF] Request starting HTTP/1.1 GET http://localhost:5090/api/Notification/unread-count - application/json null
2025-12-03 14:28:03.876 +01:00 [INF] CORS policy execution successful.
2025-12-03 14:28:03.877 +01:00 [INF] Executing endpoint 'HomeCareApp.Controllers.NotificationController.GetUnreadCount (api)'
2025-12-03 14:28:03.877 +01:00 [INF] Route matched with {action = "GetUnreadCount", controller = "Notification"}. Executing controller action with signature System.Threading.Tasks.Task`1[Microsoft.AspNetCore.Mvc.ActionResult`1[System.Int32]] GetUnreadCount() on controller HomeCareApp.Controllers.NotificationController (api).
2025-12-03 14:28:03.877 +01:00 [INF] [NotificationController] Getting unread count for UserId: 3e07cffa-0932-44eb-a818-3c42976e81f7
2025-12-03 14:28:03.877 +01:00 [INF] [NotificationRepository] GetUnreadCountAsync(3e07cffa-0932-44eb-a818-3c42976e81f7) - Getting unread count for user
2025-12-03 14:28:03.879 +01:00 [INF] [NotificationRepository] GetUnreadCountAsync(3e07cffa-0932-44eb-a818-3c42976e81f7) - User has 0 unread notifications
2025-12-03 14:28:03.879 +01:00 [INF] [NotificationController] Found 0 unread notifications for UserId: 3e07cffa-0932-44eb-a818-3c42976e81f7
2025-12-03 14:28:03.880 +01:00 [INF] Executing OkObjectResult, writing value of type 'System.Int32'.
2025-12-03 14:28:03.880 +01:00 [INF] Executed action HomeCareApp.Controllers.NotificationController.GetUnreadCount (api) in 3.1296ms
2025-12-03 14:28:03.880 +01:00 [INF] Executed endpoint 'HomeCareApp.Controllers.NotificationController.GetUnreadCount (api)'
2025-12-03 14:28:03.880 +01:00 [INF] Request finished HTTP/1.1 GET http://localhost:5090/api/Notification/unread-count - 200 1 application/json; charset=utf-8 4.5956ms
2025-12-03 14:28:46.866 +01:00 [INF] Request starting HTTP/1.1 OPTIONS http://localhost:5090/api/Notification/unread-count - null null
2025-12-03 14:28:46.866 +01:00 [INF] CORS policy execution successful.
2025-12-03 14:28:46.867 +01:00 [INF] Request finished HTTP/1.1 OPTIONS http://localhost:5090/api/Notification/unread-count - 204 null null 0.7902ms
2025-12-03 14:28:46.870 +01:00 [INF] Request starting HTTP/1.1 GET http://localhost:5090/api/Notification/unread-count - application/json null
2025-12-03 14:28:46.871 +01:00 [INF] CORS policy execution successful.
2025-12-03 14:28:46.871 +01:00 [INF] Executing endpoint 'HomeCareApp.Controllers.NotificationController.GetUnreadCount (api)'
2025-12-03 14:28:46.871 +01:00 [INF] Route matched with {action = "GetUnreadCount", controller = "Notification"}. Executing controller action with signature System.Threading.Tasks.Task`1[Microsoft.AspNetCore.Mvc.ActionResult`1[System.Int32]] GetUnreadCount() on controller HomeCareApp.Controllers.NotificationController (api).
2025-12-03 14:28:46.872 +01:00 [INF] [NotificationController] Getting unread count for UserId: 3e07cffa-0932-44eb-a818-3c42976e81f7
2025-12-03 14:28:46.872 +01:00 [INF] [NotificationRepository] GetUnreadCountAsync(3e07cffa-0932-44eb-a818-3c42976e81f7) - Getting unread count for user
2025-12-03 14:28:46.873 +01:00 [INF] [NotificationRepository] GetUnreadCountAsync(3e07cffa-0932-44eb-a818-3c42976e81f7) - User has 0 unread notifications
2025-12-03 14:28:46.873 +01:00 [INF] [NotificationController] Found 0 unread notifications for UserId: 3e07cffa-0932-44eb-a818-3c42976e81f7
2025-12-03 14:28:46.874 +01:00 [INF] Executing OkObjectResult, writing value of type 'System.Int32'.
2025-12-03 14:28:46.874 +01:00 [INF] Executed action HomeCareApp.Controllers.NotificationController.GetUnreadCount (api) in 2.4706ms
2025-12-03 14:28:46.874 +01:00 [INF] Executed endpoint 'HomeCareApp.Controllers.NotificationController.GetUnreadCount (api)'
2025-12-03 14:28:46.874 +01:00 [INF] Request finished HTTP/1.1 GET http://localhost:5090/api/Notification/unread-count - 200 1 application/json; charset=utf-8 3.6795ms
2025-12-03 14:28:56.718 +01:00 [INF] Request starting HTTP/1.1 OPTIONS http://localhost:5090/api/Notification/unread-count - null null
2025-12-03 14:28:56.719 +01:00 [INF] CORS policy execution successful.
2025-12-03 14:28:56.719 +01:00 [INF] Request finished HTTP/1.1 OPTIONS http://localhost:5090/api/Notification/unread-count - 204 null null 0.5301ms
2025-12-03 14:28:56.722 +01:00 [INF] Request starting HTTP/1.1 GET http://localhost:5090/api/Notification/unread-count - application/json null
2025-12-03 14:28:56.722 +01:00 [INF] CORS policy execution successful.
2025-12-03 14:28:56.722 +01:00 [INF] Executing endpoint 'HomeCareApp.Controllers.NotificationController.GetUnreadCount (api)'
2025-12-03 14:28:56.723 +01:00 [INF] Route matched with {action = "GetUnreadCount", controller = "Notification"}. Executing controller action with signature System.Threading.Tasks.Task`1[Microsoft.AspNetCore.Mvc.ActionResult`1[System.Int32]] GetUnreadCount() on controller HomeCareApp.Controllers.NotificationController (api).
2025-12-03 14:28:56.723 +01:00 [INF] [NotificationController] Getting unread count for UserId: 3e07cffa-0932-44eb-a818-3c42976e81f7
2025-12-03 14:28:56.723 +01:00 [INF] [NotificationRepository] GetUnreadCountAsync(3e07cffa-0932-44eb-a818-3c42976e81f7) - Getting unread count for user
2025-12-03 14:28:56.725 +01:00 [INF] [NotificationRepository] GetUnreadCountAsync(3e07cffa-0932-44eb-a818-3c42976e81f7) - User has 0 unread notifications
2025-12-03 14:28:56.725 +01:00 [INF] [NotificationController] Found 0 unread notifications for UserId: 3e07cffa-0932-44eb-a818-3c42976e81f7
2025-12-03 14:28:56.726 +01:00 [INF] Executing OkObjectResult, writing value of type 'System.Int32'.
2025-12-03 14:28:56.726 +01:00 [INF] Executed action HomeCareApp.Controllers.NotificationController.GetUnreadCount (api) in 3.6379ms
2025-12-03 14:28:56.726 +01:00 [INF] Executed endpoint 'HomeCareApp.Controllers.NotificationController.GetUnreadCount (api)'
2025-12-03 14:28:56.726 +01:00 [INF] Request finished HTTP/1.1 GET http://localhost:5090/api/Notification/unread-count - 200 1 application/json; charset=utf-8 4.8794ms
2025-12-03 14:29:20.647 +01:00 [INF] Application is shutting down...
