2025-11-25 00:06:35.954 +01:00 [INF] No migrations were applied. The database is already up to date.
2025-11-25 00:06:36.001 +01:00 [INF] No migrations were applied. The database is already up to date.
2025-11-25 00:06:36.290 +01:00 [INF] User profile is available. Using 'C:\Users\B\AppData\Local\ASP.NET\DataProtection-Keys' as key repository and Windows DPAPI to encrypt keys at rest.
2025-11-25 00:06:36.331 +01:00 [INF] Now listening on: http://localhost:5090
2025-11-25 00:06:36.333 +01:00 [INF] Application started. Press Ctrl+C to shut down.
2025-11-25 00:06:36.333 +01:00 [INF] Hosting environment: Development
2025-11-25 00:06:36.335 +01:00 [INF] Content root path: C:\Users\B\Documents\ITPE3200\React-Homecare\api
2025-11-25 00:06:38.226 +01:00 [INF] Request starting HTTP/1.1 OPTIONS http://localhost:5090/api/Notification/unread-count - null null
2025-11-25 00:06:38.226 +01:00 [INF] Request starting HTTP/1.1 OPTIONS http://localhost:5090/api/Notification/unread-count - null null
2025-11-25 00:06:38.226 +01:00 [INF] Request starting HTTP/1.1 OPTIONS http://localhost:5090/api/Notification/unread-count - null null
2025-11-25 00:06:38.226 +01:00 [INF] Request starting HTTP/1.1 OPTIONS http://localhost:5090/api/Notification/unread-count - null null
2025-11-25 00:06:38.256 +01:00 [INF] CORS policy execution successful.
2025-11-25 00:06:38.256 +01:00 [INF] CORS policy execution successful.
2025-11-25 00:06:38.256 +01:00 [INF] CORS policy execution successful.
2025-11-25 00:06:38.256 +01:00 [INF] CORS policy execution successful.
2025-11-25 00:06:38.261 +01:00 [INF] Request finished HTTP/1.1 OPTIONS http://localhost:5090/api/Notification/unread-count - 204 null null 37.4119ms
2025-11-25 00:06:38.261 +01:00 [INF] Request finished HTTP/1.1 OPTIONS http://localhost:5090/api/Notification/unread-count - 204 null null 34.8642ms
2025-11-25 00:06:38.261 +01:00 [INF] Request finished HTTP/1.1 OPTIONS http://localhost:5090/api/Notification/unread-count - 204 null null 37.4121ms
2025-11-25 00:06:38.261 +01:00 [INF] Request finished HTTP/1.1 OPTIONS http://localhost:5090/api/Notification/unread-count - 204 null null 37.3837ms
2025-11-25 00:06:38.263 +01:00 [INF] Request starting HTTP/1.1 GET http://localhost:5090/api/Notification/unread-count - application/json null
2025-11-25 00:06:38.269 +01:00 [INF] CORS policy execution successful.
2025-11-25 00:06:38.336 +01:00 [INF] Executing endpoint 'HomeCareApp.Controllers.NotificationController.GetUnreadCount (api)'
2025-11-25 00:06:38.346 +01:00 [INF] Route matched with {action = "GetUnreadCount", controller = "Notification"}. Executing controller action with signature System.Threading.Tasks.Task`1[Microsoft.AspNetCore.Mvc.ActionResult`1[System.Int32]] GetUnreadCount() on controller HomeCareApp.Controllers.NotificationController (api).
2025-11-25 00:06:38.397 +01:00 [INF] Executing OkObjectResult, writing value of type 'System.Int32'.
2025-11-25 00:06:38.425 +01:00 [INF] Executed action HomeCareApp.Controllers.NotificationController.GetUnreadCount (api) in 77.1225ms
2025-11-25 00:06:38.426 +01:00 [INF] Executed endpoint 'HomeCareApp.Controllers.NotificationController.GetUnreadCount (api)'
2025-11-25 00:06:38.427 +01:00 [INF] Request finished HTTP/1.1 GET http://localhost:5090/api/Notification/unread-count - 200 1 application/json; charset=utf-8 163.9583ms
2025-11-25 00:06:38.428 +01:00 [INF] Request starting HTTP/1.1 GET http://localhost:5090/api/Notification/unread-count - application/json null
2025-11-25 00:06:38.428 +01:00 [INF] CORS policy execution successful.
2025-11-25 00:06:38.430 +01:00 [INF] Executing endpoint 'HomeCareApp.Controllers.NotificationController.GetUnreadCount (api)'
2025-11-25 00:06:38.430 +01:00 [INF] Route matched with {action = "GetUnreadCount", controller = "Notification"}. Executing controller action with signature System.Threading.Tasks.Task`1[Microsoft.AspNetCore.Mvc.ActionResult`1[System.Int32]] GetUnreadCount() on controller HomeCareApp.Controllers.NotificationController (api).
2025-11-25 00:06:38.434 +01:00 [INF] Executing OkObjectResult, writing value of type 'System.Int32'.
2025-11-25 00:06:38.434 +01:00 [INF] Executed action HomeCareApp.Controllers.NotificationController.GetUnreadCount (api) in 3.7834ms
2025-11-25 00:06:38.434 +01:00 [INF] Executed endpoint 'HomeCareApp.Controllers.NotificationController.GetUnreadCount (api)'
2025-11-25 00:06:38.435 +01:00 [INF] Request finished HTTP/1.1 GET http://localhost:5090/api/Notification/unread-count - 200 1 application/json; charset=utf-8 6.4843ms
2025-11-25 00:06:38.436 +01:00 [INF] Request starting HTTP/1.1 GET http://localhost:5090/api/Notification/unread-count - application/json null
2025-11-25 00:06:38.436 +01:00 [INF] CORS policy execution successful.
2025-11-25 00:06:38.439 +01:00 [INF] Executing endpoint 'HomeCareApp.Controllers.NotificationController.GetUnreadCount (api)'
2025-11-25 00:06:38.439 +01:00 [INF] Route matched with {action = "GetUnreadCount", controller = "Notification"}. Executing controller action with signature System.Threading.Tasks.Task`1[Microsoft.AspNetCore.Mvc.ActionResult`1[System.Int32]] GetUnreadCount() on controller HomeCareApp.Controllers.NotificationController (api).
2025-11-25 00:06:38.443 +01:00 [INF] Executing OkObjectResult, writing value of type 'System.Int32'.
2025-11-25 00:06:38.443 +01:00 [INF] Executed action HomeCareApp.Controllers.NotificationController.GetUnreadCount (api) in 4.5274ms
2025-11-25 00:06:38.444 +01:00 [INF] Executed endpoint 'HomeCareApp.Controllers.NotificationController.GetUnreadCount (api)'
2025-11-25 00:06:38.444 +01:00 [INF] Request finished HTTP/1.1 GET http://localhost:5090/api/Notification/unread-count - 200 1 application/json; charset=utf-8 8.1434ms
2025-11-25 00:06:38.445 +01:00 [INF] Request starting HTTP/1.1 GET http://localhost:5090/api/Notification/unread-count - application/json null
2025-11-25 00:06:38.445 +01:00 [INF] CORS policy execution successful.
2025-11-25 00:06:38.446 +01:00 [INF] Executing endpoint 'HomeCareApp.Controllers.NotificationController.GetUnreadCount (api)'
2025-11-25 00:06:38.446 +01:00 [INF] Route matched with {action = "GetUnreadCount", controller = "Notification"}. Executing controller action with signature System.Threading.Tasks.Task`1[Microsoft.AspNetCore.Mvc.ActionResult`1[System.Int32]] GetUnreadCount() on controller HomeCareApp.Controllers.NotificationController (api).
2025-11-25 00:06:38.447 +01:00 [INF] Executing OkObjectResult, writing value of type 'System.Int32'.
2025-11-25 00:06:38.447 +01:00 [INF] Executed action HomeCareApp.Controllers.NotificationController.GetUnreadCount (api) in 1.3164ms
2025-11-25 00:06:38.447 +01:00 [INF] Executed endpoint 'HomeCareApp.Controllers.NotificationController.GetUnreadCount (api)'
2025-11-25 00:06:38.447 +01:00 [INF] Request finished HTTP/1.1 GET http://localhost:5090/api/Notification/unread-count - 200 1 application/json; charset=utf-8 2.235ms
2025-11-25 00:06:39.259 +01:00 [INF] Request starting HTTP/1.1 OPTIONS http://localhost:5090/api/Patient/user/b93968d1-992d-4d88-afd6-765016747452 - null null
2025-11-25 00:06:39.259 +01:00 [INF] Request starting HTTP/1.1 OPTIONS http://localhost:5090/api/Patient/user/b93968d1-992d-4d88-afd6-765016747452 - null null
2025-11-25 00:06:39.260 +01:00 [INF] CORS policy execution successful.
2025-11-25 00:06:39.260 +01:00 [INF] CORS policy execution successful.
2025-11-25 00:06:39.260 +01:00 [INF] Request finished HTTP/1.1 OPTIONS http://localhost:5090/api/Patient/user/b93968d1-992d-4d88-afd6-765016747452 - 204 null null 1.2806ms
2025-11-25 00:06:39.260 +01:00 [INF] Request finished HTTP/1.1 OPTIONS http://localhost:5090/api/Patient/user/b93968d1-992d-4d88-afd6-765016747452 - 204 null null 1.2806ms
2025-11-25 00:06:39.261 +01:00 [INF] Request starting HTTP/1.1 GET http://localhost:5090/api/Patient/user/b93968d1-992d-4d88-afd6-765016747452 - application/json null
2025-11-25 00:06:39.262 +01:00 [INF] CORS policy execution successful.
2025-11-25 00:06:39.262 +01:00 [INF] Executing endpoint 'HomeCareApp.Controllers.PatientController.GetPatientByUserId (api)'
2025-11-25 00:06:39.270 +01:00 [INF] Route matched with {action = "GetPatientByUserId", controller = "Patient"}. Executing controller action with signature System.Threading.Tasks.Task`1[Microsoft.AspNetCore.Mvc.ActionResult`1[HomeCareApp.DTOs.PatientDto]] GetPatientByUserId(System.String) on controller HomeCareApp.Controllers.PatientController (api).
2025-11-25 00:06:39.285 +01:00 [INF] Executing OkObjectResult, writing value of type 'HomeCareApp.DTOs.PatientDto'.
2025-11-25 00:06:39.303 +01:00 [INF] Executed action HomeCareApp.Controllers.PatientController.GetPatientByUserId (api) in 33.381ms
2025-11-25 00:06:39.303 +01:00 [INF] Executed endpoint 'HomeCareApp.Controllers.PatientController.GetPatientByUserId (api)'
2025-11-25 00:06:39.304 +01:00 [INF] Request finished HTTP/1.1 GET http://localhost:5090/api/Patient/user/b93968d1-992d-4d88-afd6-765016747452 - 200 248 application/json; charset=utf-8 42.161ms
2025-11-25 00:06:39.309 +01:00 [INF] Request starting HTTP/1.1 GET http://localhost:5090/api/Patient/user/b93968d1-992d-4d88-afd6-765016747452 - application/json null
2025-11-25 00:06:39.309 +01:00 [INF] CORS policy execution successful.
2025-11-25 00:06:39.310 +01:00 [INF] Executing endpoint 'HomeCareApp.Controllers.PatientController.GetPatientByUserId (api)'
2025-11-25 00:06:39.310 +01:00 [INF] Request starting HTTP/1.1 OPTIONS http://localhost:5090/api/Appointment/patient/5 - null null
2025-11-25 00:06:39.310 +01:00 [INF] Route matched with {action = "GetPatientByUserId", controller = "Patient"}. Executing controller action with signature System.Threading.Tasks.Task`1[Microsoft.AspNetCore.Mvc.ActionResult`1[HomeCareApp.DTOs.PatientDto]] GetPatientByUserId(System.String) on controller HomeCareApp.Controllers.PatientController (api).
2025-11-25 00:06:39.310 +01:00 [INF] CORS policy execution successful.
2025-11-25 00:06:39.311 +01:00 [INF] Request finished HTTP/1.1 OPTIONS http://localhost:5090/api/Appointment/patient/5 - 204 null null 0.361ms
2025-11-25 00:06:39.312 +01:00 [INF] Request starting HTTP/1.1 GET http://localhost:5090/api/Appointment/patient/5 - application/json null
2025-11-25 00:06:39.312 +01:00 [INF] CORS policy execution successful.
2025-11-25 00:06:39.312 +01:00 [INF] Executing endpoint 'HomeCareApp.Controllers.AppointmentController.GetAppointmentsByPatientId (api)'
2025-11-25 00:06:39.313 +01:00 [INF] Executing OkObjectResult, writing value of type 'HomeCareApp.DTOs.PatientDto'.
2025-11-25 00:06:39.313 +01:00 [INF] Executed action HomeCareApp.Controllers.PatientController.GetPatientByUserId (api) in 3.1614ms
2025-11-25 00:06:39.314 +01:00 [INF] Executed endpoint 'HomeCareApp.Controllers.PatientController.GetPatientByUserId (api)'
2025-11-25 00:06:39.314 +01:00 [INF] Request finished HTTP/1.1 GET http://localhost:5090/api/Patient/user/b93968d1-992d-4d88-afd6-765016747452 - 200 248 application/json; charset=utf-8 4.8977ms
2025-11-25 00:06:39.315 +01:00 [INF] Route matched with {action = "GetAppointmentsByPatientId", controller = "Appointment"}. Executing controller action with signature System.Threading.Tasks.Task`1[Microsoft.AspNetCore.Mvc.IActionResult] GetAppointmentsByPatientId(Int32) on controller HomeCareApp.Controllers.AppointmentController (api).
2025-11-25 00:06:39.369 +01:00 [INF] [AppointmentController] Found 2 appointments for PatientId: 5
2025-11-25 00:06:39.370 +01:00 [INF] Executing OkObjectResult, writing value of type 'System.Linq.Enumerable+WhereSelectListIterator`2[[HomeCareApp.Models.Appointment, api, Version=1.0.0.0, Culture=neutral, PublicKeyToken=null],[HomeCareApp.DTOs.AppointmentDto, api, Version=1.0.0.0, Culture=neutral, PublicKeyToken=null]]'.
2025-11-25 00:06:39.377 +01:00 [INF] Executed action HomeCareApp.Controllers.AppointmentController.GetAppointmentsByPatientId (api) in 61.9744ms
2025-11-25 00:06:39.378 +01:00 [INF] Executed endpoint 'HomeCareApp.Controllers.AppointmentController.GetAppointmentsByPatientId (api)'
2025-11-25 00:06:39.378 +01:00 [INF] Request finished HTTP/1.1 GET http://localhost:5090/api/Appointment/patient/5 - 200 397 application/json; charset=utf-8 65.9658ms
2025-11-25 00:06:39.379 +01:00 [INF] Request starting HTTP/1.1 GET http://localhost:5090/api/Appointment/patient/5 - application/json null
2025-11-25 00:06:39.380 +01:00 [INF] CORS policy execution successful.
2025-11-25 00:06:39.380 +01:00 [INF] Executing endpoint 'HomeCareApp.Controllers.AppointmentController.GetAppointmentsByPatientId (api)'
2025-11-25 00:06:39.380 +01:00 [INF] Route matched with {action = "GetAppointmentsByPatientId", controller = "Appointment"}. Executing controller action with signature System.Threading.Tasks.Task`1[Microsoft.AspNetCore.Mvc.IActionResult] GetAppointmentsByPatientId(Int32) on controller HomeCareApp.Controllers.AppointmentController (api).
2025-11-25 00:06:39.383 +01:00 [INF] [AppointmentController] Found 2 appointments for PatientId: 5
2025-11-25 00:06:39.384 +01:00 [INF] Executing OkObjectResult, writing value of type 'System.Linq.Enumerable+WhereSelectListIterator`2[[HomeCareApp.Models.Appointment, api, Version=1.0.0.0, Culture=neutral, PublicKeyToken=null],[HomeCareApp.DTOs.AppointmentDto, api, Version=1.0.0.0, Culture=neutral, PublicKeyToken=null]]'.
2025-11-25 00:06:39.384 +01:00 [INF] Executed action HomeCareApp.Controllers.AppointmentController.GetAppointmentsByPatientId (api) in 3.6347ms
2025-11-25 00:06:39.384 +01:00 [INF] Executed endpoint 'HomeCareApp.Controllers.AppointmentController.GetAppointmentsByPatientId (api)'
2025-11-25 00:06:39.384 +01:00 [INF] Request finished HTTP/1.1 GET http://localhost:5090/api/Appointment/patient/5 - 200 397 application/json; charset=utf-8 4.9123ms
2025-11-25 00:06:40.732 +01:00 [INF] Request starting HTTP/1.1 GET http://localhost:5090/api/Patient/user/b93968d1-992d-4d88-afd6-765016747452 - application/json null
2025-11-25 00:06:40.733 +01:00 [INF] CORS policy execution successful.
2025-11-25 00:06:40.733 +01:00 [INF] Executing endpoint 'HomeCareApp.Controllers.PatientController.GetPatientByUserId (api)'
2025-11-25 00:06:40.734 +01:00 [INF] Route matched with {action = "GetPatientByUserId", controller = "Patient"}. Executing controller action with signature System.Threading.Tasks.Task`1[Microsoft.AspNetCore.Mvc.ActionResult`1[HomeCareApp.DTOs.PatientDto]] GetPatientByUserId(System.String) on controller HomeCareApp.Controllers.PatientController (api).
2025-11-25 00:06:40.737 +01:00 [INF] Executing OkObjectResult, writing value of type 'HomeCareApp.DTOs.PatientDto'.
2025-11-25 00:06:40.738 +01:00 [INF] Executed action HomeCareApp.Controllers.PatientController.GetPatientByUserId (api) in 4.1108ms
2025-11-25 00:06:40.738 +01:00 [INF] Executed endpoint 'HomeCareApp.Controllers.PatientController.GetPatientByUserId (api)'
2025-11-25 00:06:40.738 +01:00 [INF] Request finished HTTP/1.1 GET http://localhost:5090/api/Patient/user/b93968d1-992d-4d88-afd6-765016747452 - 200 248 application/json; charset=utf-8 5.6453ms
2025-11-25 00:06:40.741 +01:00 [INF] Request starting HTTP/1.1 GET http://localhost:5090/api/Appointment/patient/5 - application/json null
2025-11-25 00:06:40.741 +01:00 [INF] CORS policy execution successful.
2025-11-25 00:06:40.742 +01:00 [INF] Executing endpoint 'HomeCareApp.Controllers.AppointmentController.GetAppointmentsByPatientId (api)'
2025-11-25 00:06:40.742 +01:00 [INF] Route matched with {action = "GetAppointmentsByPatientId", controller = "Appointment"}. Executing controller action with signature System.Threading.Tasks.Task`1[Microsoft.AspNetCore.Mvc.IActionResult] GetAppointmentsByPatientId(Int32) on controller HomeCareApp.Controllers.AppointmentController (api).
2025-11-25 00:06:40.744 +01:00 [INF] [AppointmentController] Found 2 appointments for PatientId: 5
2025-11-25 00:06:40.744 +01:00 [INF] Executing OkObjectResult, writing value of type 'System.Linq.Enumerable+WhereSelectListIterator`2[[HomeCareApp.Models.Appointment, api, Version=1.0.0.0, Culture=neutral, PublicKeyToken=null],[HomeCareApp.DTOs.AppointmentDto, api, Version=1.0.0.0, Culture=neutral, PublicKeyToken=null]]'.
2025-11-25 00:06:40.744 +01:00 [INF] Executed action HomeCareApp.Controllers.AppointmentController.GetAppointmentsByPatientId (api) in 2.6957ms
2025-11-25 00:06:40.745 +01:00 [INF] Executed endpoint 'HomeCareApp.Controllers.AppointmentController.GetAppointmentsByPatientId (api)'
2025-11-25 00:06:40.745 +01:00 [INF] Request finished HTTP/1.1 GET http://localhost:5090/api/Appointment/patient/5 - 200 397 application/json; charset=utf-8 3.5158ms
2025-11-25 00:06:42.279 +01:00 [INF] Request starting HTTP/1.1 GET http://localhost:5090/api/Notification/unread-count - application/json null
2025-11-25 00:06:42.279 +01:00 [INF] Request starting HTTP/1.1 OPTIONS http://localhost:5090/api/Employee - null null
2025-11-25 00:06:42.279 +01:00 [INF] Request starting HTTP/1.1 OPTIONS http://localhost:5090/api/Employee - null null
2025-11-25 00:06:42.279 +01:00 [INF] CORS policy execution successful.
2025-11-25 00:06:42.279 +01:00 [INF] CORS policy execution successful.
2025-11-25 00:06:42.279 +01:00 [INF] CORS policy execution successful.
2025-11-25 00:06:42.279 +01:00 [INF] Request finished HTTP/1.1 OPTIONS http://localhost:5090/api/Employee - 204 null null 0.4613ms
2025-11-25 00:06:42.279 +01:00 [INF] Request finished HTTP/1.1 OPTIONS http://localhost:5090/api/Employee - 204 null null 0.4656ms
2025-11-25 00:06:42.279 +01:00 [INF] Executing endpoint 'HomeCareApp.Controllers.NotificationController.GetUnreadCount (api)'
2025-11-25 00:06:42.279 +01:00 [INF] Route matched with {action = "GetUnreadCount", controller = "Notification"}. Executing controller action with signature System.Threading.Tasks.Task`1[Microsoft.AspNetCore.Mvc.ActionResult`1[System.Int32]] GetUnreadCount() on controller HomeCareApp.Controllers.NotificationController (api).
2025-11-25 00:06:42.280 +01:00 [INF] Request starting HTTP/1.1 GET http://localhost:5090/api/Employee - application/json null
2025-11-25 00:06:42.280 +01:00 [INF] CORS policy execution successful.
2025-11-25 00:06:42.280 +01:00 [INF] Executing endpoint 'HomeCareApp.Controllers.EmployeeController.GetEmployees (api)'
2025-11-25 00:06:42.281 +01:00 [INF] Executing OkObjectResult, writing value of type 'System.Int32'.
2025-11-25 00:06:42.281 +01:00 [INF] Executed action HomeCareApp.Controllers.NotificationController.GetUnreadCount (api) in 1.5756ms
2025-11-25 00:06:42.281 +01:00 [INF] Executed endpoint 'HomeCareApp.Controllers.NotificationController.GetUnreadCount (api)'
2025-11-25 00:06:42.281 +01:00 [INF] Request finished HTTP/1.1 GET http://localhost:5090/api/Notification/unread-count - 200 1 application/json; charset=utf-8 2.5272ms
2025-11-25 00:06:42.282 +01:00 [INF] Request starting HTTP/1.1 GET http://localhost:5090/api/Notification/unread-count - application/json null
2025-11-25 00:06:42.282 +01:00 [INF] CORS policy execution successful.
2025-11-25 00:06:42.282 +01:00 [INF] Executing endpoint 'HomeCareApp.Controllers.NotificationController.GetUnreadCount (api)'
2025-11-25 00:06:42.282 +01:00 [INF] Route matched with {action = "GetUnreadCount", controller = "Notification"}. Executing controller action with signature System.Threading.Tasks.Task`1[Microsoft.AspNetCore.Mvc.ActionResult`1[System.Int32]] GetUnreadCount() on controller HomeCareApp.Controllers.NotificationController (api).
2025-11-25 00:06:42.283 +01:00 [INF] Route matched with {action = "GetEmployees", controller = "Employee"}. Executing controller action with signature System.Threading.Tasks.Task`1[Microsoft.AspNetCore.Mvc.ActionResult`1[System.Collections.Generic.IEnumerable`1[HomeCareApp.DTOs.EmployeeDto]]] GetEmployees() on controller HomeCareApp.Controllers.EmployeeController (api).
2025-11-25 00:06:42.283 +01:00 [INF] Executing OkObjectResult, writing value of type 'System.Int32'.
2025-11-25 00:06:42.283 +01:00 [INF] Executed action HomeCareApp.Controllers.NotificationController.GetUnreadCount (api) in 0.9709ms
2025-11-25 00:06:42.283 +01:00 [INF] Executed endpoint 'HomeCareApp.Controllers.NotificationController.GetUnreadCount (api)'
2025-11-25 00:06:42.283 +01:00 [INF] Request finished HTTP/1.1 GET http://localhost:5090/api/Notification/unread-count - 200 1 application/json; charset=utf-8 1.4756ms
2025-11-25 00:06:42.313 +01:00 [INF] [EmployeeController] Retrieved 5 employees
2025-11-25 00:06:42.313 +01:00 [INF] Executing OkObjectResult, writing value of type 'System.Linq.Enumerable+SelectListIterator`2[[HomeCareApp.Models.Employee, api, Version=1.0.0.0, Culture=neutral, PublicKeyToken=null],[HomeCareApp.DTOs.EmployeeDto, api, Version=1.0.0.0, Culture=neutral, PublicKeyToken=null]]'.
2025-11-25 00:06:42.317 +01:00 [INF] Executed action HomeCareApp.Controllers.EmployeeController.GetEmployees (api) in 34.3751ms
2025-11-25 00:06:42.317 +01:00 [INF] Executed endpoint 'HomeCareApp.Controllers.EmployeeController.GetEmployees (api)'
2025-11-25 00:06:42.317 +01:00 [INF] Request finished HTTP/1.1 GET http://localhost:5090/api/Employee - 200 3178 application/json; charset=utf-8 37.288ms
2025-11-25 00:06:42.319 +01:00 [INF] Request starting HTTP/1.1 GET http://localhost:5090/api/Employee - application/json null
2025-11-25 00:06:42.319 +01:00 [INF] CORS policy execution successful.
2025-11-25 00:06:42.319 +01:00 [INF] Executing endpoint 'HomeCareApp.Controllers.EmployeeController.GetEmployees (api)'
2025-11-25 00:06:42.319 +01:00 [INF] Route matched with {action = "GetEmployees", controller = "Employee"}. Executing controller action with signature System.Threading.Tasks.Task`1[Microsoft.AspNetCore.Mvc.ActionResult`1[System.Collections.Generic.IEnumerable`1[HomeCareApp.DTOs.EmployeeDto]]] GetEmployees() on controller HomeCareApp.Controllers.EmployeeController (api).
2025-11-25 00:06:42.320 +01:00 [INF] Request starting HTTP/1.1 GET http://localhost:5090/api/Patient/user/b93968d1-992d-4d88-afd6-765016747452 - application/json null
2025-11-25 00:06:42.320 +01:00 [INF] CORS policy execution successful.
2025-11-25 00:06:42.321 +01:00 [INF] Executing endpoint 'HomeCareApp.Controllers.PatientController.GetPatientByUserId (api)'
2025-11-25 00:06:42.321 +01:00 [INF] Route matched with {action = "GetPatientByUserId", controller = "Patient"}. Executing controller action with signature System.Threading.Tasks.Task`1[Microsoft.AspNetCore.Mvc.ActionResult`1[HomeCareApp.DTOs.PatientDto]] GetPatientByUserId(System.String) on controller HomeCareApp.Controllers.PatientController (api).
2025-11-25 00:06:42.322 +01:00 [INF] [EmployeeController] Retrieved 5 employees
2025-11-25 00:06:42.323 +01:00 [INF] Executing OkObjectResult, writing value of type 'System.Linq.Enumerable+SelectListIterator`2[[HomeCareApp.Models.Employee, api, Version=1.0.0.0, Culture=neutral, PublicKeyToken=null],[HomeCareApp.DTOs.EmployeeDto, api, Version=1.0.0.0, Culture=neutral, PublicKeyToken=null]]'.
2025-11-25 00:06:42.323 +01:00 [INF] Executed action HomeCareApp.Controllers.EmployeeController.GetEmployees (api) in 3.7446ms
2025-11-25 00:06:42.323 +01:00 [INF] Executed endpoint 'HomeCareApp.Controllers.EmployeeController.GetEmployees (api)'
2025-11-25 00:06:42.323 +01:00 [INF] Request finished HTTP/1.1 GET http://localhost:5090/api/Employee - 200 3178 application/json; charset=utf-8 4.5233ms
2025-11-25 00:06:42.324 +01:00 [INF] Executing OkObjectResult, writing value of type 'HomeCareApp.DTOs.PatientDto'.
2025-11-25 00:06:42.324 +01:00 [INF] Executed action HomeCareApp.Controllers.PatientController.GetPatientByUserId (api) in 3.1283ms
2025-11-25 00:06:42.324 +01:00 [INF] Executed endpoint 'HomeCareApp.Controllers.PatientController.GetPatientByUserId (api)'
2025-11-25 00:06:42.325 +01:00 [INF] Request finished HTTP/1.1 GET http://localhost:5090/api/Patient/user/b93968d1-992d-4d88-afd6-765016747452 - 200 248 application/json; charset=utf-8 4.2388ms
2025-11-25 00:06:42.326 +01:00 [INF] Request starting HTTP/1.1 GET http://localhost:5090/api/Patient/user/b93968d1-992d-4d88-afd6-765016747452 - application/json null
2025-11-25 00:06:42.326 +01:00 [INF] CORS policy execution successful.
2025-11-25 00:06:42.326 +01:00 [INF] Executing endpoint 'HomeCareApp.Controllers.PatientController.GetPatientByUserId (api)'
2025-11-25 00:06:42.326 +01:00 [INF] Route matched with {action = "GetPatientByUserId", controller = "Patient"}. Executing controller action with signature System.Threading.Tasks.Task`1[Microsoft.AspNetCore.Mvc.ActionResult`1[HomeCareApp.DTOs.PatientDto]] GetPatientByUserId(System.String) on controller HomeCareApp.Controllers.PatientController (api).
2025-11-25 00:06:42.328 +01:00 [INF] Executing OkObjectResult, writing value of type 'HomeCareApp.DTOs.PatientDto'.
2025-11-25 00:06:42.328 +01:00 [INF] Executed action HomeCareApp.Controllers.PatientController.GetPatientByUserId (api) in 1.5585ms
2025-11-25 00:06:42.328 +01:00 [INF] Executed endpoint 'HomeCareApp.Controllers.PatientController.GetPatientByUserId (api)'
2025-11-25 00:06:42.328 +01:00 [INF] Request finished HTTP/1.1 GET http://localhost:5090/api/Patient/user/b93968d1-992d-4d88-afd6-765016747452 - 200 248 application/json; charset=utf-8 2.4066ms
2025-11-25 00:06:52.977 +01:00 [INF] Request starting HTTP/1.1 OPTIONS http://localhost:5090/api/Appointment - null null
2025-11-25 00:06:52.977 +01:00 [INF] CORS policy execution successful.
2025-11-25 00:06:52.978 +01:00 [INF] Request finished HTTP/1.1 OPTIONS http://localhost:5090/api/Appointment - 204 null null 0.5374ms
2025-11-25 00:06:52.979 +01:00 [INF] Request starting HTTP/1.1 POST http://localhost:5090/api/Appointment - application/json 99
2025-11-25 00:06:52.979 +01:00 [INF] CORS policy execution successful.
2025-11-25 00:06:52.980 +01:00 [INF] Executing endpoint 'HomeCareApp.Controllers.AppointmentController.Create (api)'
2025-11-25 00:06:52.984 +01:00 [INF] Route matched with {action = "Create", controller = "Appointment"}. Executing controller action with signature System.Threading.Tasks.Task`1[Microsoft.AspNetCore.Mvc.IActionResult] Create(HomeCareApp.DTOs.AppointmentDto) on controller HomeCareApp.Controllers.AppointmentController (api).
2025-11-25 00:06:53.132 +01:00 [INF] [AppointmentController] Created notifications for appointment 15
2025-11-25 00:06:53.133 +01:00 [INF] Executing CreatedAtActionResult, writing value of type 'HomeCareApp.Models.Appointment'.
2025-11-25 00:06:53.153 +01:00 [INF] Executed action HomeCareApp.Controllers.AppointmentController.Create (api) in 169.6979ms
2025-11-25 00:06:53.154 +01:00 [INF] Executed endpoint 'HomeCareApp.Controllers.AppointmentController.Create (api)'
2025-11-25 00:06:53.154 +01:00 [INF] Request finished HTTP/1.1 POST http://localhost:5090/api/Appointment - 201 559 application/json; charset=utf-8 174.4682ms
2025-11-25 00:06:53.167 +01:00 [INF] Request starting HTTP/1.1 OPTIONS http://localhost:5090/api/Patient/user/b93968d1-992d-4d88-afd6-765016747452 - null null
2025-11-25 00:06:53.167 +01:00 [INF] Request starting HTTP/1.1 OPTIONS http://localhost:5090/api/Patient/user/b93968d1-992d-4d88-afd6-765016747452 - null null
2025-11-25 00:06:53.167 +01:00 [INF] CORS policy execution successful.
2025-11-25 00:06:53.167 +01:00 [INF] CORS policy execution successful.
2025-11-25 00:06:53.167 +01:00 [INF] Request finished HTTP/1.1 OPTIONS http://localhost:5090/api/Patient/user/b93968d1-992d-4d88-afd6-765016747452 - 204 null null 0.3396ms
2025-11-25 00:06:53.167 +01:00 [INF] Request finished HTTP/1.1 OPTIONS http://localhost:5090/api/Patient/user/b93968d1-992d-4d88-afd6-765016747452 - 204 null null 0.231ms
2025-11-25 00:06:53.168 +01:00 [INF] Request starting HTTP/1.1 GET http://localhost:5090/api/Patient/user/b93968d1-992d-4d88-afd6-765016747452 - application/json null
2025-11-25 00:06:53.168 +01:00 [INF] CORS policy execution successful.
2025-11-25 00:06:53.169 +01:00 [INF] Executing endpoint 'HomeCareApp.Controllers.PatientController.GetPatientByUserId (api)'
2025-11-25 00:06:53.169 +01:00 [INF] Route matched with {action = "GetPatientByUserId", controller = "Patient"}. Executing controller action with signature System.Threading.Tasks.Task`1[Microsoft.AspNetCore.Mvc.ActionResult`1[HomeCareApp.DTOs.PatientDto]] GetPatientByUserId(System.String) on controller HomeCareApp.Controllers.PatientController (api).
2025-11-25 00:06:53.171 +01:00 [INF] Executing OkObjectResult, writing value of type 'HomeCareApp.DTOs.PatientDto'.
2025-11-25 00:06:53.171 +01:00 [INF] Executed action HomeCareApp.Controllers.PatientController.GetPatientByUserId (api) in 1.9319ms
2025-11-25 00:06:53.171 +01:00 [INF] Executed endpoint 'HomeCareApp.Controllers.PatientController.GetPatientByUserId (api)'
2025-11-25 00:06:53.171 +01:00 [INF] Request finished HTTP/1.1 GET http://localhost:5090/api/Patient/user/b93968d1-992d-4d88-afd6-765016747452 - 200 248 application/json; charset=utf-8 2.9298ms
2025-11-25 00:06:53.172 +01:00 [INF] Request starting HTTP/1.1 GET http://localhost:5090/api/Patient/user/b93968d1-992d-4d88-afd6-765016747452 - application/json null
2025-11-25 00:06:53.173 +01:00 [INF] CORS policy execution successful.
2025-11-25 00:06:53.173 +01:00 [INF] Executing endpoint 'HomeCareApp.Controllers.PatientController.GetPatientByUserId (api)'
2025-11-25 00:06:53.173 +01:00 [INF] Route matched with {action = "GetPatientByUserId", controller = "Patient"}. Executing controller action with signature System.Threading.Tasks.Task`1[Microsoft.AspNetCore.Mvc.ActionResult`1[HomeCareApp.DTOs.PatientDto]] GetPatientByUserId(System.String) on controller HomeCareApp.Controllers.PatientController (api).
2025-11-25 00:06:53.173 +01:00 [INF] Request starting HTTP/1.1 OPTIONS http://localhost:5090/api/Appointment/patient/5 - null null
2025-11-25 00:06:53.174 +01:00 [INF] CORS policy execution successful.
2025-11-25 00:06:53.174 +01:00 [INF] Request finished HTTP/1.1 OPTIONS http://localhost:5090/api/Appointment/patient/5 - 204 null null 0.184ms
2025-11-25 00:06:53.175 +01:00 [INF] Request starting HTTP/1.1 GET http://localhost:5090/api/Appointment/patient/5 - application/json null
2025-11-25 00:06:53.175 +01:00 [INF] Executing OkObjectResult, writing value of type 'HomeCareApp.DTOs.PatientDto'.
2025-11-25 00:06:53.175 +01:00 [INF] CORS policy execution successful.
2025-11-25 00:06:53.175 +01:00 [INF] Executed action HomeCareApp.Controllers.PatientController.GetPatientByUserId (api) in 1.831ms
2025-11-25 00:06:53.175 +01:00 [INF] Executed endpoint 'HomeCareApp.Controllers.PatientController.GetPatientByUserId (api)'
2025-11-25 00:06:53.175 +01:00 [INF] Request finished HTTP/1.1 GET http://localhost:5090/api/Patient/user/b93968d1-992d-4d88-afd6-765016747452 - 200 248 application/json; charset=utf-8 3.1161ms
2025-11-25 00:06:53.175 +01:00 [INF] Executing endpoint 'HomeCareApp.Controllers.AppointmentController.GetAppointmentsByPatientId (api)'
2025-11-25 00:06:53.176 +01:00 [INF] Route matched with {action = "GetAppointmentsByPatientId", controller = "Appointment"}. Executing controller action with signature System.Threading.Tasks.Task`1[Microsoft.AspNetCore.Mvc.IActionResult] GetAppointmentsByPatientId(Int32) on controller HomeCareApp.Controllers.AppointmentController (api).
2025-11-25 00:06:53.178 +01:00 [INF] [AppointmentController] Found 3 appointments for PatientId: 5
2025-11-25 00:06:53.178 +01:00 [INF] Executing OkObjectResult, writing value of type 'System.Linq.Enumerable+WhereSelectListIterator`2[[HomeCareApp.Models.Appointment, api, Version=1.0.0.0, Culture=neutral, PublicKeyToken=null],[HomeCareApp.DTOs.AppointmentDto, api, Version=1.0.0.0, Culture=neutral, PublicKeyToken=null]]'.
2025-11-25 00:06:53.178 +01:00 [INF] Executed action HomeCareApp.Controllers.AppointmentController.GetAppointmentsByPatientId (api) in 2.155ms
2025-11-25 00:06:53.178 +01:00 [INF] Executed endpoint 'HomeCareApp.Controllers.AppointmentController.GetAppointmentsByPatientId (api)'
2025-11-25 00:06:53.178 +01:00 [INF] Request finished HTTP/1.1 GET http://localhost:5090/api/Appointment/patient/5 - 200 577 application/json; charset=utf-8 3.1835ms
2025-11-25 00:06:53.179 +01:00 [INF] Request starting HTTP/1.1 GET http://localhost:5090/api/Appointment/patient/5 - application/json null
2025-11-25 00:06:53.179 +01:00 [INF] CORS policy execution successful.
2025-11-25 00:06:53.180 +01:00 [INF] Executing endpoint 'HomeCareApp.Controllers.AppointmentController.GetAppointmentsByPatientId (api)'
2025-11-25 00:06:53.180 +01:00 [INF] Route matched with {action = "GetAppointmentsByPatientId", controller = "Appointment"}. Executing controller action with signature System.Threading.Tasks.Task`1[Microsoft.AspNetCore.Mvc.IActionResult] GetAppointmentsByPatientId(Int32) on controller HomeCareApp.Controllers.AppointmentController (api).
2025-11-25 00:06:53.182 +01:00 [INF] [AppointmentController] Found 3 appointments for PatientId: 5
2025-11-25 00:06:53.182 +01:00 [INF] Executing OkObjectResult, writing value of type 'System.Linq.Enumerable+WhereSelectListIterator`2[[HomeCareApp.Models.Appointment, api, Version=1.0.0.0, Culture=neutral, PublicKeyToken=null],[HomeCareApp.DTOs.AppointmentDto, api, Version=1.0.0.0, Culture=neutral, PublicKeyToken=null]]'.
2025-11-25 00:06:53.182 +01:00 [INF] Executed action HomeCareApp.Controllers.AppointmentController.GetAppointmentsByPatientId (api) in 2.3562ms
2025-11-25 00:06:53.182 +01:00 [INF] Executed endpoint 'HomeCareApp.Controllers.AppointmentController.GetAppointmentsByPatientId (api)'
2025-11-25 00:06:53.182 +01:00 [INF] Request finished HTTP/1.1 GET http://localhost:5090/api/Appointment/patient/5 - 200 577 application/json; charset=utf-8 3.35ms
2025-11-25 00:06:55.499 +01:00 [INF] Request starting HTTP/1.1 OPTIONS http://localhost:5090/api/Appointment/12 - null null
2025-11-25 00:06:55.499 +01:00 [INF] CORS policy execution successful.
2025-11-25 00:06:55.499 +01:00 [INF] Request finished HTTP/1.1 OPTIONS http://localhost:5090/api/Appointment/12 - 204 null null 0.4075ms
2025-11-25 00:06:55.500 +01:00 [INF] Request starting HTTP/1.1 DELETE http://localhost:5090/api/Appointment/12 - application/json null
2025-11-25 00:06:55.501 +01:00 [INF] CORS policy execution successful.
2025-11-25 00:06:55.501 +01:00 [INF] Executing endpoint 'HomeCareApp.Controllers.AppointmentController.Delete (api)'
2025-11-25 00:06:55.505 +01:00 [INF] Route matched with {action = "Delete", controller = "Appointment"}. Executing controller action with signature System.Threading.Tasks.Task`1[Microsoft.AspNetCore.Mvc.IActionResult] Delete(Int32) on controller HomeCareApp.Controllers.AppointmentController (api).
2025-11-25 00:06:55.539 +01:00 [INF] [AppointmentController] Created deletion notifications for appointment 12
2025-11-25 00:06:55.542 +01:00 [INF] Executing StatusCodeResult, setting HTTP status code 204
2025-11-25 00:06:55.543 +01:00 [INF] Executed action HomeCareApp.Controllers.AppointmentController.Delete (api) in 37.6379ms
2025-11-25 00:06:55.543 +01:00 [INF] Executed endpoint 'HomeCareApp.Controllers.AppointmentController.Delete (api)'
2025-11-25 00:06:55.543 +01:00 [INF] Request finished HTTP/1.1 DELETE http://localhost:5090/api/Appointment/12 - 204 null null 42.4047ms
2025-11-25 00:06:56.855 +01:00 [INF] Request starting HTTP/1.1 GET http://localhost:5090/api/Appointment/15 - null null
2025-11-25 00:06:56.855 +01:00 [INF] CORS policy execution successful.
2025-11-25 00:06:56.855 +01:00 [INF] Executing endpoint '405 HTTP Method Not Supported'
2025-11-25 00:06:56.855 +01:00 [INF] Executed endpoint '405 HTTP Method Not Supported'
2025-11-25 00:06:56.855 +01:00 [INF] Request finished HTTP/1.1 GET http://localhost:5090/api/Appointment/15 - 405 0 null 0.5581ms
2025-11-25 00:06:56.856 +01:00 [INF] Request starting HTTP/1.1 GET http://localhost:5090/api/Appointment/15 - null null
2025-11-25 00:06:56.856 +01:00 [INF] CORS policy execution successful.
2025-11-25 00:06:56.857 +01:00 [INF] Executing endpoint '405 HTTP Method Not Supported'
2025-11-25 00:06:56.857 +01:00 [INF] Executed endpoint '405 HTTP Method Not Supported'
2025-11-25 00:06:56.857 +01:00 [INF] Request finished HTTP/1.1 GET http://localhost:5090/api/Appointment/15 - 405 0 null 0.498ms
2025-11-25 00:07:08.738 +01:00 [INF] Request starting HTTP/1.1 OPTIONS http://localhost:5090/api/Notification/unread-count - null null
2025-11-25 00:07:08.738 +01:00 [INF] CORS policy execution successful.
2025-11-25 00:07:08.738 +01:00 [INF] Request finished HTTP/1.1 OPTIONS http://localhost:5090/api/Notification/unread-count - 204 null null 0.3896ms
2025-11-25 00:07:08.740 +01:00 [INF] Request starting HTTP/1.1 GET http://localhost:5090/api/Notification/unread-count - application/json null
2025-11-25 00:07:08.741 +01:00 [INF] CORS policy execution successful.
2025-11-25 00:07:08.741 +01:00 [INF] Executing endpoint 'HomeCareApp.Controllers.NotificationController.GetUnreadCount (api)'
2025-11-25 00:07:08.741 +01:00 [INF] Route matched with {action = "GetUnreadCount", controller = "Notification"}. Executing controller action with signature System.Threading.Tasks.Task`1[Microsoft.AspNetCore.Mvc.ActionResult`1[System.Int32]] GetUnreadCount() on controller HomeCareApp.Controllers.NotificationController (api).
2025-11-25 00:07:08.744 +01:00 [INF] Executing OkObjectResult, writing value of type 'System.Int32'.
2025-11-25 00:07:08.745 +01:00 [INF] Executed action HomeCareApp.Controllers.NotificationController.GetUnreadCount (api) in 3.1075ms
2025-11-25 00:07:08.745 +01:00 [INF] Executed endpoint 'HomeCareApp.Controllers.NotificationController.GetUnreadCount (api)'
2025-11-25 00:07:08.745 +01:00 [INF] Request finished HTTP/1.1 GET http://localhost:5090/api/Notification/unread-count - 200 1 application/json; charset=utf-8 4.7406ms
2025-11-25 00:07:12.291 +01:00 [INF] Request starting HTTP/1.1 GET http://localhost:5090/api/Notification/unread-count - application/json null
2025-11-25 00:07:12.292 +01:00 [INF] CORS policy execution successful.
2025-11-25 00:07:12.292 +01:00 [INF] Executing endpoint 'HomeCareApp.Controllers.NotificationController.GetUnreadCount (api)'
2025-11-25 00:07:12.292 +01:00 [INF] Route matched with {action = "GetUnreadCount", controller = "Notification"}. Executing controller action with signature System.Threading.Tasks.Task`1[Microsoft.AspNetCore.Mvc.ActionResult`1[System.Int32]] GetUnreadCount() on controller HomeCareApp.Controllers.NotificationController (api).
2025-11-25 00:07:12.294 +01:00 [INF] Executing OkObjectResult, writing value of type 'System.Int32'.
2025-11-25 00:07:12.294 +01:00 [INF] Executed action HomeCareApp.Controllers.NotificationController.GetUnreadCount (api) in 1.5896ms
2025-11-25 00:07:12.294 +01:00 [INF] Executed endpoint 'HomeCareApp.Controllers.NotificationController.GetUnreadCount (api)'
2025-11-25 00:07:12.294 +01:00 [INF] Request finished HTTP/1.1 GET http://localhost:5090/api/Notification/unread-count - 200 1 application/json; charset=utf-8 2.668ms
2025-11-25 00:07:38.738 +01:00 [INF] Request starting HTTP/1.1 OPTIONS http://localhost:5090/api/Notification/unread-count - null null
2025-11-25 00:07:38.739 +01:00 [INF] CORS policy execution successful.
2025-11-25 00:07:38.739 +01:00 [INF] Request finished HTTP/1.1 OPTIONS http://localhost:5090/api/Notification/unread-count - 204 null null 0.2594ms
2025-11-25 00:07:38.740 +01:00 [INF] Request starting HTTP/1.1 GET http://localhost:5090/api/Notification/unread-count - application/json null
2025-11-25 00:07:38.741 +01:00 [INF] CORS policy execution successful.
2025-11-25 00:07:38.741 +01:00 [INF] Executing endpoint 'HomeCareApp.Controllers.NotificationController.GetUnreadCount (api)'
2025-11-25 00:07:38.741 +01:00 [INF] Route matched with {action = "GetUnreadCount", controller = "Notification"}. Executing controller action with signature System.Threading.Tasks.Task`1[Microsoft.AspNetCore.Mvc.ActionResult`1[System.Int32]] GetUnreadCount() on controller HomeCareApp.Controllers.NotificationController (api).
2025-11-25 00:07:38.742 +01:00 [INF] Executing OkObjectResult, writing value of type 'System.Int32'.
2025-11-25 00:07:38.742 +01:00 [INF] Executed action HomeCareApp.Controllers.NotificationController.GetUnreadCount (api) in 1.3308ms
2025-11-25 00:07:38.742 +01:00 [INF] Executed endpoint 'HomeCareApp.Controllers.NotificationController.GetUnreadCount (api)'
2025-11-25 00:07:38.742 +01:00 [INF] Request finished HTTP/1.1 GET http://localhost:5090/api/Notification/unread-count - 200 1 application/json; charset=utf-8 1.9392ms
2025-11-25 00:07:42.287 +01:00 [INF] Request starting HTTP/1.1 GET http://localhost:5090/api/Notification/unread-count - application/json null
2025-11-25 00:07:42.288 +01:00 [INF] CORS policy execution successful.
2025-11-25 00:07:42.288 +01:00 [INF] Executing endpoint 'HomeCareApp.Controllers.NotificationController.GetUnreadCount (api)'
2025-11-25 00:07:42.288 +01:00 [INF] Route matched with {action = "GetUnreadCount", controller = "Notification"}. Executing controller action with signature System.Threading.Tasks.Task`1[Microsoft.AspNetCore.Mvc.ActionResult`1[System.Int32]] GetUnreadCount() on controller HomeCareApp.Controllers.NotificationController (api).
2025-11-25 00:07:42.289 +01:00 [INF] Executing OkObjectResult, writing value of type 'System.Int32'.
2025-11-25 00:07:42.289 +01:00 [INF] Executed action HomeCareApp.Controllers.NotificationController.GetUnreadCount (api) in 1.2509ms
2025-11-25 00:07:42.289 +01:00 [INF] Executed endpoint 'HomeCareApp.Controllers.NotificationController.GetUnreadCount (api)'
2025-11-25 00:07:42.290 +01:00 [INF] Request finished HTTP/1.1 GET http://localhost:5090/api/Notification/unread-count - 200 1 application/json; charset=utf-8 2.0585ms
2025-11-25 00:08:05.850 +01:00 [INF] Application is shutting down...
