2025-12-03 21:01:12.897 +01:00 [INF] No migrations were applied. The database is already up to date.
2025-12-03 21:01:12.941 +01:00 [INF] No migrations were applied. The database is already up to date.
2025-12-03 21:01:12.998 +01:00 [INF] User profile is available. Using 'C:\Users\B\AppData\Local\ASP.NET\DataProtection-Keys' as key repository and Windows DPAPI to encrypt keys at rest.
2025-12-03 21:01:13.031 +01:00 [INF] Now listening on: http://localhost:5090
2025-12-03 21:01:13.033 +01:00 [INF] Application started. Press Ctrl+C to shut down.
2025-12-03 21:01:13.033 +01:00 [INF] Hosting environment: Development
2025-12-03 21:01:13.035 +01:00 [INF] Content root path: C:\Users\B\Documents\ITPE3200\React-Homecare\api
2025-12-03 21:01:14.799 +01:00 [INF] Request starting HTTP/1.1 OPTIONS http://localhost:5090/api/Notification/unread-count - null null
2025-12-03 21:01:14.799 +01:00 [INF] Request starting HTTP/1.1 OPTIONS http://localhost:5090/api/Notification/unread-count - null null
2025-12-03 21:01:14.828 +01:00 [INF] CORS policy execution successful.
2025-12-03 21:01:14.828 +01:00 [INF] CORS policy execution successful.
2025-12-03 21:01:14.831 +01:00 [INF] Request finished HTTP/1.1 OPTIONS http://localhost:5090/api/Notification/unread-count - 204 null null 33.8841ms
2025-12-03 21:01:14.831 +01:00 [INF] Request finished HTTP/1.1 OPTIONS http://localhost:5090/api/Notification/unread-count - 204 null null 33.8843ms
2025-12-03 21:01:14.833 +01:00 [INF] Request starting HTTP/1.1 GET http://localhost:5090/api/Notification/unread-count - application/json null
2025-12-03 21:01:14.841 +01:00 [INF] CORS policy execution successful.
2025-12-03 21:01:14.906 +01:00 [INF] Executing endpoint 'HomeCareApp.Controllers.NotificationController.GetUnreadCount (api)'
2025-12-03 21:01:14.916 +01:00 [INF] Route matched with {action = "GetUnreadCount", controller = "Notification"}. Executing controller action with signature System.Threading.Tasks.Task`1[Microsoft.AspNetCore.Mvc.ActionResult`1[System.Int32]] GetUnreadCount() on controller HomeCareApp.Controllers.NotificationController (api).
2025-12-03 21:01:14.918 +01:00 [INF] [NotificationController] Getting unread count for UserId: 33b1e108-5627-47b4-81c4-57c32dc4dd43
2025-12-03 21:01:14.920 +01:00 [INF] [NotificationRepository] GetUnreadCountAsync(33b1e108-5627-47b4-81c4-57c32dc4dd43) - Getting unread count for user
2025-12-03 21:01:15.134 +01:00 [INF] [NotificationRepository] GetUnreadCountAsync(33b1e108-5627-47b4-81c4-57c32dc4dd43) - User has 2 unread notifications
2025-12-03 21:01:15.134 +01:00 [INF] [NotificationController] Found 2 unread notifications for UserId: 33b1e108-5627-47b4-81c4-57c32dc4dd43
2025-12-03 21:01:15.137 +01:00 [INF] Executing OkObjectResult, writing value of type 'System.Int32'.
2025-12-03 21:01:15.173 +01:00 [INF] Executed action HomeCareApp.Controllers.NotificationController.GetUnreadCount (api) in 254.5681ms
2025-12-03 21:01:15.173 +01:00 [INF] Executed endpoint 'HomeCareApp.Controllers.NotificationController.GetUnreadCount (api)'
2025-12-03 21:01:15.175 +01:00 [INF] Request finished HTTP/1.1 GET http://localhost:5090/api/Notification/unread-count - 200 1 application/json; charset=utf-8 341.5212ms
2025-12-03 21:01:15.175 +01:00 [INF] Request starting HTTP/1.1 GET http://localhost:5090/api/Notification/unread-count - application/json null
2025-12-03 21:01:15.176 +01:00 [INF] CORS policy execution successful.
2025-12-03 21:01:15.178 +01:00 [INF] Executing endpoint 'HomeCareApp.Controllers.NotificationController.GetUnreadCount (api)'
2025-12-03 21:01:15.178 +01:00 [INF] Route matched with {action = "GetUnreadCount", controller = "Notification"}. Executing controller action with signature System.Threading.Tasks.Task`1[Microsoft.AspNetCore.Mvc.ActionResult`1[System.Int32]] GetUnreadCount() on controller HomeCareApp.Controllers.NotificationController (api).
2025-12-03 21:01:15.179 +01:00 [INF] [NotificationController] Getting unread count for UserId: 33b1e108-5627-47b4-81c4-57c32dc4dd43
2025-12-03 21:01:15.179 +01:00 [INF] [NotificationRepository] GetUnreadCountAsync(33b1e108-5627-47b4-81c4-57c32dc4dd43) - Getting unread count for user
2025-12-03 21:01:15.183 +01:00 [INF] [NotificationRepository] GetUnreadCountAsync(33b1e108-5627-47b4-81c4-57c32dc4dd43) - User has 2 unread notifications
2025-12-03 21:01:15.183 +01:00 [INF] [NotificationController] Found 2 unread notifications for UserId: 33b1e108-5627-47b4-81c4-57c32dc4dd43
2025-12-03 21:01:15.183 +01:00 [INF] Executing OkObjectResult, writing value of type 'System.Int32'.
2025-12-03 21:01:15.183 +01:00 [INF] Executed action HomeCareApp.Controllers.NotificationController.GetUnreadCount (api) in 4.9511ms
2025-12-03 21:01:15.183 +01:00 [INF] Executed endpoint 'HomeCareApp.Controllers.NotificationController.GetUnreadCount (api)'
2025-12-03 21:01:15.184 +01:00 [INF] Request finished HTTP/1.1 GET http://localhost:5090/api/Notification/unread-count - 200 1 application/json; charset=utf-8 8.1218ms
2025-12-03 21:01:19.963 +01:00 [INF] Request starting HTTP/1.1 OPTIONS http://localhost:5090/api/medication - null null
2025-12-03 21:01:19.963 +01:00 [INF] Request starting HTTP/1.1 OPTIONS http://localhost:5090/api/medication - null null
2025-12-03 21:01:19.964 +01:00 [INF] CORS policy execution successful.
2025-12-03 21:01:19.964 +01:00 [INF] CORS policy execution successful.
2025-12-03 21:01:19.964 +01:00 [INF] Request finished HTTP/1.1 OPTIONS http://localhost:5090/api/medication - 204 null null 0.8173ms
2025-12-03 21:01:19.964 +01:00 [INF] Request finished HTTP/1.1 OPTIONS http://localhost:5090/api/medication - 204 null null 0.8157ms
2025-12-03 21:01:19.965 +01:00 [INF] Request starting HTTP/1.1 GET http://localhost:5090/api/medication - application/json null
2025-12-03 21:01:19.965 +01:00 [INF] CORS policy execution successful.
2025-12-03 21:01:19.968 +01:00 [INF] Executing endpoint 'HomeCareApp.Controllers.MedicationController.GetAll (api)'
2025-12-03 21:01:19.972 +01:00 [INF] Route matched with {action = "GetAll", controller = "Medication"}. Executing controller action with signature System.Threading.Tasks.Task`1[Microsoft.AspNetCore.Mvc.ActionResult`1[System.Collections.Generic.IEnumerable`1[HomeCareApp.DTOs.MedicationDto]]] GetAll() on controller HomeCareApp.Controllers.MedicationController (api).
2025-12-03 21:01:19.976 +01:00 [INF] [MedicationRepository] GetAllAsync() - Retrieving all medications
2025-12-03 21:01:20.041 +01:00 [INF] [MedicationRepository] GetAllAsync() - Successfully retrieved 0 medications
2025-12-03 21:01:20.041 +01:00 [INF] [MedicationController] Retrieved 0 medications
2025-12-03 21:01:20.042 +01:00 [INF] Executing OkObjectResult, writing value of type 'System.Linq.Enumerable+SelectListIterator`2[[HomeCareApp.Models.Medication, api, Version=1.0.0.0, Culture=neutral, PublicKeyToken=null],[HomeCareApp.DTOs.MedicationDto, api, Version=1.0.0.0, Culture=neutral, PublicKeyToken=null]]'.
2025-12-03 21:01:20.061 +01:00 [INF] Executed action HomeCareApp.Controllers.MedicationController.GetAll (api) in 89.077ms
2025-12-03 21:01:20.062 +01:00 [INF] Executed endpoint 'HomeCareApp.Controllers.MedicationController.GetAll (api)'
2025-12-03 21:01:20.062 +01:00 [INF] Request finished HTTP/1.1 GET http://localhost:5090/api/medication - 200 2 application/json; charset=utf-8 96.6007ms
2025-12-03 21:01:20.064 +01:00 [INF] Request starting HTTP/1.1 GET http://localhost:5090/api/medication - application/json null
2025-12-03 21:01:20.064 +01:00 [INF] CORS policy execution successful.
2025-12-03 21:01:20.065 +01:00 [INF] Executing endpoint 'HomeCareApp.Controllers.MedicationController.GetAll (api)'
2025-12-03 21:01:20.065 +01:00 [INF] Route matched with {action = "GetAll", controller = "Medication"}. Executing controller action with signature System.Threading.Tasks.Task`1[Microsoft.AspNetCore.Mvc.ActionResult`1[System.Collections.Generic.IEnumerable`1[HomeCareApp.DTOs.MedicationDto]]] GetAll() on controller HomeCareApp.Controllers.MedicationController (api).
2025-12-03 21:01:20.067 +01:00 [INF] [MedicationRepository] GetAllAsync() - Retrieving all medications
2025-12-03 21:01:20.070 +01:00 [INF] [MedicationRepository] GetAllAsync() - Successfully retrieved 0 medications
2025-12-03 21:01:20.070 +01:00 [INF] [MedicationController] Retrieved 0 medications
2025-12-03 21:01:20.071 +01:00 [INF] Executing OkObjectResult, writing value of type 'System.Linq.Enumerable+SelectListIterator`2[[HomeCareApp.Models.Medication, api, Version=1.0.0.0, Culture=neutral, PublicKeyToken=null],[HomeCareApp.DTOs.MedicationDto, api, Version=1.0.0.0, Culture=neutral, PublicKeyToken=null]]'.
2025-12-03 21:01:20.071 +01:00 [INF] Executed action HomeCareApp.Controllers.MedicationController.GetAll (api) in 5.5259ms
2025-12-03 21:01:20.071 +01:00 [INF] Executed endpoint 'HomeCareApp.Controllers.MedicationController.GetAll (api)'
2025-12-03 21:01:20.071 +01:00 [INF] Request finished HTTP/1.1 GET http://localhost:5090/api/medication - 200 2 application/json; charset=utf-8 7.7325ms
2025-12-03 21:01:22.242 +01:00 [INF] Request starting HTTP/1.1 OPTIONS http://localhost:5090/api/Employee/user/33b1e108-5627-47b4-81c4-57c32dc4dd43 - null null
2025-12-03 21:01:22.242 +01:00 [INF] Request starting HTTP/1.1 OPTIONS http://localhost:5090/api/Employee/user/33b1e108-5627-47b4-81c4-57c32dc4dd43 - null null
2025-12-03 21:01:22.243 +01:00 [INF] CORS policy execution successful.
2025-12-03 21:01:22.243 +01:00 [INF] CORS policy execution successful.
2025-12-03 21:01:22.243 +01:00 [INF] Request finished HTTP/1.1 OPTIONS http://localhost:5090/api/Employee/user/33b1e108-5627-47b4-81c4-57c32dc4dd43 - 204 null null 0.5338ms
2025-12-03 21:01:22.243 +01:00 [INF] Request finished HTTP/1.1 OPTIONS http://localhost:5090/api/Employee/user/33b1e108-5627-47b4-81c4-57c32dc4dd43 - 204 null null 0.5337ms
2025-12-03 21:01:22.243 +01:00 [INF] Request starting HTTP/1.1 GET http://localhost:5090/api/Appointment - null null
2025-12-03 21:01:22.243 +01:00 [INF] CORS policy execution successful.
2025-12-03 21:01:22.244 +01:00 [INF] Executing endpoint 'HomeCareApp.Controllers.AppointmentController.GetAppointments (api)'
2025-12-03 21:01:22.244 +01:00 [INF] Request starting HTTP/1.1 GET http://localhost:5090/api/Employee/user/33b1e108-5627-47b4-81c4-57c32dc4dd43 - application/json null
2025-12-03 21:01:22.244 +01:00 [INF] CORS policy execution successful.
2025-12-03 21:01:22.246 +01:00 [INF] Executing endpoint 'HomeCareApp.Controllers.EmployeeController.GetEmployeeByUserId (api)'
2025-12-03 21:01:22.246 +01:00 [INF] Route matched with {action = "GetAppointments", controller = "Appointment"}. Executing controller action with signature System.Threading.Tasks.Task`1[Microsoft.AspNetCore.Mvc.ActionResult`1[System.Collections.Generic.IEnumerable`1[HomeCareApp.DTOs.AppointmentDto]]] GetAppointments() on controller HomeCareApp.Controllers.AppointmentController (api).
2025-12-03 21:01:22.248 +01:00 [INF] [AppointmentRepository] GetAll() - Retrieving all appointments
2025-12-03 21:01:22.251 +01:00 [INF] Route matched with {action = "GetEmployeeByUserId", controller = "Employee"}. Executing controller action with signature System.Threading.Tasks.Task`1[Microsoft.AspNetCore.Mvc.ActionResult`1[HomeCareApp.DTOs.EmployeeDto]] GetEmployeeByUserId(System.String) on controller HomeCareApp.Controllers.EmployeeController (api).
2025-12-03 21:01:22.260 +01:00 [INF] [EmployeeController] Getting employee by UserId: 33b1e108-5627-47b4-81c4-57c32dc4dd43
2025-12-03 21:01:22.261 +01:00 [INF] [EmployeeRepository] GetEmployeeByUserId(33b1e108-5627-47b4-81c4-57c32dc4dd43) - Retrieving employee
2025-12-03 21:01:22.264 +01:00 [INF] [AppointmentRepository] GetAll() - Successfully retrieved 0 appointments
2025-12-03 21:01:22.264 +01:00 [INF] [AppointmentController] Retrieved 0 appointments
2025-12-03 21:01:22.264 +01:00 [INF] Executing OkObjectResult, writing value of type 'System.Linq.Enumerable+SelectListIterator`2[[HomeCareApp.Models.Appointment, api, Version=1.0.0.0, Culture=neutral, PublicKeyToken=null],[HomeCareApp.DTOs.AppointmentDto, api, Version=1.0.0.0, Culture=neutral, PublicKeyToken=null]]'.
2025-12-03 21:01:22.266 +01:00 [INF] Executed action HomeCareApp.Controllers.AppointmentController.GetAppointments (api) in 19.4112ms
2025-12-03 21:01:22.266 +01:00 [INF] Executed endpoint 'HomeCareApp.Controllers.AppointmentController.GetAppointments (api)'
2025-12-03 21:01:22.266 +01:00 [INF] Request finished HTTP/1.1 GET http://localhost:5090/api/Appointment - 200 2 application/json; charset=utf-8 22.4322ms
2025-12-03 21:01:22.267 +01:00 [INF] Request starting HTTP/1.1 GET http://localhost:5090/api/Appointment - null null
2025-12-03 21:01:22.267 +01:00 [INF] CORS policy execution successful.
2025-12-03 21:01:22.268 +01:00 [INF] Executing endpoint 'HomeCareApp.Controllers.AppointmentController.GetAppointments (api)'
2025-12-03 21:01:22.268 +01:00 [INF] Route matched with {action = "GetAppointments", controller = "Appointment"}. Executing controller action with signature System.Threading.Tasks.Task`1[Microsoft.AspNetCore.Mvc.ActionResult`1[System.Collections.Generic.IEnumerable`1[HomeCareApp.DTOs.AppointmentDto]]] GetAppointments() on controller HomeCareApp.Controllers.AppointmentController (api).
2025-12-03 21:01:22.269 +01:00 [INF] [AppointmentRepository] GetAll() - Retrieving all appointments
2025-12-03 21:01:22.270 +01:00 [INF] [AppointmentRepository] GetAll() - Successfully retrieved 0 appointments
2025-12-03 21:01:22.270 +01:00 [INF] [AppointmentController] Retrieved 0 appointments
2025-12-03 21:01:22.270 +01:00 [INF] Executing OkObjectResult, writing value of type 'System.Linq.Enumerable+SelectListIterator`2[[HomeCareApp.Models.Appointment, api, Version=1.0.0.0, Culture=neutral, PublicKeyToken=null],[HomeCareApp.DTOs.AppointmentDto, api, Version=1.0.0.0, Culture=neutral, PublicKeyToken=null]]'.
2025-12-03 21:01:22.271 +01:00 [INF] Executed action HomeCareApp.Controllers.AppointmentController.GetAppointments (api) in 2.8467ms
2025-12-03 21:01:22.271 +01:00 [INF] Executed endpoint 'HomeCareApp.Controllers.AppointmentController.GetAppointments (api)'
2025-12-03 21:01:22.271 +01:00 [INF] Request finished HTTP/1.1 GET http://localhost:5090/api/Appointment - 200 2 application/json; charset=utf-8 3.626ms
2025-12-03 21:01:22.359 +01:00 [INF] [EmployeeRepository] GetEmployeeByUserId(33b1e108-5627-47b4-81c4-57c32dc4dd43) - Employee found: Susanne Gulbrandsen
2025-12-03 21:01:22.359 +01:00 [INF] [EmployeeController] Successfully retrieved employee 1 for UserId: 33b1e108-5627-47b4-81c4-57c32dc4dd43
2025-12-03 21:01:22.359 +01:00 [INF] Executing OkObjectResult, writing value of type 'HomeCareApp.DTOs.EmployeeDto'.
2025-12-03 21:01:22.369 +01:00 [INF] Executed action HomeCareApp.Controllers.EmployeeController.GetEmployeeByUserId (api) in 117.8435ms
2025-12-03 21:01:22.369 +01:00 [INF] Executed endpoint 'HomeCareApp.Controllers.EmployeeController.GetEmployeeByUserId (api)'
2025-12-03 21:01:22.370 +01:00 [INF] Request finished HTTP/1.1 GET http://localhost:5090/api/Employee/user/33b1e108-5627-47b4-81c4-57c32dc4dd43 - 200 703 application/json; charset=utf-8 125.3246ms
2025-12-03 21:01:22.371 +01:00 [INF] Request starting HTTP/1.1 GET http://localhost:5090/api/Employee/user/33b1e108-5627-47b4-81c4-57c32dc4dd43 - application/json null
2025-12-03 21:01:22.371 +01:00 [INF] CORS policy execution successful.
2025-12-03 21:01:22.372 +01:00 [INF] Executing endpoint 'HomeCareApp.Controllers.EmployeeController.GetEmployeeByUserId (api)'
2025-12-03 21:01:22.372 +01:00 [INF] Route matched with {action = "GetEmployeeByUserId", controller = "Employee"}. Executing controller action with signature System.Threading.Tasks.Task`1[Microsoft.AspNetCore.Mvc.ActionResult`1[HomeCareApp.DTOs.EmployeeDto]] GetEmployeeByUserId(System.String) on controller HomeCareApp.Controllers.EmployeeController (api).
2025-12-03 21:01:22.373 +01:00 [INF] [EmployeeController] Getting employee by UserId: 33b1e108-5627-47b4-81c4-57c32dc4dd43
2025-12-03 21:01:22.373 +01:00 [INF] [EmployeeRepository] GetEmployeeByUserId(33b1e108-5627-47b4-81c4-57c32dc4dd43) - Retrieving employee
2025-12-03 21:01:22.375 +01:00 [INF] [EmployeeRepository] GetEmployeeByUserId(33b1e108-5627-47b4-81c4-57c32dc4dd43) - Employee found: Susanne Gulbrandsen
2025-12-03 21:01:22.375 +01:00 [INF] [EmployeeController] Successfully retrieved employee 1 for UserId: 33b1e108-5627-47b4-81c4-57c32dc4dd43
2025-12-03 21:01:22.375 +01:00 [INF] Executing OkObjectResult, writing value of type 'HomeCareApp.DTOs.EmployeeDto'.
2025-12-03 21:01:22.375 +01:00 [INF] Executed action HomeCareApp.Controllers.EmployeeController.GetEmployeeByUserId (api) in 3.2981ms
2025-12-03 21:01:22.375 +01:00 [INF] Executed endpoint 'HomeCareApp.Controllers.EmployeeController.GetEmployeeByUserId (api)'
2025-12-03 21:01:22.375 +01:00 [INF] Request finished HTTP/1.1 GET http://localhost:5090/api/Employee/user/33b1e108-5627-47b4-81c4-57c32dc4dd43 - 200 703 application/json; charset=utf-8 4.3122ms
2025-12-03 21:01:31.040 +01:00 [INF] Request starting HTTP/1.1 OPTIONS http://localhost:5090/api/Notification/unread-count - null null
2025-12-03 21:01:31.040 +01:00 [INF] CORS policy execution successful.
2025-12-03 21:01:31.040 +01:00 [INF] Request finished HTTP/1.1 OPTIONS http://localhost:5090/api/Notification/unread-count - 204 null null 0.6245ms
2025-12-03 21:01:31.041 +01:00 [INF] Request starting HTTP/1.1 OPTIONS http://localhost:5090/api/Notification/unread-count - null null
2025-12-03 21:01:31.041 +01:00 [INF] Request starting HTTP/1.1 OPTIONS http://localhost:5090/api/Notification/unread-count - null null
2025-12-03 21:01:31.041 +01:00 [INF] CORS policy execution successful.
2025-12-03 21:01:31.041 +01:00 [INF] CORS policy execution successful.
2025-12-03 21:01:31.042 +01:00 [INF] Request finished HTTP/1.1 OPTIONS http://localhost:5090/api/Notification/unread-count - 204 null null 0.4901ms
2025-12-03 21:01:31.042 +01:00 [INF] Request finished HTTP/1.1 OPTIONS http://localhost:5090/api/Notification/unread-count - 204 null null 0.4887ms
2025-12-03 21:01:31.042 +01:00 [INF] Request starting HTTP/1.1 OPTIONS http://localhost:5090/api/Notification/unread-count - null null
2025-12-03 21:01:31.042 +01:00 [INF] CORS policy execution successful.
2025-12-03 21:01:31.042 +01:00 [INF] Request finished HTTP/1.1 OPTIONS http://localhost:5090/api/Notification/unread-count - 204 null null 0.0966ms
2025-12-03 21:01:31.043 +01:00 [INF] Request starting HTTP/1.1 GET http://localhost:5090/api/Notification/unread-count - application/json null
2025-12-03 21:01:31.043 +01:00 [INF] CORS policy execution successful.
2025-12-03 21:01:31.044 +01:00 [INF] Executing endpoint 'HomeCareApp.Controllers.NotificationController.GetUnreadCount (api)'
2025-12-03 21:01:31.044 +01:00 [INF] Route matched with {action = "GetUnreadCount", controller = "Notification"}. Executing controller action with signature System.Threading.Tasks.Task`1[Microsoft.AspNetCore.Mvc.ActionResult`1[System.Int32]] GetUnreadCount() on controller HomeCareApp.Controllers.NotificationController (api).
2025-12-03 21:01:31.045 +01:00 [INF] [NotificationController] Getting unread count for UserId: 33b1e108-5627-47b4-81c4-57c32dc4dd43
2025-12-03 21:01:31.045 +01:00 [INF] [NotificationRepository] GetUnreadCountAsync(33b1e108-5627-47b4-81c4-57c32dc4dd43) - Getting unread count for user
2025-12-03 21:01:31.046 +01:00 [INF] [NotificationRepository] GetUnreadCountAsync(33b1e108-5627-47b4-81c4-57c32dc4dd43) - User has 2 unread notifications
2025-12-03 21:01:31.046 +01:00 [INF] [NotificationController] Found 2 unread notifications for UserId: 33b1e108-5627-47b4-81c4-57c32dc4dd43
2025-12-03 21:01:31.046 +01:00 [INF] Executing OkObjectResult, writing value of type 'System.Int32'.
2025-12-03 21:01:31.047 +01:00 [INF] Executed action HomeCareApp.Controllers.NotificationController.GetUnreadCount (api) in 2.5995ms
2025-12-03 21:01:31.047 +01:00 [INF] Executed endpoint 'HomeCareApp.Controllers.NotificationController.GetUnreadCount (api)'
2025-12-03 21:01:31.047 +01:00 [INF] Request finished HTTP/1.1 GET http://localhost:5090/api/Notification/unread-count - 200 1 application/json; charset=utf-8 3.5455ms
2025-12-03 21:01:31.048 +01:00 [INF] Request starting HTTP/1.1 GET http://localhost:5090/api/Notification/unread-count - application/json null
2025-12-03 21:01:31.048 +01:00 [INF] CORS policy execution successful.
2025-12-03 21:01:31.048 +01:00 [INF] Executing endpoint 'HomeCareApp.Controllers.NotificationController.GetUnreadCount (api)'
2025-12-03 21:01:31.048 +01:00 [INF] Route matched with {action = "GetUnreadCount", controller = "Notification"}. Executing controller action with signature System.Threading.Tasks.Task`1[Microsoft.AspNetCore.Mvc.ActionResult`1[System.Int32]] GetUnreadCount() on controller HomeCareApp.Controllers.NotificationController (api).
2025-12-03 21:01:31.048 +01:00 [INF] [NotificationController] Getting unread count for UserId: 33b1e108-5627-47b4-81c4-57c32dc4dd43
2025-12-03 21:01:31.048 +01:00 [INF] [NotificationRepository] GetUnreadCountAsync(33b1e108-5627-47b4-81c4-57c32dc4dd43) - Getting unread count for user
2025-12-03 21:01:31.049 +01:00 [INF] [NotificationRepository] GetUnreadCountAsync(33b1e108-5627-47b4-81c4-57c32dc4dd43) - User has 2 unread notifications
2025-12-03 21:01:31.049 +01:00 [INF] [NotificationController] Found 2 unread notifications for UserId: 33b1e108-5627-47b4-81c4-57c32dc4dd43
2025-12-03 21:01:31.049 +01:00 [INF] Executing OkObjectResult, writing value of type 'System.Int32'.
2025-12-03 21:01:31.049 +01:00 [INF] Executed action HomeCareApp.Controllers.NotificationController.GetUnreadCount (api) in 1.0458ms
2025-12-03 21:01:31.049 +01:00 [INF] Executed endpoint 'HomeCareApp.Controllers.NotificationController.GetUnreadCount (api)'
2025-12-03 21:01:31.049 +01:00 [INF] Request finished HTTP/1.1 GET http://localhost:5090/api/Notification/unread-count - 200 1 application/json; charset=utf-8 1.7148ms
2025-12-03 21:01:31.050 +01:00 [INF] Request starting HTTP/1.1 GET http://localhost:5090/api/Notification/unread-count - application/json null
2025-12-03 21:01:31.050 +01:00 [INF] CORS policy execution successful.
2025-12-03 21:01:31.051 +01:00 [INF] Executing endpoint 'HomeCareApp.Controllers.NotificationController.GetUnreadCount (api)'
2025-12-03 21:01:31.051 +01:00 [INF] Route matched with {action = "GetUnreadCount", controller = "Notification"}. Executing controller action with signature System.Threading.Tasks.Task`1[Microsoft.AspNetCore.Mvc.ActionResult`1[System.Int32]] GetUnreadCount() on controller HomeCareApp.Controllers.NotificationController (api).
2025-12-03 21:01:31.051 +01:00 [INF] [NotificationController] Getting unread count for UserId: 33b1e108-5627-47b4-81c4-57c32dc4dd43
2025-12-03 21:01:31.051 +01:00 [INF] [NotificationRepository] GetUnreadCountAsync(33b1e108-5627-47b4-81c4-57c32dc4dd43) - Getting unread count for user
2025-12-03 21:01:31.052 +01:00 [INF] [NotificationRepository] GetUnreadCountAsync(33b1e108-5627-47b4-81c4-57c32dc4dd43) - User has 2 unread notifications
2025-12-03 21:01:31.052 +01:00 [INF] [NotificationController] Found 2 unread notifications for UserId: 33b1e108-5627-47b4-81c4-57c32dc4dd43
2025-12-03 21:01:31.052 +01:00 [INF] Executing OkObjectResult, writing value of type 'System.Int32'.
2025-12-03 21:01:31.052 +01:00 [INF] Executed action HomeCareApp.Controllers.NotificationController.GetUnreadCount (api) in 1.1169ms
2025-12-03 21:01:31.052 +01:00 [INF] Executed endpoint 'HomeCareApp.Controllers.NotificationController.GetUnreadCount (api)'
2025-12-03 21:01:31.052 +01:00 [INF] Request finished HTTP/1.1 GET http://localhost:5090/api/Notification/unread-count - 200 1 application/json; charset=utf-8 1.7653ms
2025-12-03 21:01:31.053 +01:00 [INF] Request starting HTTP/1.1 GET http://localhost:5090/api/Notification/unread-count - application/json null
2025-12-03 21:01:31.053 +01:00 [INF] CORS policy execution successful.
2025-12-03 21:01:31.054 +01:00 [INF] Executing endpoint 'HomeCareApp.Controllers.NotificationController.GetUnreadCount (api)'
2025-12-03 21:01:31.054 +01:00 [INF] Route matched with {action = "GetUnreadCount", controller = "Notification"}. Executing controller action with signature System.Threading.Tasks.Task`1[Microsoft.AspNetCore.Mvc.ActionResult`1[System.Int32]] GetUnreadCount() on controller HomeCareApp.Controllers.NotificationController (api).
2025-12-03 21:01:31.054 +01:00 [INF] [NotificationController] Getting unread count for UserId: 33b1e108-5627-47b4-81c4-57c32dc4dd43
2025-12-03 21:01:31.054 +01:00 [INF] [NotificationRepository] GetUnreadCountAsync(33b1e108-5627-47b4-81c4-57c32dc4dd43) - Getting unread count for user
2025-12-03 21:01:31.055 +01:00 [INF] [NotificationRepository] GetUnreadCountAsync(33b1e108-5627-47b4-81c4-57c32dc4dd43) - User has 2 unread notifications
2025-12-03 21:01:31.055 +01:00 [INF] [NotificationController] Found 2 unread notifications for UserId: 33b1e108-5627-47b4-81c4-57c32dc4dd43
2025-12-03 21:01:31.055 +01:00 [INF] Executing OkObjectResult, writing value of type 'System.Int32'.
2025-12-03 21:01:31.055 +01:00 [INF] Executed action HomeCareApp.Controllers.NotificationController.GetUnreadCount (api) in 1.1342ms
2025-12-03 21:01:31.055 +01:00 [INF] Executed endpoint 'HomeCareApp.Controllers.NotificationController.GetUnreadCount (api)'
2025-12-03 21:01:31.055 +01:00 [INF] Request finished HTTP/1.1 GET http://localhost:5090/api/Notification/unread-count - 200 1 application/json; charset=utf-8 1.7152ms
2025-12-03 21:01:40.043 +01:00 [INF] Request starting HTTP/1.1 OPTIONS http://localhost:5090/api/Notification/unread-count - null null
2025-12-03 21:01:40.043 +01:00 [INF] CORS policy execution successful.
2025-12-03 21:01:40.044 +01:00 [INF] Request finished HTTP/1.1 OPTIONS http://localhost:5090/api/Notification/unread-count - 204 null null 0.714ms
2025-12-03 21:01:40.046 +01:00 [INF] Request starting HTTP/1.1 GET http://localhost:5090/api/Notification/unread-count - application/json null
2025-12-03 21:01:40.046 +01:00 [INF] CORS policy execution successful.
2025-12-03 21:01:40.047 +01:00 [INF] Executing endpoint 'HomeCareApp.Controllers.NotificationController.GetUnreadCount (api)'
2025-12-03 21:01:40.047 +01:00 [INF] Route matched with {action = "GetUnreadCount", controller = "Notification"}. Executing controller action with signature System.Threading.Tasks.Task`1[Microsoft.AspNetCore.Mvc.ActionResult`1[System.Int32]] GetUnreadCount() on controller HomeCareApp.Controllers.NotificationController (api).
2025-12-03 21:01:40.048 +01:00 [INF] [NotificationController] Getting unread count for UserId: 33b1e108-5627-47b4-81c4-57c32dc4dd43
2025-12-03 21:01:40.048 +01:00 [INF] [NotificationRepository] GetUnreadCountAsync(33b1e108-5627-47b4-81c4-57c32dc4dd43) - Getting unread count for user
2025-12-03 21:01:40.050 +01:00 [INF] [NotificationRepository] GetUnreadCountAsync(33b1e108-5627-47b4-81c4-57c32dc4dd43) - User has 2 unread notifications
2025-12-03 21:01:40.050 +01:00 [INF] [NotificationController] Found 2 unread notifications for UserId: 33b1e108-5627-47b4-81c4-57c32dc4dd43
2025-12-03 21:01:40.050 +01:00 [INF] Executing OkObjectResult, writing value of type 'System.Int32'.
2025-12-03 21:01:40.051 +01:00 [INF] Executed action HomeCareApp.Controllers.NotificationController.GetUnreadCount (api) in 3.1862ms
2025-12-03 21:01:40.051 +01:00 [INF] Executed endpoint 'HomeCareApp.Controllers.NotificationController.GetUnreadCount (api)'
2025-12-03 21:01:40.051 +01:00 [INF] Request finished HTTP/1.1 GET http://localhost:5090/api/Notification/unread-count - 200 1 application/json; charset=utf-8 4.7255ms
2025-12-03 21:01:45.029 +01:00 [INF] Request starting HTTP/1.1 GET http://localhost:5090/api/Notification/unread-count - application/json null
2025-12-03 21:01:45.030 +01:00 [INF] CORS policy execution successful.
2025-12-03 21:01:45.030 +01:00 [INF] Executing endpoint 'HomeCareApp.Controllers.NotificationController.GetUnreadCount (api)'
2025-12-03 21:01:45.031 +01:00 [INF] Route matched with {action = "GetUnreadCount", controller = "Notification"}. Executing controller action with signature System.Threading.Tasks.Task`1[Microsoft.AspNetCore.Mvc.ActionResult`1[System.Int32]] GetUnreadCount() on controller HomeCareApp.Controllers.NotificationController (api).
2025-12-03 21:01:45.031 +01:00 [INF] [NotificationController] Getting unread count for UserId: 33b1e108-5627-47b4-81c4-57c32dc4dd43
2025-12-03 21:01:45.032 +01:00 [INF] [NotificationRepository] GetUnreadCountAsync(33b1e108-5627-47b4-81c4-57c32dc4dd43) - Getting unread count for user
2025-12-03 21:01:45.033 +01:00 [INF] [NotificationRepository] GetUnreadCountAsync(33b1e108-5627-47b4-81c4-57c32dc4dd43) - User has 2 unread notifications
2025-12-03 21:01:45.034 +01:00 [INF] [NotificationController] Found 2 unread notifications for UserId: 33b1e108-5627-47b4-81c4-57c32dc4dd43
2025-12-03 21:01:45.034 +01:00 [INF] Executing OkObjectResult, writing value of type 'System.Int32'.
2025-12-03 21:01:45.034 +01:00 [INF] Executed action HomeCareApp.Controllers.NotificationController.GetUnreadCount (api) in 3.7137ms
2025-12-03 21:01:45.035 +01:00 [INF] Executed endpoint 'HomeCareApp.Controllers.NotificationController.GetUnreadCount (api)'
2025-12-03 21:01:45.035 +01:00 [INF] Request finished HTTP/1.1 GET http://localhost:5090/api/Notification/unread-count - 200 1 application/json; charset=utf-8 5.818ms
