2025-12-03 14:48:11.029 +01:00 [INF] No migrations were applied. The database is already up to date.
2025-12-03 14:48:11.122 +01:00 [INF] No migrations were applied. The database is already up to date.
2025-12-03 14:48:11.200 +01:00 [INF] User profile is available. Using 'C:\Users\vilde\AppData\Local\ASP.NET\DataProtection-Keys' as key repository and Windows DPAPI to encrypt keys at rest.
2025-12-03 14:48:11.242 +01:00 [INF] Now listening on: http://localhost:5090
2025-12-03 14:48:11.244 +01:00 [INF] Application started. Press Ctrl+C to shut down.
2025-12-03 14:48:11.245 +01:00 [INF] Hosting environment: Development
2025-12-03 14:48:11.245 +01:00 [INF] Content root path: C:\Users\vilde\OneDrive\Documents\Homecare React\React-Homecare\api
2025-12-03 14:48:14.095 +01:00 [INF] Request starting HTTP/1.1 OPTIONS http://localhost:5090/api/Notification/unread-count - null null
2025-12-03 14:48:14.095 +01:00 [INF] Request starting HTTP/1.1 OPTIONS http://localhost:5090/api/Notification/unread-count - null null
2025-12-03 14:48:14.129 +01:00 [INF] CORS policy execution successful.
2025-12-03 14:48:14.129 +01:00 [INF] CORS policy execution successful.
2025-12-03 14:48:14.133 +01:00 [INF] Request finished HTTP/1.1 OPTIONS http://localhost:5090/api/Notification/unread-count - 204 null null 39.4841ms
2025-12-03 14:48:14.133 +01:00 [INF] Request finished HTTP/1.1 OPTIONS http://localhost:5090/api/Notification/unread-count - 204 null null 39.4841ms
2025-12-03 14:48:14.137 +01:00 [INF] Request starting HTTP/1.1 GET http://localhost:5090/api/Notification/unread-count - application/json null
2025-12-03 14:48:14.148 +01:00 [INF] CORS policy execution successful.
2025-12-03 14:48:14.251 +01:00 [INF] Executing endpoint 'HomeCareApp.Controllers.NotificationController.GetUnreadCount (api)'
2025-12-03 14:48:14.271 +01:00 [INF] Route matched with {action = "GetUnreadCount", controller = "Notification"}. Executing controller action with signature System.Threading.Tasks.Task`1[Microsoft.AspNetCore.Mvc.ActionResult`1[System.Int32]] GetUnreadCount() on controller HomeCareApp.Controllers.NotificationController (api).
2025-12-03 14:48:14.277 +01:00 [INF] [NotificationController] Getting unread count for UserId: 3e07cffa-0932-44eb-a818-3c42976e81f7
2025-12-03 14:48:14.282 +01:00 [INF] [NotificationRepository] GetUnreadCountAsync(3e07cffa-0932-44eb-a818-3c42976e81f7) - Getting unread count for user
2025-12-03 14:48:14.703 +01:00 [INF] [NotificationRepository] GetUnreadCountAsync(3e07cffa-0932-44eb-a818-3c42976e81f7) - User has 0 unread notifications
2025-12-03 14:48:14.703 +01:00 [INF] [NotificationController] Found 0 unread notifications for UserId: 3e07cffa-0932-44eb-a818-3c42976e81f7
2025-12-03 14:48:14.710 +01:00 [INF] Executing OkObjectResult, writing value of type 'System.Int32'.
2025-12-03 14:48:14.764 +01:00 [INF] Request starting HTTP/1.1 GET http://localhost:5090/api/Notification/unread-count - application/json null
2025-12-03 14:48:14.765 +01:00 [INF] Executed action HomeCareApp.Controllers.NotificationController.GetUnreadCount (api) in 489.6112ms
2025-12-03 14:48:14.765 +01:00 [INF] CORS policy execution successful.
2025-12-03 14:48:14.765 +01:00 [INF] Executed endpoint 'HomeCareApp.Controllers.NotificationController.GetUnreadCount (api)'
2025-12-03 14:48:14.768 +01:00 [INF] Executing endpoint 'HomeCareApp.Controllers.NotificationController.GetUnreadCount (api)'
2025-12-03 14:48:14.768 +01:00 [INF] Route matched with {action = "GetUnreadCount", controller = "Notification"}. Executing controller action with signature System.Threading.Tasks.Task`1[Microsoft.AspNetCore.Mvc.ActionResult`1[System.Int32]] GetUnreadCount() on controller HomeCareApp.Controllers.NotificationController (api).
2025-12-03 14:48:14.769 +01:00 [INF] [NotificationController] Getting unread count for UserId: 3e07cffa-0932-44eb-a818-3c42976e81f7
2025-12-03 14:48:14.770 +01:00 [INF] Request finished HTTP/1.1 GET http://localhost:5090/api/Notification/unread-count - 200 1 application/json; charset=utf-8 632.7502ms
2025-12-03 14:48:14.770 +01:00 [INF] [NotificationRepository] GetUnreadCountAsync(3e07cffa-0932-44eb-a818-3c42976e81f7) - Getting unread count for user
2025-12-03 14:48:14.776 +01:00 [INF] [NotificationRepository] GetUnreadCountAsync(3e07cffa-0932-44eb-a818-3c42976e81f7) - User has 0 unread notifications
2025-12-03 14:48:14.776 +01:00 [INF] [NotificationController] Found 0 unread notifications for UserId: 3e07cffa-0932-44eb-a818-3c42976e81f7
2025-12-03 14:48:14.776 +01:00 [INF] Executing OkObjectResult, writing value of type 'System.Int32'.
2025-12-03 14:48:14.777 +01:00 [INF] Executed action HomeCareApp.Controllers.NotificationController.GetUnreadCount (api) in 8.4377ms
2025-12-03 14:48:14.777 +01:00 [INF] Executed endpoint 'HomeCareApp.Controllers.NotificationController.GetUnreadCount (api)'
2025-12-03 14:48:14.778 +01:00 [INF] Request finished HTTP/1.1 GET http://localhost:5090/api/Notification/unread-count - 200 1 application/json; charset=utf-8 13.8558ms
2025-12-03 14:48:16.640 +01:00 [INF] Request starting HTTP/1.1 OPTIONS http://localhost:5090/api/patient/user/3e07cffa-0932-44eb-a818-3c42976e81f7 - null null
2025-12-03 14:48:16.640 +01:00 [INF] Request starting HTTP/1.1 OPTIONS http://localhost:5090/api/patient/user/3e07cffa-0932-44eb-a818-3c42976e81f7 - null null
2025-12-03 14:48:16.641 +01:00 [INF] CORS policy execution successful.
2025-12-03 14:48:16.641 +01:00 [INF] CORS policy execution successful.
2025-12-03 14:48:16.641 +01:00 [INF] Request finished HTTP/1.1 OPTIONS http://localhost:5090/api/patient/user/3e07cffa-0932-44eb-a818-3c42976e81f7 - 204 null null 0.7624ms
2025-12-03 14:48:16.641 +01:00 [INF] Request finished HTTP/1.1 OPTIONS http://localhost:5090/api/patient/user/3e07cffa-0932-44eb-a818-3c42976e81f7 - 204 null null 0.746ms
2025-12-03 14:48:16.652 +01:00 [INF] Request starting HTTP/1.1 GET http://localhost:5090/api/patient/user/3e07cffa-0932-44eb-a818-3c42976e81f7 - application/json null
2025-12-03 14:48:16.652 +01:00 [INF] CORS policy execution successful.
2025-12-03 14:48:16.657 +01:00 [INF] Executing endpoint 'HomeCareApp.Controllers.PatientController.GetPatientByUserId (api)'
2025-12-03 14:48:16.670 +01:00 [INF] Route matched with {action = "GetPatientByUserId", controller = "Patient"}. Executing controller action with signature System.Threading.Tasks.Task`1[Microsoft.AspNetCore.Mvc.ActionResult`1[HomeCareApp.DTOs.PatientDto]] GetPatientByUserId(System.String) on controller HomeCareApp.Controllers.PatientController (api).
2025-12-03 14:48:16.687 +01:00 [INF] [PatientController] Getting patient by UserId: 3e07cffa-0932-44eb-a818-3c42976e81f7
2025-12-03 14:48:16.688 +01:00 [INF] [PatientRepository] GetAll() - Retrieving all patients
2025-12-03 14:48:16.718 +01:00 [INF] Request starting HTTP/1.1 GET http://localhost:5090/api/Notification/unread-count - application/json null
2025-12-03 14:48:16.719 +01:00 [INF] CORS policy execution successful.
2025-12-03 14:48:16.719 +01:00 [INF] Executing endpoint 'HomeCareApp.Controllers.NotificationController.GetUnreadCount (api)'
2025-12-03 14:48:16.720 +01:00 [INF] Route matched with {action = "GetUnreadCount", controller = "Notification"}. Executing controller action with signature System.Threading.Tasks.Task`1[Microsoft.AspNetCore.Mvc.ActionResult`1[System.Int32]] GetUnreadCount() on controller HomeCareApp.Controllers.NotificationController (api).
2025-12-03 14:48:16.725 +01:00 [INF] [NotificationController] Getting unread count for UserId: 3e07cffa-0932-44eb-a818-3c42976e81f7
2025-12-03 14:48:16.725 +01:00 [INF] [NotificationRepository] GetUnreadCountAsync(3e07cffa-0932-44eb-a818-3c42976e81f7) - Getting unread count for user
2025-12-03 14:48:16.728 +01:00 [INF] [NotificationRepository] GetUnreadCountAsync(3e07cffa-0932-44eb-a818-3c42976e81f7) - User has 0 unread notifications
2025-12-03 14:48:16.728 +01:00 [INF] [NotificationController] Found 0 unread notifications for UserId: 3e07cffa-0932-44eb-a818-3c42976e81f7
2025-12-03 14:48:16.728 +01:00 [INF] Executing OkObjectResult, writing value of type 'System.Int32'.
2025-12-03 14:48:16.729 +01:00 [INF] Executed action HomeCareApp.Controllers.NotificationController.GetUnreadCount (api) in 8.9985ms
2025-12-03 14:48:16.729 +01:00 [INF] Executed endpoint 'HomeCareApp.Controllers.NotificationController.GetUnreadCount (api)'
2025-12-03 14:48:16.729 +01:00 [INF] Request finished HTTP/1.1 GET http://localhost:5090/api/Notification/unread-count - 200 1 application/json; charset=utf-8 10.8887ms
2025-12-03 14:48:16.757 +01:00 [INF] [PatientRepository] GetAll() - Successfully retrieved 3 patients
2025-12-03 14:48:16.758 +01:00 [INF] [PatientController] Total patients in database: 3
2025-12-03 14:48:16.759 +01:00 [INF] [PatientController] Successfully retrieved patient 1 for UserId: 3e07cffa-0932-44eb-a818-3c42976e81f7
2025-12-03 14:48:16.759 +01:00 [INF] Executing OkObjectResult, writing value of type 'HomeCareApp.DTOs.PatientDto'.
2025-12-03 14:48:16.796 +01:00 [INF] Executed action HomeCareApp.Controllers.PatientController.GetPatientByUserId (api) in 125.8949ms
2025-12-03 14:48:16.797 +01:00 [INF] Executed endpoint 'HomeCareApp.Controllers.PatientController.GetPatientByUserId (api)'
2025-12-03 14:48:16.797 +01:00 [INF] Request finished HTTP/1.1 GET http://localhost:5090/api/patient/user/3e07cffa-0932-44eb-a818-3c42976e81f7 - 200 226 application/json; charset=utf-8 145.4785ms
2025-12-03 14:48:16.798 +01:00 [INF] Request starting HTTP/1.1 GET http://localhost:5090/api/patient/user/3e07cffa-0932-44eb-a818-3c42976e81f7 - application/json null
2025-12-03 14:48:16.798 +01:00 [INF] CORS policy execution successful.
2025-12-03 14:48:16.799 +01:00 [INF] Executing endpoint 'HomeCareApp.Controllers.PatientController.GetPatientByUserId (api)'
2025-12-03 14:48:16.799 +01:00 [INF] Route matched with {action = "GetPatientByUserId", controller = "Patient"}. Executing controller action with signature System.Threading.Tasks.Task`1[Microsoft.AspNetCore.Mvc.ActionResult`1[HomeCareApp.DTOs.PatientDto]] GetPatientByUserId(System.String) on controller HomeCareApp.Controllers.PatientController (api).
2025-12-03 14:48:16.801 +01:00 [INF] [PatientController] Getting patient by UserId: 3e07cffa-0932-44eb-a818-3c42976e81f7
2025-12-03 14:48:16.801 +01:00 [INF] [PatientRepository] GetAll() - Retrieving all patients
2025-12-03 14:48:16.803 +01:00 [INF] [PatientRepository] GetAll() - Successfully retrieved 3 patients
2025-12-03 14:48:16.803 +01:00 [INF] [PatientController] Total patients in database: 3
2025-12-03 14:48:16.803 +01:00 [INF] [PatientController] Successfully retrieved patient 1 for UserId: 3e07cffa-0932-44eb-a818-3c42976e81f7
2025-12-03 14:48:16.803 +01:00 [INF] Executing OkObjectResult, writing value of type 'HomeCareApp.DTOs.PatientDto'.
2025-12-03 14:48:16.803 +01:00 [INF] Executed action HomeCareApp.Controllers.PatientController.GetPatientByUserId (api) in 4.3537ms
2025-12-03 14:48:16.804 +01:00 [INF] Executed endpoint 'HomeCareApp.Controllers.PatientController.GetPatientByUserId (api)'
2025-12-03 14:48:16.804 +01:00 [INF] Request finished HTTP/1.1 GET http://localhost:5090/api/patient/user/3e07cffa-0932-44eb-a818-3c42976e81f7 - 200 226 application/json; charset=utf-8 6.0274ms
2025-12-03 14:48:25.158 +01:00 [INF] Request starting HTTP/1.1 OPTIONS http://localhost:5090/api/patient/1 - null null
2025-12-03 14:48:25.158 +01:00 [INF] CORS policy execution successful.
2025-12-03 14:48:25.158 +01:00 [INF] Request finished HTTP/1.1 OPTIONS http://localhost:5090/api/patient/1 - 204 null null 0.6423ms
2025-12-03 14:48:25.161 +01:00 [INF] Request starting HTTP/1.1 PUT http://localhost:5090/api/patient/1 - application/json 223
2025-12-03 14:48:25.161 +01:00 [INF] CORS policy execution successful.
2025-12-03 14:48:25.161 +01:00 [INF] Executing endpoint 'HomeCareApp.Controllers.PatientController.Update (api)'
2025-12-03 14:48:25.165 +01:00 [INF] Route matched with {action = "Update", controller = "Patient"}. Executing controller action with signature System.Threading.Tasks.Task`1[Microsoft.AspNetCore.Mvc.IActionResult] Update(Int32, HomeCareApp.DTOs.PatientDto) on controller HomeCareApp.Controllers.PatientController (api).
2025-12-03 14:48:25.205 +01:00 [INF] [PatientRepository] GetPatientById(1) - Retrieving patient
2025-12-03 14:48:25.292 +01:00 [INF] [PatientRepository] GetPatientById(1) - Patient found: Vilde Nerem
2025-12-03 14:48:25.294 +01:00 [INF] [PatientRepository] Update() - Updating patient: Vilde Nerem (ID: 1)
2025-12-03 14:48:25.408 +01:00 [INF] [PatientRepository] Update() - Successfully updated patient: Vilde Nerem (ID: 1)
2025-12-03 14:48:25.409 +01:00 [INF] Executing OkObjectResult, writing value of type 'HomeCareApp.DTOs.PatientDto'.
2025-12-03 14:48:25.409 +01:00 [INF] Executed action HomeCareApp.Controllers.PatientController.Update (api) in 244.0577ms
2025-12-03 14:48:25.409 +01:00 [INF] Executed endpoint 'HomeCareApp.Controllers.PatientController.Update (api)'
2025-12-03 14:48:25.410 +01:00 [INF] Request finished HTTP/1.1 PUT http://localhost:5090/api/patient/1 - 200 219 application/json; charset=utf-8 248.8062ms
2025-12-03 14:48:25.415 +01:00 [INF] Request starting HTTP/1.1 OPTIONS http://localhost:5090/api/patient/user/3e07cffa-0932-44eb-a818-3c42976e81f7 - null null
2025-12-03 14:48:25.415 +01:00 [INF] CORS policy execution successful.
2025-12-03 14:48:25.415 +01:00 [INF] Request finished HTTP/1.1 OPTIONS http://localhost:5090/api/patient/user/3e07cffa-0932-44eb-a818-3c42976e81f7 - 204 null null 0.4201ms
2025-12-03 14:48:25.417 +01:00 [INF] Request starting HTTP/1.1 GET http://localhost:5090/api/patient/user/3e07cffa-0932-44eb-a818-3c42976e81f7 - application/json null
2025-12-03 14:48:25.418 +01:00 [INF] CORS policy execution successful.
2025-12-03 14:48:25.418 +01:00 [INF] Executing endpoint 'HomeCareApp.Controllers.PatientController.GetPatientByUserId (api)'
2025-12-03 14:48:25.418 +01:00 [INF] Route matched with {action = "GetPatientByUserId", controller = "Patient"}. Executing controller action with signature System.Threading.Tasks.Task`1[Microsoft.AspNetCore.Mvc.ActionResult`1[HomeCareApp.DTOs.PatientDto]] GetPatientByUserId(System.String) on controller HomeCareApp.Controllers.PatientController (api).
2025-12-03 14:48:25.419 +01:00 [INF] [PatientController] Getting patient by UserId: 3e07cffa-0932-44eb-a818-3c42976e81f7
2025-12-03 14:48:25.419 +01:00 [INF] [PatientRepository] GetAll() - Retrieving all patients
2025-12-03 14:48:25.420 +01:00 [INF] [PatientRepository] GetAll() - Successfully retrieved 3 patients
2025-12-03 14:48:25.420 +01:00 [INF] [PatientController] Total patients in database: 3
2025-12-03 14:48:25.420 +01:00 [INF] [PatientController] Successfully retrieved patient 1 for UserId: 3e07cffa-0932-44eb-a818-3c42976e81f7
2025-12-03 14:48:25.421 +01:00 [INF] Executing OkObjectResult, writing value of type 'HomeCareApp.DTOs.PatientDto'.
2025-12-03 14:48:25.421 +01:00 [INF] Executed action HomeCareApp.Controllers.PatientController.GetPatientByUserId (api) in 2.5715ms
2025-12-03 14:48:25.421 +01:00 [INF] Executed endpoint 'HomeCareApp.Controllers.PatientController.GetPatientByUserId (api)'
2025-12-03 14:48:25.421 +01:00 [INF] Request finished HTTP/1.1 GET http://localhost:5090/api/patient/user/3e07cffa-0932-44eb-a818-3c42976e81f7 - 200 218 application/json; charset=utf-8 4.0186ms
2025-12-03 14:48:44.081 +01:00 [INF] Request starting HTTP/1.1 OPTIONS http://localhost:5090/api/Notification/unread-count - null null
2025-12-03 14:48:44.081 +01:00 [INF] CORS policy execution successful.
2025-12-03 14:48:44.082 +01:00 [INF] Request finished HTTP/1.1 OPTIONS http://localhost:5090/api/Notification/unread-count - 204 null null 0.7678ms
2025-12-03 14:48:44.083 +01:00 [INF] Request starting HTTP/1.1 GET http://localhost:5090/api/Notification/unread-count - application/json null
2025-12-03 14:48:44.083 +01:00 [INF] CORS policy execution successful.
2025-12-03 14:48:44.084 +01:00 [INF] Executing endpoint 'HomeCareApp.Controllers.NotificationController.GetUnreadCount (api)'
2025-12-03 14:48:44.084 +01:00 [INF] Route matched with {action = "GetUnreadCount", controller = "Notification"}. Executing controller action with signature System.Threading.Tasks.Task`1[Microsoft.AspNetCore.Mvc.ActionResult`1[System.Int32]] GetUnreadCount() on controller HomeCareApp.Controllers.NotificationController (api).
2025-12-03 14:48:44.084 +01:00 [INF] [NotificationController] Getting unread count for UserId: 3e07cffa-0932-44eb-a818-3c42976e81f7
2025-12-03 14:48:44.085 +01:00 [INF] [NotificationRepository] GetUnreadCountAsync(3e07cffa-0932-44eb-a818-3c42976e81f7) - Getting unread count for user
2025-12-03 14:48:44.087 +01:00 [INF] [NotificationRepository] GetUnreadCountAsync(3e07cffa-0932-44eb-a818-3c42976e81f7) - User has 0 unread notifications
2025-12-03 14:48:44.087 +01:00 [INF] [NotificationController] Found 0 unread notifications for UserId: 3e07cffa-0932-44eb-a818-3c42976e81f7
2025-12-03 14:48:44.087 +01:00 [INF] Executing OkObjectResult, writing value of type 'System.Int32'.
2025-12-03 14:48:44.087 +01:00 [INF] Executed action HomeCareApp.Controllers.NotificationController.GetUnreadCount (api) in 3.5056ms
2025-12-03 14:48:44.088 +01:00 [INF] Executed endpoint 'HomeCareApp.Controllers.NotificationController.GetUnreadCount (api)'
2025-12-03 14:48:44.088 +01:00 [INF] Request finished HTTP/1.1 GET http://localhost:5090/api/Notification/unread-count - 200 1 application/json; charset=utf-8 4.6982ms
2025-12-03 14:49:07.630 +01:00 [INF] Request starting HTTP/1.1 OPTIONS http://localhost:5090/api/patient/1 - null null
2025-12-03 14:49:07.630 +01:00 [INF] CORS policy execution successful.
2025-12-03 14:49:07.631 +01:00 [INF] Request finished HTTP/1.1 OPTIONS http://localhost:5090/api/patient/1 - 204 null null 0.3759ms
2025-12-03 14:49:07.632 +01:00 [INF] Request starting HTTP/1.1 PUT http://localhost:5090/api/patient/1 - application/json 223
2025-12-03 14:49:07.632 +01:00 [INF] CORS policy execution successful.
2025-12-03 14:49:07.632 +01:00 [INF] Executing endpoint 'HomeCareApp.Controllers.PatientController.Update (api)'
2025-12-03 14:49:07.633 +01:00 [INF] Route matched with {action = "Update", controller = "Patient"}. Executing controller action with signature System.Threading.Tasks.Task`1[Microsoft.AspNetCore.Mvc.IActionResult] Update(Int32, HomeCareApp.DTOs.PatientDto) on controller HomeCareApp.Controllers.PatientController (api).
2025-12-03 14:49:07.634 +01:00 [INF] [PatientRepository] GetPatientById(1) - Retrieving patient
2025-12-03 14:49:07.637 +01:00 [INF] [PatientRepository] GetPatientById(1) - Patient found: Vilde Nerem
2025-12-03 14:49:07.637 +01:00 [INF] [PatientRepository] Update() - Updating patient: Vilde Nerem (ID: 1)
2025-12-03 14:49:07.640 +01:00 [INF] [PatientRepository] Update() - Successfully updated patient: Vilde Nerem (ID: 1)
2025-12-03 14:49:07.640 +01:00 [INF] Executing OkObjectResult, writing value of type 'HomeCareApp.DTOs.PatientDto'.
2025-12-03 14:49:07.641 +01:00 [INF] Executed action HomeCareApp.Controllers.PatientController.Update (api) in 8.0408ms
2025-12-03 14:49:07.641 +01:00 [INF] Executed endpoint 'HomeCareApp.Controllers.PatientController.Update (api)'
2025-12-03 14:49:07.641 +01:00 [INF] Request finished HTTP/1.1 PUT http://localhost:5090/api/patient/1 - 200 219 application/json; charset=utf-8 8.9847ms
2025-12-03 14:49:07.646 +01:00 [INF] Request starting HTTP/1.1 OPTIONS http://localhost:5090/api/patient/user/3e07cffa-0932-44eb-a818-3c42976e81f7 - null null
2025-12-03 14:49:07.646 +01:00 [INF] CORS policy execution successful.
2025-12-03 14:49:07.646 +01:00 [INF] Request finished HTTP/1.1 OPTIONS http://localhost:5090/api/patient/user/3e07cffa-0932-44eb-a818-3c42976e81f7 - 204 null null 0.4036ms
2025-12-03 14:49:07.651 +01:00 [INF] Request starting HTTP/1.1 GET http://localhost:5090/api/patient/user/3e07cffa-0932-44eb-a818-3c42976e81f7 - application/json null
2025-12-03 14:49:07.651 +01:00 [INF] CORS policy execution successful.
2025-12-03 14:49:07.652 +01:00 [INF] Executing endpoint 'HomeCareApp.Controllers.PatientController.GetPatientByUserId (api)'
2025-12-03 14:49:07.652 +01:00 [INF] Route matched with {action = "GetPatientByUserId", controller = "Patient"}. Executing controller action with signature System.Threading.Tasks.Task`1[Microsoft.AspNetCore.Mvc.ActionResult`1[HomeCareApp.DTOs.PatientDto]] GetPatientByUserId(System.String) on controller HomeCareApp.Controllers.PatientController (api).
2025-12-03 14:49:07.652 +01:00 [INF] [PatientController] Getting patient by UserId: 3e07cffa-0932-44eb-a818-3c42976e81f7
2025-12-03 14:49:07.652 +01:00 [INF] [PatientRepository] GetAll() - Retrieving all patients
2025-12-03 14:49:07.654 +01:00 [INF] [PatientRepository] GetAll() - Successfully retrieved 3 patients
2025-12-03 14:49:07.654 +01:00 [INF] [PatientController] Total patients in database: 3
2025-12-03 14:49:07.654 +01:00 [INF] [PatientController] Successfully retrieved patient 1 for UserId: 3e07cffa-0932-44eb-a818-3c42976e81f7
2025-12-03 14:49:07.655 +01:00 [INF] Executing OkObjectResult, writing value of type 'HomeCareApp.DTOs.PatientDto'.
2025-12-03 14:49:07.656 +01:00 [INF] Executed action HomeCareApp.Controllers.PatientController.GetPatientByUserId (api) in 3.8585ms
2025-12-03 14:49:07.656 +01:00 [INF] Executed endpoint 'HomeCareApp.Controllers.PatientController.GetPatientByUserId (api)'
2025-12-03 14:49:07.659 +01:00 [INF] Request finished HTTP/1.1 GET http://localhost:5090/api/patient/user/3e07cffa-0932-44eb-a818-3c42976e81f7 - 200 218 application/json; charset=utf-8 8.1947ms
2025-12-03 14:49:14.082 +01:00 [INF] Request starting HTTP/1.1 OPTIONS http://localhost:5090/api/Notification/unread-count - null null
2025-12-03 14:49:14.083 +01:00 [INF] CORS policy execution successful.
2025-12-03 14:49:14.083 +01:00 [INF] Request finished HTTP/1.1 OPTIONS http://localhost:5090/api/Notification/unread-count - 204 null null 0.5693ms
2025-12-03 14:49:14.086 +01:00 [INF] Request starting HTTP/1.1 GET http://localhost:5090/api/Notification/unread-count - application/json null
2025-12-03 14:49:14.087 +01:00 [INF] CORS policy execution successful.
2025-12-03 14:49:14.087 +01:00 [INF] Executing endpoint 'HomeCareApp.Controllers.NotificationController.GetUnreadCount (api)'
2025-12-03 14:49:14.087 +01:00 [INF] Route matched with {action = "GetUnreadCount", controller = "Notification"}. Executing controller action with signature System.Threading.Tasks.Task`1[Microsoft.AspNetCore.Mvc.ActionResult`1[System.Int32]] GetUnreadCount() on controller HomeCareApp.Controllers.NotificationController (api).
2025-12-03 14:49:14.088 +01:00 [INF] [NotificationController] Getting unread count for UserId: 3e07cffa-0932-44eb-a818-3c42976e81f7
2025-12-03 14:49:14.088 +01:00 [INF] [NotificationRepository] GetUnreadCountAsync(3e07cffa-0932-44eb-a818-3c42976e81f7) - Getting unread count for user
2025-12-03 14:49:14.090 +01:00 [INF] [NotificationRepository] GetUnreadCountAsync(3e07cffa-0932-44eb-a818-3c42976e81f7) - User has 0 unread notifications
2025-12-03 14:49:14.090 +01:00 [INF] [NotificationController] Found 0 unread notifications for UserId: 3e07cffa-0932-44eb-a818-3c42976e81f7
2025-12-03 14:49:14.090 +01:00 [INF] Executing OkObjectResult, writing value of type 'System.Int32'.
2025-12-03 14:49:14.091 +01:00 [INF] Executed action HomeCareApp.Controllers.NotificationController.GetUnreadCount (api) in 3.2289ms
2025-12-03 14:49:14.091 +01:00 [INF] Executed endpoint 'HomeCareApp.Controllers.NotificationController.GetUnreadCount (api)'
2025-12-03 14:49:14.091 +01:00 [INF] Request finished HTTP/1.1 GET http://localhost:5090/api/Notification/unread-count - 200 1 application/json; charset=utf-8 4.4301ms
2025-12-03 14:49:16.711 +01:00 [INF] Request starting HTTP/1.1 GET http://localhost:5090/api/Notification/unread-count - application/json null
2025-12-03 14:49:16.711 +01:00 [INF] CORS policy execution successful.
2025-12-03 14:49:16.712 +01:00 [INF] Executing endpoint 'HomeCareApp.Controllers.NotificationController.GetUnreadCount (api)'
2025-12-03 14:49:16.712 +01:00 [INF] Route matched with {action = "GetUnreadCount", controller = "Notification"}. Executing controller action with signature System.Threading.Tasks.Task`1[Microsoft.AspNetCore.Mvc.ActionResult`1[System.Int32]] GetUnreadCount() on controller HomeCareApp.Controllers.NotificationController (api).
2025-12-03 14:49:16.713 +01:00 [INF] [NotificationController] Getting unread count for UserId: 3e07cffa-0932-44eb-a818-3c42976e81f7
2025-12-03 14:49:16.713 +01:00 [INF] [NotificationRepository] GetUnreadCountAsync(3e07cffa-0932-44eb-a818-3c42976e81f7) - Getting unread count for user
2025-12-03 14:49:16.716 +01:00 [INF] [NotificationRepository] GetUnreadCountAsync(3e07cffa-0932-44eb-a818-3c42976e81f7) - User has 0 unread notifications
2025-12-03 14:49:16.716 +01:00 [INF] [NotificationController] Found 0 unread notifications for UserId: 3e07cffa-0932-44eb-a818-3c42976e81f7
2025-12-03 14:49:16.716 +01:00 [INF] Executing OkObjectResult, writing value of type 'System.Int32'.
2025-12-03 14:49:16.717 +01:00 [INF] Executed action HomeCareApp.Controllers.NotificationController.GetUnreadCount (api) in 4.2757ms
2025-12-03 14:49:16.717 +01:00 [INF] Executed endpoint 'HomeCareApp.Controllers.NotificationController.GetUnreadCount (api)'
2025-12-03 14:49:16.717 +01:00 [INF] Request finished HTTP/1.1 GET http://localhost:5090/api/Notification/unread-count - 200 1 application/json; charset=utf-8 6.564ms
2025-12-03 14:49:33.319 +01:00 [INF] Request starting HTTP/1.1 OPTIONS http://localhost:5090/api/patient/1 - null null
2025-12-03 14:49:33.320 +01:00 [INF] CORS policy execution successful.
2025-12-03 14:49:33.320 +01:00 [INF] Request finished HTTP/1.1 OPTIONS http://localhost:5090/api/patient/1 - 204 null null 0.2363ms
2025-12-03 14:49:33.321 +01:00 [INF] Request starting HTTP/1.1 PUT http://localhost:5090/api/patient/1 - application/json 223
2025-12-03 14:49:33.321 +01:00 [INF] CORS policy execution successful.
2025-12-03 14:49:33.321 +01:00 [INF] Executing endpoint 'HomeCareApp.Controllers.PatientController.Update (api)'
2025-12-03 14:49:33.321 +01:00 [INF] Route matched with {action = "Update", controller = "Patient"}. Executing controller action with signature System.Threading.Tasks.Task`1[Microsoft.AspNetCore.Mvc.IActionResult] Update(Int32, HomeCareApp.DTOs.PatientDto) on controller HomeCareApp.Controllers.PatientController (api).
2025-12-03 14:49:33.322 +01:00 [INF] [PatientRepository] GetPatientById(1) - Retrieving patient
2025-12-03 14:49:33.324 +01:00 [INF] [PatientRepository] GetPatientById(1) - Patient found: Vilde Nerem
2025-12-03 14:49:33.325 +01:00 [INF] [PatientRepository] Update() - Updating patient: Vilde Nerem (ID: 1)
2025-12-03 14:49:33.327 +01:00 [INF] [PatientRepository] Update() - Successfully updated patient: Vilde Nerem (ID: 1)
2025-12-03 14:49:33.328 +01:00 [INF] Executing OkObjectResult, writing value of type 'HomeCareApp.DTOs.PatientDto'.
2025-12-03 14:49:33.328 +01:00 [INF] Executed action HomeCareApp.Controllers.PatientController.Update (api) in 6.4309ms
2025-12-03 14:49:33.328 +01:00 [INF] Executed endpoint 'HomeCareApp.Controllers.PatientController.Update (api)'
2025-12-03 14:49:33.328 +01:00 [INF] Request finished HTTP/1.1 PUT http://localhost:5090/api/patient/1 - 200 219 application/json; charset=utf-8 7.3633ms
2025-12-03 14:49:33.340 +01:00 [INF] Request starting HTTP/1.1 OPTIONS http://localhost:5090/api/patient/user/3e07cffa-0932-44eb-a818-3c42976e81f7 - null null
2025-12-03 14:49:33.340 +01:00 [INF] CORS policy execution successful.
2025-12-03 14:49:33.341 +01:00 [INF] Request finished HTTP/1.1 OPTIONS http://localhost:5090/api/patient/user/3e07cffa-0932-44eb-a818-3c42976e81f7 - 204 null null 0.8304ms
2025-12-03 14:49:33.350 +01:00 [INF] Request starting HTTP/1.1 GET http://localhost:5090/api/patient/user/3e07cffa-0932-44eb-a818-3c42976e81f7 - application/json null
2025-12-03 14:49:33.350 +01:00 [INF] CORS policy execution successful.
2025-12-03 14:49:33.350 +01:00 [INF] Executing endpoint 'HomeCareApp.Controllers.PatientController.GetPatientByUserId (api)'
2025-12-03 14:49:33.351 +01:00 [INF] Route matched with {action = "GetPatientByUserId", controller = "Patient"}. Executing controller action with signature System.Threading.Tasks.Task`1[Microsoft.AspNetCore.Mvc.ActionResult`1[HomeCareApp.DTOs.PatientDto]] GetPatientByUserId(System.String) on controller HomeCareApp.Controllers.PatientController (api).
2025-12-03 14:49:33.351 +01:00 [INF] [PatientController] Getting patient by UserId: 3e07cffa-0932-44eb-a818-3c42976e81f7
2025-12-03 14:49:33.351 +01:00 [INF] [PatientRepository] GetAll() - Retrieving all patients
2025-12-03 14:49:33.352 +01:00 [INF] [PatientRepository] GetAll() - Successfully retrieved 3 patients
2025-12-03 14:49:33.352 +01:00 [INF] [PatientController] Total patients in database: 3
2025-12-03 14:49:33.352 +01:00 [INF] [PatientController] Successfully retrieved patient 1 for UserId: 3e07cffa-0932-44eb-a818-3c42976e81f7
2025-12-03 14:49:33.352 +01:00 [INF] Executing OkObjectResult, writing value of type 'HomeCareApp.DTOs.PatientDto'.
2025-12-03 14:49:33.352 +01:00 [INF] Executed action HomeCareApp.Controllers.PatientController.GetPatientByUserId (api) in 1.8074ms
2025-12-03 14:49:33.352 +01:00 [INF] Executed endpoint 'HomeCareApp.Controllers.PatientController.GetPatientByUserId (api)'
2025-12-03 14:49:33.353 +01:00 [INF] Request finished HTTP/1.1 GET http://localhost:5090/api/patient/user/3e07cffa-0932-44eb-a818-3c42976e81f7 - 200 218 application/json; charset=utf-8 2.5371ms
2025-12-03 14:49:44.720 +01:00 [INF] Request starting HTTP/1.1 OPTIONS http://localhost:5090/api/Notification/unread-count - null null
2025-12-03 14:49:44.721 +01:00 [INF] CORS policy execution successful.
2025-12-03 14:49:44.721 +01:00 [INF] Request finished HTTP/1.1 OPTIONS http://localhost:5090/api/Notification/unread-count - 204 null null 0.4973ms
2025-12-03 14:49:44.722 +01:00 [INF] Request starting HTTP/1.1 GET http://localhost:5090/api/Notification/unread-count - application/json null
2025-12-03 14:49:44.722 +01:00 [INF] CORS policy execution successful.
2025-12-03 14:49:44.723 +01:00 [INF] Executing endpoint 'HomeCareApp.Controllers.NotificationController.GetUnreadCount (api)'
2025-12-03 14:49:44.723 +01:00 [INF] Route matched with {action = "GetUnreadCount", controller = "Notification"}. Executing controller action with signature System.Threading.Tasks.Task`1[Microsoft.AspNetCore.Mvc.ActionResult`1[System.Int32]] GetUnreadCount() on controller HomeCareApp.Controllers.NotificationController (api).
2025-12-03 14:49:44.723 +01:00 [INF] [NotificationController] Getting unread count for UserId: 3e07cffa-0932-44eb-a818-3c42976e81f7
2025-12-03 14:49:44.723 +01:00 [INF] [NotificationRepository] GetUnreadCountAsync(3e07cffa-0932-44eb-a818-3c42976e81f7) - Getting unread count for user
2025-12-03 14:49:44.724 +01:00 [INF] [NotificationRepository] GetUnreadCountAsync(3e07cffa-0932-44eb-a818-3c42976e81f7) - User has 0 unread notifications
2025-12-03 14:49:44.724 +01:00 [INF] [NotificationController] Found 0 unread notifications for UserId: 3e07cffa-0932-44eb-a818-3c42976e81f7
2025-12-03 14:49:44.724 +01:00 [INF] Executing OkObjectResult, writing value of type 'System.Int32'.
2025-12-03 14:49:44.724 +01:00 [INF] Executed action HomeCareApp.Controllers.NotificationController.GetUnreadCount (api) in 1.0811ms
2025-12-03 14:49:44.724 +01:00 [INF] Executed endpoint 'HomeCareApp.Controllers.NotificationController.GetUnreadCount (api)'
2025-12-03 14:49:44.724 +01:00 [INF] Request finished HTTP/1.1 GET http://localhost:5090/api/Notification/unread-count - 200 1 application/json; charset=utf-8 1.6109ms
2025-12-03 14:49:52.174 +01:00 [INF] Application is shutting down...
