2025-12-03 17:35:52.710 +01:00 [INF] No migrations were applied. The database is already up to date.
2025-12-03 17:35:52.763 +01:00 [INF] No migrations were applied. The database is already up to date.
2025-12-03 17:35:52.824 +01:00 [INF] User profile is available. Using 'C:\Users\vilde\AppData\Local\ASP.NET\DataProtection-Keys' as key repository and Windows DPAPI to encrypt keys at rest.
2025-12-03 17:35:52.856 +01:00 [INF] Now listening on: http://localhost:5090
2025-12-03 17:35:52.858 +01:00 [INF] Application started. Press Ctrl+C to shut down.
2025-12-03 17:35:52.858 +01:00 [INF] Hosting environment: Development
2025-12-03 17:35:52.859 +01:00 [INF] Content root path: C:\Users\vilde\OneDrive\Documents\Homecare React\React-Homecare\api
2025-12-03 17:35:55.231 +01:00 [INF] Request starting HTTP/1.1 OPTIONS http://localhost:5090/api/Notification/unread-count - null null
2025-12-03 17:35:55.231 +01:00 [INF] Request starting HTTP/1.1 OPTIONS http://localhost:5090/api/Notification/unread-count - null null
2025-12-03 17:35:55.265 +01:00 [INF] CORS policy execution successful.
2025-12-03 17:35:55.265 +01:00 [INF] CORS policy execution successful.
2025-12-03 17:35:55.268 +01:00 [INF] Request finished HTTP/1.1 OPTIONS http://localhost:5090/api/Notification/unread-count - 204 null null 39.5152ms
2025-12-03 17:35:55.268 +01:00 [INF] Request finished HTTP/1.1 OPTIONS http://localhost:5090/api/Notification/unread-count - 204 null null 39.5153ms
2025-12-03 17:35:55.274 +01:00 [INF] Request starting HTTP/1.1 GET http://localhost:5090/api/Notification/unread-count - application/json null
2025-12-03 17:35:55.287 +01:00 [INF] CORS policy execution successful.
2025-12-03 17:35:55.374 +01:00 [INF] Executing endpoint 'HomeCareApp.Controllers.NotificationController.GetUnreadCount (api)'
2025-12-03 17:35:55.386 +01:00 [INF] Route matched with {action = "GetUnreadCount", controller = "Notification"}. Executing controller action with signature System.Threading.Tasks.Task`1[Microsoft.AspNetCore.Mvc.ActionResult`1[System.Int32]] GetUnreadCount() on controller HomeCareApp.Controllers.NotificationController (api).
2025-12-03 17:35:55.390 +01:00 [INF] [NotificationController] Getting unread count for UserId: 3e07cffa-0932-44eb-a818-3c42976e81f7
2025-12-03 17:35:55.393 +01:00 [INF] [NotificationRepository] GetUnreadCountAsync(3e07cffa-0932-44eb-a818-3c42976e81f7) - Getting unread count for user
2025-12-03 17:35:55.688 +01:00 [INF] [NotificationRepository] GetUnreadCountAsync(3e07cffa-0932-44eb-a818-3c42976e81f7) - User has 0 unread notifications
2025-12-03 17:35:55.688 +01:00 [INF] [NotificationController] Found 0 unread notifications for UserId: 3e07cffa-0932-44eb-a818-3c42976e81f7
2025-12-03 17:35:55.691 +01:00 [INF] Executing OkObjectResult, writing value of type 'System.Int32'.
2025-12-03 17:35:55.736 +01:00 [INF] Request starting HTTP/1.1 GET http://localhost:5090/api/Notification/unread-count - application/json null
2025-12-03 17:35:55.737 +01:00 [INF] CORS policy execution successful.
2025-12-03 17:35:55.739 +01:00 [INF] Executed action HomeCareApp.Controllers.NotificationController.GetUnreadCount (api) in 348.5271ms
2025-12-03 17:35:55.739 +01:00 [INF] Executed endpoint 'HomeCareApp.Controllers.NotificationController.GetUnreadCount (api)'
2025-12-03 17:35:55.740 +01:00 [INF] Executing endpoint 'HomeCareApp.Controllers.NotificationController.GetUnreadCount (api)'
2025-12-03 17:35:55.740 +01:00 [INF] Route matched with {action = "GetUnreadCount", controller = "Notification"}. Executing controller action with signature System.Threading.Tasks.Task`1[Microsoft.AspNetCore.Mvc.ActionResult`1[System.Int32]] GetUnreadCount() on controller HomeCareApp.Controllers.NotificationController (api).
2025-12-03 17:35:55.740 +01:00 [INF] [NotificationController] Getting unread count for UserId: 3e07cffa-0932-44eb-a818-3c42976e81f7
2025-12-03 17:35:55.740 +01:00 [INF] [NotificationRepository] GetUnreadCountAsync(3e07cffa-0932-44eb-a818-3c42976e81f7) - Getting unread count for user
2025-12-03 17:35:55.743 +01:00 [INF] Request finished HTTP/1.1 GET http://localhost:5090/api/Notification/unread-count - 200 1 application/json; charset=utf-8 469.3912ms
2025-12-03 17:35:55.744 +01:00 [INF] [NotificationRepository] GetUnreadCountAsync(3e07cffa-0932-44eb-a818-3c42976e81f7) - User has 0 unread notifications
2025-12-03 17:35:55.744 +01:00 [INF] [NotificationController] Found 0 unread notifications for UserId: 3e07cffa-0932-44eb-a818-3c42976e81f7
2025-12-03 17:35:55.745 +01:00 [INF] Executing OkObjectResult, writing value of type 'System.Int32'.
2025-12-03 17:35:55.745 +01:00 [INF] Executed action HomeCareApp.Controllers.NotificationController.GetUnreadCount (api) in 5.287ms
2025-12-03 17:35:55.745 +01:00 [INF] Executed endpoint 'HomeCareApp.Controllers.NotificationController.GetUnreadCount (api)'
2025-12-03 17:35:55.745 +01:00 [INF] Request finished HTTP/1.1 GET http://localhost:5090/api/Notification/unread-count - 200 1 application/json; charset=utf-8 9.2705ms
2025-12-03 17:35:57.484 +01:00 [INF] Request starting HTTP/1.1 OPTIONS http://localhost:5090/api/patient/user/3e07cffa-0932-44eb-a818-3c42976e81f7 - null null
2025-12-03 17:35:57.484 +01:00 [INF] Request starting HTTP/1.1 OPTIONS http://localhost:5090/api/patient/user/3e07cffa-0932-44eb-a818-3c42976e81f7 - null null
2025-12-03 17:35:57.484 +01:00 [INF] CORS policy execution successful.
2025-12-03 17:35:57.484 +01:00 [INF] CORS policy execution successful.
2025-12-03 17:35:57.484 +01:00 [INF] Request finished HTTP/1.1 OPTIONS http://localhost:5090/api/patient/user/3e07cffa-0932-44eb-a818-3c42976e81f7 - 204 null null 0.8009ms
2025-12-03 17:35:57.484 +01:00 [INF] Request finished HTTP/1.1 OPTIONS http://localhost:5090/api/patient/user/3e07cffa-0932-44eb-a818-3c42976e81f7 - 204 null null 0.8011ms
2025-12-03 17:35:57.488 +01:00 [INF] Request starting HTTP/1.1 GET http://localhost:5090/api/patient/user/3e07cffa-0932-44eb-a818-3c42976e81f7 - application/json null
2025-12-03 17:35:57.488 +01:00 [INF] CORS policy execution successful.
2025-12-03 17:35:57.495 +01:00 [INF] Executing endpoint 'HomeCareApp.Controllers.PatientController.GetPatientByUserId (api)'
2025-12-03 17:35:57.508 +01:00 [INF] Route matched with {action = "GetPatientByUserId", controller = "Patient"}. Executing controller action with signature System.Threading.Tasks.Task`1[Microsoft.AspNetCore.Mvc.ActionResult`1[HomeCareApp.DTOs.PatientDto]] GetPatientByUserId(System.String) on controller HomeCareApp.Controllers.PatientController (api).
2025-12-03 17:35:57.518 +01:00 [INF] [PatientController] Getting patient by UserId: 3e07cffa-0932-44eb-a818-3c42976e81f7
2025-12-03 17:35:57.518 +01:00 [INF] [PatientRepository] GetAll() - Retrieving all patients
2025-12-03 17:35:57.580 +01:00 [INF] [PatientRepository] GetAll() - Successfully retrieved 3 patients
2025-12-03 17:35:57.580 +01:00 [INF] [PatientController] Total patients in database: 3
2025-12-03 17:35:57.582 +01:00 [INF] [PatientController] Successfully retrieved patient 1 for UserId: 3e07cffa-0932-44eb-a818-3c42976e81f7
2025-12-03 17:35:57.582 +01:00 [INF] Executing OkObjectResult, writing value of type 'HomeCareApp.DTOs.PatientDto'.
2025-12-03 17:35:57.631 +01:00 [INF] Executed action HomeCareApp.Controllers.PatientController.GetPatientByUserId (api) in 122.9467ms
2025-12-03 17:35:57.631 +01:00 [INF] Executed endpoint 'HomeCareApp.Controllers.PatientController.GetPatientByUserId (api)'
2025-12-03 17:35:57.631 +01:00 [INF] Request finished HTTP/1.1 GET http://localhost:5090/api/patient/user/3e07cffa-0932-44eb-a818-3c42976e81f7 - 200 226 application/json; charset=utf-8 143.4464ms
2025-12-03 17:35:57.632 +01:00 [INF] Request starting HTTP/1.1 GET http://localhost:5090/api/patient/user/3e07cffa-0932-44eb-a818-3c42976e81f7 - application/json null
2025-12-03 17:35:57.633 +01:00 [INF] CORS policy execution successful.
2025-12-03 17:35:57.633 +01:00 [INF] Executing endpoint 'HomeCareApp.Controllers.PatientController.GetPatientByUserId (api)'
2025-12-03 17:35:57.634 +01:00 [INF] Route matched with {action = "GetPatientByUserId", controller = "Patient"}. Executing controller action with signature System.Threading.Tasks.Task`1[Microsoft.AspNetCore.Mvc.ActionResult`1[HomeCareApp.DTOs.PatientDto]] GetPatientByUserId(System.String) on controller HomeCareApp.Controllers.PatientController (api).
2025-12-03 17:35:57.635 +01:00 [INF] [PatientController] Getting patient by UserId: 3e07cffa-0932-44eb-a818-3c42976e81f7
2025-12-03 17:35:57.636 +01:00 [INF] [PatientRepository] GetAll() - Retrieving all patients
2025-12-03 17:35:57.637 +01:00 [INF] [PatientRepository] GetAll() - Successfully retrieved 3 patients
2025-12-03 17:35:57.637 +01:00 [INF] [PatientController] Total patients in database: 3
2025-12-03 17:35:57.637 +01:00 [INF] [PatientController] Successfully retrieved patient 1 for UserId: 3e07cffa-0932-44eb-a818-3c42976e81f7
2025-12-03 17:35:57.638 +01:00 [INF] Executing OkObjectResult, writing value of type 'HomeCareApp.DTOs.PatientDto'.
2025-12-03 17:35:57.638 +01:00 [INF] Executed action HomeCareApp.Controllers.PatientController.GetPatientByUserId (api) in 4.4794ms
2025-12-03 17:35:57.638 +01:00 [INF] Executed endpoint 'HomeCareApp.Controllers.PatientController.GetPatientByUserId (api)'
2025-12-03 17:35:57.639 +01:00 [INF] Request finished HTTP/1.1 GET http://localhost:5090/api/patient/user/3e07cffa-0932-44eb-a818-3c42976e81f7 - 200 226 application/json; charset=utf-8 6.7721ms
2025-12-03 17:36:03.267 +01:00 [INF] Request starting HTTP/1.1 OPTIONS http://localhost:5090/api/patient/1 - null null
2025-12-03 17:36:03.268 +01:00 [INF] CORS policy execution successful.
2025-12-03 17:36:03.268 +01:00 [INF] Request finished HTTP/1.1 OPTIONS http://localhost:5090/api/patient/1 - 204 null null 0.3856ms
2025-12-03 17:36:03.270 +01:00 [INF] Request starting HTTP/1.1 PUT http://localhost:5090/api/patient/1 - application/json 219
2025-12-03 17:36:03.270 +01:00 [INF] CORS policy execution successful.
2025-12-03 17:36:03.271 +01:00 [INF] Executing endpoint 'HomeCareApp.Controllers.PatientController.Update (api)'
2025-12-03 17:36:03.276 +01:00 [INF] Route matched with {action = "Update", controller = "Patient"}. Executing controller action with signature System.Threading.Tasks.Task`1[Microsoft.AspNetCore.Mvc.IActionResult] Update(Int32, HomeCareApp.DTOs.PatientDto) on controller HomeCareApp.Controllers.PatientController (api).
2025-12-03 17:36:03.317 +01:00 [INF] Executing BadRequestObjectResult, writing value of type 'System.String'.
2025-12-03 17:36:03.317 +01:00 [INF] Executed action HomeCareApp.Controllers.PatientController.Update (api) in 41.7063ms
2025-12-03 17:36:03.317 +01:00 [INF] Executed endpoint 'HomeCareApp.Controllers.PatientController.Update (api)'
2025-12-03 17:36:03.318 +01:00 [INF] Request finished HTTP/1.1 PUT http://localhost:5090/api/patient/1 - 400 null text/plain; charset=utf-8 47.8054ms
2025-12-03 17:36:04.713 +01:00 [INF] Request starting HTTP/1.1 OPTIONS http://localhost:5090/api/Notification/unread-count - null null
2025-12-03 17:36:04.713 +01:00 [INF] CORS policy execution successful.
2025-12-03 17:36:04.713 +01:00 [INF] Request finished HTTP/1.1 OPTIONS http://localhost:5090/api/Notification/unread-count - 204 null null 0.4621ms
2025-12-03 17:36:04.715 +01:00 [INF] Request starting HTTP/1.1 GET http://localhost:5090/api/Notification/unread-count - application/json null
2025-12-03 17:36:04.716 +01:00 [INF] CORS policy execution successful.
2025-12-03 17:36:04.716 +01:00 [INF] Executing endpoint 'HomeCareApp.Controllers.NotificationController.GetUnreadCount (api)'
2025-12-03 17:36:04.716 +01:00 [INF] Route matched with {action = "GetUnreadCount", controller = "Notification"}. Executing controller action with signature System.Threading.Tasks.Task`1[Microsoft.AspNetCore.Mvc.ActionResult`1[System.Int32]] GetUnreadCount() on controller HomeCareApp.Controllers.NotificationController (api).
2025-12-03 17:36:04.717 +01:00 [INF] [NotificationController] Getting unread count for UserId: 3e07cffa-0932-44eb-a818-3c42976e81f7
2025-12-03 17:36:04.717 +01:00 [INF] [NotificationRepository] GetUnreadCountAsync(3e07cffa-0932-44eb-a818-3c42976e81f7) - Getting unread count for user
2025-12-03 17:36:04.719 +01:00 [INF] [NotificationRepository] GetUnreadCountAsync(3e07cffa-0932-44eb-a818-3c42976e81f7) - User has 0 unread notifications
2025-12-03 17:36:04.719 +01:00 [INF] [NotificationController] Found 0 unread notifications for UserId: 3e07cffa-0932-44eb-a818-3c42976e81f7
2025-12-03 17:36:04.719 +01:00 [INF] Executing OkObjectResult, writing value of type 'System.Int32'.
2025-12-03 17:36:04.719 +01:00 [INF] Executed action HomeCareApp.Controllers.NotificationController.GetUnreadCount (api) in 3.1098ms
2025-12-03 17:36:04.719 +01:00 [INF] Executed endpoint 'HomeCareApp.Controllers.NotificationController.GetUnreadCount (api)'
2025-12-03 17:36:04.720 +01:00 [INF] Request finished HTTP/1.1 GET http://localhost:5090/api/Notification/unread-count - 200 1 application/json; charset=utf-8 4.1801ms
2025-12-03 17:36:07.619 +01:00 [INF] Request starting HTTP/1.1 PUT http://localhost:5090/api/patient/1 - application/json 221
2025-12-03 17:36:07.620 +01:00 [INF] CORS policy execution successful.
2025-12-03 17:36:07.621 +01:00 [INF] Executing endpoint 'HomeCareApp.Controllers.PatientController.Update (api)'
2025-12-03 17:36:07.621 +01:00 [INF] Route matched with {action = "Update", controller = "Patient"}. Executing controller action with signature System.Threading.Tasks.Task`1[Microsoft.AspNetCore.Mvc.IActionResult] Update(Int32, HomeCareApp.DTOs.PatientDto) on controller HomeCareApp.Controllers.PatientController (api).
2025-12-03 17:36:07.626 +01:00 [INF] [PatientRepository] GetPatientById(1) - Retrieving patient
2025-12-03 17:36:07.710 +01:00 [INF] [PatientRepository] GetPatientById(1) - Patient found: Vilde Nerem
2025-12-03 17:36:07.710 +01:00 [INF] [PatientRepository] GetAll() - Retrieving all patients
2025-12-03 17:36:07.711 +01:00 [INF] [PatientRepository] GetAll() - Successfully retrieved 3 patients
2025-12-03 17:36:07.711 +01:00 [INF] [PatientController] Checking phone number 12121212 for patient 1. Total patients: 3
2025-12-03 17:36:07.712 +01:00 [INF] [PatientRepository] Update() - Updating patient: Vilde Nerem (ID: 1)
2025-12-03 17:36:07.830 +01:00 [INF] [PatientRepository] Update() - Successfully updated patient: Vilde Nerem (ID: 1)
2025-12-03 17:36:07.830 +01:00 [INF] Executing OkObjectResult, writing value of type 'HomeCareApp.DTOs.PatientDto'.
2025-12-03 17:36:07.830 +01:00 [INF] Executed action HomeCareApp.Controllers.PatientController.Update (api) in 209.2816ms
2025-12-03 17:36:07.831 +01:00 [INF] Executed endpoint 'HomeCareApp.Controllers.PatientController.Update (api)'
2025-12-03 17:36:07.831 +01:00 [INF] Request finished HTTP/1.1 PUT http://localhost:5090/api/patient/1 - 200 217 application/json; charset=utf-8 211.3994ms
2025-12-03 17:36:07.834 +01:00 [INF] Request starting HTTP/1.1 OPTIONS http://localhost:5090/api/patient/user/3e07cffa-0932-44eb-a818-3c42976e81f7 - null null
2025-12-03 17:36:07.834 +01:00 [INF] CORS policy execution successful.
2025-12-03 17:36:07.834 +01:00 [INF] Request finished HTTP/1.1 OPTIONS http://localhost:5090/api/patient/user/3e07cffa-0932-44eb-a818-3c42976e81f7 - 204 null null 0.2915ms
2025-12-03 17:36:07.836 +01:00 [INF] Request starting HTTP/1.1 GET http://localhost:5090/api/patient/user/3e07cffa-0932-44eb-a818-3c42976e81f7 - application/json null
2025-12-03 17:36:07.836 +01:00 [INF] CORS policy execution successful.
2025-12-03 17:36:07.837 +01:00 [INF] Executing endpoint 'HomeCareApp.Controllers.PatientController.GetPatientByUserId (api)'
2025-12-03 17:36:07.837 +01:00 [INF] Route matched with {action = "GetPatientByUserId", controller = "Patient"}. Executing controller action with signature System.Threading.Tasks.Task`1[Microsoft.AspNetCore.Mvc.ActionResult`1[HomeCareApp.DTOs.PatientDto]] GetPatientByUserId(System.String) on controller HomeCareApp.Controllers.PatientController (api).
2025-12-03 17:36:07.837 +01:00 [INF] [PatientController] Getting patient by UserId: 3e07cffa-0932-44eb-a818-3c42976e81f7
2025-12-03 17:36:07.837 +01:00 [INF] [PatientRepository] GetAll() - Retrieving all patients
2025-12-03 17:36:07.839 +01:00 [INF] [PatientRepository] GetAll() - Successfully retrieved 3 patients
2025-12-03 17:36:07.839 +01:00 [INF] [PatientController] Total patients in database: 3
2025-12-03 17:36:07.839 +01:00 [INF] [PatientController] Successfully retrieved patient 1 for UserId: 3e07cffa-0932-44eb-a818-3c42976e81f7
2025-12-03 17:36:07.843 +01:00 [INF] Executing OkObjectResult, writing value of type 'HomeCareApp.DTOs.PatientDto'.
2025-12-03 17:36:07.844 +01:00 [INF] Executed action HomeCareApp.Controllers.PatientController.GetPatientByUserId (api) in 6.6982ms
2025-12-03 17:36:07.844 +01:00 [INF] Executed endpoint 'HomeCareApp.Controllers.PatientController.GetPatientByUserId (api)'
2025-12-03 17:36:07.844 +01:00 [INF] Request finished HTTP/1.1 GET http://localhost:5090/api/patient/user/3e07cffa-0932-44eb-a818-3c42976e81f7 - 200 216 application/json; charset=utf-8 8.2032ms
2025-12-03 17:36:16.723 +01:00 [INF] Request starting HTTP/1.1 OPTIONS http://localhost:5090/api/Notification/unread-count - null null
2025-12-03 17:36:16.724 +01:00 [INF] Request starting HTTP/1.1 OPTIONS http://localhost:5090/api/Notification/unread-count - null null
2025-12-03 17:36:16.724 +01:00 [INF] CORS policy execution successful.
2025-12-03 17:36:16.724 +01:00 [INF] CORS policy execution successful.
2025-12-03 17:36:16.724 +01:00 [INF] Request finished HTTP/1.1 OPTIONS http://localhost:5090/api/Notification/unread-count - 204 null null 0.6727ms
2025-12-03 17:36:16.724 +01:00 [INF] Request finished HTTP/1.1 OPTIONS http://localhost:5090/api/Notification/unread-count - 204 null null 0.406ms
2025-12-03 17:36:16.725 +01:00 [INF] Request starting HTTP/1.1 OPTIONS http://localhost:5090/api/Notification/unread-count - null null
2025-12-03 17:36:16.725 +01:00 [INF] CORS policy execution successful.
2025-12-03 17:36:16.725 +01:00 [INF] Request finished HTTP/1.1 OPTIONS http://localhost:5090/api/Notification/unread-count - 204 null null 0.1946ms
2025-12-03 17:36:16.727 +01:00 [INF] Request starting HTTP/1.1 GET http://localhost:5090/api/Notification/unread-count - application/json null
2025-12-03 17:36:16.727 +01:00 [INF] CORS policy execution successful.
2025-12-03 17:36:16.728 +01:00 [INF] Executing endpoint 'HomeCareApp.Controllers.NotificationController.GetUnreadCount (api)'
2025-12-03 17:36:16.728 +01:00 [INF] Route matched with {action = "GetUnreadCount", controller = "Notification"}. Executing controller action with signature System.Threading.Tasks.Task`1[Microsoft.AspNetCore.Mvc.ActionResult`1[System.Int32]] GetUnreadCount() on controller HomeCareApp.Controllers.NotificationController (api).
2025-12-03 17:36:16.729 +01:00 [INF] [NotificationController] Getting unread count for UserId: 3e07cffa-0932-44eb-a818-3c42976e81f7
2025-12-03 17:36:16.729 +01:00 [INF] [NotificationRepository] GetUnreadCountAsync(3e07cffa-0932-44eb-a818-3c42976e81f7) - Getting unread count for user
2025-12-03 17:36:16.732 +01:00 [INF] [NotificationRepository] GetUnreadCountAsync(3e07cffa-0932-44eb-a818-3c42976e81f7) - User has 0 unread notifications
2025-12-03 17:36:16.732 +01:00 [INF] [NotificationController] Found 0 unread notifications for UserId: 3e07cffa-0932-44eb-a818-3c42976e81f7
2025-12-03 17:36:16.732 +01:00 [INF] Executing OkObjectResult, writing value of type 'System.Int32'.
2025-12-03 17:36:16.732 +01:00 [INF] Executed action HomeCareApp.Controllers.NotificationController.GetUnreadCount (api) in 4.0095ms
2025-12-03 17:36:16.732 +01:00 [INF] Executed endpoint 'HomeCareApp.Controllers.NotificationController.GetUnreadCount (api)'
2025-12-03 17:36:16.733 +01:00 [INF] Request finished HTTP/1.1 GET http://localhost:5090/api/Notification/unread-count - 200 1 application/json; charset=utf-8 5.4263ms
2025-12-03 17:36:16.734 +01:00 [INF] Request starting HTTP/1.1 GET http://localhost:5090/api/Notification/unread-count - application/json null
2025-12-03 17:36:16.734 +01:00 [INF] CORS policy execution successful.
2025-12-03 17:36:16.735 +01:00 [INF] Executing endpoint 'HomeCareApp.Controllers.NotificationController.GetUnreadCount (api)'
2025-12-03 17:36:16.735 +01:00 [INF] Route matched with {action = "GetUnreadCount", controller = "Notification"}. Executing controller action with signature System.Threading.Tasks.Task`1[Microsoft.AspNetCore.Mvc.ActionResult`1[System.Int32]] GetUnreadCount() on controller HomeCareApp.Controllers.NotificationController (api).
2025-12-03 17:36:16.735 +01:00 [INF] [NotificationController] Getting unread count for UserId: 3e07cffa-0932-44eb-a818-3c42976e81f7
2025-12-03 17:36:16.735 +01:00 [INF] [NotificationRepository] GetUnreadCountAsync(3e07cffa-0932-44eb-a818-3c42976e81f7) - Getting unread count for user
2025-12-03 17:36:16.737 +01:00 [INF] [NotificationRepository] GetUnreadCountAsync(3e07cffa-0932-44eb-a818-3c42976e81f7) - User has 0 unread notifications
2025-12-03 17:36:16.737 +01:00 [INF] [NotificationController] Found 0 unread notifications for UserId: 3e07cffa-0932-44eb-a818-3c42976e81f7
2025-12-03 17:36:16.737 +01:00 [INF] Executing OkObjectResult, writing value of type 'System.Int32'.
2025-12-03 17:36:16.738 +01:00 [INF] Executed action HomeCareApp.Controllers.NotificationController.GetUnreadCount (api) in 2.9419ms
2025-12-03 17:36:16.738 +01:00 [INF] Executed endpoint 'HomeCareApp.Controllers.NotificationController.GetUnreadCount (api)'
2025-12-03 17:36:16.738 +01:00 [INF] Request finished HTTP/1.1 GET http://localhost:5090/api/Notification/unread-count - 200 1 application/json; charset=utf-8 4.409ms
2025-12-03 17:36:16.739 +01:00 [INF] Request starting HTTP/1.1 GET http://localhost:5090/api/Notification/unread-count - application/json null
2025-12-03 17:36:16.739 +01:00 [INF] CORS policy execution successful.
2025-12-03 17:36:16.739 +01:00 [INF] Executing endpoint 'HomeCareApp.Controllers.NotificationController.GetUnreadCount (api)'
2025-12-03 17:36:16.739 +01:00 [INF] Route matched with {action = "GetUnreadCount", controller = "Notification"}. Executing controller action with signature System.Threading.Tasks.Task`1[Microsoft.AspNetCore.Mvc.ActionResult`1[System.Int32]] GetUnreadCount() on controller HomeCareApp.Controllers.NotificationController (api).
2025-12-03 17:36:16.740 +01:00 [INF] [NotificationController] Getting unread count for UserId: 3e07cffa-0932-44eb-a818-3c42976e81f7
2025-12-03 17:36:16.740 +01:00 [INF] [NotificationRepository] GetUnreadCountAsync(3e07cffa-0932-44eb-a818-3c42976e81f7) - Getting unread count for user
2025-12-03 17:36:16.742 +01:00 [INF] [NotificationRepository] GetUnreadCountAsync(3e07cffa-0932-44eb-a818-3c42976e81f7) - User has 0 unread notifications
2025-12-03 17:36:16.742 +01:00 [INF] [NotificationController] Found 0 unread notifications for UserId: 3e07cffa-0932-44eb-a818-3c42976e81f7
2025-12-03 17:36:16.742 +01:00 [INF] Executing OkObjectResult, writing value of type 'System.Int32'.
2025-12-03 17:36:16.743 +01:00 [INF] Executed action HomeCareApp.Controllers.NotificationController.GetUnreadCount (api) in 3.3445ms
2025-12-03 17:36:16.743 +01:00 [INF] Executed endpoint 'HomeCareApp.Controllers.NotificationController.GetUnreadCount (api)'
2025-12-03 17:36:16.743 +01:00 [INF] Request finished HTTP/1.1 GET http://localhost:5090/api/Notification/unread-count - 200 1 application/json; charset=utf-8 4.2667ms
2025-12-03 17:36:25.717 +01:00 [INF] Request starting HTTP/1.1 OPTIONS http://localhost:5090/api/Notification/unread-count - null null
2025-12-03 17:36:25.717 +01:00 [INF] CORS policy execution successful.
2025-12-03 17:36:25.717 +01:00 [INF] Request finished HTTP/1.1 OPTIONS http://localhost:5090/api/Notification/unread-count - 204 null null 0.3755ms
2025-12-03 17:36:25.720 +01:00 [INF] Request starting HTTP/1.1 GET http://localhost:5090/api/Notification/unread-count - application/json null
2025-12-03 17:36:25.720 +01:00 [INF] CORS policy execution successful.
2025-12-03 17:36:25.720 +01:00 [INF] Executing endpoint 'HomeCareApp.Controllers.NotificationController.GetUnreadCount (api)'
2025-12-03 17:36:25.720 +01:00 [INF] Route matched with {action = "GetUnreadCount", controller = "Notification"}. Executing controller action with signature System.Threading.Tasks.Task`1[Microsoft.AspNetCore.Mvc.ActionResult`1[System.Int32]] GetUnreadCount() on controller HomeCareApp.Controllers.NotificationController (api).
2025-12-03 17:36:25.720 +01:00 [INF] [NotificationController] Getting unread count for UserId: 3e07cffa-0932-44eb-a818-3c42976e81f7
2025-12-03 17:36:25.720 +01:00 [INF] [NotificationRepository] GetUnreadCountAsync(3e07cffa-0932-44eb-a818-3c42976e81f7) - Getting unread count for user
2025-12-03 17:36:25.722 +01:00 [INF] [NotificationRepository] GetUnreadCountAsync(3e07cffa-0932-44eb-a818-3c42976e81f7) - User has 0 unread notifications
2025-12-03 17:36:25.722 +01:00 [INF] [NotificationController] Found 0 unread notifications for UserId: 3e07cffa-0932-44eb-a818-3c42976e81f7
2025-12-03 17:36:25.722 +01:00 [INF] Executing OkObjectResult, writing value of type 'System.Int32'.
2025-12-03 17:36:25.722 +01:00 [INF] Executed action HomeCareApp.Controllers.NotificationController.GetUnreadCount (api) in 1.6234ms
2025-12-03 17:36:25.722 +01:00 [INF] Executed endpoint 'HomeCareApp.Controllers.NotificationController.GetUnreadCount (api)'
2025-12-03 17:36:25.722 +01:00 [INF] Request finished HTTP/1.1 GET http://localhost:5090/api/Notification/unread-count - 200 1 application/json; charset=utf-8 2.5029ms
2025-12-03 17:36:55.217 +01:00 [INF] Request starting HTTP/1.1 OPTIONS http://localhost:5090/api/Notification/unread-count - null null
2025-12-03 17:36:55.217 +01:00 [INF] CORS policy execution successful.
2025-12-03 17:36:55.217 +01:00 [INF] Request finished HTTP/1.1 OPTIONS http://localhost:5090/api/Notification/unread-count - 204 null null 0.3675ms
2025-12-03 17:36:55.220 +01:00 [INF] Request starting HTTP/1.1 GET http://localhost:5090/api/Notification/unread-count - application/json null
2025-12-03 17:36:55.220 +01:00 [INF] CORS policy execution successful.
2025-12-03 17:36:55.221 +01:00 [INF] Executing endpoint 'HomeCareApp.Controllers.NotificationController.GetUnreadCount (api)'
2025-12-03 17:36:55.222 +01:00 [INF] Route matched with {action = "GetUnreadCount", controller = "Notification"}. Executing controller action with signature System.Threading.Tasks.Task`1[Microsoft.AspNetCore.Mvc.ActionResult`1[System.Int32]] GetUnreadCount() on controller HomeCareApp.Controllers.NotificationController (api).
2025-12-03 17:36:55.222 +01:00 [INF] [NotificationController] Getting unread count for UserId: 3e07cffa-0932-44eb-a818-3c42976e81f7
2025-12-03 17:36:55.222 +01:00 [INF] [NotificationRepository] GetUnreadCountAsync(3e07cffa-0932-44eb-a818-3c42976e81f7) - Getting unread count for user
2025-12-03 17:36:55.225 +01:00 [INF] [NotificationRepository] GetUnreadCountAsync(3e07cffa-0932-44eb-a818-3c42976e81f7) - User has 0 unread notifications
2025-12-03 17:36:55.225 +01:00 [INF] [NotificationController] Found 0 unread notifications for UserId: 3e07cffa-0932-44eb-a818-3c42976e81f7
2025-12-03 17:36:55.225 +01:00 [INF] Executing OkObjectResult, writing value of type 'System.Int32'.
2025-12-03 17:36:55.225 +01:00 [INF] Executed action HomeCareApp.Controllers.NotificationController.GetUnreadCount (api) in 3.8034ms
2025-12-03 17:36:55.226 +01:00 [INF] Executed endpoint 'HomeCareApp.Controllers.NotificationController.GetUnreadCount (api)'
2025-12-03 17:36:55.226 +01:00 [INF] Request finished HTTP/1.1 GET http://localhost:5090/api/Notification/unread-count - 200 1 application/json; charset=utf-8 5.8066ms
2025-12-03 17:36:57.323 +01:00 [INF] Request starting HTTP/1.1 OPTIONS http://localhost:5090/api/patient/1 - null null
2025-12-03 17:36:57.324 +01:00 [INF] CORS policy execution successful.
2025-12-03 17:36:57.324 +01:00 [INF] Request finished HTTP/1.1 OPTIONS http://localhost:5090/api/patient/1 - 204 null null 0.2351ms
2025-12-03 17:36:57.325 +01:00 [INF] Request starting HTTP/1.1 PUT http://localhost:5090/api/patient/1 - application/json 219
2025-12-03 17:36:57.325 +01:00 [INF] CORS policy execution successful.
2025-12-03 17:36:57.326 +01:00 [INF] Executing endpoint 'HomeCareApp.Controllers.PatientController.Update (api)'
2025-12-03 17:36:57.326 +01:00 [INF] Route matched with {action = "Update", controller = "Patient"}. Executing controller action with signature System.Threading.Tasks.Task`1[Microsoft.AspNetCore.Mvc.IActionResult] Update(Int32, HomeCareApp.DTOs.PatientDto) on controller HomeCareApp.Controllers.PatientController (api).
2025-12-03 17:36:57.326 +01:00 [INF] Executing BadRequestObjectResult, writing value of type 'System.String'.
2025-12-03 17:36:57.327 +01:00 [INF] Executed action HomeCareApp.Controllers.PatientController.Update (api) in 0.9203ms
2025-12-03 17:36:57.327 +01:00 [INF] Executed endpoint 'HomeCareApp.Controllers.PatientController.Update (api)'
2025-12-03 17:36:57.327 +01:00 [INF] Request finished HTTP/1.1 PUT http://localhost:5090/api/patient/1 - 400 null text/plain; charset=utf-8 1.7195ms
2025-12-03 17:37:05.711 +01:00 [INF] Request starting HTTP/1.1 OPTIONS http://localhost:5090/api/Notification/unread-count - null null
2025-12-03 17:37:05.711 +01:00 [INF] CORS policy execution successful.
2025-12-03 17:37:05.711 +01:00 [INF] Request finished HTTP/1.1 OPTIONS http://localhost:5090/api/Notification/unread-count - 204 null null 0.4201ms
2025-12-03 17:37:05.714 +01:00 [INF] Request starting HTTP/1.1 GET http://localhost:5090/api/Notification/unread-count - application/json null
2025-12-03 17:37:05.715 +01:00 [INF] CORS policy execution successful.
2025-12-03 17:37:05.715 +01:00 [INF] Executing endpoint 'HomeCareApp.Controllers.NotificationController.GetUnreadCount (api)'
2025-12-03 17:37:05.716 +01:00 [INF] Route matched with {action = "GetUnreadCount", controller = "Notification"}. Executing controller action with signature System.Threading.Tasks.Task`1[Microsoft.AspNetCore.Mvc.ActionResult`1[System.Int32]] GetUnreadCount() on controller HomeCareApp.Controllers.NotificationController (api).
2025-12-03 17:37:05.716 +01:00 [INF] [NotificationController] Getting unread count for UserId: 3e07cffa-0932-44eb-a818-3c42976e81f7
2025-12-03 17:37:05.716 +01:00 [INF] [NotificationRepository] GetUnreadCountAsync(3e07cffa-0932-44eb-a818-3c42976e81f7) - Getting unread count for user
2025-12-03 17:37:05.719 +01:00 [INF] [NotificationRepository] GetUnreadCountAsync(3e07cffa-0932-44eb-a818-3c42976e81f7) - User has 0 unread notifications
2025-12-03 17:37:05.719 +01:00 [INF] [NotificationController] Found 0 unread notifications for UserId: 3e07cffa-0932-44eb-a818-3c42976e81f7
2025-12-03 17:37:05.719 +01:00 [INF] Executing OkObjectResult, writing value of type 'System.Int32'.
2025-12-03 17:37:05.719 +01:00 [INF] Executed action HomeCareApp.Controllers.NotificationController.GetUnreadCount (api) in 3.3693ms
2025-12-03 17:37:05.719 +01:00 [INF] Executed endpoint 'HomeCareApp.Controllers.NotificationController.GetUnreadCount (api)'
2025-12-03 17:37:05.720 +01:00 [INF] Request finished HTTP/1.1 GET http://localhost:5090/api/Notification/unread-count - 200 1 application/json; charset=utf-8 5.2657ms
2025-12-03 17:37:16.721 +01:00 [INF] Request starting HTTP/1.1 OPTIONS http://localhost:5090/api/Notification/unread-count - null null
2025-12-03 17:37:16.722 +01:00 [INF] CORS policy execution successful.
2025-12-03 17:37:16.722 +01:00 [INF] Request finished HTTP/1.1 OPTIONS http://localhost:5090/api/Notification/unread-count - 204 null null 0.2926ms
2025-12-03 17:37:16.722 +01:00 [INF] Request starting HTTP/1.1 OPTIONS http://localhost:5090/api/Notification/unread-count - null null
2025-12-03 17:37:16.722 +01:00 [INF] CORS policy execution successful.
2025-12-03 17:37:16.722 +01:00 [INF] Request finished HTTP/1.1 OPTIONS http://localhost:5090/api/Notification/unread-count - 204 null null 0.2276ms
2025-12-03 17:37:16.722 +01:00 [INF] Request starting HTTP/1.1 OPTIONS http://localhost:5090/api/Notification/unread-count - null null
2025-12-03 17:37:16.722 +01:00 [INF] CORS policy execution successful.
2025-12-03 17:37:16.723 +01:00 [INF] Request finished HTTP/1.1 OPTIONS http://localhost:5090/api/Notification/unread-count - 204 null null 0.1672ms
2025-12-03 17:37:16.724 +01:00 [INF] Request starting HTTP/1.1 GET http://localhost:5090/api/Notification/unread-count - application/json null
2025-12-03 17:37:16.724 +01:00 [INF] CORS policy execution successful.
2025-12-03 17:37:16.724 +01:00 [INF] Executing endpoint 'HomeCareApp.Controllers.NotificationController.GetUnreadCount (api)'
2025-12-03 17:37:16.725 +01:00 [INF] Route matched with {action = "GetUnreadCount", controller = "Notification"}. Executing controller action with signature System.Threading.Tasks.Task`1[Microsoft.AspNetCore.Mvc.ActionResult`1[System.Int32]] GetUnreadCount() on controller HomeCareApp.Controllers.NotificationController (api).
2025-12-03 17:37:16.725 +01:00 [INF] [NotificationController] Getting unread count for UserId: 3e07cffa-0932-44eb-a818-3c42976e81f7
2025-12-03 17:37:16.725 +01:00 [INF] [NotificationRepository] GetUnreadCountAsync(3e07cffa-0932-44eb-a818-3c42976e81f7) - Getting unread count for user
2025-12-03 17:37:16.727 +01:00 [INF] [NotificationRepository] GetUnreadCountAsync(3e07cffa-0932-44eb-a818-3c42976e81f7) - User has 0 unread notifications
2025-12-03 17:37:16.727 +01:00 [INF] [NotificationController] Found 0 unread notifications for UserId: 3e07cffa-0932-44eb-a818-3c42976e81f7
2025-12-03 17:37:16.727 +01:00 [INF] Executing OkObjectResult, writing value of type 'System.Int32'.
2025-12-03 17:37:16.727 +01:00 [INF] Executed action HomeCareApp.Controllers.NotificationController.GetUnreadCount (api) in 2.7548ms
2025-12-03 17:37:16.728 +01:00 [INF] Executed endpoint 'HomeCareApp.Controllers.NotificationController.GetUnreadCount (api)'
2025-12-03 17:37:16.728 +01:00 [INF] Request finished HTTP/1.1 GET http://localhost:5090/api/Notification/unread-count - 200 1 application/json; charset=utf-8 3.8723ms
2025-12-03 17:37:16.729 +01:00 [INF] Request starting HTTP/1.1 GET http://localhost:5090/api/Notification/unread-count - application/json null
2025-12-03 17:37:16.729 +01:00 [INF] CORS policy execution successful.
2025-12-03 17:37:16.729 +01:00 [INF] Executing endpoint 'HomeCareApp.Controllers.NotificationController.GetUnreadCount (api)'
2025-12-03 17:37:16.730 +01:00 [INF] Route matched with {action = "GetUnreadCount", controller = "Notification"}. Executing controller action with signature System.Threading.Tasks.Task`1[Microsoft.AspNetCore.Mvc.ActionResult`1[System.Int32]] GetUnreadCount() on controller HomeCareApp.Controllers.NotificationController (api).
2025-12-03 17:37:16.730 +01:00 [INF] [NotificationController] Getting unread count for UserId: 3e07cffa-0932-44eb-a818-3c42976e81f7
2025-12-03 17:37:16.730 +01:00 [INF] [NotificationRepository] GetUnreadCountAsync(3e07cffa-0932-44eb-a818-3c42976e81f7) - Getting unread count for user
2025-12-03 17:37:16.732 +01:00 [INF] [NotificationRepository] GetUnreadCountAsync(3e07cffa-0932-44eb-a818-3c42976e81f7) - User has 0 unread notifications
2025-12-03 17:37:16.733 +01:00 [INF] [NotificationController] Found 0 unread notifications for UserId: 3e07cffa-0932-44eb-a818-3c42976e81f7
2025-12-03 17:37:16.733 +01:00 [INF] Executing OkObjectResult, writing value of type 'System.Int32'.
2025-12-03 17:37:16.733 +01:00 [INF] Executed action HomeCareApp.Controllers.NotificationController.GetUnreadCount (api) in 3.474ms
2025-12-03 17:37:16.733 +01:00 [INF] Executed endpoint 'HomeCareApp.Controllers.NotificationController.GetUnreadCount (api)'
2025-12-03 17:37:16.734 +01:00 [INF] Request finished HTTP/1.1 GET http://localhost:5090/api/Notification/unread-count - 200 1 application/json; charset=utf-8 4.8568ms
2025-12-03 17:37:16.735 +01:00 [INF] Request starting HTTP/1.1 GET http://localhost:5090/api/Notification/unread-count - application/json null
2025-12-03 17:37:16.735 +01:00 [INF] CORS policy execution successful.
2025-12-03 17:37:16.735 +01:00 [INF] Executing endpoint 'HomeCareApp.Controllers.NotificationController.GetUnreadCount (api)'
2025-12-03 17:37:16.736 +01:00 [INF] Route matched with {action = "GetUnreadCount", controller = "Notification"}. Executing controller action with signature System.Threading.Tasks.Task`1[Microsoft.AspNetCore.Mvc.ActionResult`1[System.Int32]] GetUnreadCount() on controller HomeCareApp.Controllers.NotificationController (api).
2025-12-03 17:37:16.736 +01:00 [INF] [NotificationController] Getting unread count for UserId: 3e07cffa-0932-44eb-a818-3c42976e81f7
2025-12-03 17:37:16.736 +01:00 [INF] [NotificationRepository] GetUnreadCountAsync(3e07cffa-0932-44eb-a818-3c42976e81f7) - Getting unread count for user
2025-12-03 17:37:16.738 +01:00 [INF] [NotificationRepository] GetUnreadCountAsync(3e07cffa-0932-44eb-a818-3c42976e81f7) - User has 0 unread notifications
2025-12-03 17:37:16.738 +01:00 [INF] [NotificationController] Found 0 unread notifications for UserId: 3e07cffa-0932-44eb-a818-3c42976e81f7
2025-12-03 17:37:16.739 +01:00 [INF] Executing OkObjectResult, writing value of type 'System.Int32'.
2025-12-03 17:37:16.739 +01:00 [INF] Executed action HomeCareApp.Controllers.NotificationController.GetUnreadCount (api) in 2.9766ms
2025-12-03 17:37:16.739 +01:00 [INF] Executed endpoint 'HomeCareApp.Controllers.NotificationController.GetUnreadCount (api)'
2025-12-03 17:37:16.739 +01:00 [INF] Request finished HTTP/1.1 GET http://localhost:5090/api/Notification/unread-count - 200 1 application/json; charset=utf-8 4.0854ms
2025-12-03 17:37:25.223 +01:00 [INF] Request starting HTTP/1.1 OPTIONS http://localhost:5090/api/Notification/unread-count - null null
2025-12-03 17:37:25.224 +01:00 [INF] CORS policy execution successful.
2025-12-03 17:37:25.224 +01:00 [INF] Request finished HTTP/1.1 OPTIONS http://localhost:5090/api/Notification/unread-count - 204 null null 0.3093ms
2025-12-03 17:37:25.231 +01:00 [INF] Request starting HTTP/1.1 GET http://localhost:5090/api/Notification/unread-count - application/json null
2025-12-03 17:37:25.231 +01:00 [INF] CORS policy execution successful.
2025-12-03 17:37:25.231 +01:00 [INF] Executing endpoint 'HomeCareApp.Controllers.NotificationController.GetUnreadCount (api)'
2025-12-03 17:37:25.231 +01:00 [INF] Route matched with {action = "GetUnreadCount", controller = "Notification"}. Executing controller action with signature System.Threading.Tasks.Task`1[Microsoft.AspNetCore.Mvc.ActionResult`1[System.Int32]] GetUnreadCount() on controller HomeCareApp.Controllers.NotificationController (api).
2025-12-03 17:37:25.231 +01:00 [INF] [NotificationController] Getting unread count for UserId: 3e07cffa-0932-44eb-a818-3c42976e81f7
2025-12-03 17:37:25.231 +01:00 [INF] [NotificationRepository] GetUnreadCountAsync(3e07cffa-0932-44eb-a818-3c42976e81f7) - Getting unread count for user
2025-12-03 17:37:25.232 +01:00 [INF] [NotificationRepository] GetUnreadCountAsync(3e07cffa-0932-44eb-a818-3c42976e81f7) - User has 0 unread notifications
2025-12-03 17:37:25.232 +01:00 [INF] [NotificationController] Found 0 unread notifications for UserId: 3e07cffa-0932-44eb-a818-3c42976e81f7
2025-12-03 17:37:25.232 +01:00 [INF] Executing OkObjectResult, writing value of type 'System.Int32'.
2025-12-03 17:37:25.233 +01:00 [INF] Executed action HomeCareApp.Controllers.NotificationController.GetUnreadCount (api) in 1.5132ms
2025-12-03 17:37:25.233 +01:00 [INF] Executed endpoint 'HomeCareApp.Controllers.NotificationController.GetUnreadCount (api)'
2025-12-03 17:37:25.233 +01:00 [INF] Request finished HTTP/1.1 GET http://localhost:5090/api/Notification/unread-count - 200 1 application/json; charset=utf-8 2.1174ms
2025-12-03 17:37:55.722 +01:00 [INF] Request starting HTTP/1.1 OPTIONS http://localhost:5090/api/Notification/unread-count - null null
2025-12-03 17:37:55.722 +01:00 [INF] CORS policy execution successful.
2025-12-03 17:37:55.722 +01:00 [INF] Request finished HTTP/1.1 OPTIONS http://localhost:5090/api/Notification/unread-count - 204 null null 0.334ms
2025-12-03 17:37:55.724 +01:00 [INF] Request starting HTTP/1.1 GET http://localhost:5090/api/Notification/unread-count - application/json null
2025-12-03 17:37:55.724 +01:00 [INF] CORS policy execution successful.
2025-12-03 17:37:55.724 +01:00 [INF] Executing endpoint 'HomeCareApp.Controllers.NotificationController.GetUnreadCount (api)'
2025-12-03 17:37:55.725 +01:00 [INF] Route matched with {action = "GetUnreadCount", controller = "Notification"}. Executing controller action with signature System.Threading.Tasks.Task`1[Microsoft.AspNetCore.Mvc.ActionResult`1[System.Int32]] GetUnreadCount() on controller HomeCareApp.Controllers.NotificationController (api).
2025-12-03 17:37:55.725 +01:00 [INF] [NotificationController] Getting unread count for UserId: 3e07cffa-0932-44eb-a818-3c42976e81f7
2025-12-03 17:37:55.725 +01:00 [INF] [NotificationRepository] GetUnreadCountAsync(3e07cffa-0932-44eb-a818-3c42976e81f7) - Getting unread count for user
2025-12-03 17:37:55.727 +01:00 [INF] [NotificationRepository] GetUnreadCountAsync(3e07cffa-0932-44eb-a818-3c42976e81f7) - User has 0 unread notifications
2025-12-03 17:37:55.727 +01:00 [INF] [NotificationController] Found 0 unread notifications for UserId: 3e07cffa-0932-44eb-a818-3c42976e81f7
2025-12-03 17:37:55.727 +01:00 [INF] Executing OkObjectResult, writing value of type 'System.Int32'.
2025-12-03 17:37:55.727 +01:00 [INF] Executed action HomeCareApp.Controllers.NotificationController.GetUnreadCount (api) in 2.4701ms
2025-12-03 17:37:55.727 +01:00 [INF] Executed endpoint 'HomeCareApp.Controllers.NotificationController.GetUnreadCount (api)'
2025-12-03 17:37:55.728 +01:00 [INF] Request finished HTTP/1.1 GET http://localhost:5090/api/Notification/unread-count - 200 1 application/json; charset=utf-8 3.4728ms
2025-12-03 17:38:06.720 +01:00 [INF] Request starting HTTP/1.1 OPTIONS http://localhost:5090/api/Notification/unread-count - null null
2025-12-03 17:38:06.721 +01:00 [INF] CORS policy execution successful.
2025-12-03 17:38:06.721 +01:00 [INF] Request finished HTTP/1.1 OPTIONS http://localhost:5090/api/Notification/unread-count - 204 null null 0.4016ms
2025-12-03 17:38:06.723 +01:00 [INF] Request starting HTTP/1.1 GET http://localhost:5090/api/Notification/unread-count - application/json null
2025-12-03 17:38:06.723 +01:00 [INF] CORS policy execution successful.
2025-12-03 17:38:06.724 +01:00 [INF] Executing endpoint 'HomeCareApp.Controllers.NotificationController.GetUnreadCount (api)'
2025-12-03 17:38:06.724 +01:00 [INF] Route matched with {action = "GetUnreadCount", controller = "Notification"}. Executing controller action with signature System.Threading.Tasks.Task`1[Microsoft.AspNetCore.Mvc.ActionResult`1[System.Int32]] GetUnreadCount() on controller HomeCareApp.Controllers.NotificationController (api).
2025-12-03 17:38:06.724 +01:00 [INF] [NotificationController] Getting unread count for UserId: 3e07cffa-0932-44eb-a818-3c42976e81f7
2025-12-03 17:38:06.725 +01:00 [INF] [NotificationRepository] GetUnreadCountAsync(3e07cffa-0932-44eb-a818-3c42976e81f7) - Getting unread count for user
2025-12-03 17:38:06.725 +01:00 [INF] [NotificationRepository] GetUnreadCountAsync(3e07cffa-0932-44eb-a818-3c42976e81f7) - User has 0 unread notifications
2025-12-03 17:38:06.725 +01:00 [INF] [NotificationController] Found 0 unread notifications for UserId: 3e07cffa-0932-44eb-a818-3c42976e81f7
2025-12-03 17:38:06.725 +01:00 [INF] Executing OkObjectResult, writing value of type 'System.Int32'.
2025-12-03 17:38:06.726 +01:00 [INF] Executed action HomeCareApp.Controllers.NotificationController.GetUnreadCount (api) in 1.7045ms
2025-12-03 17:38:06.726 +01:00 [INF] Executed endpoint 'HomeCareApp.Controllers.NotificationController.GetUnreadCount (api)'
2025-12-03 17:38:06.726 +01:00 [INF] Request finished HTTP/1.1 GET http://localhost:5090/api/Notification/unread-count - 200 1 application/json; charset=utf-8 3.0342ms
2025-12-03 17:38:16.711 +01:00 [INF] Request starting HTTP/1.1 OPTIONS http://localhost:5090/api/Notification/unread-count - null null
2025-12-03 17:38:16.712 +01:00 [INF] CORS policy execution successful.
2025-12-03 17:38:16.712 +01:00 [INF] Request starting HTTP/1.1 OPTIONS http://localhost:5090/api/Notification/unread-count - null null
2025-12-03 17:38:16.712 +01:00 [INF] CORS policy execution successful.
2025-12-03 17:38:16.712 +01:00 [INF] Request finished HTTP/1.1 OPTIONS http://localhost:5090/api/Notification/unread-count - 204 null null 0.5053ms
2025-12-03 17:38:16.712 +01:00 [INF] Request finished HTTP/1.1 OPTIONS http://localhost:5090/api/Notification/unread-count - 204 null null 0.198ms
2025-12-03 17:38:16.712 +01:00 [INF] Request starting HTTP/1.1 OPTIONS http://localhost:5090/api/Notification/unread-count - null null
2025-12-03 17:38:16.712 +01:00 [INF] CORS policy execution successful.
2025-12-03 17:38:16.712 +01:00 [INF] Request finished HTTP/1.1 OPTIONS http://localhost:5090/api/Notification/unread-count - 204 null null 0.1498ms
2025-12-03 17:38:16.714 +01:00 [INF] Request starting HTTP/1.1 GET http://localhost:5090/api/Notification/unread-count - application/json null
2025-12-03 17:38:16.714 +01:00 [INF] CORS policy execution successful.
2025-12-03 17:38:16.715 +01:00 [INF] Executing endpoint 'HomeCareApp.Controllers.NotificationController.GetUnreadCount (api)'
2025-12-03 17:38:16.715 +01:00 [INF] Route matched with {action = "GetUnreadCount", controller = "Notification"}. Executing controller action with signature System.Threading.Tasks.Task`1[Microsoft.AspNetCore.Mvc.ActionResult`1[System.Int32]] GetUnreadCount() on controller HomeCareApp.Controllers.NotificationController (api).
2025-12-03 17:38:16.715 +01:00 [INF] [NotificationController] Getting unread count for UserId: 3e07cffa-0932-44eb-a818-3c42976e81f7
2025-12-03 17:38:16.715 +01:00 [INF] [NotificationRepository] GetUnreadCountAsync(3e07cffa-0932-44eb-a818-3c42976e81f7) - Getting unread count for user
2025-12-03 17:38:16.717 +01:00 [INF] [NotificationRepository] GetUnreadCountAsync(3e07cffa-0932-44eb-a818-3c42976e81f7) - User has 0 unread notifications
2025-12-03 17:38:16.718 +01:00 [INF] [NotificationController] Found 0 unread notifications for UserId: 3e07cffa-0932-44eb-a818-3c42976e81f7
2025-12-03 17:38:16.718 +01:00 [INF] Executing OkObjectResult, writing value of type 'System.Int32'.
2025-12-03 17:38:16.718 +01:00 [INF] Executed action HomeCareApp.Controllers.NotificationController.GetUnreadCount (api) in 3.1101ms
2025-12-03 17:38:16.718 +01:00 [INF] Executed endpoint 'HomeCareApp.Controllers.NotificationController.GetUnreadCount (api)'
2025-12-03 17:38:16.718 +01:00 [INF] Request finished HTTP/1.1 GET http://localhost:5090/api/Notification/unread-count - 200 1 application/json; charset=utf-8 4.4945ms
2025-12-03 17:38:16.719 +01:00 [INF] Request starting HTTP/1.1 GET http://localhost:5090/api/Notification/unread-count - application/json null
2025-12-03 17:38:16.719 +01:00 [INF] CORS policy execution successful.
2025-12-03 17:38:16.720 +01:00 [INF] Executing endpoint 'HomeCareApp.Controllers.NotificationController.GetUnreadCount (api)'
2025-12-03 17:38:16.720 +01:00 [INF] Route matched with {action = "GetUnreadCount", controller = "Notification"}. Executing controller action with signature System.Threading.Tasks.Task`1[Microsoft.AspNetCore.Mvc.ActionResult`1[System.Int32]] GetUnreadCount() on controller HomeCareApp.Controllers.NotificationController (api).
2025-12-03 17:38:16.720 +01:00 [INF] [NotificationController] Getting unread count for UserId: 3e07cffa-0932-44eb-a818-3c42976e81f7
2025-12-03 17:38:16.720 +01:00 [INF] [NotificationRepository] GetUnreadCountAsync(3e07cffa-0932-44eb-a818-3c42976e81f7) - Getting unread count for user
2025-12-03 17:38:16.722 +01:00 [INF] [NotificationRepository] GetUnreadCountAsync(3e07cffa-0932-44eb-a818-3c42976e81f7) - User has 0 unread notifications
2025-12-03 17:38:16.722 +01:00 [INF] [NotificationController] Found 0 unread notifications for UserId: 3e07cffa-0932-44eb-a818-3c42976e81f7
2025-12-03 17:38:16.722 +01:00 [INF] Executing OkObjectResult, writing value of type 'System.Int32'.
2025-12-03 17:38:16.722 +01:00 [INF] Executed action HomeCareApp.Controllers.NotificationController.GetUnreadCount (api) in 2.5815ms
2025-12-03 17:38:16.723 +01:00 [INF] Executed endpoint 'HomeCareApp.Controllers.NotificationController.GetUnreadCount (api)'
2025-12-03 17:38:16.723 +01:00 [INF] Request finished HTTP/1.1 GET http://localhost:5090/api/Notification/unread-count - 200 1 application/json; charset=utf-8 3.3163ms
2025-12-03 17:38:16.723 +01:00 [INF] Request starting HTTP/1.1 GET http://localhost:5090/api/Notification/unread-count - application/json null
2025-12-03 17:38:16.723 +01:00 [INF] CORS policy execution successful.
2025-12-03 17:38:16.724 +01:00 [INF] Executing endpoint 'HomeCareApp.Controllers.NotificationController.GetUnreadCount (api)'
2025-12-03 17:38:16.724 +01:00 [INF] Route matched with {action = "GetUnreadCount", controller = "Notification"}. Executing controller action with signature System.Threading.Tasks.Task`1[Microsoft.AspNetCore.Mvc.ActionResult`1[System.Int32]] GetUnreadCount() on controller HomeCareApp.Controllers.NotificationController (api).
2025-12-03 17:38:16.724 +01:00 [INF] [NotificationController] Getting unread count for UserId: 3e07cffa-0932-44eb-a818-3c42976e81f7
2025-12-03 17:38:16.724 +01:00 [INF] [NotificationRepository] GetUnreadCountAsync(3e07cffa-0932-44eb-a818-3c42976e81f7) - Getting unread count for user
2025-12-03 17:38:16.726 +01:00 [INF] [NotificationRepository] GetUnreadCountAsync(3e07cffa-0932-44eb-a818-3c42976e81f7) - User has 0 unread notifications
2025-12-03 17:38:16.727 +01:00 [INF] [NotificationController] Found 0 unread notifications for UserId: 3e07cffa-0932-44eb-a818-3c42976e81f7
2025-12-03 17:38:16.727 +01:00 [INF] Executing OkObjectResult, writing value of type 'System.Int32'.
2025-12-03 17:38:16.728 +01:00 [INF] Executed action HomeCareApp.Controllers.NotificationController.GetUnreadCount (api) in 3.5064ms
2025-12-03 17:38:16.728 +01:00 [INF] Executed endpoint 'HomeCareApp.Controllers.NotificationController.GetUnreadCount (api)'
2025-12-03 17:38:16.728 +01:00 [INF] Request finished HTTP/1.1 GET http://localhost:5090/api/Notification/unread-count - 200 1 application/json; charset=utf-8 4.5643ms
2025-12-03 17:38:25.708 +01:00 [INF] Request starting HTTP/1.1 OPTIONS http://localhost:5090/api/Notification/unread-count - null null
2025-12-03 17:38:25.708 +01:00 [INF] CORS policy execution successful.
2025-12-03 17:38:25.708 +01:00 [INF] Request finished HTTP/1.1 OPTIONS http://localhost:5090/api/Notification/unread-count - 204 null null 0.1819ms
2025-12-03 17:38:25.710 +01:00 [INF] Request starting HTTP/1.1 GET http://localhost:5090/api/Notification/unread-count - application/json null
2025-12-03 17:38:25.710 +01:00 [INF] CORS policy execution successful.
2025-12-03 17:38:25.711 +01:00 [INF] Executing endpoint 'HomeCareApp.Controllers.NotificationController.GetUnreadCount (api)'
2025-12-03 17:38:25.711 +01:00 [INF] Route matched with {action = "GetUnreadCount", controller = "Notification"}. Executing controller action with signature System.Threading.Tasks.Task`1[Microsoft.AspNetCore.Mvc.ActionResult`1[System.Int32]] GetUnreadCount() on controller HomeCareApp.Controllers.NotificationController (api).
2025-12-03 17:38:25.711 +01:00 [INF] [NotificationController] Getting unread count for UserId: 3e07cffa-0932-44eb-a818-3c42976e81f7
2025-12-03 17:38:25.711 +01:00 [INF] [NotificationRepository] GetUnreadCountAsync(3e07cffa-0932-44eb-a818-3c42976e81f7) - Getting unread count for user
2025-12-03 17:38:25.713 +01:00 [INF] [NotificationRepository] GetUnreadCountAsync(3e07cffa-0932-44eb-a818-3c42976e81f7) - User has 0 unread notifications
2025-12-03 17:38:25.713 +01:00 [INF] [NotificationController] Found 0 unread notifications for UserId: 3e07cffa-0932-44eb-a818-3c42976e81f7
2025-12-03 17:38:25.713 +01:00 [INF] Executing OkObjectResult, writing value of type 'System.Int32'.
2025-12-03 17:38:25.714 +01:00 [INF] Executed action HomeCareApp.Controllers.NotificationController.GetUnreadCount (api) in 2.8367ms
2025-12-03 17:38:25.714 +01:00 [INF] Executed endpoint 'HomeCareApp.Controllers.NotificationController.GetUnreadCount (api)'
2025-12-03 17:38:25.714 +01:00 [INF] Request finished HTTP/1.1 GET http://localhost:5090/api/Notification/unread-count - 200 1 application/json; charset=utf-8 3.6774ms
2025-12-03 17:38:55.707 +01:00 [INF] Request starting HTTP/1.1 OPTIONS http://localhost:5090/api/Notification/unread-count - null null
2025-12-03 17:38:55.708 +01:00 [INF] CORS policy execution successful.
2025-12-03 17:38:55.708 +01:00 [INF] Request finished HTTP/1.1 OPTIONS http://localhost:5090/api/Notification/unread-count - 204 null null 0.3443ms
2025-12-03 17:38:55.710 +01:00 [INF] Request starting HTTP/1.1 GET http://localhost:5090/api/Notification/unread-count - application/json null
2025-12-03 17:38:55.710 +01:00 [INF] CORS policy execution successful.
2025-12-03 17:38:55.710 +01:00 [INF] Executing endpoint 'HomeCareApp.Controllers.NotificationController.GetUnreadCount (api)'
2025-12-03 17:38:55.710 +01:00 [INF] Route matched with {action = "GetUnreadCount", controller = "Notification"}. Executing controller action with signature System.Threading.Tasks.Task`1[Microsoft.AspNetCore.Mvc.ActionResult`1[System.Int32]] GetUnreadCount() on controller HomeCareApp.Controllers.NotificationController (api).
2025-12-03 17:38:55.710 +01:00 [INF] [NotificationController] Getting unread count for UserId: 3e07cffa-0932-44eb-a818-3c42976e81f7
2025-12-03 17:38:55.710 +01:00 [INF] [NotificationRepository] GetUnreadCountAsync(3e07cffa-0932-44eb-a818-3c42976e81f7) - Getting unread count for user
2025-12-03 17:38:55.712 +01:00 [INF] [NotificationRepository] GetUnreadCountAsync(3e07cffa-0932-44eb-a818-3c42976e81f7) - User has 0 unread notifications
2025-12-03 17:38:55.712 +01:00 [INF] [NotificationController] Found 0 unread notifications for UserId: 3e07cffa-0932-44eb-a818-3c42976e81f7
2025-12-03 17:38:55.712 +01:00 [INF] Executing OkObjectResult, writing value of type 'System.Int32'.
2025-12-03 17:38:55.712 +01:00 [INF] Executed action HomeCareApp.Controllers.NotificationController.GetUnreadCount (api) in 1.8609ms
2025-12-03 17:38:55.712 +01:00 [INF] Executed endpoint 'HomeCareApp.Controllers.NotificationController.GetUnreadCount (api)'
2025-12-03 17:38:55.712 +01:00 [INF] Request finished HTTP/1.1 GET http://localhost:5090/api/Notification/unread-count - 200 1 application/json; charset=utf-8 2.6254ms
2025-12-03 17:39:07.719 +01:00 [INF] Request starting HTTP/1.1 OPTIONS http://localhost:5090/api/Notification/unread-count - null null
2025-12-03 17:39:07.719 +01:00 [INF] CORS policy execution successful.
2025-12-03 17:39:07.719 +01:00 [INF] Request finished HTTP/1.1 OPTIONS http://localhost:5090/api/Notification/unread-count - 204 null null 0.4282ms
2025-12-03 17:39:07.721 +01:00 [INF] Request starting HTTP/1.1 GET http://localhost:5090/api/Notification/unread-count - application/json null
2025-12-03 17:39:07.721 +01:00 [INF] CORS policy execution successful.
2025-12-03 17:39:07.722 +01:00 [INF] Executing endpoint 'HomeCareApp.Controllers.NotificationController.GetUnreadCount (api)'
2025-12-03 17:39:07.722 +01:00 [INF] Route matched with {action = "GetUnreadCount", controller = "Notification"}. Executing controller action with signature System.Threading.Tasks.Task`1[Microsoft.AspNetCore.Mvc.ActionResult`1[System.Int32]] GetUnreadCount() on controller HomeCareApp.Controllers.NotificationController (api).
2025-12-03 17:39:07.722 +01:00 [INF] [NotificationController] Getting unread count for UserId: 3e07cffa-0932-44eb-a818-3c42976e81f7
2025-12-03 17:39:07.722 +01:00 [INF] [NotificationRepository] GetUnreadCountAsync(3e07cffa-0932-44eb-a818-3c42976e81f7) - Getting unread count for user
2025-12-03 17:39:07.723 +01:00 [INF] [NotificationRepository] GetUnreadCountAsync(3e07cffa-0932-44eb-a818-3c42976e81f7) - User has 0 unread notifications
2025-12-03 17:39:07.723 +01:00 [INF] [NotificationController] Found 0 unread notifications for UserId: 3e07cffa-0932-44eb-a818-3c42976e81f7
2025-12-03 17:39:07.723 +01:00 [INF] Executing OkObjectResult, writing value of type 'System.Int32'.
2025-12-03 17:39:07.724 +01:00 [INF] Executed action HomeCareApp.Controllers.NotificationController.GetUnreadCount (api) in 1.9796ms
2025-12-03 17:39:07.724 +01:00 [INF] Executed endpoint 'HomeCareApp.Controllers.NotificationController.GetUnreadCount (api)'
2025-12-03 17:39:07.724 +01:00 [INF] Request finished HTTP/1.1 GET http://localhost:5090/api/Notification/unread-count - 200 1 application/json; charset=utf-8 2.8441ms
2025-12-03 17:39:16.714 +01:00 [INF] Request starting HTTP/1.1 OPTIONS http://localhost:5090/api/Notification/unread-count - null null
2025-12-03 17:39:16.714 +01:00 [INF] Request starting HTTP/1.1 OPTIONS http://localhost:5090/api/Notification/unread-count - null null
2025-12-03 17:39:16.714 +01:00 [INF] CORS policy execution successful.
2025-12-03 17:39:16.714 +01:00 [INF] CORS policy execution successful.
2025-12-03 17:39:16.715 +01:00 [INF] Request finished HTTP/1.1 OPTIONS http://localhost:5090/api/Notification/unread-count - 204 null null 0.2698ms
2025-12-03 17:39:16.715 +01:00 [INF] Request finished HTTP/1.1 OPTIONS http://localhost:5090/api/Notification/unread-count - 204 null null 0.2667ms
2025-12-03 17:39:16.715 +01:00 [INF] Request starting HTTP/1.1 OPTIONS http://localhost:5090/api/Notification/unread-count - null null
2025-12-03 17:39:16.715 +01:00 [INF] CORS policy execution successful.
2025-12-03 17:39:16.715 +01:00 [INF] Request finished HTTP/1.1 OPTIONS http://localhost:5090/api/Notification/unread-count - 204 null null 0.1004ms
2025-12-03 17:39:16.717 +01:00 [INF] Request starting HTTP/1.1 GET http://localhost:5090/api/Notification/unread-count - application/json null
2025-12-03 17:39:16.717 +01:00 [INF] CORS policy execution successful.
2025-12-03 17:39:16.717 +01:00 [INF] Executing endpoint 'HomeCareApp.Controllers.NotificationController.GetUnreadCount (api)'
2025-12-03 17:39:16.717 +01:00 [INF] Route matched with {action = "GetUnreadCount", controller = "Notification"}. Executing controller action with signature System.Threading.Tasks.Task`1[Microsoft.AspNetCore.Mvc.ActionResult`1[System.Int32]] GetUnreadCount() on controller HomeCareApp.Controllers.NotificationController (api).
2025-12-03 17:39:16.717 +01:00 [INF] [NotificationController] Getting unread count for UserId: 3e07cffa-0932-44eb-a818-3c42976e81f7
2025-12-03 17:39:16.717 +01:00 [INF] [NotificationRepository] GetUnreadCountAsync(3e07cffa-0932-44eb-a818-3c42976e81f7) - Getting unread count for user
2025-12-03 17:39:16.719 +01:00 [INF] [NotificationRepository] GetUnreadCountAsync(3e07cffa-0932-44eb-a818-3c42976e81f7) - User has 0 unread notifications
2025-12-03 17:39:16.719 +01:00 [INF] [NotificationController] Found 0 unread notifications for UserId: 3e07cffa-0932-44eb-a818-3c42976e81f7
2025-12-03 17:39:16.719 +01:00 [INF] Executing OkObjectResult, writing value of type 'System.Int32'.
2025-12-03 17:39:16.719 +01:00 [INF] Executed action HomeCareApp.Controllers.NotificationController.GetUnreadCount (api) in 2.2382ms
2025-12-03 17:39:16.719 +01:00 [INF] Executed endpoint 'HomeCareApp.Controllers.NotificationController.GetUnreadCount (api)'
2025-12-03 17:39:16.720 +01:00 [INF] Request finished HTTP/1.1 GET http://localhost:5090/api/Notification/unread-count - 200 1 application/json; charset=utf-8 2.9978ms
2025-12-03 17:39:16.721 +01:00 [INF] Request starting HTTP/1.1 GET http://localhost:5090/api/Notification/unread-count - application/json null
2025-12-03 17:39:16.721 +01:00 [INF] CORS policy execution successful.
2025-12-03 17:39:16.721 +01:00 [INF] Executing endpoint 'HomeCareApp.Controllers.NotificationController.GetUnreadCount (api)'
2025-12-03 17:39:16.721 +01:00 [INF] Route matched with {action = "GetUnreadCount", controller = "Notification"}. Executing controller action with signature System.Threading.Tasks.Task`1[Microsoft.AspNetCore.Mvc.ActionResult`1[System.Int32]] GetUnreadCount() on controller HomeCareApp.Controllers.NotificationController (api).
2025-12-03 17:39:16.722 +01:00 [INF] [NotificationController] Getting unread count for UserId: 3e07cffa-0932-44eb-a818-3c42976e81f7
2025-12-03 17:39:16.722 +01:00 [INF] [NotificationRepository] GetUnreadCountAsync(3e07cffa-0932-44eb-a818-3c42976e81f7) - Getting unread count for user
2025-12-03 17:39:16.723 +01:00 [INF] [NotificationRepository] GetUnreadCountAsync(3e07cffa-0932-44eb-a818-3c42976e81f7) - User has 0 unread notifications
2025-12-03 17:39:16.723 +01:00 [INF] [NotificationController] Found 0 unread notifications for UserId: 3e07cffa-0932-44eb-a818-3c42976e81f7
2025-12-03 17:39:16.723 +01:00 [INF] Executing OkObjectResult, writing value of type 'System.Int32'.
2025-12-03 17:39:16.724 +01:00 [INF] Executed action HomeCareApp.Controllers.NotificationController.GetUnreadCount (api) in 2.3786ms
2025-12-03 17:39:16.724 +01:00 [INF] Executed endpoint 'HomeCareApp.Controllers.NotificationController.GetUnreadCount (api)'
2025-12-03 17:39:16.724 +01:00 [INF] Request finished HTTP/1.1 GET http://localhost:5090/api/Notification/unread-count - 200 1 application/json; charset=utf-8 3.4938ms
2025-12-03 17:39:16.725 +01:00 [INF] Request starting HTTP/1.1 GET http://localhost:5090/api/Notification/unread-count - application/json null
2025-12-03 17:39:16.725 +01:00 [INF] CORS policy execution successful.
2025-12-03 17:39:16.725 +01:00 [INF] Executing endpoint 'HomeCareApp.Controllers.NotificationController.GetUnreadCount (api)'
2025-12-03 17:39:16.725 +01:00 [INF] Route matched with {action = "GetUnreadCount", controller = "Notification"}. Executing controller action with signature System.Threading.Tasks.Task`1[Microsoft.AspNetCore.Mvc.ActionResult`1[System.Int32]] GetUnreadCount() on controller HomeCareApp.Controllers.NotificationController (api).
2025-12-03 17:39:16.725 +01:00 [INF] [NotificationController] Getting unread count for UserId: 3e07cffa-0932-44eb-a818-3c42976e81f7
2025-12-03 17:39:16.725 +01:00 [INF] [NotificationRepository] GetUnreadCountAsync(3e07cffa-0932-44eb-a818-3c42976e81f7) - Getting unread count for user
2025-12-03 17:39:16.727 +01:00 [INF] [NotificationRepository] GetUnreadCountAsync(3e07cffa-0932-44eb-a818-3c42976e81f7) - User has 0 unread notifications
2025-12-03 17:39:16.727 +01:00 [INF] [NotificationController] Found 0 unread notifications for UserId: 3e07cffa-0932-44eb-a818-3c42976e81f7
2025-12-03 17:39:16.727 +01:00 [INF] Executing OkObjectResult, writing value of type 'System.Int32'.
2025-12-03 17:39:16.727 +01:00 [INF] Executed action HomeCareApp.Controllers.NotificationController.GetUnreadCount (api) in 1.8652ms
2025-12-03 17:39:16.727 +01:00 [INF] Executed endpoint 'HomeCareApp.Controllers.NotificationController.GetUnreadCount (api)'
2025-12-03 17:39:16.727 +01:00 [INF] Request finished HTTP/1.1 GET http://localhost:5090/api/Notification/unread-count - 200 1 application/json; charset=utf-8 2.6742ms
2025-12-03 17:39:25.711 +01:00 [INF] Request starting HTTP/1.1 OPTIONS http://localhost:5090/api/Notification/unread-count - null null
2025-12-03 17:39:25.711 +01:00 [INF] CORS policy execution successful.
2025-12-03 17:39:25.712 +01:00 [INF] Request finished HTTP/1.1 OPTIONS http://localhost:5090/api/Notification/unread-count - 204 null null 0.2995ms
2025-12-03 17:39:25.713 +01:00 [INF] Request starting HTTP/1.1 GET http://localhost:5090/api/Notification/unread-count - application/json null
2025-12-03 17:39:25.713 +01:00 [INF] CORS policy execution successful.
2025-12-03 17:39:25.714 +01:00 [INF] Executing endpoint 'HomeCareApp.Controllers.NotificationController.GetUnreadCount (api)'
2025-12-03 17:39:25.714 +01:00 [INF] Route matched with {action = "GetUnreadCount", controller = "Notification"}. Executing controller action with signature System.Threading.Tasks.Task`1[Microsoft.AspNetCore.Mvc.ActionResult`1[System.Int32]] GetUnreadCount() on controller HomeCareApp.Controllers.NotificationController (api).
2025-12-03 17:39:25.714 +01:00 [INF] [NotificationController] Getting unread count for UserId: 3e07cffa-0932-44eb-a818-3c42976e81f7
2025-12-03 17:39:25.714 +01:00 [INF] [NotificationRepository] GetUnreadCountAsync(3e07cffa-0932-44eb-a818-3c42976e81f7) - Getting unread count for user
2025-12-03 17:39:25.716 +01:00 [INF] [NotificationRepository] GetUnreadCountAsync(3e07cffa-0932-44eb-a818-3c42976e81f7) - User has 0 unread notifications
2025-12-03 17:39:25.716 +01:00 [INF] [NotificationController] Found 0 unread notifications for UserId: 3e07cffa-0932-44eb-a818-3c42976e81f7
2025-12-03 17:39:25.716 +01:00 [INF] Executing OkObjectResult, writing value of type 'System.Int32'.
2025-12-03 17:39:25.716 +01:00 [INF] Executed action HomeCareApp.Controllers.NotificationController.GetUnreadCount (api) in 2.2061ms
2025-12-03 17:39:25.716 +01:00 [INF] Executed endpoint 'HomeCareApp.Controllers.NotificationController.GetUnreadCount (api)'
2025-12-03 17:39:25.716 +01:00 [INF] Request finished HTTP/1.1 GET http://localhost:5090/api/Notification/unread-count - 200 1 application/json; charset=utf-8 3.1256ms
2025-12-03 17:40:08.789 +01:00 [INF] Request starting HTTP/1.1 OPTIONS http://localhost:5090/api/Notification/unread-count - null null
2025-12-03 17:40:08.789 +01:00 [INF] CORS policy execution successful.
2025-12-03 17:40:08.790 +01:00 [INF] Request finished HTTP/1.1 OPTIONS http://localhost:5090/api/Notification/unread-count - 204 null null 0.3051ms
2025-12-03 17:40:08.792 +01:00 [INF] Request starting HTTP/1.1 GET http://localhost:5090/api/Notification/unread-count - application/json null
2025-12-03 17:40:08.792 +01:00 [INF] CORS policy execution successful.
2025-12-03 17:40:08.792 +01:00 [INF] Executing endpoint 'HomeCareApp.Controllers.NotificationController.GetUnreadCount (api)'
2025-12-03 17:40:08.792 +01:00 [INF] Route matched with {action = "GetUnreadCount", controller = "Notification"}. Executing controller action with signature System.Threading.Tasks.Task`1[Microsoft.AspNetCore.Mvc.ActionResult`1[System.Int32]] GetUnreadCount() on controller HomeCareApp.Controllers.NotificationController (api).
2025-12-03 17:40:08.792 +01:00 [INF] [NotificationController] Getting unread count for UserId: 3e07cffa-0932-44eb-a818-3c42976e81f7
2025-12-03 17:40:08.792 +01:00 [INF] [NotificationRepository] GetUnreadCountAsync(3e07cffa-0932-44eb-a818-3c42976e81f7) - Getting unread count for user
2025-12-03 17:40:08.793 +01:00 [INF] [NotificationRepository] GetUnreadCountAsync(3e07cffa-0932-44eb-a818-3c42976e81f7) - User has 0 unread notifications
2025-12-03 17:40:08.794 +01:00 [INF] [NotificationController] Found 0 unread notifications for UserId: 3e07cffa-0932-44eb-a818-3c42976e81f7
2025-12-03 17:40:08.794 +01:00 [INF] Executing OkObjectResult, writing value of type 'System.Int32'.
2025-12-03 17:40:08.794 +01:00 [INF] Executed action HomeCareApp.Controllers.NotificationController.GetUnreadCount (api) in 1.5284ms
2025-12-03 17:40:08.794 +01:00 [INF] Executed endpoint 'HomeCareApp.Controllers.NotificationController.GetUnreadCount (api)'
2025-12-03 17:40:08.794 +01:00 [INF] Request finished HTTP/1.1 GET http://localhost:5090/api/Notification/unread-count - 200 1 application/json; charset=utf-8 2.4769ms
2025-12-03 17:40:16.721 +01:00 [INF] Request starting HTTP/1.1 OPTIONS http://localhost:5090/api/Notification/unread-count - null null
2025-12-03 17:40:16.721 +01:00 [INF] Request starting HTTP/1.1 OPTIONS http://localhost:5090/api/Notification/unread-count - null null
2025-12-03 17:40:16.721 +01:00 [INF] CORS policy execution successful.
2025-12-03 17:40:16.721 +01:00 [INF] CORS policy execution successful.
2025-12-03 17:40:16.721 +01:00 [INF] Request finished HTTP/1.1 OPTIONS http://localhost:5090/api/Notification/unread-count - 204 null null 0.2903ms
2025-12-03 17:40:16.721 +01:00 [INF] Request finished HTTP/1.1 OPTIONS http://localhost:5090/api/Notification/unread-count - 204 null null 0.3654ms
2025-12-03 17:40:16.722 +01:00 [INF] Request starting HTTP/1.1 OPTIONS http://localhost:5090/api/Notification/unread-count - null null
2025-12-03 17:40:16.722 +01:00 [INF] CORS policy execution successful.
2025-12-03 17:40:16.722 +01:00 [INF] Request finished HTTP/1.1 OPTIONS http://localhost:5090/api/Notification/unread-count - 204 null null 0.1918ms
2025-12-03 17:40:16.723 +01:00 [INF] Request starting HTTP/1.1 OPTIONS http://localhost:5090/api/Notification/unread-count - null null
2025-12-03 17:40:16.723 +01:00 [INF] CORS policy execution successful.
2025-12-03 17:40:16.723 +01:00 [INF] Request finished HTTP/1.1 OPTIONS http://localhost:5090/api/Notification/unread-count - 204 null null 0.1306ms
2025-12-03 17:40:16.724 +01:00 [INF] Request starting HTTP/1.1 GET http://localhost:5090/api/Notification/unread-count - application/json null
2025-12-03 17:40:16.724 +01:00 [INF] CORS policy execution successful.
2025-12-03 17:40:16.725 +01:00 [INF] Executing endpoint 'HomeCareApp.Controllers.NotificationController.GetUnreadCount (api)'
2025-12-03 17:40:16.725 +01:00 [INF] Route matched with {action = "GetUnreadCount", controller = "Notification"}. Executing controller action with signature System.Threading.Tasks.Task`1[Microsoft.AspNetCore.Mvc.ActionResult`1[System.Int32]] GetUnreadCount() on controller HomeCareApp.Controllers.NotificationController (api).
2025-12-03 17:40:16.725 +01:00 [INF] [NotificationController] Getting unread count for UserId: 3e07cffa-0932-44eb-a818-3c42976e81f7
2025-12-03 17:40:16.725 +01:00 [INF] [NotificationRepository] GetUnreadCountAsync(3e07cffa-0932-44eb-a818-3c42976e81f7) - Getting unread count for user
2025-12-03 17:40:16.726 +01:00 [INF] [NotificationRepository] GetUnreadCountAsync(3e07cffa-0932-44eb-a818-3c42976e81f7) - User has 0 unread notifications
2025-12-03 17:40:16.726 +01:00 [INF] [NotificationController] Found 0 unread notifications for UserId: 3e07cffa-0932-44eb-a818-3c42976e81f7
2025-12-03 17:40:16.726 +01:00 [INF] Executing OkObjectResult, writing value of type 'System.Int32'.
2025-12-03 17:40:16.727 +01:00 [INF] Executed action HomeCareApp.Controllers.NotificationController.GetUnreadCount (api) in 1.7314ms
2025-12-03 17:40:16.727 +01:00 [INF] Executed endpoint 'HomeCareApp.Controllers.NotificationController.GetUnreadCount (api)'
2025-12-03 17:40:16.727 +01:00 [INF] Request finished HTTP/1.1 GET http://localhost:5090/api/Notification/unread-count - 200 1 application/json; charset=utf-8 2.5458ms
2025-12-03 17:40:16.728 +01:00 [INF] Request starting HTTP/1.1 GET http://localhost:5090/api/Notification/unread-count - application/json null
2025-12-03 17:40:16.728 +01:00 [INF] CORS policy execution successful.
2025-12-03 17:40:16.728 +01:00 [INF] Executing endpoint 'HomeCareApp.Controllers.NotificationController.GetUnreadCount (api)'
2025-12-03 17:40:16.728 +01:00 [INF] Route matched with {action = "GetUnreadCount", controller = "Notification"}. Executing controller action with signature System.Threading.Tasks.Task`1[Microsoft.AspNetCore.Mvc.ActionResult`1[System.Int32]] GetUnreadCount() on controller HomeCareApp.Controllers.NotificationController (api).
2025-12-03 17:40:16.728 +01:00 [INF] [NotificationController] Getting unread count for UserId: 3e07cffa-0932-44eb-a818-3c42976e81f7
2025-12-03 17:40:16.728 +01:00 [INF] [NotificationRepository] GetUnreadCountAsync(3e07cffa-0932-44eb-a818-3c42976e81f7) - Getting unread count for user
2025-12-03 17:40:16.729 +01:00 [INF] [NotificationRepository] GetUnreadCountAsync(3e07cffa-0932-44eb-a818-3c42976e81f7) - User has 0 unread notifications
2025-12-03 17:40:16.729 +01:00 [INF] [NotificationController] Found 0 unread notifications for UserId: 3e07cffa-0932-44eb-a818-3c42976e81f7
2025-12-03 17:40:16.729 +01:00 [INF] Executing OkObjectResult, writing value of type 'System.Int32'.
2025-12-03 17:40:16.730 +01:00 [INF] Executed action HomeCareApp.Controllers.NotificationController.GetUnreadCount (api) in 1.1988ms
2025-12-03 17:40:16.730 +01:00 [INF] Executed endpoint 'HomeCareApp.Controllers.NotificationController.GetUnreadCount (api)'
2025-12-03 17:40:16.730 +01:00 [INF] Request finished HTTP/1.1 GET http://localhost:5090/api/Notification/unread-count - 200 1 application/json; charset=utf-8 1.8496ms
2025-12-03 17:40:16.730 +01:00 [INF] Request starting HTTP/1.1 GET http://localhost:5090/api/Notification/unread-count - application/json null
2025-12-03 17:40:16.730 +01:00 [INF] Request starting HTTP/1.1 GET http://localhost:5090/api/Notification/unread-count - application/json null
2025-12-03 17:40:16.730 +01:00 [INF] CORS policy execution successful.
2025-12-03 17:40:16.730 +01:00 [INF] CORS policy execution successful.
2025-12-03 17:40:16.731 +01:00 [INF] Executing endpoint 'HomeCareApp.Controllers.NotificationController.GetUnreadCount (api)'
2025-12-03 17:40:16.731 +01:00 [INF] Executing endpoint 'HomeCareApp.Controllers.NotificationController.GetUnreadCount (api)'
2025-12-03 17:40:16.731 +01:00 [INF] Route matched with {action = "GetUnreadCount", controller = "Notification"}. Executing controller action with signature System.Threading.Tasks.Task`1[Microsoft.AspNetCore.Mvc.ActionResult`1[System.Int32]] GetUnreadCount() on controller HomeCareApp.Controllers.NotificationController (api).
2025-12-03 17:40:16.731 +01:00 [INF] Route matched with {action = "GetUnreadCount", controller = "Notification"}. Executing controller action with signature System.Threading.Tasks.Task`1[Microsoft.AspNetCore.Mvc.ActionResult`1[System.Int32]] GetUnreadCount() on controller HomeCareApp.Controllers.NotificationController (api).
2025-12-03 17:40:16.731 +01:00 [INF] [NotificationController] Getting unread count for UserId: 3e07cffa-0932-44eb-a818-3c42976e81f7
2025-12-03 17:40:16.731 +01:00 [INF] [NotificationRepository] GetUnreadCountAsync(3e07cffa-0932-44eb-a818-3c42976e81f7) - Getting unread count for user
2025-12-03 17:40:16.731 +01:00 [INF] [NotificationController] Getting unread count for UserId: 3e07cffa-0932-44eb-a818-3c42976e81f7
2025-12-03 17:40:16.731 +01:00 [INF] [NotificationRepository] GetUnreadCountAsync(3e07cffa-0932-44eb-a818-3c42976e81f7) - Getting unread count for user
2025-12-03 17:40:16.732 +01:00 [INF] [NotificationRepository] GetUnreadCountAsync(3e07cffa-0932-44eb-a818-3c42976e81f7) - User has 0 unread notifications
2025-12-03 17:40:16.732 +01:00 [INF] [NotificationController] Found 0 unread notifications for UserId: 3e07cffa-0932-44eb-a818-3c42976e81f7
2025-12-03 17:40:16.732 +01:00 [INF] Executing OkObjectResult, writing value of type 'System.Int32'.
2025-12-03 17:40:16.732 +01:00 [INF] Executed action HomeCareApp.Controllers.NotificationController.GetUnreadCount (api) in 1.4261ms
2025-12-03 17:40:16.732 +01:00 [INF] Executed endpoint 'HomeCareApp.Controllers.NotificationController.GetUnreadCount (api)'
2025-12-03 17:40:16.732 +01:00 [INF] Request finished HTTP/1.1 GET http://localhost:5090/api/Notification/unread-count - 200 1 application/json; charset=utf-8 2.0727ms
2025-12-03 17:40:16.747 +01:00 [INF] [NotificationRepository] GetUnreadCountAsync(3e07cffa-0932-44eb-a818-3c42976e81f7) - User has 0 unread notifications
2025-12-03 17:40:16.747 +01:00 [INF] [NotificationController] Found 0 unread notifications for UserId: 3e07cffa-0932-44eb-a818-3c42976e81f7
2025-12-03 17:40:16.747 +01:00 [INF] Executing OkObjectResult, writing value of type 'System.Int32'.
2025-12-03 17:40:16.747 +01:00 [INF] Executed action HomeCareApp.Controllers.NotificationController.GetUnreadCount (api) in 16.5513ms
2025-12-03 17:40:16.747 +01:00 [INF] Executed endpoint 'HomeCareApp.Controllers.NotificationController.GetUnreadCount (api)'
2025-12-03 17:40:16.747 +01:00 [INF] Request finished HTTP/1.1 GET http://localhost:5090/api/Notification/unread-count - 200 1 application/json; charset=utf-8 17.2398ms
2025-12-03 17:41:09.715 +01:00 [INF] Request starting HTTP/1.1 OPTIONS http://localhost:5090/api/Notification/unread-count - null null
2025-12-03 17:41:09.715 +01:00 [INF] CORS policy execution successful.
2025-12-03 17:41:09.715 +01:00 [INF] Request finished HTTP/1.1 OPTIONS http://localhost:5090/api/Notification/unread-count - 204 null null 0.3232ms
2025-12-03 17:41:09.717 +01:00 [INF] Request starting HTTP/1.1 GET http://localhost:5090/api/Notification/unread-count - application/json null
2025-12-03 17:41:09.717 +01:00 [INF] CORS policy execution successful.
2025-12-03 17:41:09.717 +01:00 [INF] Executing endpoint 'HomeCareApp.Controllers.NotificationController.GetUnreadCount (api)'
2025-12-03 17:41:09.717 +01:00 [INF] Route matched with {action = "GetUnreadCount", controller = "Notification"}. Executing controller action with signature System.Threading.Tasks.Task`1[Microsoft.AspNetCore.Mvc.ActionResult`1[System.Int32]] GetUnreadCount() on controller HomeCareApp.Controllers.NotificationController (api).
2025-12-03 17:41:09.718 +01:00 [INF] [NotificationController] Getting unread count for UserId: 3e07cffa-0932-44eb-a818-3c42976e81f7
2025-12-03 17:41:09.718 +01:00 [INF] [NotificationRepository] GetUnreadCountAsync(3e07cffa-0932-44eb-a818-3c42976e81f7) - Getting unread count for user
2025-12-03 17:41:09.719 +01:00 [INF] [NotificationRepository] GetUnreadCountAsync(3e07cffa-0932-44eb-a818-3c42976e81f7) - User has 0 unread notifications
2025-12-03 17:41:09.719 +01:00 [INF] [NotificationController] Found 0 unread notifications for UserId: 3e07cffa-0932-44eb-a818-3c42976e81f7
2025-12-03 17:41:09.719 +01:00 [INF] Executing OkObjectResult, writing value of type 'System.Int32'.
2025-12-03 17:41:09.719 +01:00 [INF] Executed action HomeCareApp.Controllers.NotificationController.GetUnreadCount (api) in 1.8145ms
2025-12-03 17:41:09.719 +01:00 [INF] Executed endpoint 'HomeCareApp.Controllers.NotificationController.GetUnreadCount (api)'
2025-12-03 17:41:09.720 +01:00 [INF] Request finished HTTP/1.1 GET http://localhost:5090/api/Notification/unread-count - 200 1 application/json; charset=utf-8 2.4808ms
2025-12-03 17:41:16.722 +01:00 [INF] Request starting HTTP/1.1 OPTIONS http://localhost:5090/api/Notification/unread-count - null null
2025-12-03 17:41:16.722 +01:00 [INF] Request starting HTTP/1.1 OPTIONS http://localhost:5090/api/Notification/unread-count - null null
2025-12-03 17:41:16.723 +01:00 [INF] CORS policy execution successful.
2025-12-03 17:41:16.723 +01:00 [INF] CORS policy execution successful.
2025-12-03 17:41:16.723 +01:00 [INF] Request finished HTTP/1.1 OPTIONS http://localhost:5090/api/Notification/unread-count - 204 null null 0.375ms
2025-12-03 17:41:16.723 +01:00 [INF] Request finished HTTP/1.1 OPTIONS http://localhost:5090/api/Notification/unread-count - 204 null null 0.367ms
2025-12-03 17:41:16.723 +01:00 [INF] Request starting HTTP/1.1 OPTIONS http://localhost:5090/api/Notification/unread-count - null null
2025-12-03 17:41:16.723 +01:00 [INF] Request starting HTTP/1.1 OPTIONS http://localhost:5090/api/Notification/unread-count - null null
2025-12-03 17:41:16.723 +01:00 [INF] CORS policy execution successful.
2025-12-03 17:41:16.723 +01:00 [INF] CORS policy execution successful.
2025-12-03 17:41:16.724 +01:00 [INF] Request finished HTTP/1.1 OPTIONS http://localhost:5090/api/Notification/unread-count - 204 null null 0.3671ms
2025-12-03 17:41:16.724 +01:00 [INF] Request finished HTTP/1.1 OPTIONS http://localhost:5090/api/Notification/unread-count - 204 null null 0.4439ms
2025-12-03 17:41:16.728 +01:00 [INF] Request starting HTTP/1.1 GET http://localhost:5090/api/Notification/unread-count - application/json null
2025-12-03 17:41:16.728 +01:00 [INF] CORS policy execution successful.
2025-12-03 17:41:16.728 +01:00 [INF] Executing endpoint 'HomeCareApp.Controllers.NotificationController.GetUnreadCount (api)'
2025-12-03 17:41:16.728 +01:00 [INF] Route matched with {action = "GetUnreadCount", controller = "Notification"}. Executing controller action with signature System.Threading.Tasks.Task`1[Microsoft.AspNetCore.Mvc.ActionResult`1[System.Int32]] GetUnreadCount() on controller HomeCareApp.Controllers.NotificationController (api).
2025-12-03 17:41:16.728 +01:00 [INF] [NotificationController] Getting unread count for UserId: 3e07cffa-0932-44eb-a818-3c42976e81f7
2025-12-03 17:41:16.729 +01:00 [INF] [NotificationRepository] GetUnreadCountAsync(3e07cffa-0932-44eb-a818-3c42976e81f7) - Getting unread count for user
2025-12-03 17:41:16.730 +01:00 [INF] [NotificationRepository] GetUnreadCountAsync(3e07cffa-0932-44eb-a818-3c42976e81f7) - User has 0 unread notifications
2025-12-03 17:41:16.730 +01:00 [INF] [NotificationController] Found 0 unread notifications for UserId: 3e07cffa-0932-44eb-a818-3c42976e81f7
2025-12-03 17:41:16.731 +01:00 [INF] Executing OkObjectResult, writing value of type 'System.Int32'.
2025-12-03 17:41:16.731 +01:00 [INF] Executed action HomeCareApp.Controllers.NotificationController.GetUnreadCount (api) in 2.5711ms
2025-12-03 17:41:16.731 +01:00 [INF] Executed endpoint 'HomeCareApp.Controllers.NotificationController.GetUnreadCount (api)'
2025-12-03 17:41:16.731 +01:00 [INF] Request finished HTTP/1.1 GET http://localhost:5090/api/Notification/unread-count - 200 1 application/json; charset=utf-8 3.5534ms
2025-12-03 17:41:16.732 +01:00 [INF] Request starting HTTP/1.1 GET http://localhost:5090/api/Notification/unread-count - application/json null
2025-12-03 17:41:16.732 +01:00 [INF] CORS policy execution successful.
2025-12-03 17:41:16.733 +01:00 [INF] Executing endpoint 'HomeCareApp.Controllers.NotificationController.GetUnreadCount (api)'
2025-12-03 17:41:16.733 +01:00 [INF] Route matched with {action = "GetUnreadCount", controller = "Notification"}. Executing controller action with signature System.Threading.Tasks.Task`1[Microsoft.AspNetCore.Mvc.ActionResult`1[System.Int32]] GetUnreadCount() on controller HomeCareApp.Controllers.NotificationController (api).
2025-12-03 17:41:16.733 +01:00 [INF] [NotificationController] Getting unread count for UserId: 3e07cffa-0932-44eb-a818-3c42976e81f7
2025-12-03 17:41:16.733 +01:00 [INF] [NotificationRepository] GetUnreadCountAsync(3e07cffa-0932-44eb-a818-3c42976e81f7) - Getting unread count for user
2025-12-03 17:41:16.734 +01:00 [INF] [NotificationRepository] GetUnreadCountAsync(3e07cffa-0932-44eb-a818-3c42976e81f7) - User has 0 unread notifications
2025-12-03 17:41:16.735 +01:00 [INF] [NotificationController] Found 0 unread notifications for UserId: 3e07cffa-0932-44eb-a818-3c42976e81f7
2025-12-03 17:41:16.735 +01:00 [INF] Executing OkObjectResult, writing value of type 'System.Int32'.
2025-12-03 17:41:16.735 +01:00 [INF] Executed action HomeCareApp.Controllers.NotificationController.GetUnreadCount (api) in 2.113ms
2025-12-03 17:41:16.735 +01:00 [INF] Executed endpoint 'HomeCareApp.Controllers.NotificationController.GetUnreadCount (api)'
2025-12-03 17:41:16.735 +01:00 [INF] Request finished HTTP/1.1 GET http://localhost:5090/api/Notification/unread-count - 200 1 application/json; charset=utf-8 3.1515ms
2025-12-03 17:41:16.736 +01:00 [INF] Request starting HTTP/1.1 GET http://localhost:5090/api/Notification/unread-count - application/json null
2025-12-03 17:41:16.736 +01:00 [INF] CORS policy execution successful.
2025-12-03 17:41:16.737 +01:00 [INF] Executing endpoint 'HomeCareApp.Controllers.NotificationController.GetUnreadCount (api)'
2025-12-03 17:41:16.737 +01:00 [INF] Route matched with {action = "GetUnreadCount", controller = "Notification"}. Executing controller action with signature System.Threading.Tasks.Task`1[Microsoft.AspNetCore.Mvc.ActionResult`1[System.Int32]] GetUnreadCount() on controller HomeCareApp.Controllers.NotificationController (api).
2025-12-03 17:41:16.737 +01:00 [INF] [NotificationController] Getting unread count for UserId: 3e07cffa-0932-44eb-a818-3c42976e81f7
2025-12-03 17:41:16.737 +01:00 [INF] [NotificationRepository] GetUnreadCountAsync(3e07cffa-0932-44eb-a818-3c42976e81f7) - Getting unread count for user
2025-12-03 17:41:16.739 +01:00 [INF] [NotificationRepository] GetUnreadCountAsync(3e07cffa-0932-44eb-a818-3c42976e81f7) - User has 0 unread notifications
2025-12-03 17:41:16.739 +01:00 [INF] [NotificationController] Found 0 unread notifications for UserId: 3e07cffa-0932-44eb-a818-3c42976e81f7
2025-12-03 17:41:16.739 +01:00 [INF] Executing OkObjectResult, writing value of type 'System.Int32'.
2025-12-03 17:41:16.739 +01:00 [INF] Executed action HomeCareApp.Controllers.NotificationController.GetUnreadCount (api) in 2.1859ms
2025-12-03 17:41:16.739 +01:00 [INF] Executed endpoint 'HomeCareApp.Controllers.NotificationController.GetUnreadCount (api)'
2025-12-03 17:41:16.739 +01:00 [INF] Request finished HTTP/1.1 GET http://localhost:5090/api/Notification/unread-count - 200 1 application/json; charset=utf-8 3.0256ms
2025-12-03 17:41:16.740 +01:00 [INF] Request starting HTTP/1.1 GET http://localhost:5090/api/Notification/unread-count - application/json null
2025-12-03 17:41:16.741 +01:00 [INF] CORS policy execution successful.
2025-12-03 17:41:16.741 +01:00 [INF] Executing endpoint 'HomeCareApp.Controllers.NotificationController.GetUnreadCount (api)'
2025-12-03 17:41:16.741 +01:00 [INF] Route matched with {action = "GetUnreadCount", controller = "Notification"}. Executing controller action with signature System.Threading.Tasks.Task`1[Microsoft.AspNetCore.Mvc.ActionResult`1[System.Int32]] GetUnreadCount() on controller HomeCareApp.Controllers.NotificationController (api).
2025-12-03 17:41:16.741 +01:00 [INF] [NotificationController] Getting unread count for UserId: 3e07cffa-0932-44eb-a818-3c42976e81f7
2025-12-03 17:41:16.741 +01:00 [INF] [NotificationRepository] GetUnreadCountAsync(3e07cffa-0932-44eb-a818-3c42976e81f7) - Getting unread count for user
2025-12-03 17:41:16.742 +01:00 [INF] [NotificationRepository] GetUnreadCountAsync(3e07cffa-0932-44eb-a818-3c42976e81f7) - User has 0 unread notifications
2025-12-03 17:41:16.742 +01:00 [INF] [NotificationController] Found 0 unread notifications for UserId: 3e07cffa-0932-44eb-a818-3c42976e81f7
2025-12-03 17:41:16.742 +01:00 [INF] Executing OkObjectResult, writing value of type 'System.Int32'.
2025-12-03 17:41:16.742 +01:00 [INF] Executed action HomeCareApp.Controllers.NotificationController.GetUnreadCount (api) in 1.0891ms
2025-12-03 17:41:16.742 +01:00 [INF] Executed endpoint 'HomeCareApp.Controllers.NotificationController.GetUnreadCount (api)'
2025-12-03 17:41:16.742 +01:00 [INF] Request finished HTTP/1.1 GET http://localhost:5090/api/Notification/unread-count - 200 1 application/json; charset=utf-8 1.8403ms
2025-12-03 17:42:10.713 +01:00 [INF] Request starting HTTP/1.1 OPTIONS http://localhost:5090/api/Notification/unread-count - null null
2025-12-03 17:42:10.713 +01:00 [INF] CORS policy execution successful.
2025-12-03 17:42:10.714 +01:00 [INF] Request finished HTTP/1.1 OPTIONS http://localhost:5090/api/Notification/unread-count - 204 null null 0.3498ms
2025-12-03 17:42:10.717 +01:00 [INF] Request starting HTTP/1.1 GET http://localhost:5090/api/Notification/unread-count - application/json null
2025-12-03 17:42:10.717 +01:00 [INF] CORS policy execution successful.
2025-12-03 17:42:10.718 +01:00 [INF] Executing endpoint 'HomeCareApp.Controllers.NotificationController.GetUnreadCount (api)'
2025-12-03 17:42:10.718 +01:00 [INF] Route matched with {action = "GetUnreadCount", controller = "Notification"}. Executing controller action with signature System.Threading.Tasks.Task`1[Microsoft.AspNetCore.Mvc.ActionResult`1[System.Int32]] GetUnreadCount() on controller HomeCareApp.Controllers.NotificationController (api).
2025-12-03 17:42:10.718 +01:00 [INF] [NotificationController] Getting unread count for UserId: 3e07cffa-0932-44eb-a818-3c42976e81f7
2025-12-03 17:42:10.718 +01:00 [INF] [NotificationRepository] GetUnreadCountAsync(3e07cffa-0932-44eb-a818-3c42976e81f7) - Getting unread count for user
2025-12-03 17:42:10.719 +01:00 [INF] [NotificationRepository] GetUnreadCountAsync(3e07cffa-0932-44eb-a818-3c42976e81f7) - User has 0 unread notifications
2025-12-03 17:42:10.719 +01:00 [INF] [NotificationController] Found 0 unread notifications for UserId: 3e07cffa-0932-44eb-a818-3c42976e81f7
2025-12-03 17:42:10.720 +01:00 [INF] Executing OkObjectResult, writing value of type 'System.Int32'.
2025-12-03 17:42:10.720 +01:00 [INF] Executed action HomeCareApp.Controllers.NotificationController.GetUnreadCount (api) in 2.0381ms
2025-12-03 17:42:10.720 +01:00 [INF] Executed endpoint 'HomeCareApp.Controllers.NotificationController.GetUnreadCount (api)'
2025-12-03 17:42:10.720 +01:00 [INF] Request finished HTTP/1.1 GET http://localhost:5090/api/Notification/unread-count - 200 1 application/json; charset=utf-8 3.0809ms
2025-12-03 17:42:16.714 +01:00 [INF] Request starting HTTP/1.1 OPTIONS http://localhost:5090/api/Notification/unread-count - null null
2025-12-03 17:42:16.714 +01:00 [INF] Request starting HTTP/1.1 OPTIONS http://localhost:5090/api/Notification/unread-count - null null
2025-12-03 17:42:16.715 +01:00 [INF] CORS policy execution successful.
2025-12-03 17:42:16.715 +01:00 [INF] CORS policy execution successful.
2025-12-03 17:42:16.715 +01:00 [INF] Request finished HTTP/1.1 OPTIONS http://localhost:5090/api/Notification/unread-count - 204 null null 0.4211ms
2025-12-03 17:42:16.715 +01:00 [INF] Request starting HTTP/1.1 OPTIONS http://localhost:5090/api/Notification/unread-count - null null
2025-12-03 17:42:16.715 +01:00 [INF] Request finished HTTP/1.1 OPTIONS http://localhost:5090/api/Notification/unread-count - 204 null null 0.4603ms
2025-12-03 17:42:16.715 +01:00 [INF] CORS policy execution successful.
2025-12-03 17:42:16.715 +01:00 [INF] Request finished HTTP/1.1 OPTIONS http://localhost:5090/api/Notification/unread-count - 204 null null 0.2895ms
2025-12-03 17:42:16.716 +01:00 [INF] Request starting HTTP/1.1 OPTIONS http://localhost:5090/api/Notification/unread-count - null null
2025-12-03 17:42:16.716 +01:00 [INF] CORS policy execution successful.
2025-12-03 17:42:16.716 +01:00 [INF] Request finished HTTP/1.1 OPTIONS http://localhost:5090/api/Notification/unread-count - 204 null null 0.3317ms
2025-12-03 17:42:16.724 +01:00 [INF] Request starting HTTP/1.1 GET http://localhost:5090/api/Notification/unread-count - application/json null
2025-12-03 17:42:16.724 +01:00 [INF] CORS policy execution successful.
2025-12-03 17:42:16.725 +01:00 [INF] Executing endpoint 'HomeCareApp.Controllers.NotificationController.GetUnreadCount (api)'
2025-12-03 17:42:16.725 +01:00 [INF] Route matched with {action = "GetUnreadCount", controller = "Notification"}. Executing controller action with signature System.Threading.Tasks.Task`1[Microsoft.AspNetCore.Mvc.ActionResult`1[System.Int32]] GetUnreadCount() on controller HomeCareApp.Controllers.NotificationController (api).
2025-12-03 17:42:16.725 +01:00 [INF] [NotificationController] Getting unread count for UserId: 3e07cffa-0932-44eb-a818-3c42976e81f7
2025-12-03 17:42:16.726 +01:00 [INF] [NotificationRepository] GetUnreadCountAsync(3e07cffa-0932-44eb-a818-3c42976e81f7) - Getting unread count for user
2025-12-03 17:42:16.727 +01:00 [INF] [NotificationRepository] GetUnreadCountAsync(3e07cffa-0932-44eb-a818-3c42976e81f7) - User has 0 unread notifications
2025-12-03 17:42:16.727 +01:00 [INF] [NotificationController] Found 0 unread notifications for UserId: 3e07cffa-0932-44eb-a818-3c42976e81f7
2025-12-03 17:42:16.727 +01:00 [INF] Executing OkObjectResult, writing value of type 'System.Int32'.
2025-12-03 17:42:16.727 +01:00 [INF] Executed action HomeCareApp.Controllers.NotificationController.GetUnreadCount (api) in 2.2901ms
2025-12-03 17:42:16.728 +01:00 [INF] Executed endpoint 'HomeCareApp.Controllers.NotificationController.GetUnreadCount (api)'
2025-12-03 17:42:16.728 +01:00 [INF] Request finished HTTP/1.1 GET http://localhost:5090/api/Notification/unread-count - 200 1 application/json; charset=utf-8 4.1607ms
2025-12-03 17:42:16.729 +01:00 [INF] Request starting HTTP/1.1 GET http://localhost:5090/api/Notification/unread-count - application/json null
2025-12-03 17:42:16.729 +01:00 [INF] CORS policy execution successful.
2025-12-03 17:42:16.730 +01:00 [INF] Executing endpoint 'HomeCareApp.Controllers.NotificationController.GetUnreadCount (api)'
2025-12-03 17:42:16.730 +01:00 [INF] Route matched with {action = "GetUnreadCount", controller = "Notification"}. Executing controller action with signature System.Threading.Tasks.Task`1[Microsoft.AspNetCore.Mvc.ActionResult`1[System.Int32]] GetUnreadCount() on controller HomeCareApp.Controllers.NotificationController (api).
2025-12-03 17:42:16.730 +01:00 [INF] [NotificationController] Getting unread count for UserId: 3e07cffa-0932-44eb-a818-3c42976e81f7
2025-12-03 17:42:16.730 +01:00 [INF] [NotificationRepository] GetUnreadCountAsync(3e07cffa-0932-44eb-a818-3c42976e81f7) - Getting unread count for user
2025-12-03 17:42:16.732 +01:00 [INF] [NotificationRepository] GetUnreadCountAsync(3e07cffa-0932-44eb-a818-3c42976e81f7) - User has 0 unread notifications
2025-12-03 17:42:16.732 +01:00 [INF] [NotificationController] Found 0 unread notifications for UserId: 3e07cffa-0932-44eb-a818-3c42976e81f7
2025-12-03 17:42:16.732 +01:00 [INF] Executing OkObjectResult, writing value of type 'System.Int32'.
2025-12-03 17:42:16.732 +01:00 [INF] Executed action HomeCareApp.Controllers.NotificationController.GetUnreadCount (api) in 2.7962ms
2025-12-03 17:42:16.733 +01:00 [INF] Executed endpoint 'HomeCareApp.Controllers.NotificationController.GetUnreadCount (api)'
2025-12-03 17:42:16.733 +01:00 [INF] Request finished HTTP/1.1 GET http://localhost:5090/api/Notification/unread-count - 200 1 application/json; charset=utf-8 3.6884ms
2025-12-03 17:42:16.735 +01:00 [INF] Request starting HTTP/1.1 GET http://localhost:5090/api/Notification/unread-count - application/json null
2025-12-03 17:42:16.735 +01:00 [INF] CORS policy execution successful.
2025-12-03 17:42:16.735 +01:00 [INF] Executing endpoint 'HomeCareApp.Controllers.NotificationController.GetUnreadCount (api)'
2025-12-03 17:42:16.735 +01:00 [INF] Route matched with {action = "GetUnreadCount", controller = "Notification"}. Executing controller action with signature System.Threading.Tasks.Task`1[Microsoft.AspNetCore.Mvc.ActionResult`1[System.Int32]] GetUnreadCount() on controller HomeCareApp.Controllers.NotificationController (api).
2025-12-03 17:42:16.736 +01:00 [INF] [NotificationController] Getting unread count for UserId: 3e07cffa-0932-44eb-a818-3c42976e81f7
2025-12-03 17:42:16.736 +01:00 [INF] [NotificationRepository] GetUnreadCountAsync(3e07cffa-0932-44eb-a818-3c42976e81f7) - Getting unread count for user
2025-12-03 17:42:16.737 +01:00 [INF] [NotificationRepository] GetUnreadCountAsync(3e07cffa-0932-44eb-a818-3c42976e81f7) - User has 0 unread notifications
2025-12-03 17:42:16.737 +01:00 [INF] [NotificationController] Found 0 unread notifications for UserId: 3e07cffa-0932-44eb-a818-3c42976e81f7
2025-12-03 17:42:16.737 +01:00 [INF] Executing OkObjectResult, writing value of type 'System.Int32'.
2025-12-03 17:42:16.737 +01:00 [INF] Executed action HomeCareApp.Controllers.NotificationController.GetUnreadCount (api) in 2.0779ms
2025-12-03 17:42:16.737 +01:00 [INF] Executed endpoint 'HomeCareApp.Controllers.NotificationController.GetUnreadCount (api)'
2025-12-03 17:42:16.738 +01:00 [INF] Request finished HTTP/1.1 GET http://localhost:5090/api/Notification/unread-count - 200 1 application/json; charset=utf-8 2.9349ms
2025-12-03 17:42:16.739 +01:00 [INF] Request starting HTTP/1.1 GET http://localhost:5090/api/Notification/unread-count - application/json null
2025-12-03 17:42:16.739 +01:00 [INF] CORS policy execution successful.
2025-12-03 17:42:16.740 +01:00 [INF] Executing endpoint 'HomeCareApp.Controllers.NotificationController.GetUnreadCount (api)'
2025-12-03 17:42:16.740 +01:00 [INF] Route matched with {action = "GetUnreadCount", controller = "Notification"}. Executing controller action with signature System.Threading.Tasks.Task`1[Microsoft.AspNetCore.Mvc.ActionResult`1[System.Int32]] GetUnreadCount() on controller HomeCareApp.Controllers.NotificationController (api).
2025-12-03 17:42:16.740 +01:00 [INF] [NotificationController] Getting unread count for UserId: 3e07cffa-0932-44eb-a818-3c42976e81f7
2025-12-03 17:42:16.740 +01:00 [INF] [NotificationRepository] GetUnreadCountAsync(3e07cffa-0932-44eb-a818-3c42976e81f7) - Getting unread count for user
2025-12-03 17:42:16.741 +01:00 [INF] [NotificationRepository] GetUnreadCountAsync(3e07cffa-0932-44eb-a818-3c42976e81f7) - User has 0 unread notifications
2025-12-03 17:42:16.741 +01:00 [INF] [NotificationController] Found 0 unread notifications for UserId: 3e07cffa-0932-44eb-a818-3c42976e81f7
2025-12-03 17:42:16.742 +01:00 [INF] Executing OkObjectResult, writing value of type 'System.Int32'.
2025-12-03 17:42:16.742 +01:00 [INF] Executed action HomeCareApp.Controllers.NotificationController.GetUnreadCount (api) in 2.0027ms
2025-12-03 17:42:16.742 +01:00 [INF] Executed endpoint 'HomeCareApp.Controllers.NotificationController.GetUnreadCount (api)'
2025-12-03 17:42:16.742 +01:00 [INF] Request finished HTTP/1.1 GET http://localhost:5090/api/Notification/unread-count - 200 1 application/json; charset=utf-8 2.9253ms
2025-12-03 17:42:53.238 +01:00 [INF] Application is shutting down...
