2025-10-30 19:57:08.558 +01:00 [INF] No migrations were applied. The database is already up to date.
2025-10-30 19:57:08.614 +01:00 [INF] No migrations were applied. The database is already up to date.
2025-10-30 19:57:08.951 +01:00 [INF] User profile is available. Using 'C:\Users\B\AppData\Local\ASP.NET\DataProtection-Keys' as key repository and Windows DPAPI to encrypt keys at rest.
2025-10-30 19:57:08.993 +01:00 [INF] Now listening on: http://localhost:5090
2025-10-30 19:57:08.995 +01:00 [INF] Application started. Press Ctrl+C to shut down.
2025-10-30 19:57:08.996 +01:00 [INF] Hosting environment: Development
2025-10-30 19:57:08.998 +01:00 [INF] Content root path: C:\Users\B\Documents\ITPE3200\React-Homecare\api
2025-10-30 20:01:18.518 +01:00 [INF] Request starting HTTP/1.1 OPTIONS http://localhost:5090/api/Auth/login - null null
2025-10-30 20:01:18.540 +01:00 [INF] CORS policy execution successful.
2025-10-30 20:01:18.542 +01:00 [INF] Request finished HTTP/1.1 OPTIONS http://localhost:5090/api/Auth/login - 204 null null 25.179ms
2025-10-30 20:01:18.545 +01:00 [INF] Request starting HTTP/1.1 POST http://localhost:5090/api/Auth/login - application/json 45
2025-10-30 20:01:18.548 +01:00 [INF] CORS policy execution successful.
2025-10-30 20:01:18.563 +01:00 [INF] Executing endpoint 'HomeCareApp.Controllers.AuthController.Login (api)'
2025-10-30 20:01:18.574 +01:00 [INF] Route matched with {action = "Login", controller = "Auth"}. Executing controller action with signature System.Threading.Tasks.Task`1[Microsoft.AspNetCore.Mvc.IActionResult] Login(HomeCareApp.DTOs.LoginDto) on controller HomeCareApp.Controllers.AuthController (api).
2025-10-30 20:01:18.720 +01:00 [INF] [AuthAPIController] user authorised for Susanne
2025-10-30 20:01:18.748 +01:00 [INF] [AuthAPIController] JWT token created for Susanne with roles 
2025-10-30 20:01:18.764 +01:00 [INF] Executing OkObjectResult, writing value of type '<>f__AnonymousType3`1[[System.String, System.Private.CoreLib, Version=8.0.0.0, Culture=neutral, PublicKeyToken=7cec85d7bea7798e]]'.
2025-10-30 20:01:18.785 +01:00 [INF] Executed action HomeCareApp.Controllers.AuthController.Login (api) in 208.0022ms
2025-10-30 20:01:18.785 +01:00 [INF] Executed endpoint 'HomeCareApp.Controllers.AuthController.Login (api)'
2025-10-30 20:01:18.788 +01:00 [INF] Request finished HTTP/1.1 POST http://localhost:5090/api/Auth/login - 200 460 application/json; charset=utf-8 242.377ms
2025-10-30 20:01:56.949 +01:00 [INF] Request starting HTTP/1.1 OPTIONS http://localhost:5090/api/Auth/register - null null
2025-10-30 20:01:56.950 +01:00 [INF] CORS policy execution successful.
2025-10-30 20:01:56.950 +01:00 [INF] Request finished HTTP/1.1 OPTIONS http://localhost:5090/api/Auth/register - 204 null null 1.1671ms
2025-10-30 20:01:56.951 +01:00 [INF] Request starting HTTP/1.1 POST http://localhost:5090/api/Auth/register - application/json 91
2025-10-30 20:01:56.952 +01:00 [INF] CORS policy execution successful.
2025-10-30 20:01:56.952 +01:00 [INF] Executing endpoint 'HomeCareApp.Controllers.AuthController.Register (api)'
2025-10-30 20:01:56.956 +01:00 [INF] Route matched with {action = "Register", controller = "Auth"}. Executing controller action with signature System.Threading.Tasks.Task`1[Microsoft.AspNetCore.Mvc.IActionResult] Register(HomeCareApp.DTOs.RegisterDto) on controller HomeCareApp.Controllers.AuthController (api).
2025-10-30 20:01:57.203 +01:00 [INF] [AuthAPIController] user registered for Patient1 with role Patient
2025-10-30 20:01:57.204 +01:00 [INF] Executing OkObjectResult, writing value of type '<>f__AnonymousType2`1[[System.String, System.Private.CoreLib, Version=8.0.0.0, Culture=neutral, PublicKeyToken=7cec85d7bea7798e]]'.
2025-10-30 20:01:57.205 +01:00 [INF] Executed action HomeCareApp.Controllers.AuthController.Register (api) in 249.2694ms
2025-10-30 20:01:57.205 +01:00 [INF] Executed endpoint 'HomeCareApp.Controllers.AuthController.Register (api)'
2025-10-30 20:01:57.205 +01:00 [INF] Request finished HTTP/1.1 POST http://localhost:5090/api/Auth/register - 200 42 application/json; charset=utf-8 253.9266ms
2025-10-30 20:02:08.683 +01:00 [INF] Request starting HTTP/1.1 OPTIONS http://localhost:5090/api/Auth/login - null null
2025-10-30 20:02:08.683 +01:00 [INF] CORS policy execution successful.
2025-10-30 20:02:08.683 +01:00 [INF] Request finished HTTP/1.1 OPTIONS http://localhost:5090/api/Auth/login - 204 null null 0.4526ms
2025-10-30 20:02:08.684 +01:00 [INF] Request starting HTTP/1.1 POST http://localhost:5090/api/Auth/login - application/json 46
2025-10-30 20:02:08.684 +01:00 [INF] CORS policy execution successful.
2025-10-30 20:02:08.685 +01:00 [INF] Executing endpoint 'HomeCareApp.Controllers.AuthController.Login (api)'
2025-10-30 20:02:08.685 +01:00 [INF] Route matched with {action = "Login", controller = "Auth"}. Executing controller action with signature System.Threading.Tasks.Task`1[Microsoft.AspNetCore.Mvc.IActionResult] Login(HomeCareApp.DTOs.LoginDto) on controller HomeCareApp.Controllers.AuthController (api).
2025-10-30 20:02:08.742 +01:00 [INF] [AuthAPIController] user authorised for Patient1
2025-10-30 20:02:08.744 +01:00 [INF] [AuthAPIController] JWT token created for Patient1 with roles Patient
2025-10-30 20:02:08.745 +01:00 [INF] Executing OkObjectResult, writing value of type '<>f__AnonymousType3`1[[System.String, System.Private.CoreLib, Version=8.0.0.0, Culture=neutral, PublicKeyToken=7cec85d7bea7798e]]'.
2025-10-30 20:02:08.745 +01:00 [INF] Executed action HomeCareApp.Controllers.AuthController.Login (api) in 59.9763ms
2025-10-30 20:02:08.745 +01:00 [INF] Executed endpoint 'HomeCareApp.Controllers.AuthController.Login (api)'
2025-10-30 20:02:08.746 +01:00 [INF] Request finished HTTP/1.1 POST http://localhost:5090/api/Auth/login - 200 560 application/json; charset=utf-8 61.7425ms
2025-10-30 20:03:47.360 +01:00 [INF] Request starting HTTP/1.1 OPTIONS http://localhost:5090/api/Auth/login - null null
2025-10-30 20:03:47.360 +01:00 [INF] CORS policy execution successful.
2025-10-30 20:03:47.360 +01:00 [INF] Request finished HTTP/1.1 OPTIONS http://localhost:5090/api/Auth/login - 204 null null 0.4709ms
2025-10-30 20:03:47.362 +01:00 [INF] Request starting HTTP/1.1 POST http://localhost:5090/api/Auth/login - application/json 45
2025-10-30 20:03:47.362 +01:00 [INF] CORS policy execution successful.
2025-10-30 20:03:47.362 +01:00 [INF] Executing endpoint 'HomeCareApp.Controllers.AuthController.Login (api)'
2025-10-30 20:03:47.362 +01:00 [INF] Route matched with {action = "Login", controller = "Auth"}. Executing controller action with signature System.Threading.Tasks.Task`1[Microsoft.AspNetCore.Mvc.IActionResult] Login(HomeCareApp.DTOs.LoginDto) on controller HomeCareApp.Controllers.AuthController (api).
2025-10-30 20:03:47.426 +01:00 [INF] [AuthAPIController] user authorised for Susanne
2025-10-30 20:03:47.428 +01:00 [INF] [AuthAPIController] JWT token created for Susanne with roles 
2025-10-30 20:03:47.428 +01:00 [INF] Executing OkObjectResult, writing value of type '<>f__AnonymousType3`1[[System.String, System.Private.CoreLib, Version=8.0.0.0, Culture=neutral, PublicKeyToken=7cec85d7bea7798e]]'.
2025-10-30 20:03:47.429 +01:00 [INF] Executed action HomeCareApp.Controllers.AuthController.Login (api) in 66.6881ms
2025-10-30 20:03:47.429 +01:00 [INF] Executed endpoint 'HomeCareApp.Controllers.AuthController.Login (api)'
2025-10-30 20:03:47.429 +01:00 [INF] Request finished HTTP/1.1 POST http://localhost:5090/api/Auth/login - 200 460 application/json; charset=utf-8 67.6591ms
2025-10-30 20:04:07.236 +01:00 [INF] Request starting HTTP/1.1 OPTIONS http://localhost:5090/api/Auth/login - null null
2025-10-30 20:04:07.237 +01:00 [INF] CORS policy execution successful.
2025-10-30 20:04:07.237 +01:00 [INF] Request finished HTTP/1.1 OPTIONS http://localhost:5090/api/Auth/login - 204 null null 0.5326ms
2025-10-30 20:04:07.238 +01:00 [INF] Request starting HTTP/1.1 POST http://localhost:5090/api/Auth/login - application/json 46
2025-10-30 20:04:07.238 +01:00 [INF] CORS policy execution successful.
2025-10-30 20:04:07.238 +01:00 [INF] Executing endpoint 'HomeCareApp.Controllers.AuthController.Login (api)'
2025-10-30 20:04:07.238 +01:00 [INF] Route matched with {action = "Login", controller = "Auth"}. Executing controller action with signature System.Threading.Tasks.Task`1[Microsoft.AspNetCore.Mvc.IActionResult] Login(HomeCareApp.DTOs.LoginDto) on controller HomeCareApp.Controllers.AuthController (api).
2025-10-30 20:04:07.347 +01:00 [INF] [AuthAPIController] user authorised for Patient1
2025-10-30 20:04:07.349 +01:00 [INF] [AuthAPIController] JWT token created for Patient1 with roles Patient
2025-10-30 20:04:07.350 +01:00 [INF] Executing OkObjectResult, writing value of type '<>f__AnonymousType3`1[[System.String, System.Private.CoreLib, Version=8.0.0.0, Culture=neutral, PublicKeyToken=7cec85d7bea7798e]]'.
2025-10-30 20:04:07.351 +01:00 [INF] Executed action HomeCareApp.Controllers.AuthController.Login (api) in 112.2782ms
2025-10-30 20:04:07.351 +01:00 [INF] Executed endpoint 'HomeCareApp.Controllers.AuthController.Login (api)'
2025-10-30 20:04:07.351 +01:00 [INF] Request finished HTTP/1.1 POST http://localhost:5090/api/Auth/login - 200 560 application/json; charset=utf-8 113.16ms
2025-10-30 20:04:48.168 +01:00 [INF] Request starting HTTP/1.1 GET http://localhost:5090/api/Appointment - null null
2025-10-30 20:04:48.175 +01:00 [INF] CORS policy execution successful.
2025-10-30 20:04:48.176 +01:00 [INF] Executing endpoint 'HomeCareApp.Controllers.AppointmentController.GetAppointments (api)'
2025-10-30 20:04:48.182 +01:00 [INF] Route matched with {action = "GetAppointments", controller = "Appointment"}. Executing controller action with signature System.Threading.Tasks.Task`1[Microsoft.AspNetCore.Mvc.IActionResult] GetAppointments() on controller HomeCareApp.Controllers.AppointmentController (api).
2025-10-30 20:04:48.202 +01:00 [INF] Executing OkObjectResult, writing value of type 'System.Linq.Enumerable+SelectListIterator`2[[HomeCareApp.Models.Appointment, api, Version=1.0.0.0, Culture=neutral, PublicKeyToken=null],[HomeCareApp.DTOs.AppointmentDto, api, Version=1.0.0.0, Culture=neutral, PublicKeyToken=null]]'.
2025-10-30 20:04:48.218 +01:00 [INF] Executed action HomeCareApp.Controllers.AppointmentController.GetAppointments (api) in 35.6465ms
2025-10-30 20:04:48.218 +01:00 [INF] Executed endpoint 'HomeCareApp.Controllers.AppointmentController.GetAppointments (api)'
2025-10-30 20:04:48.219 +01:00 [INF] Request finished HTTP/1.1 GET http://localhost:5090/api/Appointment - 200 619 application/json; charset=utf-8 50.303ms
2025-10-30 20:04:48.222 +01:00 [INF] Request starting HTTP/1.1 GET http://localhost:5090/api/Appointment - null null
2025-10-30 20:04:48.223 +01:00 [INF] CORS policy execution successful.
2025-10-30 20:04:48.224 +01:00 [INF] Executing endpoint 'HomeCareApp.Controllers.AppointmentController.GetAppointments (api)'
2025-10-30 20:04:48.224 +01:00 [INF] Route matched with {action = "GetAppointments", controller = "Appointment"}. Executing controller action with signature System.Threading.Tasks.Task`1[Microsoft.AspNetCore.Mvc.IActionResult] GetAppointments() on controller HomeCareApp.Controllers.AppointmentController (api).
2025-10-30 20:04:48.226 +01:00 [INF] Executing OkObjectResult, writing value of type 'System.Linq.Enumerable+SelectListIterator`2[[HomeCareApp.Models.Appointment, api, Version=1.0.0.0, Culture=neutral, PublicKeyToken=null],[HomeCareApp.DTOs.AppointmentDto, api, Version=1.0.0.0, Culture=neutral, PublicKeyToken=null]]'.
2025-10-30 20:04:48.226 +01:00 [INF] Executed action HomeCareApp.Controllers.AppointmentController.GetAppointments (api) in 2.4759ms
2025-10-30 20:04:48.226 +01:00 [INF] Executed endpoint 'HomeCareApp.Controllers.AppointmentController.GetAppointments (api)'
2025-10-30 20:04:48.227 +01:00 [INF] Request finished HTTP/1.1 GET http://localhost:5090/api/Appointment - 200 619 application/json; charset=utf-8 5.1576ms
2025-10-30 20:04:51.752 +01:00 [INF] Request starting HTTP/1.1 GET http://localhost:5090/api/Appointment - null null
2025-10-30 20:04:51.752 +01:00 [INF] CORS policy execution successful.
2025-10-30 20:04:51.753 +01:00 [INF] Executing endpoint 'HomeCareApp.Controllers.AppointmentController.GetAppointments (api)'
2025-10-30 20:04:51.753 +01:00 [INF] Route matched with {action = "GetAppointments", controller = "Appointment"}. Executing controller action with signature System.Threading.Tasks.Task`1[Microsoft.AspNetCore.Mvc.IActionResult] GetAppointments() on controller HomeCareApp.Controllers.AppointmentController (api).
2025-10-30 20:04:51.758 +01:00 [INF] Executing OkObjectResult, writing value of type 'System.Linq.Enumerable+SelectListIterator`2[[HomeCareApp.Models.Appointment, api, Version=1.0.0.0, Culture=neutral, PublicKeyToken=null],[HomeCareApp.DTOs.AppointmentDto, api, Version=1.0.0.0, Culture=neutral, PublicKeyToken=null]]'.
2025-10-30 20:04:51.759 +01:00 [INF] Executed action HomeCareApp.Controllers.AppointmentController.GetAppointments (api) in 6.0187ms
2025-10-30 20:04:51.759 +01:00 [INF] Executed endpoint 'HomeCareApp.Controllers.AppointmentController.GetAppointments (api)'
2025-10-30 20:04:51.759 +01:00 [INF] Request finished HTTP/1.1 GET http://localhost:5090/api/Appointment - 200 619 application/json; charset=utf-8 7.2383ms
2025-10-30 20:04:56.009 +01:00 [INF] Request starting HTTP/1.1 GET http://localhost:5090/api/Appointment - null null
2025-10-30 20:04:56.009 +01:00 [INF] CORS policy execution successful.
2025-10-30 20:04:56.009 +01:00 [INF] Executing endpoint 'HomeCareApp.Controllers.AppointmentController.GetAppointments (api)'
2025-10-30 20:04:56.009 +01:00 [INF] Route matched with {action = "GetAppointments", controller = "Appointment"}. Executing controller action with signature System.Threading.Tasks.Task`1[Microsoft.AspNetCore.Mvc.IActionResult] GetAppointments() on controller HomeCareApp.Controllers.AppointmentController (api).
2025-10-30 20:04:56.011 +01:00 [INF] Executing OkObjectResult, writing value of type 'System.Linq.Enumerable+SelectListIterator`2[[HomeCareApp.Models.Appointment, api, Version=1.0.0.0, Culture=neutral, PublicKeyToken=null],[HomeCareApp.DTOs.AppointmentDto, api, Version=1.0.0.0, Culture=neutral, PublicKeyToken=null]]'.
2025-10-30 20:04:56.011 +01:00 [INF] Executed action HomeCareApp.Controllers.AppointmentController.GetAppointments (api) in 1.7206ms
2025-10-30 20:04:56.011 +01:00 [INF] Executed endpoint 'HomeCareApp.Controllers.AppointmentController.GetAppointments (api)'
2025-10-30 20:04:56.011 +01:00 [INF] Request finished HTTP/1.1 GET http://localhost:5090/api/Appointment - 200 619 application/json; charset=utf-8 2.4995ms
2025-10-30 20:04:56.012 +01:00 [INF] Request starting HTTP/1.1 GET http://localhost:5090/api/Appointment - null null
2025-10-30 20:04:56.012 +01:00 [INF] CORS policy execution successful.
2025-10-30 20:04:56.012 +01:00 [INF] Executing endpoint 'HomeCareApp.Controllers.AppointmentController.GetAppointments (api)'
2025-10-30 20:04:56.012 +01:00 [INF] Route matched with {action = "GetAppointments", controller = "Appointment"}. Executing controller action with signature System.Threading.Tasks.Task`1[Microsoft.AspNetCore.Mvc.IActionResult] GetAppointments() on controller HomeCareApp.Controllers.AppointmentController (api).
2025-10-30 20:04:56.014 +01:00 [INF] Executing OkObjectResult, writing value of type 'System.Linq.Enumerable+SelectListIterator`2[[HomeCareApp.Models.Appointment, api, Version=1.0.0.0, Culture=neutral, PublicKeyToken=null],[HomeCareApp.DTOs.AppointmentDto, api, Version=1.0.0.0, Culture=neutral, PublicKeyToken=null]]'.
2025-10-30 20:04:56.014 +01:00 [INF] Executed action HomeCareApp.Controllers.AppointmentController.GetAppointments (api) in 2.0766ms
2025-10-30 20:04:56.015 +01:00 [INF] Executed endpoint 'HomeCareApp.Controllers.AppointmentController.GetAppointments (api)'
2025-10-30 20:04:56.015 +01:00 [INF] Request finished HTTP/1.1 GET http://localhost:5090/api/Appointment - 200 619 application/json; charset=utf-8 2.7545ms
2025-10-30 20:05:19.806 +01:00 [INF] Request starting HTTP/1.1 OPTIONS http://localhost:5090/api/Auth/register - null null
2025-10-30 20:05:19.807 +01:00 [INF] CORS policy execution successful.
2025-10-30 20:05:19.807 +01:00 [INF] Request finished HTTP/1.1 OPTIONS http://localhost:5090/api/Auth/register - 204 null null 0.5359ms
2025-10-30 20:05:19.808 +01:00 [INF] Request starting HTTP/1.1 POST http://localhost:5090/api/Auth/register - application/json 94
2025-10-30 20:05:19.808 +01:00 [INF] CORS policy execution successful.
2025-10-30 20:05:19.808 +01:00 [INF] Executing endpoint 'HomeCareApp.Controllers.AuthController.Register (api)'
2025-10-30 20:05:19.808 +01:00 [INF] Route matched with {action = "Register", controller = "Auth"}. Executing controller action with signature System.Threading.Tasks.Task`1[Microsoft.AspNetCore.Mvc.IActionResult] Register(HomeCareApp.DTOs.RegisterDto) on controller HomeCareApp.Controllers.AuthController (api).
2025-10-30 20:05:19.880 +01:00 [INF] [AuthAPIController] user registered for Employee1 with role Employee
2025-10-30 20:05:19.880 +01:00 [INF] Executing OkObjectResult, writing value of type '<>f__AnonymousType2`1[[System.String, System.Private.CoreLib, Version=8.0.0.0, Culture=neutral, PublicKeyToken=7cec85d7bea7798e]]'.
2025-10-30 20:05:19.880 +01:00 [INF] Executed action HomeCareApp.Controllers.AuthController.Register (api) in 72.2826ms
2025-10-30 20:05:19.881 +01:00 [INF] Executed endpoint 'HomeCareApp.Controllers.AuthController.Register (api)'
2025-10-30 20:05:19.881 +01:00 [INF] Request finished HTTP/1.1 POST http://localhost:5090/api/Auth/register - 200 42 application/json; charset=utf-8 73.0303ms
2025-10-30 20:05:29.660 +01:00 [INF] Request starting HTTP/1.1 OPTIONS http://localhost:5090/api/Auth/login - null null
2025-10-30 20:05:29.661 +01:00 [INF] CORS policy execution successful.
2025-10-30 20:05:29.661 +01:00 [INF] Request finished HTTP/1.1 OPTIONS http://localhost:5090/api/Auth/login - 204 null null 0.3731ms
2025-10-30 20:05:29.662 +01:00 [INF] Request starting HTTP/1.1 POST http://localhost:5090/api/Auth/login - application/json 47
2025-10-30 20:05:29.662 +01:00 [INF] CORS policy execution successful.
2025-10-30 20:05:29.662 +01:00 [INF] Executing endpoint 'HomeCareApp.Controllers.AuthController.Login (api)'
2025-10-30 20:05:29.663 +01:00 [INF] Route matched with {action = "Login", controller = "Auth"}. Executing controller action with signature System.Threading.Tasks.Task`1[Microsoft.AspNetCore.Mvc.IActionResult] Login(HomeCareApp.DTOs.LoginDto) on controller HomeCareApp.Controllers.AuthController (api).
2025-10-30 20:05:29.743 +01:00 [INF] [AuthAPIController] user authorised for Employee1
2025-10-30 20:05:29.744 +01:00 [INF] [AuthAPIController] JWT token created for Employee1 with roles Employee
2025-10-30 20:05:29.744 +01:00 [INF] Executing OkObjectResult, writing value of type '<>f__AnonymousType3`1[[System.String, System.Private.CoreLib, Version=8.0.0.0, Culture=neutral, PublicKeyToken=7cec85d7bea7798e]]'.
2025-10-30 20:05:29.745 +01:00 [INF] Executed action HomeCareApp.Controllers.AuthController.Login (api) in 82.0257ms
2025-10-30 20:05:29.745 +01:00 [INF] Executed endpoint 'HomeCareApp.Controllers.AuthController.Login (api)'
2025-10-30 20:05:29.745 +01:00 [INF] Request finished HTTP/1.1 POST http://localhost:5090/api/Auth/login - 200 564 application/json; charset=utf-8 82.7661ms
2025-10-30 20:05:36.703 +01:00 [INF] Request starting HTTP/1.1 GET http://localhost:5090/api/Appointment - null null
2025-10-30 20:05:36.703 +01:00 [INF] CORS policy execution successful.
2025-10-30 20:05:36.703 +01:00 [INF] Executing endpoint 'HomeCareApp.Controllers.AppointmentController.GetAppointments (api)'
2025-10-30 20:05:36.703 +01:00 [INF] Route matched with {action = "GetAppointments", controller = "Appointment"}. Executing controller action with signature System.Threading.Tasks.Task`1[Microsoft.AspNetCore.Mvc.IActionResult] GetAppointments() on controller HomeCareApp.Controllers.AppointmentController (api).
2025-10-30 20:05:36.704 +01:00 [INF] Executing OkObjectResult, writing value of type 'System.Linq.Enumerable+SelectListIterator`2[[HomeCareApp.Models.Appointment, api, Version=1.0.0.0, Culture=neutral, PublicKeyToken=null],[HomeCareApp.DTOs.AppointmentDto, api, Version=1.0.0.0, Culture=neutral, PublicKeyToken=null]]'.
2025-10-30 20:05:36.705 +01:00 [INF] Executed action HomeCareApp.Controllers.AppointmentController.GetAppointments (api) in 1.4533ms
2025-10-30 20:05:36.705 +01:00 [INF] Executed endpoint 'HomeCareApp.Controllers.AppointmentController.GetAppointments (api)'
2025-10-30 20:05:36.705 +01:00 [INF] Request finished HTTP/1.1 GET http://localhost:5090/api/Appointment - 200 619 application/json; charset=utf-8 2.0447ms
2025-10-30 20:05:36.706 +01:00 [INF] Request starting HTTP/1.1 GET http://localhost:5090/api/Appointment - null null
2025-10-30 20:05:36.706 +01:00 [INF] CORS policy execution successful.
2025-10-30 20:05:36.706 +01:00 [INF] Executing endpoint 'HomeCareApp.Controllers.AppointmentController.GetAppointments (api)'
2025-10-30 20:05:36.706 +01:00 [INF] Route matched with {action = "GetAppointments", controller = "Appointment"}. Executing controller action with signature System.Threading.Tasks.Task`1[Microsoft.AspNetCore.Mvc.IActionResult] GetAppointments() on controller HomeCareApp.Controllers.AppointmentController (api).
2025-10-30 20:05:36.707 +01:00 [INF] Executing OkObjectResult, writing value of type 'System.Linq.Enumerable+SelectListIterator`2[[HomeCareApp.Models.Appointment, api, Version=1.0.0.0, Culture=neutral, PublicKeyToken=null],[HomeCareApp.DTOs.AppointmentDto, api, Version=1.0.0.0, Culture=neutral, PublicKeyToken=null]]'.
2025-10-30 20:05:36.707 +01:00 [INF] Executed action HomeCareApp.Controllers.AppointmentController.GetAppointments (api) in 1.3038ms
2025-10-30 20:05:36.707 +01:00 [INF] Executed endpoint 'HomeCareApp.Controllers.AppointmentController.GetAppointments (api)'
2025-10-30 20:05:36.708 +01:00 [INF] Request finished HTTP/1.1 GET http://localhost:5090/api/Appointment - 200 619 application/json; charset=utf-8 1.8098ms
2025-10-30 20:11:55.472 +01:00 [INF] Request starting HTTP/1.1 GET http://localhost:5090/api/Appointment - null null
2025-10-30 20:11:55.473 +01:00 [INF] CORS policy execution successful.
2025-10-30 20:11:55.473 +01:00 [INF] Executing endpoint 'HomeCareApp.Controllers.AppointmentController.GetAppointments (api)'
2025-10-30 20:11:55.473 +01:00 [INF] Route matched with {action = "GetAppointments", controller = "Appointment"}. Executing controller action with signature System.Threading.Tasks.Task`1[Microsoft.AspNetCore.Mvc.IActionResult] GetAppointments() on controller HomeCareApp.Controllers.AppointmentController (api).
2025-10-30 20:11:55.475 +01:00 [INF] Executing OkObjectResult, writing value of type 'System.Linq.Enumerable+SelectListIterator`2[[HomeCareApp.Models.Appointment, api, Version=1.0.0.0, Culture=neutral, PublicKeyToken=null],[HomeCareApp.DTOs.AppointmentDto, api, Version=1.0.0.0, Culture=neutral, PublicKeyToken=null]]'.
2025-10-30 20:11:55.475 +01:00 [INF] Executed action HomeCareApp.Controllers.AppointmentController.GetAppointments (api) in 2.2481ms
2025-10-30 20:11:55.475 +01:00 [INF] Executed endpoint 'HomeCareApp.Controllers.AppointmentController.GetAppointments (api)'
2025-10-30 20:11:55.476 +01:00 [INF] Request finished HTTP/1.1 GET http://localhost:5090/api/Appointment - 200 619 application/json; charset=utf-8 3.3233ms
2025-10-30 20:11:55.477 +01:00 [INF] Request starting HTTP/1.1 GET http://localhost:5090/api/Appointment - null null
2025-10-30 20:11:55.478 +01:00 [INF] CORS policy execution successful.
2025-10-30 20:11:55.478 +01:00 [INF] Executing endpoint 'HomeCareApp.Controllers.AppointmentController.GetAppointments (api)'
2025-10-30 20:11:55.478 +01:00 [INF] Route matched with {action = "GetAppointments", controller = "Appointment"}. Executing controller action with signature System.Threading.Tasks.Task`1[Microsoft.AspNetCore.Mvc.IActionResult] GetAppointments() on controller HomeCareApp.Controllers.AppointmentController (api).
2025-10-30 20:11:55.480 +01:00 [INF] Executing OkObjectResult, writing value of type 'System.Linq.Enumerable+SelectListIterator`2[[HomeCareApp.Models.Appointment, api, Version=1.0.0.0, Culture=neutral, PublicKeyToken=null],[HomeCareApp.DTOs.AppointmentDto, api, Version=1.0.0.0, Culture=neutral, PublicKeyToken=null]]'.
2025-10-30 20:11:55.480 +01:00 [INF] Executed action HomeCareApp.Controllers.AppointmentController.GetAppointments (api) in 1.7575ms
2025-10-30 20:11:55.480 +01:00 [INF] Executed endpoint 'HomeCareApp.Controllers.AppointmentController.GetAppointments (api)'
2025-10-30 20:11:55.480 +01:00 [INF] Request finished HTTP/1.1 GET http://localhost:5090/api/Appointment - 200 619 application/json; charset=utf-8 2.8274ms
2025-10-30 20:13:29.645 +01:00 [INF] Request starting HTTP/1.1 GET http://localhost:5090/api/Appointment - null null
2025-10-30 20:13:29.645 +01:00 [INF] CORS policy execution successful.
2025-10-30 20:13:29.645 +01:00 [INF] Executing endpoint 'HomeCareApp.Controllers.AppointmentController.GetAppointments (api)'
2025-10-30 20:13:29.645 +01:00 [INF] Route matched with {action = "GetAppointments", controller = "Appointment"}. Executing controller action with signature System.Threading.Tasks.Task`1[Microsoft.AspNetCore.Mvc.IActionResult] GetAppointments() on controller HomeCareApp.Controllers.AppointmentController (api).
2025-10-30 20:13:29.647 +01:00 [INF] Executing OkObjectResult, writing value of type 'System.Linq.Enumerable+SelectListIterator`2[[HomeCareApp.Models.Appointment, api, Version=1.0.0.0, Culture=neutral, PublicKeyToken=null],[HomeCareApp.DTOs.AppointmentDto, api, Version=1.0.0.0, Culture=neutral, PublicKeyToken=null]]'.
2025-10-30 20:13:29.647 +01:00 [INF] Executed action HomeCareApp.Controllers.AppointmentController.GetAppointments (api) in 1.2576ms
2025-10-30 20:13:29.647 +01:00 [INF] Executed endpoint 'HomeCareApp.Controllers.AppointmentController.GetAppointments (api)'
2025-10-30 20:13:29.647 +01:00 [INF] Request finished HTTP/1.1 GET http://localhost:5090/api/Appointment - 200 619 application/json; charset=utf-8 2.137ms
2025-10-30 20:13:29.648 +01:00 [INF] Request starting HTTP/1.1 GET http://localhost:5090/api/Appointment - null null
2025-10-30 20:13:29.648 +01:00 [INF] CORS policy execution successful.
2025-10-30 20:13:29.648 +01:00 [INF] Executing endpoint 'HomeCareApp.Controllers.AppointmentController.GetAppointments (api)'
2025-10-30 20:13:29.648 +01:00 [INF] Route matched with {action = "GetAppointments", controller = "Appointment"}. Executing controller action with signature System.Threading.Tasks.Task`1[Microsoft.AspNetCore.Mvc.IActionResult] GetAppointments() on controller HomeCareApp.Controllers.AppointmentController (api).
2025-10-30 20:13:29.649 +01:00 [INF] Executing OkObjectResult, writing value of type 'System.Linq.Enumerable+SelectListIterator`2[[HomeCareApp.Models.Appointment, api, Version=1.0.0.0, Culture=neutral, PublicKeyToken=null],[HomeCareApp.DTOs.AppointmentDto, api, Version=1.0.0.0, Culture=neutral, PublicKeyToken=null]]'.
2025-10-30 20:13:29.649 +01:00 [INF] Executed action HomeCareApp.Controllers.AppointmentController.GetAppointments (api) in 0.8669ms
2025-10-30 20:13:29.649 +01:00 [INF] Executed endpoint 'HomeCareApp.Controllers.AppointmentController.GetAppointments (api)'
2025-10-30 20:13:29.649 +01:00 [INF] Request finished HTTP/1.1 GET http://localhost:5090/api/Appointment - 200 619 application/json; charset=utf-8 1.3376ms
2025-10-30 20:20:03.602 +01:00 [INF] Request starting HTTP/1.1 GET http://localhost:5090/api/Appointment - null null
2025-10-30 20:20:03.602 +01:00 [INF] CORS policy execution successful.
2025-10-30 20:20:03.602 +01:00 [INF] Executing endpoint 'HomeCareApp.Controllers.AppointmentController.GetAppointments (api)'
2025-10-30 20:20:03.603 +01:00 [INF] Route matched with {action = "GetAppointments", controller = "Appointment"}. Executing controller action with signature System.Threading.Tasks.Task`1[Microsoft.AspNetCore.Mvc.IActionResult] GetAppointments() on controller HomeCareApp.Controllers.AppointmentController (api).
2025-10-30 20:20:03.604 +01:00 [INF] Executing OkObjectResult, writing value of type 'System.Linq.Enumerable+SelectListIterator`2[[HomeCareApp.Models.Appointment, api, Version=1.0.0.0, Culture=neutral, PublicKeyToken=null],[HomeCareApp.DTOs.AppointmentDto, api, Version=1.0.0.0, Culture=neutral, PublicKeyToken=null]]'.
2025-10-30 20:20:03.604 +01:00 [INF] Executed action HomeCareApp.Controllers.AppointmentController.GetAppointments (api) in 1.5474ms
2025-10-30 20:20:03.604 +01:00 [INF] Executed endpoint 'HomeCareApp.Controllers.AppointmentController.GetAppointments (api)'
2025-10-30 20:20:03.604 +01:00 [INF] Request finished HTTP/1.1 GET http://localhost:5090/api/Appointment - 200 619 application/json; charset=utf-8 2.2863ms
2025-10-30 20:20:03.605 +01:00 [INF] Request starting HTTP/1.1 GET http://localhost:5090/api/Appointment - null null
2025-10-30 20:20:03.606 +01:00 [INF] CORS policy execution successful.
2025-10-30 20:20:03.606 +01:00 [INF] Executing endpoint 'HomeCareApp.Controllers.AppointmentController.GetAppointments (api)'
2025-10-30 20:20:03.606 +01:00 [INF] Route matched with {action = "GetAppointments", controller = "Appointment"}. Executing controller action with signature System.Threading.Tasks.Task`1[Microsoft.AspNetCore.Mvc.IActionResult] GetAppointments() on controller HomeCareApp.Controllers.AppointmentController (api).
2025-10-30 20:20:03.606 +01:00 [INF] Executing OkObjectResult, writing value of type 'System.Linq.Enumerable+SelectListIterator`2[[HomeCareApp.Models.Appointment, api, Version=1.0.0.0, Culture=neutral, PublicKeyToken=null],[HomeCareApp.DTOs.AppointmentDto, api, Version=1.0.0.0, Culture=neutral, PublicKeyToken=null]]'.
2025-10-30 20:20:03.607 +01:00 [INF] Executed action HomeCareApp.Controllers.AppointmentController.GetAppointments (api) in 0.8678ms
2025-10-30 20:20:03.607 +01:00 [INF] Executed endpoint 'HomeCareApp.Controllers.AppointmentController.GetAppointments (api)'
2025-10-30 20:20:03.607 +01:00 [INF] Request finished HTTP/1.1 GET http://localhost:5090/api/Appointment - 200 619 application/json; charset=utf-8 1.2288ms
2025-10-30 20:25:06.787 +01:00 [INF] Request starting HTTP/1.1 GET http://localhost:5090/api/Appointment - null null
2025-10-30 20:25:06.787 +01:00 [INF] CORS policy execution successful.
2025-10-30 20:25:06.787 +01:00 [INF] Executing endpoint 'HomeCareApp.Controllers.AppointmentController.GetAppointments (api)'
2025-10-30 20:25:06.788 +01:00 [INF] Route matched with {action = "GetAppointments", controller = "Appointment"}. Executing controller action with signature System.Threading.Tasks.Task`1[Microsoft.AspNetCore.Mvc.IActionResult] GetAppointments() on controller HomeCareApp.Controllers.AppointmentController (api).
2025-10-30 20:25:06.792 +01:00 [INF] Executing OkObjectResult, writing value of type 'System.Linq.Enumerable+SelectListIterator`2[[HomeCareApp.Models.Appointment, api, Version=1.0.0.0, Culture=neutral, PublicKeyToken=null],[HomeCareApp.DTOs.AppointmentDto, api, Version=1.0.0.0, Culture=neutral, PublicKeyToken=null]]'.
2025-10-30 20:25:06.792 +01:00 [INF] Executed action HomeCareApp.Controllers.AppointmentController.GetAppointments (api) in 4.7651ms
2025-10-30 20:25:06.793 +01:00 [INF] Executed endpoint 'HomeCareApp.Controllers.AppointmentController.GetAppointments (api)'
2025-10-30 20:25:06.793 +01:00 [INF] Request finished HTTP/1.1 GET http://localhost:5090/api/Appointment - 200 619 application/json; charset=utf-8 6.025ms
2025-10-30 20:25:06.794 +01:00 [INF] Request starting HTTP/1.1 GET http://localhost:5090/api/Appointment - null null
2025-10-30 20:25:06.794 +01:00 [INF] CORS policy execution successful.
2025-10-30 20:25:06.794 +01:00 [INF] Executing endpoint 'HomeCareApp.Controllers.AppointmentController.GetAppointments (api)'
2025-10-30 20:25:06.794 +01:00 [INF] Route matched with {action = "GetAppointments", controller = "Appointment"}. Executing controller action with signature System.Threading.Tasks.Task`1[Microsoft.AspNetCore.Mvc.IActionResult] GetAppointments() on controller HomeCareApp.Controllers.AppointmentController (api).
2025-10-30 20:25:06.795 +01:00 [INF] Executing OkObjectResult, writing value of type 'System.Linq.Enumerable+SelectListIterator`2[[HomeCareApp.Models.Appointment, api, Version=1.0.0.0, Culture=neutral, PublicKeyToken=null],[HomeCareApp.DTOs.AppointmentDto, api, Version=1.0.0.0, Culture=neutral, PublicKeyToken=null]]'.
2025-10-30 20:25:06.796 +01:00 [INF] Executed action HomeCareApp.Controllers.AppointmentController.GetAppointments (api) in 1.3599ms
2025-10-30 20:25:06.796 +01:00 [INF] Executed endpoint 'HomeCareApp.Controllers.AppointmentController.GetAppointments (api)'
2025-10-30 20:25:06.796 +01:00 [INF] Request finished HTTP/1.1 GET http://localhost:5090/api/Appointment - 200 619 application/json; charset=utf-8 1.8064ms
2025-10-30 20:25:42.931 +01:00 [INF] Request starting HTTP/1.1 GET http://localhost:5090/api/Appointment - null null
2025-10-30 20:25:42.931 +01:00 [INF] CORS policy execution successful.
2025-10-30 20:25:42.931 +01:00 [INF] Executing endpoint 'HomeCareApp.Controllers.AppointmentController.GetAppointments (api)'
2025-10-30 20:25:42.931 +01:00 [INF] Route matched with {action = "GetAppointments", controller = "Appointment"}. Executing controller action with signature System.Threading.Tasks.Task`1[Microsoft.AspNetCore.Mvc.IActionResult] GetAppointments() on controller HomeCareApp.Controllers.AppointmentController (api).
2025-10-30 20:25:42.933 +01:00 [INF] Executing OkObjectResult, writing value of type 'System.Linq.Enumerable+SelectListIterator`2[[HomeCareApp.Models.Appointment, api, Version=1.0.0.0, Culture=neutral, PublicKeyToken=null],[HomeCareApp.DTOs.AppointmentDto, api, Version=1.0.0.0, Culture=neutral, PublicKeyToken=null]]'.
2025-10-30 20:25:42.933 +01:00 [INF] Executed action HomeCareApp.Controllers.AppointmentController.GetAppointments (api) in 1.887ms
2025-10-30 20:25:42.933 +01:00 [INF] Executed endpoint 'HomeCareApp.Controllers.AppointmentController.GetAppointments (api)'
2025-10-30 20:25:42.934 +01:00 [INF] Request finished HTTP/1.1 GET http://localhost:5090/api/Appointment - 200 619 application/json; charset=utf-8 2.9311ms
2025-10-30 20:25:44.316 +01:00 [INF] Request starting HTTP/1.1 GET http://localhost:5090/api/Appointment - null null
2025-10-30 20:25:44.316 +01:00 [INF] CORS policy execution successful.
2025-10-30 20:25:44.316 +01:00 [INF] Executing endpoint 'HomeCareApp.Controllers.AppointmentController.GetAppointments (api)'
2025-10-30 20:25:44.317 +01:00 [INF] Route matched with {action = "GetAppointments", controller = "Appointment"}. Executing controller action with signature System.Threading.Tasks.Task`1[Microsoft.AspNetCore.Mvc.IActionResult] GetAppointments() on controller HomeCareApp.Controllers.AppointmentController (api).
2025-10-30 20:25:44.318 +01:00 [INF] Executing OkObjectResult, writing value of type 'System.Linq.Enumerable+SelectListIterator`2[[HomeCareApp.Models.Appointment, api, Version=1.0.0.0, Culture=neutral, PublicKeyToken=null],[HomeCareApp.DTOs.AppointmentDto, api, Version=1.0.0.0, Culture=neutral, PublicKeyToken=null]]'.
2025-10-30 20:25:44.318 +01:00 [INF] Executed action HomeCareApp.Controllers.AppointmentController.GetAppointments (api) in 1.3913ms
2025-10-30 20:25:44.318 +01:00 [INF] Executed endpoint 'HomeCareApp.Controllers.AppointmentController.GetAppointments (api)'
2025-10-30 20:25:44.318 +01:00 [INF] Request finished HTTP/1.1 GET http://localhost:5090/api/Appointment - 200 619 application/json; charset=utf-8 2.1587ms
2025-10-30 20:25:44.319 +01:00 [INF] Request starting HTTP/1.1 GET http://localhost:5090/api/Appointment - null null
2025-10-30 20:25:44.319 +01:00 [INF] CORS policy execution successful.
2025-10-30 20:25:44.320 +01:00 [INF] Executing endpoint 'HomeCareApp.Controllers.AppointmentController.GetAppointments (api)'
2025-10-30 20:25:44.320 +01:00 [INF] Route matched with {action = "GetAppointments", controller = "Appointment"}. Executing controller action with signature System.Threading.Tasks.Task`1[Microsoft.AspNetCore.Mvc.IActionResult] GetAppointments() on controller HomeCareApp.Controllers.AppointmentController (api).
2025-10-30 20:25:44.322 +01:00 [INF] Executing OkObjectResult, writing value of type 'System.Linq.Enumerable+SelectListIterator`2[[HomeCareApp.Models.Appointment, api, Version=1.0.0.0, Culture=neutral, PublicKeyToken=null],[HomeCareApp.DTOs.AppointmentDto, api, Version=1.0.0.0, Culture=neutral, PublicKeyToken=null]]'.
2025-10-30 20:25:44.322 +01:00 [INF] Executed action HomeCareApp.Controllers.AppointmentController.GetAppointments (api) in 2.6611ms
2025-10-30 20:25:44.323 +01:00 [INF] Executed endpoint 'HomeCareApp.Controllers.AppointmentController.GetAppointments (api)'
2025-10-30 20:25:44.323 +01:00 [INF] Request finished HTTP/1.1 GET http://localhost:5090/api/Appointment - 200 619 application/json; charset=utf-8 3.5797ms
2025-10-30 20:26:52.979 +01:00 [INF] Request starting HTTP/1.1 GET http://localhost:5090/api/Appointment - null null
2025-10-30 20:26:52.979 +01:00 [INF] CORS policy execution successful.
2025-10-30 20:26:52.979 +01:00 [INF] Executing endpoint 'HomeCareApp.Controllers.AppointmentController.GetAppointments (api)'
2025-10-30 20:26:52.980 +01:00 [INF] Route matched with {action = "GetAppointments", controller = "Appointment"}. Executing controller action with signature System.Threading.Tasks.Task`1[Microsoft.AspNetCore.Mvc.IActionResult] GetAppointments() on controller HomeCareApp.Controllers.AppointmentController (api).
2025-10-30 20:26:52.981 +01:00 [INF] Executing OkObjectResult, writing value of type 'System.Linq.Enumerable+SelectListIterator`2[[HomeCareApp.Models.Appointment, api, Version=1.0.0.0, Culture=neutral, PublicKeyToken=null],[HomeCareApp.DTOs.AppointmentDto, api, Version=1.0.0.0, Culture=neutral, PublicKeyToken=null]]'.
2025-10-30 20:26:52.981 +01:00 [INF] Executed action HomeCareApp.Controllers.AppointmentController.GetAppointments (api) in 1.4747ms
2025-10-30 20:26:52.981 +01:00 [INF] Executed endpoint 'HomeCareApp.Controllers.AppointmentController.GetAppointments (api)'
2025-10-30 20:26:52.981 +01:00 [INF] Request finished HTTP/1.1 GET http://localhost:5090/api/Appointment - 200 619 application/json; charset=utf-8 2.7303ms
2025-10-30 20:26:52.983 +01:00 [INF] Request starting HTTP/1.1 GET http://localhost:5090/api/Appointment - null null
2025-10-30 20:26:52.983 +01:00 [INF] CORS policy execution successful.
2025-10-30 20:26:52.983 +01:00 [INF] Executing endpoint 'HomeCareApp.Controllers.AppointmentController.GetAppointments (api)'
2025-10-30 20:26:52.983 +01:00 [INF] Route matched with {action = "GetAppointments", controller = "Appointment"}. Executing controller action with signature System.Threading.Tasks.Task`1[Microsoft.AspNetCore.Mvc.IActionResult] GetAppointments() on controller HomeCareApp.Controllers.AppointmentController (api).
2025-10-30 20:26:52.984 +01:00 [INF] Executing OkObjectResult, writing value of type 'System.Linq.Enumerable+SelectListIterator`2[[HomeCareApp.Models.Appointment, api, Version=1.0.0.0, Culture=neutral, PublicKeyToken=null],[HomeCareApp.DTOs.AppointmentDto, api, Version=1.0.0.0, Culture=neutral, PublicKeyToken=null]]'.
2025-10-30 20:26:52.984 +01:00 [INF] Executed action HomeCareApp.Controllers.AppointmentController.GetAppointments (api) in 1.0078ms
2025-10-30 20:26:52.984 +01:00 [INF] Executed endpoint 'HomeCareApp.Controllers.AppointmentController.GetAppointments (api)'
2025-10-30 20:26:52.984 +01:00 [INF] Request finished HTTP/1.1 GET http://localhost:5090/api/Appointment - 200 619 application/json; charset=utf-8 1.4629ms
2025-10-30 20:32:36.308 +01:00 [INF] Application is shutting down...
